#
# A fatal error has been detected by the Java Runtime Environment:
#
#  SIGSEGV (0xb) at pc=0x00007f0e3ab69dc5, pid=5337, tid=0x00007f0e8fe5b700
#
# JRE version: OpenJDK Runtime Environment (8.0_121-b13) (build 1.8.0_121-8u121-b13-3-b13)
# Java VM: OpenJDK 64-Bit Server VM (25.121-b13 mixed mode linux-amd64 compressed oops)
# Problematic frame:
# C  [libopencv_imgcodecs.so.3.2+0x2ddc5]  icvCvt_BGR2RGB_8u_C3R(unsigned char const*, int, unsigned char*, int, CvSize)+0x75
#
# Failed to write core dump. Core dumps have been disabled. To enable core dumping, try "ulimit -c unlimited" before starting Java again
#
# If you would like to submit a bug report, please visit:
#   http://bugreport.java.com/bugreport/crash.jsp
# The crash happened outside the Java Virtual Machine in native code.
# See problematic frame for where to report the bug.
#

---------------  T H R E A D  ---------------

Current thread (0x00007f0e8800a000):  JavaThread "main" [_thread_in_native, id=5343, stack(0x00007f0e8fd5b000,0x00007f0e8fe5c000)]

siginfo: si_signo: 11 (SIGSEGV), si_code: 1 (SEGV_MAPERR), si_addr: 0x00007f0e231f8001

Registers:
RAX=0x00007f0e880bf2d2, RBX=0x0000000000000000, RCX=0x00007f0e231f8002, RDX=0x00007f0e231f7d20
RSP=0x00007f0e8fe5a0e0, RBP=0x0000000000000000, RSI=0x0000000000000089, RDI=0x00007f0e880beff0
R8 =0x000000000000008d, R9 =0x000000000000008e, R10=0x00007f0e880bfef0, R11=0x0000000000000000
R12=0x0000000000000f00, R13=0x0000000100000000, R14=0x00007f0e893b66f0, R15=0x00007f0e8fe5a490
RIP=0x00007f0e3ab69dc5, EFLAGS=0x0000000000010212, CSGSFS=0x002b000000000033, ERR=0x0000000000000006
  TRAPNO=0x000000000000000e

Top of Stack: (sp=0x00007f0e8fe5a0e0)
0x00007f0e8fe5a0e0:   00007f0e231f7d20 00007f0e881af770
0x00007f0e8fe5a0f0:   0000000000000f00 00007f0e3ab76143
0x00007f0e8fe5a100:   00007f0e893b82f0 00007f0e893b66f0
0x00007f0e8fe5a110:   01007f0e893b82f0 00007f0e893b66f0
0x00007f0e8fe5a120:   00007f0e8fe5a490 0000050000000f00
0x00007f0e8fe5a130:   00007f0e893b82f0 00007f0e893b66f0
0x00007f0e8fe5a140:   00007f0e8fe5a1a0 00000000000002d0
0x00007f0e8fe5a150:   0000000000000500 00007f0e8fe5a1f0
0x00007f0e8fe5a160:   00007f0e8fe5a200 00007f0e3ab63387
0x00007f0e8fe5a170:   00007f0e8f1dfc2c 0000000100000002
0x00007f0e8fe5a180:   00007f0e0000000a 00007f0e8f1dfc2c
0x00007f0e8fe5a190:   0000000000000000 0000000000000000
0x00007f0e8fe5a1a0:   0000000000000000 0000000000000000
0x00007f0e8fe5a1b0:   00007f0e8936e6e0 00007f0e893b82f0
0x00007f0e8fe5a1c0:   00007f0e8fe5a230 00007f0e8f0fe32c
0x00007f0e8fe5a1d0:   00007f0e880073d0 00000000d727f740
0x00007f0e8fe5a1e0:   00000000000003d8 00007f0e74093c30
0x00007f0e8fe5a1f0:   0000000000000000 0000000000000000
0x00007f0e8fe5a200:   0000000042ff0000 0000000000000000
0x00007f0e8fe5a210:   0000000000000000 0000000000000000
0x00007f0e8fe5a220:   0000000000000000 0000000000000000
0x00007f0e8fe5a230:   0000000000000000 0000000000000000
0x00007f0e8fe5a240:   00007f0e8fe5a208 00007f0e8fe5a250
0x00007f0e8fe5a250:   0000000000000000 0000000000000000
0x00007f0e8fe5a260:   00007f0e8fe5a2e8 00007f0e790077d0
0x00007f0e8fe5a270:   00007f0e790077d0 00000000d727f740
0x00007f0e8fe5a280:   00000000d727e4c0 0000000000000018
0x00007f0e8fe5a290:   00007f0e8fe5a470 0000000085ddf060
0x00007f0e8fe5a2a0:   0000000085da8e78 00007f0e8fc6f124
0x00007f0e8fe5a2b0:   00007f0e7446a5c9 0000000000000108
0x00007f0e8fe5a2c0:   00007f0e8fe88a98 00007f0e8f081d90
0x00007f0e8fe5a2d0:   00007f0e8f08f038 00007f0e8fc6f963 

Instructions: (pc=0x00007f0e3ab69dc5)
0x00007f0e3ab69da5:   89 d1 48 89 f8 66 0f 1f 44 00 00 44 0f b6 08 44
0x00007f0e3ab69db5:   0f b6 40 01 48 83 c0 03 0f b6 70 ff 48 83 c1 03
0x00007f0e3ab69dc5:   44 88 49 ff 44 88 41 fe 40 88 71 fd 4c 39 d0 75
0x00007f0e3ab69dd5:   da 41 83 eb 01 48 01 ef 48 01 da 41 83 fb ff 75 

Register to memory mapping:

RAX=0x00007f0e880bf2d2 is an unknown value
RBX=0x0000000000000000 is an unknown value
RCX=0x00007f0e231f8002 is an unknown value
RDX=0x00007f0e231f7d20 is an unknown value
RSP=0x00007f0e8fe5a0e0 is pointing into the stack for thread: 0x00007f0e8800a000
RBP=0x0000000000000000 is an unknown value
RSI=0x0000000000000089 is an unknown value
RDI=0x00007f0e880beff0 is an unknown value
R8 =0x000000000000008d is an unknown value
R9 =0x000000000000008e is an unknown value
R10=0x00007f0e880bfef0 is an unknown value
R11=0x0000000000000000 is an unknown value
R12=0x0000000000000f00 is an unknown value
R13=0x0000000100000000 is pointing into metadata
R14=0x00007f0e893b66f0 is an unknown value
R15=0x00007f0e8fe5a490 is pointing into the stack for thread: 0x00007f0e8800a000


Stack: [0x00007f0e8fd5b000,0x00007f0e8fe5c000],  sp=0x00007f0e8fe5a0e0,  free space=1020k
Native frames: (J=compiled Java code, j=interpreted, Vv=VM code, C=native code)
C  [libopencv_imgcodecs.so.3.2+0x2ddc5]  icvCvt_BGR2RGB_8u_C3R(unsigned char const*, int, unsigned char*, int, CvSize)+0x75

Java frames: (J=compiled Java code, j=interpreted, Vv=VM code)
j  org.opencv.videoio.VideoCapture.retrieve_1(JJ)Z+0
j  org.opencv.videoio.VideoCapture.retrieve(Lorg/opencv/core/Mat;)Z+8
j  handtrack.Video.main([Ljava/lang/String;)V+199
v  ~StubRoutines::call_stub

---------------  P R O C E S S  ---------------

Java Threads: ( => current thread )
  0x00007f0e18071800 JavaThread "XToolkt-Shutdown-Thread" [_thread_in_Java, id=5374, stack(0x00007f0e3019a000,0x00007f0e3029b000)]
  0x00007f0e18070000 JavaThread "Thread-1" [_thread_new, id=5373, stack(0x00007f0e3029b000,0x00007f0e3039c000)]
  0x00007f0e1c002800 JavaThread "Thread-0" daemon [_thread_in_native, id=5361, stack(0x00007f0e237ff000,0x00007f0e24000000)]
  0x00007f0e88531800 JavaThread "AWT-EventQueue-1" [_thread_blocked, id=5363, stack(0x00007f0e22fd5000,0x00007f0e230d6000)]
  0x00007f0e88530000 JavaThread "AWT-Shutdown" [_thread_blocked, id=5362, stack(0x00007f0e230d6000,0x00007f0e231d7000)]
  0x00007f0e88313000 JavaThread "process reaper" daemon [_thread_blocked, id=5360, stack(0x00007f0e326bf000,0x00007f0e326f8000)]
  0x00007f0e88308800 JavaThread "AWT-XAWT" daemon [_thread_in_native, id=5358, stack(0x00007f0e326f8000,0x00007f0e327f9000)]
  0x00007f0e882eb800 JavaThread "Java2D Disposer" daemon [_thread_blocked, id=5357, stack(0x00007f0e327f9000,0x00007f0e328fa000)]
  0x00007f0e880b9800 JavaThread "Service Thread" daemon [_thread_blocked, id=5355, stack(0x00007f0e724c3000,0x00007f0e725c4000)]
  0x00007f0e880b2000 JavaThread "C1 CompilerThread2" daemon [_thread_blocked, id=5354, stack(0x00007f0e725c4000,0x00007f0e726c5000)]
  0x00007f0e880b0000 JavaThread "C2 CompilerThread1" daemon [_thread_blocked, id=5353, stack(0x00007f0e726c5000,0x00007f0e727c6000)]
  0x00007f0e880ad000 JavaThread "C2 CompilerThread0" daemon [_thread_blocked, id=5352, stack(0x00007f0e727c6000,0x00007f0e728c7000)]
  0x00007f0e880ab000 JavaThread "Signal Dispatcher" daemon [_thread_blocked, id=5351, stack(0x00007f0e728c7000,0x00007f0e729c8000)]
  0x00007f0e88083800 JavaThread "Finalizer" daemon [_thread_blocked, id=5350, stack(0x00007f0e72b63000,0x00007f0e72c64000)]
  0x00007f0e8807f000 JavaThread "Reference Handler" daemon [_thread_blocked, id=5349, stack(0x00007f0e72c64000,0x00007f0e72d65000)]
=>0x00007f0e8800a000 JavaThread "main" [_thread_in_native, id=5343, stack(0x00007f0e8fd5b000,0x00007f0e8fe5c000)]

Other Threads:
  0x00007f0e88077800 VMThread [stack: 0x00007f0e72d65000,0x00007f0e72e66000] [id=5348]
  0x00007f0e880bc000 WatcherThread [stack: 0x00007f0e723c2000,0x00007f0e724c3000] [id=5356]

VM state:not at safepoint (normal execution)

VM Mutex/Monitor currently owned by a thread: None

Heap:
 PSYoungGen      total 131072K, used 99120K [0x00000000d7000000, 0x00000000e7200000, 0x0000000100000000)
  eden space 124416K, 75% used [0x00000000d7000000,0x00000000dcb368c8,0x00000000de980000)
  from space 6656K, 85% used [0x00000000de980000,0x00000000def15ad0,0x00000000df000000)
  to   space 7680K, 0% used [0x00000000e6a80000,0x00000000e6a80000,0x00000000e7200000)
 ParOldGen       total 84992K, used 15149K [0x0000000085000000, 0x000000008a300000, 0x00000000d7000000)
  object space 84992K, 17% used [0x0000000085000000,0x0000000085ecb5b8,0x000000008a300000)
 Metaspace       used 11763K, capacity 12018K, committed 12160K, reserved 1060864K
  class space    used 1295K, capacity 1364K, committed 1408K, reserved 1048576K

Card table byte_map: [0x00007f0e8c078000,0x00007f0e8c451000] byte_map_base: 0x00007f0e8bc50000

Marking Bits: (ParMarkBitMap*) 0x00007f0e8f061220
 Begin Bits: [0x00007f0e74bec000, 0x00007f0e76aac000)
 End Bits:   [0x00007f0e76aac000, 0x00007f0e7896c000)

Polling page: 0x00007f0e8fe85000

CodeCache: size=245760Kb used=2770Kb max_used=2770Kb free=242989Kb
 bounds [0x00007f0e79000000, 0x00007f0e792c0000, 0x00007f0e88000000]
 total_blobs=1437 nmethods=721 adapters=631
 compilation: enabled

Compilation events (10 events):
Event: 8.456 Thread 0x00007f0e880b2000  715       3       java.awt.EventQueue::eventToCacheIndex (80 bytes)
Event: 8.456 Thread 0x00007f0e880b2000 nmethod 715 0x00007f0e792b3c50 code [0x00007f0e792b3de0, 0x00007f0e792b42b0]
Event: 8.456 Thread 0x00007f0e880b2000  716       3       java.awt.Component::getBackground (29 bytes)
Event: 8.456 Thread 0x00007f0e880b2000 nmethod 716 0x00007f0e792b3750 code [0x00007f0e792b38c0, 0x00007f0e792b3b88]
Event: 8.582 Thread 0x00007f0e880b2000  717       3       sun.java2d.xr.GrowableIntArray::getCellIndex (7 bytes)
Event: 8.582 Thread 0x00007f0e880b2000 nmethod 717 0x00007f0e792b3450 code [0x00007f0e792b35a0, 0x00007f0e792b36f0]
Event: 8.702 Thread 0x00007f0e880b2000  718       1       java.awt.color.ColorSpace::getType (5 bytes)
Event: 8.702 Thread 0x00007f0e880b2000 nmethod 718 0x00007f0e792b3190 code [0x00007f0e792b32e0, 0x00007f0e792b33f0]
Event: 8.715 Thread 0x00007f0e880b2000  719       3       java.lang.ref.PhantomReference::<init> (7 bytes)
Event: 8.715 Thread 0x00007f0e880b2000 nmethod 719 0x00007f0e792b2c90 code [0x00007f0e792b2e00, 0x00007f0e792b30b0]

GC Heap History (10 events):
Event: 1.662 GC heap before
{Heap before GC invocations=3 (full 0):
 PSYoungGen      total 36864K, used 33234K [0x00000000d7000000, 0x00000000db800000, 0x0000000100000000)
  eden space 31744K, 100% used [0x00000000d7000000,0x00000000d8f00000,0x00000000d8f00000)
  from space 5120K, 29% used [0x00000000d9400000,0x00000000d9574840,0x00000000d9900000)
  to   space 5120K, 0% used [0x00000000d8f00000,0x00000000d8f00000,0x00000000d9400000)
 ParOldGen       total 84992K, used 16K [0x0000000085000000, 0x000000008a300000, 0x00000000d7000000)
  object space 84992K, 0% used [0x0000000085000000,0x0000000085004000,0x000000008a300000)
 Metaspace       used 10357K, capacity 10668K, committed 10752K, reserved 1058816K
  class space    used 1149K, capacity 1235K, committed 1280K, reserved 1048576K
Event: 1.665 GC heap after
Heap after GC invocations=3 (full 0):
 PSYoungGen      total 36864K, used 1474K [0x00000000d7000000, 0x00000000db800000, 0x0000000100000000)
  eden space 31744K, 0% used [0x00000000d7000000,0x00000000d7000000,0x00000000d8f00000)
  from space 5120K, 28% used [0x00000000d8f00000,0x00000000d9070830,0x00000000d9400000)
  to   space 5120K, 0% used [0x00000000db300000,0x00000000db300000,0x00000000db800000)
 ParOldGen       total 84992K, used 16K [0x0000000085000000, 0x000000008a300000, 0x00000000d7000000)
  object space 84992K, 0% used [0x0000000085000000,0x0000000085004000,0x000000008a300000)
 Metaspace       used 10357K, capacity 10668K, committed 10752K, reserved 1058816K
  class space    used 1149K, capacity 1235K, committed 1280K, reserved 1048576K
}
Event: 1.772 GC heap before
{Heap before GC invocations=4 (full 0):
 PSYoungGen      total 36864K, used 33218K [0x00000000d7000000, 0x00000000db800000, 0x0000000100000000)
  eden space 31744K, 100% used [0x00000000d7000000,0x00000000d8f00000,0x00000000d8f00000)
  from space 5120K, 28% used [0x00000000d8f00000,0x00000000d9070830,0x00000000d9400000)
  to   space 5120K, 0% used [0x00000000db300000,0x00000000db300000,0x00000000db800000)
 ParOldGen       total 84992K, used 16K [0x0000000085000000, 0x000000008a300000, 0x00000000d7000000)
  object space 84992K, 0% used [0x0000000085000000,0x0000000085004000,0x000000008a300000)
 Metaspace       used 10357K, capacity 10668K, committed 10752K, reserved 1058816K
  class space    used 1149K, capacity 1235K, committed 1280K, reserved 1048576K
Event: 1.775 GC heap after
Heap after GC invocations=4 (full 0):
 PSYoungGen      total 68608K, used 1472K [0x00000000d7000000, 0x00000000db800000, 0x0000000100000000)
  eden space 63488K, 0% used [0x00000000d7000000,0x00000000d7000000,0x00000000dae00000)
  from space 5120K, 28% used [0x00000000db300000,0x00000000db470020,0x00000000db800000)
  to   space 5120K, 0% used [0x00000000dae00000,0x00000000dae00000,0x00000000db300000)
 ParOldGen       total 84992K, used 24K [0x0000000085000000, 0x000000008a300000, 0x00000000d7000000)
  object space 84992K, 0% used [0x0000000085000000,0x0000000085006000,0x000000008a300000)
 Metaspace       used 10357K, capacity 10668K, committed 10752K, reserved 1058816K
  class space    used 1149K, capacity 1235K, committed 1280K, reserved 1048576K
}
Event: 2.377 GC heap before
{Heap before GC invocations=5 (full 0):
 PSYoungGen      total 68608K, used 64960K [0x00000000d7000000, 0x00000000db800000, 0x0000000100000000)
  eden space 63488K, 100% used [0x00000000d7000000,0x00000000dae00000,0x00000000dae00000)
  from space 5120K, 28% used [0x00000000db300000,0x00000000db470020,0x00000000db800000)
  to   space 5120K, 0% used [0x00000000dae00000,0x00000000dae00000,0x00000000db300000)
 ParOldGen       total 84992K, used 24K [0x0000000085000000, 0x000000008a300000, 0x00000000d7000000)
  object space 84992K, 0% used [0x0000000085000000,0x0000000085006000,0x000000008a300000)
 Metaspace       used 11544K, capacity 11762K, committed 11904K, reserved 1060864K
  class space    used 1283K, capacity 1364K, committed 1408K, reserved 1048576K
Event: 2.389 GC heap after
Heap after GC invocations=5 (full 0):
 PSYoungGen      total 68608K, used 4532K [0x00000000d7000000, 0x00000000df400000, 0x0000000100000000)
  eden space 63488K, 0% used [0x00000000d7000000,0x00000000d7000000,0x00000000dae00000)
  from space 5120K, 88% used [0x00000000dae00000,0x00000000db26d170,0x00000000db300000)
  to   space 4096K, 0% used [0x00000000df000000,0x00000000df000000,0x00000000df400000)
 ParOldGen       total 84992K, used 10832K [0x0000000085000000, 0x000000008a300000, 0x00000000d7000000)
  object space 84992K, 12% used [0x0000000085000000,0x0000000085a94040,0x000000008a300000)
 Metaspace       used 11544K, capacity 11762K, committed 11904K, reserved 1060864K
  class space    used 1283K, capacity 1364K, committed 1408K, reserved 1048576K
}
Event: 3.793 GC heap before
{Heap before GC invocations=6 (full 0):
 PSYoungGen      total 68608K, used 68020K [0x00000000d7000000, 0x00000000df400000, 0x0000000100000000)
  eden space 63488K, 100% used [0x00000000d7000000,0x00000000dae00000,0x00000000dae00000)
  from space 5120K, 88% used [0x00000000dae00000,0x00000000db26d170,0x00000000db300000)
  to   space 4096K, 0% used [0x00000000df000000,0x00000000df000000,0x00000000df400000)
 ParOldGen       total 84992K, used 10832K [0x0000000085000000, 0x000000008a300000, 0x00000000d7000000)
  object space 84992K, 12% used [0x0000000085000000,0x0000000085a94040,0x000000008a300000)
 Metaspace       used 11594K, capacity 11826K, committed 11904K, reserved 1060864K
  class space    used 1285K, capacity 1364K, committed 1408K, reserved 1048576K
Event: 3.797 GC heap after
Heap after GC invocations=6 (full 0):
 PSYoungGen      total 128512K, used 4072K [0x00000000d7000000, 0x00000000df900000, 0x0000000100000000)
  eden space 124416K, 0% used [0x00000000d7000000,0x00000000d7000000,0x00000000de980000)
  from space 4096K, 99% used [0x00000000df000000,0x00000000df3fa090,0x00000000df400000)
  to   space 6656K, 0% used [0x00000000de980000,0x00000000de980000,0x00000000df000000)
 ParOldGen       total 84992K, used 13970K [0x0000000085000000, 0x000000008a300000, 0x00000000d7000000)
  object space 84992K, 16% used [0x0000000085000000,0x0000000085da49f0,0x000000008a300000)
 Metaspace       used 11594K, capacity 11826K, committed 11904K, reserved 1060864K
  class space    used 1285K, capacity 1364K, committed 1408K, reserved 1048576K
}
Event: 6.642 GC heap before
{Heap before GC invocations=7 (full 0):
 PSYoungGen      total 128512K, used 128488K [0x00000000d7000000, 0x00000000df900000, 0x0000000100000000)
  eden space 124416K, 100% used [0x00000000d7000000,0x00000000de980000,0x00000000de980000)
  from space 4096K, 99% used [0x00000000df000000,0x00000000df3fa090,0x00000000df400000)
  to   space 6656K, 0% used [0x00000000de980000,0x00000000de980000,0x00000000df000000)
 ParOldGen       total 84992K, used 13970K [0x0000000085000000, 0x000000008a300000, 0x00000000d7000000)
  object space 84992K, 16% used [0x0000000085000000,0x0000000085da49f0,0x000000008a300000)
 Metaspace       used 11637K, capacity 11954K, committed 12160K, reserved 1060864K
  class space    used 1285K, capacity 1364K, committed 1408K, reserved 1048576K
Event: 6.647 GC heap after
Heap after GC invocations=7 (full 0):
 PSYoungGen      total 131072K, used 5718K [0x00000000d7000000, 0x00000000e7200000, 0x0000000100000000)
  eden space 124416K, 0% used [0x00000000d7000000,0x00000000d7000000,0x00000000de980000)
  from space 6656K, 85% used [0x00000000de980000,0x00000000def15ad0,0x00000000df000000)
  to   space 7680K, 0% used [0x00000000e6a80000,0x00000000e6a80000,0x00000000e7200000)
 ParOldGen       total 84992K, used 15149K [0x0000000085000000, 0x000000008a300000, 0x00000000d7000000)
  object space 84992K, 17% used [0x0000000085000000,0x0000000085ecb5b8,0x000000008a300000)
 Metaspace       used 11637K, capacity 11954K, committed 12160K, reserved 1060864K
  class space    used 1285K, capacity 1364K, committed 1408K, reserved 1048576K
}

Deoptimization events (3 events):
Event: 0.320 Thread 0x00007f0e8800a000 Uncommon trap: reason=null_check action=make_not_entrant pc=0x00007f0e79175d84 method=java.lang.String.equals(Ljava/lang/Object;)Z @ 8
Event: 1.524 Thread 0x00007f0e8800a000 Uncommon trap: reason=unstable_if action=reinterpret pc=0x00007f0e79215b18 method=handtrack.Video.skinDetection(Lorg/opencv/core/Mat;)Lorg/opencv/core/Mat; @ 110
Event: 1.854 Thread 0x00007f0e8800a000 Uncommon trap: reason=unstable_if action=reinterpret pc=0x00007f0e7921b944 method=handtrack.Video.skinDetection(Lorg/opencv/core/Mat;)Lorg/opencv/core/Mat; @ 214

Internal exceptions (10 events):
Event: 0.138 Thread 0x00007f0e8800a000 Exception <a 'java/security/PrivilegedActionException'> (0x00000000d71567a8) thrown at [/build/openjdk-8-TfkRBM/openjdk-8-8u121-b13/src/hotspot/src/share/vm/prims/jvm.cpp, line 1390]
Event: 0.139 Thread 0x00007f0e8800a000 Exception <a 'java/security/PrivilegedActionException'> (0x00000000d7158830) thrown at [/build/openjdk-8-TfkRBM/openjdk-8-8u121-b13/src/hotspot/src/share/vm/prims/jvm.cpp, line 1390]
Event: 0.139 Thread 0x00007f0e8800a000 Exception <a 'java/security/PrivilegedActionException'> (0x00000000d7158a40) thrown at [/build/openjdk-8-TfkRBM/openjdk-8-8u121-b13/src/hotspot/src/share/vm/prims/jvm.cpp, line 1390]
Event: 0.139 Thread 0x00007f0e8800a000 Exception <a 'java/security/PrivilegedActionException'> (0x00000000d7159518) thrown at [/build/openjdk-8-TfkRBM/openjdk-8-8u121-b13/src/hotspot/src/share/vm/prims/jvm.cpp, line 1390]
Event: 0.139 Thread 0x00007f0e8800a000 Exception <a 'java/security/PrivilegedActionException'> (0x00000000d7159728) thrown at [/build/openjdk-8-TfkRBM/openjdk-8-8u121-b13/src/hotspot/src/share/vm/prims/jvm.cpp, line 1390]
Event: 0.229 Thread 0x00007f0e8800a000 Exception <a 'java/lang/NoSuchFieldError': method resolution failed> (0x00000000d72268a0) thrown at [/build/openjdk-8-TfkRBM/openjdk-8-8u121-b13/src/hotspot/src/share/vm/prims/methodHandles.cpp, line 1146]
Event: 0.235 Thread 0x00007f0e8800a000 Exception <a 'java/lang/NoSuchFieldError': method resolution failed> (0x00000000d7234040) thrown at [/build/openjdk-8-TfkRBM/openjdk-8-8u121-b13/src/hotspot/src/share/vm/prims/methodHandles.cpp, line 1146]
Event: 0.275 Thread 0x00007f0e8800a000 Exception <a 'java/io/FileNotFoundException'> (0x00000000d72b1fb8) thrown at [/build/openjdk-8-TfkRBM/openjdk-8-8u121-b13/src/hotspot/src/share/vm/prims/jni.cpp, line 709]
Event: 0.320 Thread 0x00007f0e8800a000 Implicit null exception at 0x00007f0e79175ba2 to 0x00007f0e79175d75
Event: 0.335 Thread 0x00007f0e8800a000 Exception <a 'java/lang/ClassNotFoundException': sun/dc/DuctusRenderingEngine> (0x00000000d7310f18) thrown at [/build/openjdk-8-TfkRBM/openjdk-8-8u121-b13/src/hotspot/src/share/vm/classfile/systemDictionary.cpp, line 210]

Events (10 events):
Event: 7.562 loading class sun/awt/X11/XConstants
Event: 7.562 loading class sun/awt/X11/XConstants done
Event: 7.562 loading class sun/awt/X11/XMotionEvent
Event: 7.563 loading class sun/awt/X11/XMotionEvent done
Event: 7.566 loading class java/awt/event/MouseWheelEvent
Event: 7.566 loading class java/awt/event/MouseWheelEvent done
Event: 7.566 loading class java/awt/AWTEvent$2
Event: 7.566 loading class java/awt/AWTEvent$2 done
Event: 7.567 loading class sun/reflect/UnsafeBooleanFieldAccessorImpl
Event: 7.567 loading class sun/reflect/UnsafeBooleanFieldAccessorImpl done


Dynamic libraries:
85000000-8a300000 rw-p 00000000 00:00 0 
8a300000-d7000000 ---p 00000000 00:00 0 
d7000000-e7200000 rw-p 00000000 00:00 0 
e7200000-100000000 ---p 00000000 00:00 0 
100000000-100160000 rw-p 00000000 00:00 0 
100160000-140000000 ---p 00000000 00:00 0 
557b5bb86000-557b5bb87000 r-xp 00000000 08:02 1180878                    /usr/lib/jvm/java-8-openjdk-amd64/jre/bin/java
557b5bd86000-557b5bd87000 r--p 00000000 08:02 1180878                    /usr/lib/jvm/java-8-openjdk-amd64/jre/bin/java
557b5bd87000-557b5bd88000 rw-p 00001000 08:02 1180878                    /usr/lib/jvm/java-8-openjdk-amd64/jre/bin/java
557b5c85d000-557b5c87e000 rw-p 00000000 00:00 0                          [heap]
7f0ddc000000-7f0ddc021000 rw-p 00000000 00:00 0 
7f0ddc021000-7f0de0000000 ---p 00000000 00:00 0 
7f0de4000000-7f0de4021000 rw-p 00000000 00:00 0 
7f0de4021000-7f0de8000000 ---p 00000000 00:00 0 
7f0de8000000-7f0de8021000 rw-p 00000000 00:00 0 
7f0de8021000-7f0dec000000 ---p 00000000 00:00 0 
7f0dec000000-7f0dec021000 rw-p 00000000 00:00 0 
7f0dec021000-7f0df0000000 ---p 00000000 00:00 0 
7f0df4000000-7f0df4021000 rw-p 00000000 00:00 0 
7f0df4021000-7f0df8000000 ---p 00000000 00:00 0 
7f0df8000000-7f0df8021000 rw-p 00000000 00:00 0 
7f0df8021000-7f0dfc000000 ---p 00000000 00:00 0 
7f0dfc000000-7f0dfc021000 rw-p 00000000 00:00 0 
7f0dfc021000-7f0e00000000 ---p 00000000 00:00 0 
7f0e00000000-7f0e00021000 rw-p 00000000 00:00 0 
7f0e00021000-7f0e04000000 ---p 00000000 00:00 0 
7f0e04000000-7f0e04021000 rw-p 00000000 00:00 0 
7f0e04021000-7f0e08000000 ---p 00000000 00:00 0 
7f0e0c000000-7f0e0c021000 rw-p 00000000 00:00 0 
7f0e0c021000-7f0e10000000 ---p 00000000 00:00 0 
7f0e11c78000-7f0e11ffc000 rw-s 00000000 00:05 3670024                    /SYSV00000000 (deleted)
7f0e11ffc000-7f0e11ffd000 ---p 00000000 00:00 0 
7f0e11ffd000-7f0e127fd000 rwxp 00000000 00:00 0 
7f0e127fd000-7f0e127fe000 ---p 00000000 00:00 0 
7f0e127fe000-7f0e12ffe000 rwxp 00000000 00:00 0 
7f0e12ffe000-7f0e12fff000 ---p 00000000 00:00 0 
7f0e12fff000-7f0e137ff000 rwxp 00000000 00:00 0 
7f0e137ff000-7f0e13800000 ---p 00000000 00:00 0 
7f0e13800000-7f0e14000000 rwxp 00000000 00:00 0 
7f0e14000000-7f0e14021000 rw-p 00000000 00:00 0 
7f0e14021000-7f0e18000000 ---p 00000000 00:00 0 
7f0e18000000-7f0e18073000 rw-p 00000000 00:00 0 
7f0e18073000-7f0e1c000000 ---p 00000000 00:00 0 
7f0e1c000000-7f0e1c021000 rw-p 00000000 00:00 0 
7f0e1c021000-7f0e20000000 ---p 00000000 00:00 0 
7f0e20053000-7f0e200d3000 rw-p 00000000 00:00 0 
7f0e200d3000-7f0e20253000 ---p 00000000 00:00 0 
7f0e20253000-7f0e2025d000 r-xp 00000000 08:02 1188960                    /usr/lib/jvm/java-8-openjdk-amd64/jre/lib/amd64/libjavajpeg.so
7f0e2025d000-7f0e2045c000 ---p 0000a000 08:02 1188960                    /usr/lib/jvm/java-8-openjdk-amd64/jre/lib/amd64/libjavajpeg.so
7f0e2045c000-7f0e2045d000 r--p 00009000 08:02 1188960                    /usr/lib/jvm/java-8-openjdk-amd64/jre/lib/amd64/libjavajpeg.so
7f0e2045d000-7f0e2045e000 rw-p 0000a000 08:02 1188960                    /usr/lib/jvm/java-8-openjdk-amd64/jre/lib/amd64/libjavajpeg.so
7f0e2045e000-7f0e2045f000 ---p 00000000 00:00 0 
7f0e2045f000-7f0e20c5f000 rwxp 00000000 00:00 0 
7f0e20c5f000-7f0e20c60000 ---p 00000000 00:00 0 
7f0e20c60000-7f0e21460000 rwxp 00000000 00:00 0 
7f0e21460000-7f0e21461000 ---p 00000000 00:00 0 
7f0e21461000-7f0e21c61000 rwxp 00000000 00:00 0 
7f0e21c61000-7f0e21c62000 ---p 00000000 00:00 0 
7f0e21c62000-7f0e22462000 rwxp 00000000 00:00 0 
7f0e229aa000-7f0e229bb000 r-xp 00000000 08:02 1188970                    /usr/lib/jvm/java-8-openjdk-amd64/jre/lib/amd64/libnio.so
7f0e229bb000-7f0e22bbb000 ---p 00011000 08:02 1188970                    /usr/lib/jvm/java-8-openjdk-amd64/jre/lib/amd64/libnio.so
7f0e22bbb000-7f0e22bbc000 r--p 00011000 08:02 1188970                    /usr/lib/jvm/java-8-openjdk-amd64/jre/lib/amd64/libnio.so
7f0e22bbc000-7f0e22bbd000 rw-p 00012000 08:02 1188970                    /usr/lib/jvm/java-8-openjdk-amd64/jre/lib/amd64/libnio.so
7f0e22bbd000-7f0e22bd4000 r-xp 00000000 08:02 1188969                    /usr/lib/jvm/java-8-openjdk-amd64/jre/lib/amd64/libnet.so
7f0e22bd4000-7f0e22dd3000 ---p 00017000 08:02 1188969                    /usr/lib/jvm/java-8-openjdk-amd64/jre/lib/amd64/libnet.so
7f0e22dd3000-7f0e22dd4000 r--p 00016000 08:02 1188969                    /usr/lib/jvm/java-8-openjdk-amd64/jre/lib/amd64/libnet.so
7f0e22dd4000-7f0e22dd5000 rw-p 00017000 08:02 1188969                    /usr/lib/jvm/java-8-openjdk-amd64/jre/lib/amd64/libnet.so
7f0e22dd5000-7f0e22fd5000 rw-p 00000000 00:00 0 
7f0e22fd5000-7f0e22fd8000 ---p 00000000 00:00 0 
7f0e22fd8000-7f0e230d6000 rwxp 00000000 00:00 0 
7f0e230d6000-7f0e230d9000 ---p 00000000 00:00 0 
7f0e230d9000-7f0e231d7000 rwxp 00000000 00:00 0 
7f0e237ff000-7f0e23802000 ---p 00000000 00:00 0 
7f0e23802000-7f0e24000000 rwxp 00000000 00:00 0 
7f0e24000000-7f0e24021000 rw-p 00000000 00:00 0 
7f0e24021000-7f0e28000000 ---p 00000000 00:00 0 
7f0e28000000-7f0e28021000 rw-p 00000000 00:00 0 
7f0e28021000-7f0e2c000000 ---p 00000000 00:00 0 
7f0e2c000000-7f0e2c021000 rw-p 00000000 00:00 0 
7f0e2c021000-7f0e30000000 ---p 00000000 00:00 0 
7f0e3019a000-7f0e3019d000 ---p 00000000 00:00 0 
7f0e3019d000-7f0e3029b000 rwxp 00000000 00:00 0 
7f0e3029b000-7f0e3029e000 ---p 00000000 00:00 0 
7f0e3029e000-7f0e3039c000 rwxp 00000000 00:00 0 
7f0e3039c000-7f0e303af000 r-xp 00000000 08:02 3408262                    /lib/x86_64-linux-gnu/libgpg-error.so.0.21.0
7f0e303af000-7f0e305ae000 ---p 00013000 08:02 3408262                    /lib/x86_64-linux-gnu/libgpg-error.so.0.21.0
7f0e305ae000-7f0e305af000 r--p 00012000 08:02 3408262                    /lib/x86_64-linux-gnu/libgpg-error.so.0.21.0
7f0e305af000-7f0e305b0000 rw-p 00013000 08:02 3408262                    /lib/x86_64-linux-gnu/libgpg-error.so.0.21.0
7f0e305b0000-7f0e306b7000 r-xp 00000000 08:02 3407878                    /lib/x86_64-linux-gnu/libgcrypt.so.20.1.6
7f0e306b7000-7f0e308b6000 ---p 00107000 08:02 3407878                    /lib/x86_64-linux-gnu/libgcrypt.so.20.1.6
7f0e308b6000-7f0e308b8000 r--p 00106000 08:02 3407878                    /lib/x86_64-linux-gnu/libgcrypt.so.20.1.6
7f0e308b8000-7f0e308bf000 rw-p 00108000 08:02 3407878                    /lib/x86_64-linux-gnu/libgcrypt.so.20.1.6
7f0e308bf000-7f0e308d0000 r-xp 00000000 08:02 528208                     /usr/lib/x86_64-linux-gnu/liblz4.so.1.7.1
7f0e308d0000-7f0e30acf000 ---p 00011000 08:02 528208                     /usr/lib/x86_64-linux-gnu/liblz4.so.1.7.1
7f0e30acf000-7f0e30ad0000 r--p 00010000 08:02 528208                     /usr/lib/x86_64-linux-gnu/liblz4.so.1.7.1
7f0e30ad0000-7f0e30ad1000 rw-p 00011000 08:02 528208                     /usr/lib/x86_64-linux-gnu/liblz4.so.1.7.1
7f0e30ad1000-7f0e30af6000 r-xp 00000000 08:02 3407967                    /lib/x86_64-linux-gnu/liblzma.so.5.2.2
7f0e30af6000-7f0e30cf5000 ---p 00025000 08:02 3407967                    /lib/x86_64-linux-gnu/liblzma.so.5.2.2
7f0e30cf5000-7f0e30cf6000 r--p 00024000 08:02 3407967                    /lib/x86_64-linux-gnu/liblzma.so.5.2.2
7f0e30cf6000-7f0e30cf7000 rw-p 00025000 08:02 3407967                    /lib/x86_64-linux-gnu/liblzma.so.5.2.2
7f0e30cf7000-7f0e30de0000 r-xp 00000000 08:02 525465                     /usr/lib/x86_64-linux-gnu/libepoxy.so.0.0.0
7f0e30de0000-7f0e30fdf000 ---p 000e9000 08:02 525465                     /usr/lib/x86_64-linux-gnu/libepoxy.so.0.0.0
7f0e30fdf000-7f0e30fe6000 r--p 000e8000 08:02 525465                     /usr/lib/x86_64-linux-gnu/libepoxy.so.0.0.0
7f0e30fe6000-7f0e30fed000 rw-p 000ef000 08:02 525465                     /usr/lib/x86_64-linux-gnu/libepoxy.so.0.0.0
7f0e30fed000-7f0e30ffa000 r-xp 00000000 08:02 528243                     /usr/lib/x86_64-linux-gnu/libwayland-client.so.0.3.0
7f0e30ffa000-7f0e311f9000 ---p 0000d000 08:02 528243                     /usr/lib/x86_64-linux-gnu/libwayland-client.so.0.3.0
7f0e311f9000-7f0e311fb000 r--p 0000c000 08:02 528243                     /usr/lib/x86_64-linux-gnu/libwayland-client.so.0.3.0
7f0e311fb000-7f0e311fc000 rw-p 0000e000 08:02 528243                     /usr/lib/x86_64-linux-gnu/libwayland-client.so.0.3.0
7f0e311fc000-7f0e311fd000 r-xp 00000000 08:02 535556                     /usr/lib/x86_64-linux-gnu/libwayland-egl.so.1.0.0
7f0e311fd000-7f0e313fc000 ---p 00001000 08:02 535556                     /usr/lib/x86_64-linux-gnu/libwayland-egl.so.1.0.0
7f0e313fc000-7f0e313fd000 r--p 00000000 08:02 535556                     /usr/lib/x86_64-linux-gnu/libwayland-egl.so.1.0.0
7f0e313fd000-7f0e313fe000 rw-p 00001000 08:02 535556                     /usr/lib/x86_64-linux-gnu/libwayland-egl.so.1.0.0
7f0e313fe000-7f0e31402000 r-xp 00000000 08:02 528245                     /usr/lib/x86_64-linux-gnu/libwayland-cursor.so.0.0.0
7f0e31402000-7f0e31601000 ---p 00004000 08:02 528245                     /usr/lib/x86_64-linux-gnu/libwayland-cursor.so.0.0.0
7f0e31601000-7f0e31602000 r--p 00003000 08:02 528245                     /usr/lib/x86_64-linux-gnu/libwayland-cursor.so.0.0.0
7f0e31602000-7f0e31606000 rw-p 00004000 08:02 528245                     /usr/lib/x86_64-linux-gnu/libwayland-cursor.so.0.0.0
7f0e31606000-7f0e31644000 r-xp 00000000 08:02 532092                     /usr/lib/x86_64-linux-gnu/libxkbcommon.so.0.0.0
7f0e31644000-7f0e31843000 ---p 0003e000 08:02 532092                     /usr/lib/x86_64-linux-gnu/libxkbcommon.so.0.0.0
7f0e31843000-7f0e31845000 r--p 0003d000 08:02 532092                     /usr/lib/x86_64-linux-gnu/libxkbcommon.so.0.0.0
7f0e31845000-7f0e31846000 rw-p 0003f000 08:02 532092                     /usr/lib/x86_64-linux-gnu/libxkbcommon.so.0.0.0
7f0e31846000-7f0e318ca000 r-xp 00000000 08:02 3408158                    /lib/x86_64-linux-gnu/libsystemd.so.0.17.0
7f0e318ca000-7f0e318cb000 ---p 00084000 08:02 3408158                    /lib/x86_64-linux-gnu/libsystemd.so.0.17.0
7f0e318cb000-7f0e318ce000 r--p 00084000 08:02 3408158                    /lib/x86_64-linux-gnu/libsystemd.so.0.17.0
7f0e318ce000-7f0e318cf000 rw-p 00087000 08:02 3408158                    /lib/x86_64-linux-gnu/libsystemd.so.0.17.0
7f0e318cf000-7f0e318d0000 rw-p 00000000 00:00 0 
7f0e318d0000-7f0e318d6000 r-xp 00000000 08:02 532744                     /usr/lib/x86_64-linux-gnu/libcairo-gobject.so.2.11400.8
7f0e318d6000-7f0e31ad6000 ---p 00006000 08:02 532744                     /usr/lib/x86_64-linux-gnu/libcairo-gobject.so.2.11400.8
7f0e31ad6000-7f0e31ad8000 r--p 00006000 08:02 532744                     /usr/lib/x86_64-linux-gnu/libcairo-gobject.so.2.11400.8
7f0e31ad8000-7f0e31ad9000 rw-p 00008000 08:02 532744                     /usr/lib/x86_64-linux-gnu/libcairo-gobject.so.2.11400.8
7f0e31ad9000-7f0e31bc6000 r-xp 00000000 08:02 532746                     /usr/lib/x86_64-linux-gnu/libgdk-3.so.0.2200.7
7f0e31bc6000-7f0e31dc6000 ---p 000ed000 08:02 532746                     /usr/lib/x86_64-linux-gnu/libgdk-3.so.0.2200.7
7f0e31dc6000-7f0e31dcc000 r--p 000ed000 08:02 532746                     /usr/lib/x86_64-linux-gnu/libgdk-3.so.0.2200.7
7f0e31dcc000-7f0e31dcf000 rw-p 000f3000 08:02 532746                     /usr/lib/x86_64-linux-gnu/libgdk-3.so.0.2200.7
7f0e31dcf000-7f0e31dd0000 rw-p 00000000 00:00 0 
7f0e31dd0000-7f0e31e1d000 r-xp 00000000 08:02 3408049                    /lib/x86_64-linux-gnu/libdbus-1.so.3.14.10
7f0e31e1d000-7f0e3201d000 ---p 0004d000 08:02 3408049                    /lib/x86_64-linux-gnu/libdbus-1.so.3.14.10
7f0e3201d000-7f0e3201f000 r--p 0004d000 08:02 3408049                    /lib/x86_64-linux-gnu/libdbus-1.so.3.14.10
7f0e3201f000-7f0e32020000 rw-p 0004f000 08:02 3408049                    /lib/x86_64-linux-gnu/libdbus-1.so.3.14.10
7f0e32020000-7f0e3204d000 r-xp 00000000 08:02 532567                     /usr/lib/x86_64-linux-gnu/libatspi.so.0.0.1
7f0e3204d000-7f0e3224d000 ---p 0002d000 08:02 532567                     /usr/lib/x86_64-linux-gnu/libatspi.so.0.0.1
7f0e3224d000-7f0e32250000 r--p 0002d000 08:02 532567                     /usr/lib/x86_64-linux-gnu/libatspi.so.0.0.1
7f0e32250000-7f0e32251000 rw-p 00030000 08:02 532567                     /usr/lib/x86_64-linux-gnu/libatspi.so.0.0.1
7f0e32251000-7f0e3227e000 r-xp 00000000 08:02 532742                     /usr/lib/x86_64-linux-gnu/libatk-bridge-2.0.so.0.0.0
7f0e3227e000-7f0e3247d000 ---p 0002d000 08:02 532742                     /usr/lib/x86_64-linux-gnu/libatk-bridge-2.0.so.0.0.0
7f0e3247d000-7f0e3247e000 r--p 0002c000 08:02 532742                     /usr/lib/x86_64-linux-gnu/libatk-bridge-2.0.so.0.0.0
7f0e3247e000-7f0e32480000 rw-p 0002d000 08:02 532742                     /usr/lib/x86_64-linux-gnu/libatk-bridge-2.0.so.0.0.0
7f0e324a8000-7f0e324bd000 r-xp 00000000 08:02 1179939                    /usr/lib/x86_64-linux-gnu/jni/libatk-wrapper.so.6.0.0
7f0e324bd000-7f0e326bd000 ---p 00015000 08:02 1179939                    /usr/lib/x86_64-linux-gnu/jni/libatk-wrapper.so.6.0.0
7f0e326bd000-7f0e326be000 r--p 00015000 08:02 1179939                    /usr/lib/x86_64-linux-gnu/jni/libatk-wrapper.so.6.0.0
7f0e326be000-7f0e326bf000 rw-p 00016000 08:02 1179939                    /usr/lib/x86_64-linux-gnu/jni/libatk-wrapper.so.6.0.0
7f0e326bf000-7f0e326c2000 ---p 00000000 00:00 0 
7f0e326c2000-7f0e326f8000 rwxp 00000000 00:00 0 
7f0e326f8000-7f0e326fb000 ---p 00000000 00:00 0 
7f0e326fb000-7f0e327f9000 rwxp 00000000 00:00 0 
7f0e327f9000-7f0e327fc000 ---p 00000000 00:00 0 
7f0e327fc000-7f0e328fa000 rwxp 00000000 00:00 0 
7f0e328fa000-7f0e3294b000 r-xp 00000000 08:02 1188951                    /usr/lib/jvm/java-8-openjdk-amd64/jre/lib/amd64/libfontmanager.so
7f0e3294b000-7f0e32b4b000 ---p 00051000 08:02 1188951                    /usr/lib/jvm/java-8-openjdk-amd64/jre/lib/amd64/libfontmanager.so
7f0e32b4b000-7f0e32b4d000 r--p 00051000 08:02 1188951                    /usr/lib/jvm/java-8-openjdk-amd64/jre/lib/amd64/libfontmanager.so
7f0e32b4d000-7f0e32b4e000 rw-p 00053000 08:02 1188951                    /usr/lib/jvm/java-8-openjdk-amd64/jre/lib/amd64/libfontmanager.so
7f0e32b4e000-7f0e32b52000 r-xp 00000000 08:02 3407928                    /lib/x86_64-linux-gnu/libuuid.so.1.3.0
7f0e32b52000-7f0e32d51000 ---p 00004000 08:02 3407928                    /lib/x86_64-linux-gnu/libuuid.so.1.3.0
7f0e32d51000-7f0e32d52000 r--p 00003000 08:02 3407928                    /lib/x86_64-linux-gnu/libuuid.so.1.3.0
7f0e32d52000-7f0e32d53000 rw-p 00004000 08:02 3407928                    /lib/x86_64-linux-gnu/libuuid.so.1.3.0
7f0e32d53000-7f0e32d59000 r-xp 00000000 08:02 527839                     /usr/lib/x86_64-linux-gnu/libdatrie.so.1.3.3
7f0e32d59000-7f0e32f59000 ---p 00006000 08:02 527839                     /usr/lib/x86_64-linux-gnu/libdatrie.so.1.3.3
7f0e32f59000-7f0e32f5a000 r--p 00006000 08:02 527839                     /usr/lib/x86_64-linux-gnu/libdatrie.so.1.3.3
7f0e32f5a000-7f0e32f5b000 rw-p 00007000 08:02 527839                     /usr/lib/x86_64-linux-gnu/libdatrie.so.1.3.3
7f0e32f5b000-7f0e32f7e000 r-xp 00000000 08:02 528374                     /usr/lib/x86_64-linux-gnu/libgraphite2.so.3.0.1
7f0e32f7e000-7f0e3317e000 ---p 00023000 08:02 528374                     /usr/lib/x86_64-linux-gnu/libgraphite2.so.3.0.1
7f0e3317e000-7f0e33180000 r--p 00023000 08:02 528374                     /usr/lib/x86_64-linux-gnu/libgraphite2.so.3.0.1
7f0e33180000-7f0e33181000 rw-p 00025000 08:02 528374                     /usr/lib/x86_64-linux-gnu/libgraphite2.so.3.0.1
7f0e33181000-7f0e331c2000 r-xp 00000000 08:02 3407941                    /lib/x86_64-linux-gnu/libblkid.so.1.1.0
7f0e331c2000-7f0e333c1000 ---p 00041000 08:02 3407941                    /lib/x86_64-linux-gnu/libblkid.so.1.1.0
7f0e333c1000-7f0e333c5000 r--p 00040000 08:02 3407941                    /lib/x86_64-linux-gnu/libblkid.so.1.1.0
7f0e333c5000-7f0e333c6000 rw-p 00044000 08:02 3407941                    /lib/x86_64-linux-gnu/libblkid.so.1.1.0
7f0e333c6000-7f0e333c7000 rw-p 00000000 00:00 0 
7f0e333c7000-7f0e333ee000 r-xp 00000000 08:02 3407918                    /lib/x86_64-linux-gnu/libexpat.so.1.6.2
7f0e333ee000-7f0e335ee000 ---p 00027000 08:02 3407918                    /lib/x86_64-linux-gnu/libexpat.so.1.6.2
7f0e335ee000-7f0e335f0000 r--p 00027000 08:02 3407918                    /lib/x86_64-linux-gnu/libexpat.so.1.6.2
7f0e335f0000-7f0e335f1000 rw-p 00029000 08:02 3407918                    /lib/x86_64-linux-gnu/libexpat.so.1.6.2
7f0e335f1000-7f0e33663000 r-xp 00000000 08:02 3408343                    /lib/x86_64-linux-gnu/libpcre.so.3.13.3
7f0e33663000-7f0e33862000 ---p 00072000 08:02 3408343                    /lib/x86_64-linux-gnu/libpcre.so.3.13.3
7f0e33862000-7f0e33863000 r--p 00071000 08:02 3408343                    /lib/x86_64-linux-gnu/libpcre.so.3.13.3
7f0e33863000-7f0e33864000 rw-p 00072000 08:02 3408343                    /lib/x86_64-linux-gnu/libpcre.so.3.13.3
7f0e33864000-7f0e3386b000 r-xp 00000000 08:02 528241                     /usr/lib/x86_64-linux-gnu/libffi.so.6.0.4
7f0e3386b000-7f0e33a6b000 ---p 00007000 08:02 528241                     /usr/lib/x86_64-linux-gnu/libffi.so.6.0.4
7f0e33a6b000-7f0e33a6c000 r--p 00007000 08:02 528241                     /usr/lib/x86_64-linux-gnu/libffi.so.6.0.4
7f0e33a6c000-7f0e33a6d000 rw-p 00008000 08:02 528241                     /usr/lib/x86_64-linux-gnu/libffi.so.6.0.4
7f0e33a6d000-7f0e33a75000 r-xp 00000000 08:02 528239                     /usr/lib/x86_64-linux-gnu/libthai.so.0.3.0
7f0e33a75000-7f0e33c75000 ---p 00008000 08:02 528239                     /usr/lib/x86_64-linux-gnu/libthai.so.0.3.0
7f0e33c75000-7f0e33c76000 r--p 00008000 08:02 528239                     /usr/lib/x86_64-linux-gnu/libthai.so.0.3.0
7f0e33c76000-7f0e33c77000 rw-p 00009000 08:02 528239                     /usr/lib/x86_64-linux-gnu/libthai.so.0.3.0
7f0e33c77000-7f0e33d0a000 r-xp 00000000 08:02 577037                     /usr/lib/x86_64-linux-gnu/libharfbuzz.so.0.10400.2
7f0e33d0a000-7f0e33f09000 ---p 00093000 08:02 577037                     /usr/lib/x86_64-linux-gnu/libharfbuzz.so.0.10400.2
7f0e33f09000-7f0e33f0b000 r--p 00092000 08:02 577037                     /usr/lib/x86_64-linux-gnu/libharfbuzz.so.0.10400.2
7f0e33f0b000-7f0e33f0c000 rw-p 00094000 08:02 577037                     /usr/lib/x86_64-linux-gnu/libharfbuzz.so.0.10400.2
7f0e33f0c000-7f0e33f56000 r-xp 00000000 08:02 3407943                    /lib/x86_64-linux-gnu/libmount.so.1.1.0
7f0e33f56000-7f0e34156000 ---p 0004a000 08:02 3407943                    /lib/x86_64-linux-gnu/libmount.so.1.1.0
7f0e34156000-7f0e34157000 r--p 0004a000 08:02 3407943                    /lib/x86_64-linux-gnu/libmount.so.1.1.0
7f0e34157000-7f0e34158000 rw-p 0004b000 08:02 3407943                    /lib/x86_64-linux-gnu/libmount.so.1.1.0
7f0e34158000-7f0e3415a000 rw-p 00000000 00:00 0 
7f0e3415a000-7f0e3416e000 r-xp 00000000 08:02 3414742                    /lib/x86_64-linux-gnu/libresolv-2.24.so
7f0e3416e000-7f0e3436d000 ---p 00014000 08:02 3414742                    /lib/x86_64-linux-gnu/libresolv-2.24.so
7f0e3436d000-7f0e3436e000 r--p 00013000 08:02 3414742                    /lib/x86_64-linux-gnu/libresolv-2.24.so
7f0e3436e000-7f0e3436f000 rw-p 00014000 08:02 3414742                    /lib/x86_64-linux-gnu/libresolv-2.24.so
7f0e3436f000-7f0e34371000 rw-p 00000000 00:00 0 
7f0e34371000-7f0e34396000 r-xp 00000000 08:02 3408007                    /lib/x86_64-linux-gnu/libselinux.so.1
7f0e34396000-7f0e34595000 ---p 00025000 08:02 3408007                    /lib/x86_64-linux-gnu/libselinux.so.1
7f0e34595000-7f0e34596000 r--p 00024000 08:02 3408007                    /lib/x86_64-linux-gnu/libselinux.so.1
7f0e34596000-7f0e34597000 rw-p 00025000 08:02 3408007                    /lib/x86_64-linux-gnu/libselinux.so.1
7f0e34597000-7f0e34599000 rw-p 00000000 00:00 0 
7f0e34599000-7f0e345a5000 r-xp 00000000 08:02 525048                     /usr/lib/x86_64-linux-gnu/libxcb-render.so.0.0.0
7f0e345a5000-7f0e347a5000 ---p 0000c000 08:02 525048                     /usr/lib/x86_64-linux-gnu/libxcb-render.so.0.0.0
7f0e347a5000-7f0e347a6000 r--p 0000c000 08:02 525048                     /usr/lib/x86_64-linux-gnu/libxcb-render.so.0.0.0
7f0e347a6000-7f0e347a7000 rw-p 0000d000 08:02 525048                     /usr/lib/x86_64-linux-gnu/libxcb-render.so.0.0.0
7f0e347a7000-7f0e347a9000 r-xp 00000000 08:02 525050                     /usr/lib/x86_64-linux-gnu/libxcb-shm.so.0.0.0
7f0e347a9000-7f0e349a9000 ---p 00002000 08:02 525050                     /usr/lib/x86_64-linux-gnu/libxcb-shm.so.0.0.0
7f0e349a9000-7f0e349aa000 r--p 00002000 08:02 525050                     /usr/lib/x86_64-linux-gnu/libxcb-shm.so.0.0.0
7f0e349aa000-7f0e349ab000 rw-p 00003000 08:02 525050                     /usr/lib/x86_64-linux-gnu/libxcb-shm.so.0.0.0
7f0e349ab000-7f0e34a49000 r-xp 00000000 08:02 525046                     /usr/lib/x86_64-linux-gnu/libpixman-1.so.0.34.0
7f0e34a49000-7f0e34c49000 ---p 0009e000 08:02 525046                     /usr/lib/x86_64-linux-gnu/libpixman-1.so.0.34.0
7f0e34c49000-7f0e34c51000 r--p 0009e000 08:02 525046                     /usr/lib/x86_64-linux-gnu/libpixman-1.so.0.34.0
7f0e34c51000-7f0e34c52000 rw-p 000a6000 08:02 525046                     /usr/lib/x86_64-linux-gnu/libpixman-1.so.0.34.0
7f0e34c52000-7f0e34c5c000 r-xp 00000000 08:02 533027                     /usr/lib/x86_64-linux-gnu/libXcursor.so.1.0.2
7f0e34c5c000-7f0e34e5b000 ---p 0000a000 08:02 533027                     /usr/lib/x86_64-linux-gnu/libXcursor.so.1.0.2
7f0e34e5b000-7f0e34e5c000 r--p 00009000 08:02 533027                     /usr/lib/x86_64-linux-gnu/libXcursor.so.1.0.2
7f0e34e5c000-7f0e34e5d000 rw-p 0000a000 08:02 533027                     /usr/lib/x86_64-linux-gnu/libXcursor.so.1.0.2
7f0e34e5d000-7f0e34e67000 r-xp 00000000 08:02 532569                     /usr/lib/x86_64-linux-gnu/libXrandr.so.2.2.0
7f0e34e67000-7f0e35066000 ---p 0000a000 08:02 532569                     /usr/lib/x86_64-linux-gnu/libXrandr.so.2.2.0
7f0e35066000-7f0e35067000 r--p 00009000 08:02 532569                     /usr/lib/x86_64-linux-gnu/libXrandr.so.2.2.0
7f0e35067000-7f0e35068000 rw-p 0000a000 08:02 532569                     /usr/lib/x86_64-linux-gnu/libXrandr.so.2.2.0
7f0e35068000-7f0e3506a000 r-xp 00000000 08:02 531706                     /usr/lib/x86_64-linux-gnu/libXinerama.so.1.0.0
7f0e3506a000-7f0e35269000 ---p 00002000 08:02 531706                     /usr/lib/x86_64-linux-gnu/libXinerama.so.1.0.0
7f0e35269000-7f0e3526a000 r--p 00001000 08:02 531706                     /usr/lib/x86_64-linux-gnu/libXinerama.so.1.0.0
7f0e3526a000-7f0e3526b000 rw-p 00002000 08:02 531706                     /usr/lib/x86_64-linux-gnu/libXinerama.so.1.0.0
7f0e3526b000-7f0e35270000 r-xp 00000000 08:02 527146                     /usr/lib/x86_64-linux-gnu/libXfixes.so.3.1.0
7f0e35270000-7f0e3546f000 ---p 00005000 08:02 527146                     /usr/lib/x86_64-linux-gnu/libXfixes.so.3.1.0
7f0e3546f000-7f0e35470000 r--p 00004000 08:02 527146                     /usr/lib/x86_64-linux-gnu/libXfixes.so.3.1.0
7f0e35470000-7f0e35471000 rw-p 00005000 08:02 527146                     /usr/lib/x86_64-linux-gnu/libXfixes.so.3.1.0
7f0e35471000-7f0e35473000 r-xp 00000000 08:02 533029                     /usr/lib/x86_64-linux-gnu/libXdamage.so.1.1.0
7f0e35473000-7f0e35672000 ---p 00002000 08:02 533029                     /usr/lib/x86_64-linux-gnu/libXdamage.so.1.1.0
7f0e35672000-7f0e35673000 r--p 00001000 08:02 533029                     /usr/lib/x86_64-linux-gnu/libXdamage.so.1.1.0
7f0e35673000-7f0e35674000 rw-p 00002000 08:02 533029                     /usr/lib/x86_64-linux-gnu/libXdamage.so.1.1.0
7f0e35674000-7f0e35676000 r-xp 00000000 08:02 534161                     /usr/lib/x86_64-linux-gnu/libXcomposite.so.1.0.0
7f0e35676000-7f0e35875000 ---p 00002000 08:02 534161                     /usr/lib/x86_64-linux-gnu/libXcomposite.so.1.0.0
7f0e35875000-7f0e35876000 r--p 00001000 08:02 534161                     /usr/lib/x86_64-linux-gnu/libXcomposite.so.1.0.0
7f0e35876000-7f0e35877000 rw-p 00002000 08:02 534161                     /usr/lib/x86_64-linux-gnu/libXcomposite.so.1.0.0
7f0e35877000-7f0e3587a000 r-xp 00000000 08:02 525477                     /usr/lib/x86_64-linux-gnu/libgmodule-2.0.so.0.5000.2
7f0e3587a000-7f0e35a79000 ---p 00003000 08:02 525477                     /usr/lib/x86_64-linux-gnu/libgmodule-2.0.so.0.5000.2
7f0e35a79000-7f0e35a7a000 r--p 00002000 08:02 525477                     /usr/lib/x86_64-linux-gnu/libgmodule-2.0.so.0.5000.2
7f0e35a7a000-7f0e35a7b000 rw-p 00003000 08:02 525477                     /usr/lib/x86_64-linux-gnu/libgmodule-2.0.so.0.5000.2
7f0e35a7b000-7f0e35aac000 r-xp 00000000 08:02 525011                     /usr/lib/x86_64-linux-gnu/libpng16.so.16.28.0
7f0e35aac000-7f0e35cac000 ---p 00031000 08:02 525011                     /usr/lib/x86_64-linux-gnu/libpng16.so.16.28.0
7f0e35cac000-7f0e35cad000 r--p 00031000 08:02 525011                     /usr/lib/x86_64-linux-gnu/libpng16.so.16.28.0
7f0e35cad000-7f0e35cae000 rw-p 00032000 08:02 525011                     /usr/lib/x86_64-linux-gnu/libpng16.so.16.28.0
7f0e35cae000-7f0e35d17000 r-xp 00000000 08:02 549718                     /usr/lib/x86_64-linux-gnu/libjpeg.so.62.2.0
7f0e35d17000-7f0e35f17000 ---p 00069000 08:02 549718                     /usr/lib/x86_64-linux-gnu/libjpeg.so.62.2.0
7f0e35f17000-7f0e35f18000 r--p 00069000 08:02 549718                     /usr/lib/x86_64-linux-gnu/libjpeg.so.62.2.0
7f0e35f18000-7f0e35f19000 rw-p 0006a000 08:02 549718                     /usr/lib/x86_64-linux-gnu/libjpeg.so.62.2.0
7f0e35f19000-7f0e35f1a000 r-xp 00000000 08:02 528885                     /usr/lib/x86_64-linux-gnu/libgthread-2.0.so.0.5000.2
7f0e35f1a000-7f0e36119000 ---p 00001000 08:02 528885                     /usr/lib/x86_64-linux-gnu/libgthread-2.0.so.0.5000.2
7f0e36119000-7f0e3611a000 r--p 00000000 08:02 528885                     /usr/lib/x86_64-linux-gnu/libgthread-2.0.so.0.5000.2
7f0e3611a000-7f0e3611b000 rw-p 00001000 08:02 528885                     /usr/lib/x86_64-linux-gnu/libgthread-2.0.so.0.5000.2
7f0e3611b000-7f0e361c3000 r-xp 00000000 08:02 532142                     /usr/lib/x86_64-linux-gnu/libfreetype.so.6.12.3
7f0e361c3000-7f0e363c3000 ---p 000a8000 08:02 532142                     /usr/lib/x86_64-linux-gnu/libfreetype.so.6.12.3
7f0e363c3000-7f0e363c9000 r--p 000a8000 08:02 532142                     /usr/lib/x86_64-linux-gnu/libfreetype.so.6.12.3
7f0e363c9000-7f0e363ca000 rw-p 000ae000 08:02 532142                     /usr/lib/x86_64-linux-gnu/libfreetype.so.6.12.3
7f0e363ca000-7f0e36406000 r-xp 00000000 08:02 525043                     /usr/lib/x86_64-linux-gnu/libfontconfig.so.1.8.0
7f0e36406000-7f0e36605000 ---p 0003c000 08:02 525043                     /usr/lib/x86_64-linux-gnu/libfontconfig.so.1.8.0
7f0e36605000-7f0e36607000 r--p 0003b000 08:02 525043                     /usr/lib/x86_64-linux-gnu/libfontconfig.so.1.8.0
7f0e36607000-7f0e36608000 rw-p 0003d000 08:02 525043                     /usr/lib/x86_64-linux-gnu/libfontconfig.so.1.8.0
7f0e36608000-7f0e3671a000 r-xp 00000000 08:02 3407904                    /lib/x86_64-linux-gnu/libglib-2.0.so.0.5000.2
7f0e3671a000-7f0e36919000 ---p 00112000 08:02 3407904                    /lib/x86_64-linux-gnu/libglib-2.0.so.0.5000.2
7f0e36919000-7f0e3691a000 r--p 00111000 08:02 3407904                    /lib/x86_64-linux-gnu/libglib-2.0.so.0.5000.2
7f0e3691a000-7f0e3691b000 rw-p 00112000 08:02 3407904                    /lib/x86_64-linux-gnu/libglib-2.0.so.0.5000.2
7f0e3691b000-7f0e3691c000 rw-p 00000000 00:00 0 
7f0e3691c000-7f0e3696e000 r-xp 00000000 08:02 525478                     /usr/lib/x86_64-linux-gnu/libgobject-2.0.so.0.5000.2
7f0e3696e000-7f0e36b6d000 ---p 00052000 08:02 525478                     /usr/lib/x86_64-linux-gnu/libgobject-2.0.so.0.5000.2
7f0e36b6d000-7f0e36b6e000 r--p 00051000 08:02 525478                     /usr/lib/x86_64-linux-gnu/libgobject-2.0.so.0.5000.2
7f0e36b6e000-7f0e36b6f000 rw-p 00052000 08:02 525478                     /usr/lib/x86_64-linux-gnu/libgobject-2.0.so.0.5000.2
7f0e36b6f000-7f0e36bb8000 r-xp 00000000 08:02 532061                     /usr/lib/x86_64-linux-gnu/libpango-1.0.so.0.4000.3
7f0e36bb8000-7f0e36db7000 ---p 00049000 08:02 532061                     /usr/lib/x86_64-linux-gnu/libpango-1.0.so.0.4000.3
7f0e36db7000-7f0e36dba000 r--p 00048000 08:02 532061                     /usr/lib/x86_64-linux-gnu/libpango-1.0.so.0.4000.3
7f0e36dba000-7f0e36dbb000 rw-p 0004b000 08:02 532061                     /usr/lib/x86_64-linux-gnu/libpango-1.0.so.0.4000.3
7f0e36dbb000-7f0e36dcf000 r-xp 00000000 08:02 532065                     /usr/lib/x86_64-linux-gnu/libpangoft2-1.0.so.0.4000.3
7f0e36dcf000-7f0e36fcf000 ---p 00014000 08:02 532065                     /usr/lib/x86_64-linux-gnu/libpangoft2-1.0.so.0.4000.3
7f0e36fcf000-7f0e36fd0000 r--p 00014000 08:02 532065                     /usr/lib/x86_64-linux-gnu/libpangoft2-1.0.so.0.4000.3
7f0e36fd0000-7f0e36fd1000 rw-p 00015000 08:02 532065                     /usr/lib/x86_64-linux-gnu/libpangoft2-1.0.so.0.4000.3
7f0e36fd1000-7f0e3715e000 r-xp 00000000 08:02 525476                     /usr/lib/x86_64-linux-gnu/libgio-2.0.so.0.5000.2
7f0e3715e000-7f0e3735d000 ---p 0018d000 08:02 525476                     /usr/lib/x86_64-linux-gnu/libgio-2.0.so.0.5000.2
7f0e3735d000-7f0e37362000 r--p 0018c000 08:02 525476                     /usr/lib/x86_64-linux-gnu/libgio-2.0.so.0.5000.2
7f0e37362000-7f0e37365000 rw-p 00191000 08:02 525476                     /usr/lib/x86_64-linux-gnu/libgio-2.0.so.0.5000.2
7f0e37365000-7f0e37366000 rw-p 00000000 00:00 0 
7f0e37366000-7f0e37387000 r-xp 00000000 08:02 527664                     /usr/lib/x86_64-linux-gnu/libgdk_pixbuf-2.0.so.0.3600.4
7f0e37387000-7f0e37587000 ---p 00021000 08:02 527664                     /usr/lib/x86_64-linux-gnu/libgdk_pixbuf-2.0.so.0.3600.4
7f0e37587000-7f0e37588000 r--p 00021000 08:02 527664                     /usr/lib/x86_64-linux-gnu/libgdk_pixbuf-2.0.so.0.3600.4
7f0e37588000-7f0e37589000 rw-p 00022000 08:02 527664                     /usr/lib/x86_64-linux-gnu/libgdk_pixbuf-2.0.so.0.3600.4
7f0e37589000-7f0e37697000 r-xp 00000000 08:02 525055                     /usr/lib/x86_64-linux-gnu/libcairo.so.2.11400.8
7f0e37697000-7f0e37897000 ---p 0010e000 08:02 525055                     /usr/lib/x86_64-linux-gnu/libcairo.so.2.11400.8
7f0e37897000-7f0e3789a000 r--p 0010e000 08:02 525055                     /usr/lib/x86_64-linux-gnu/libcairo.so.2.11400.8
7f0e3789a000-7f0e3789b000 rw-p 00111000 08:02 525055                     /usr/lib/x86_64-linux-gnu/libcairo.so.2.11400.8
7f0e3789b000-7f0e3789d000 rw-p 00000000 00:00 0 
7f0e3789d000-7f0e378c0000 r-xp 00000000 08:02 528843                     /usr/lib/x86_64-linux-gnu/libatk-1.0.so.0.22209.1
7f0e378c0000-7f0e37abf000 ---p 00023000 08:02 528843                     /usr/lib/x86_64-linux-gnu/libatk-1.0.so.0.22209.1
7f0e37abf000-7f0e37ac2000 r--p 00022000 08:02 528843                     /usr/lib/x86_64-linux-gnu/libatk-1.0.so.0.22209.1
7f0e37ac2000-7f0e37ac3000 rw-p 00025000 08:02 528843                     /usr/lib/x86_64-linux-gnu/libatk-1.0.so.0.22209.1
7f0e37ac3000-7f0e37ace000 r-xp 00000000 08:02 532063                     /usr/lib/x86_64-linux-gnu/libpangocairo-1.0.so.0.4000.3
7f0e37ace000-7f0e37cce000 ---p 0000b000 08:02 532063                     /usr/lib/x86_64-linux-gnu/libpangocairo-1.0.so.0.4000.3
7f0e37cce000-7f0e37ccf000 r--p 0000b000 08:02 532063                     /usr/lib/x86_64-linux-gnu/libpangocairo-1.0.so.0.4000.3
7f0e37ccf000-7f0e37cd0000 rw-p 0000c000 08:02 532063                     /usr/lib/x86_64-linux-gnu/libpangocairo-1.0.so.0.4000.3
7f0e37cd0000-7f0e37d80000 r-xp 00000000 08:02 532089                     /usr/lib/x86_64-linux-gnu/libgdk-x11-2.0.so.0.2400.31
7f0e37d80000-7f0e37f7f000 ---p 000b0000 08:02 532089                     /usr/lib/x86_64-linux-gnu/libgdk-x11-2.0.so.0.2400.31
7f0e37f7f000-7f0e37f83000 r--p 000af000 08:02 532089                     /usr/lib/x86_64-linux-gnu/libgdk-x11-2.0.so.0.2400.31
7f0e37f83000-7f0e37f85000 rw-p 000b3000 08:02 532089                     /usr/lib/x86_64-linux-gnu/libgdk-x11-2.0.so.0.2400.31
7f0e37f85000-7f0e383c1000 r-xp 00000000 08:02 536898                     /usr/lib/x86_64-linux-gnu/libgtk-x11-2.0.so.0.2400.31
7f0e383c1000-7f0e385c0000 ---p 0043c000 08:02 536898                     /usr/lib/x86_64-linux-gnu/libgtk-x11-2.0.so.0.2400.31
7f0e385c0000-7f0e385c7000 r--p 0043b000 08:02 536898                     /usr/lib/x86_64-linux-gnu/libgtk-x11-2.0.so.0.2400.31
7f0e385c7000-7f0e385cb000 rw-p 00442000 08:02 536898                     /usr/lib/x86_64-linux-gnu/libgtk-x11-2.0.so.0.2400.31
7f0e385cb000-7f0e385ce000 rw-p 00000000 00:00 0 
7f0e385ce000-7f0e390dd000 r-xp 00000000 08:02 3286773                    /home/johan/Documents/JavaOpenCV/opencv-3.2.0/build/lib/libopencv_core.so.3.2.0
7f0e390dd000-7f0e392dc000 ---p 00b0f000 08:02 3286773                    /home/johan/Documents/JavaOpenCV/opencv-3.2.0/build/lib/libopencv_core.so.3.2.0
7f0e392dc000-7f0e392e4000 r--p 00b0e000 08:02 3286773                    /home/johan/Documents/JavaOpenCV/opencv-3.2.0/build/lib/libopencv_core.so.3.2.0
7f0e392e4000-7f0e39312000 rw-p 00b16000 08:02 3286773                    /home/johan/Documents/JavaOpenCV/opencv-3.2.0/build/lib/libopencv_core.so.3.2.0
7f0e39312000-7f0e39314000 rw-p 00000000 00:00 0 
7f0e39314000-7f0e3a87c000 r-xp 00000000 08:02 3286865                    /home/johan/Documents/JavaOpenCV/opencv-3.2.0/build/lib/libopencv_imgproc.so.3.2.0
7f0e3a87c000-7f0e3aa7b000 ---p 01568000 08:02 3286865                    /home/johan/Documents/JavaOpenCV/opencv-3.2.0/build/lib/libopencv_imgproc.so.3.2.0
7f0e3aa7b000-7f0e3aa84000 r--p 01567000 08:02 3286865                    /home/johan/Documents/JavaOpenCV/opencv-3.2.0/build/lib/libopencv_imgproc.so.3.2.0
7f0e3aa84000-7f0e3aaa5000 rw-p 01570000 08:02 3286865                    /home/johan/Documents/JavaOpenCV/opencv-3.2.0/build/lib/libopencv_imgproc.so.3.2.0
7f0e3aaa5000-7f0e3ab3c000 rw-p 00000000 00:00 0 
7f0e3ab3c000-7f0e3ae83000 r-xp 00000000 08:02 3286918                    /home/johan/Documents/JavaOpenCV/opencv-3.2.0/build/lib/libopencv_imgcodecs.so.3.2.0
7f0e3ae83000-7f0e3b083000 ---p 00347000 08:02 3286918                    /home/johan/Documents/JavaOpenCV/opencv-3.2.0/build/lib/libopencv_imgcodecs.so.3.2.0
7f0e3b083000-7f0e3b089000 r--p 00347000 08:02 3286918                    /home/johan/Documents/JavaOpenCV/opencv-3.2.0/build/lib/libopencv_imgcodecs.so.3.2.0
7f0e3b089000-7f0e3b091000 rw-p 0034d000 08:02 3286918                    /home/johan/Documents/JavaOpenCV/opencv-3.2.0/build/lib/libopencv_imgcodecs.so.3.2.0
7f0e3b091000-7f0e3b09c000 rw-p 00000000 00:00 0 
7f0e3b09c000-7f0e3b0be000 r-xp 00000000 08:02 3286943                    /home/johan/Documents/JavaOpenCV/opencv-3.2.0/build/lib/libopencv_videoio.so.3.2.0
7f0e3b0be000-7f0e3b2bd000 ---p 00022000 08:02 3286943                    /home/johan/Documents/JavaOpenCV/opencv-3.2.0/build/lib/libopencv_videoio.so.3.2.0
7f0e3b2bd000-7f0e3b2be000 r--p 00021000 08:02 3286943                    /home/johan/Documents/JavaOpenCV/opencv-3.2.0/build/lib/libopencv_videoio.so.3.2.0
7f0e3b2be000-7f0e3b2bf000 rw-p 00022000 08:02 3286943                    /home/johan/Documents/JavaOpenCV/opencv-3.2.0/build/lib/libopencv_videoio.so.3.2.0
7f0e3b2bf000-7f0e3b2c1000 rw-p 00000000 00:00 0 
7f0e3b2c1000-7f0e3b2cc000 r-xp 00000000 08:02 3286966                    /home/johan/Documents/JavaOpenCV/opencv-3.2.0/build/lib/libopencv_highgui.so.3.2.0
7f0e3b2cc000-7f0e3b4cc000 ---p 0000b000 08:02 3286966                    /home/johan/Documents/JavaOpenCV/opencv-3.2.0/build/lib/libopencv_highgui.so.3.2.0
7f0e3b4cc000-7f0e3b4cd000 r--p 0000b000 08:02 3286966                    /home/johan/Documents/JavaOpenCV/opencv-3.2.0/build/lib/libopencv_highgui.so.3.2.0
7f0e3b4cd000-7f0e3b4ce000 rw-p 0000c000 08:02 3286966                    /home/johan/Documents/JavaOpenCV/opencv-3.2.0/build/lib/libopencv_highgui.so.3.2.0
7f0e3b4ce000-7f0e3b589000 r-xp 00000000 08:02 3286850                    /home/johan/Documents/JavaOpenCV/opencv-3.2.0/build/lib/libopencv_ml.so.3.2.0
7f0e3b589000-7f0e3b789000 ---p 000bb000 08:02 3286850                    /home/johan/Documents/JavaOpenCV/opencv-3.2.0/build/lib/libopencv_ml.so.3.2.0
7f0e3b789000-7f0e3b78b000 r--p 000bb000 08:02 3286850                    /home/johan/Documents/JavaOpenCV/opencv-3.2.0/build/lib/libopencv_ml.so.3.2.0
7f0e3b78b000-7f0e3b78c000 rw-p 000bd000 08:02 3286850                    /home/johan/Documents/JavaOpenCV/opencv-3.2.0/build/lib/libopencv_ml.so.3.2.0
7f0e3b78c000-7f0e3b7dd000 r-xp 00000000 08:02 3286861                    /home/johan/Documents/JavaOpenCV/opencv-3.2.0/build/lib/libopencv_flann.so.3.2.0
7f0e3b7dd000-7f0e3b9dd000 ---p 00051000 08:02 3286861                    /home/johan/Documents/JavaOpenCV/opencv-3.2.0/build/lib/libopencv_flann.so.3.2.0
7f0e3b9dd000-7f0e3b9df000 r--p 00051000 08:02 3286861                    /home/johan/Documents/JavaOpenCV/opencv-3.2.0/build/lib/libopencv_flann.so.3.2.0
7f0e3b9df000-7f0e3b9e0000 rw-p 00053000 08:02 3286861                    /home/johan/Documents/JavaOpenCV/opencv-3.2.0/build/lib/libopencv_flann.so.3.2.0
7f0e3b9e0000-7f0e3ba91000 r-xp 00000000 08:02 3287039                    /home/johan/Documents/JavaOpenCV/opencv-3.2.0/build/lib/libopencv_features2d.so.3.2.0
7f0e3ba91000-7f0e3bc91000 ---p 000b1000 08:02 3287039                    /home/johan/Documents/JavaOpenCV/opencv-3.2.0/build/lib/libopencv_features2d.so.3.2.0
7f0e3bc91000-7f0e3bc94000 r--p 000b1000 08:02 3287039                    /home/johan/Documents/JavaOpenCV/opencv-3.2.0/build/lib/libopencv_features2d.so.3.2.0
7f0e3bc94000-7f0e3bc96000 rw-p 000b4000 08:02 3287039                    /home/johan/Documents/JavaOpenCV/opencv-3.2.0/build/lib/libopencv_features2d.so.3.2.0
7f0e3bc96000-7f0e3bdfd000 r-xp 00000000 08:02 3287082                    /home/johan/Documents/JavaOpenCV/opencv-3.2.0/build/lib/libopencv_calib3d.so.3.2.0
7f0e3bdfd000-7f0e3bffc000 ---p 00167000 08:02 3287082                    /home/johan/Documents/JavaOpenCV/opencv-3.2.0/build/lib/libopencv_calib3d.so.3.2.0
7f0e3bffc000-7f0e3bffe000 r--p 00166000 08:02 3287082                    /home/johan/Documents/JavaOpenCV/opencv-3.2.0/build/lib/libopencv_calib3d.so.3.2.0
7f0e3bffe000-7f0e3c000000 rw-p 00168000 08:02 3287082                    /home/johan/Documents/JavaOpenCV/opencv-3.2.0/build/lib/libopencv_calib3d.so.3.2.0
7f0e3c000000-7f0e3c021000 rw-p 00000000 00:00 0 
7f0e3c021000-7f0e40000000 ---p 00000000 00:00 0 
7f0e40000000-7f0e40021000 rw-p 00000000 00:00 0 
7f0e40021000-7f0e44000000 ---p 00000000 00:00 0 
7f0e44000000-7f0e44037000 rw-p 00000000 00:00 0 
7f0e44037000-7f0e48000000 ---p 00000000 00:00 0 
7f0e48000000-7f0e4822d000 rw-p 00000000 00:00 0 
7f0e4822d000-7f0e4c000000 ---p 00000000 00:00 0 
7f0e4c000000-7f0e4c021000 rw-p 00000000 00:00 0 
7f0e4c021000-7f0e50000000 ---p 00000000 00:00 0 
7f0e50000000-7f0e50146000 rw-p 00000000 00:00 0 
7f0e50146000-7f0e54000000 ---p 00000000 00:00 0 
7f0e54000000-7f0e54021000 rw-p 00000000 00:00 0 
7f0e54021000-7f0e58000000 ---p 00000000 00:00 0 
7f0e58000000-7f0e58051000 rw-p 00000000 00:00 0 
7f0e58051000-7f0e5c000000 ---p 00000000 00:00 0 
7f0e5c000000-7f0e5c021000 rw-p 00000000 00:00 0 
7f0e5c021000-7f0e60000000 ---p 00000000 00:00 0 
7f0e60000000-7f0e60021000 rw-p 00000000 00:00 0 
7f0e60021000-7f0e64000000 ---p 00000000 00:00 0 
7f0e64000000-7f0e64021000 rw-p 00000000 00:00 0 
7f0e64021000-7f0e68000000 ---p 00000000 00:00 0 
7f0e68000000-7f0e68021000 rw-p 00000000 00:00 0 
7f0e68021000-7f0e6c000000 ---p 00000000 00:00 0 
7f0e6c000000-7f0e6c021000 rw-p 00000000 00:00 0 
7f0e6c021000-7f0e70000000 ---p 00000000 00:00 0 
7f0e70003000-7f0e70063000 r-xp 00000000 08:02 3287042                    /home/johan/Documents/JavaOpenCV/opencv-3.2.0/build/lib/libopencv_objdetect.so.3.2.0
7f0e70063000-7f0e70263000 ---p 00060000 08:02 3287042                    /home/johan/Documents/JavaOpenCV/opencv-3.2.0/build/lib/libopencv_objdetect.so.3.2.0
7f0e70263000-7f0e70264000 r--p 00060000 08:02 3287042                    /home/johan/Documents/JavaOpenCV/opencv-3.2.0/build/lib/libopencv_objdetect.so.3.2.0
7f0e70264000-7f0e70265000 rw-p 00061000 08:02 3287042                    /home/johan/Documents/JavaOpenCV/opencv-3.2.0/build/lib/libopencv_objdetect.so.3.2.0
7f0e70265000-7f0e703e1000 r-xp 00000000 08:02 3286934                    /home/johan/Documents/JavaOpenCV/opencv-3.2.0/build/lib/libopencv_video.so.3.2.0
7f0e703e1000-7f0e705e0000 ---p 0017c000 08:02 3286934                    /home/johan/Documents/JavaOpenCV/opencv-3.2.0/build/lib/libopencv_video.so.3.2.0
7f0e705e0000-7f0e705e2000 r--p 0017b000 08:02 3286934                    /home/johan/Documents/JavaOpenCV/opencv-3.2.0/build/lib/libopencv_video.so.3.2.0
7f0e705e2000-7f0e705e5000 rw-p 0017d000 08:02 3286934                    /home/johan/Documents/JavaOpenCV/opencv-3.2.0/build/lib/libopencv_video.so.3.2.0
7f0e705e5000-7f0e707cf000 r-xp 00000000 08:02 3287076                    /home/johan/Documents/JavaOpenCV/opencv-3.2.0/build/lib/libopencv_photo.so.3.2.0
7f0e707cf000-7f0e709cf000 ---p 001ea000 08:02 3287076                    /home/johan/Documents/JavaOpenCV/opencv-3.2.0/build/lib/libopencv_photo.so.3.2.0
7f0e709cf000-7f0e709d1000 r--p 001ea000 08:02 3287076                    /home/johan/Documents/JavaOpenCV/opencv-3.2.0/build/lib/libopencv_photo.so.3.2.0
7f0e709d1000-7f0e709d4000 rw-p 001ec000 08:02 3287076                    /home/johan/Documents/JavaOpenCV/opencv-3.2.0/build/lib/libopencv_photo.so.3.2.0
7f0e709d4000-7f0e70a95000 r-xp 00000000 08:02 3287753                    /home/johan/Documents/JavaOpenCV/opencv-3.2.0/build/lib/libopencv_java320.so
7f0e70a95000-7f0e70c94000 ---p 000c1000 08:02 3287753                    /home/johan/Documents/JavaOpenCV/opencv-3.2.0/build/lib/libopencv_java320.so
7f0e70c94000-7f0e70c95000 r--p 000c0000 08:02 3287753                    /home/johan/Documents/JavaOpenCV/opencv-3.2.0/build/lib/libopencv_java320.so
7f0e70c95000-7f0e70c97000 rw-p 000c1000 08:02 3287753                    /home/johan/Documents/JavaOpenCV/opencv-3.2.0/build/lib/libopencv_java320.so
7f0e70c97000-7f0e70c9c000 r-xp 00000000 08:02 531695                     /usr/lib/x86_64-linux-gnu/libXdmcp.so.6.0.0
7f0e70c9c000-7f0e70e9b000 ---p 00005000 08:02 531695                     /usr/lib/x86_64-linux-gnu/libXdmcp.so.6.0.0
7f0e70e9b000-7f0e70e9c000 r--p 00004000 08:02 531695                     /usr/lib/x86_64-linux-gnu/libXdmcp.so.6.0.0
7f0e70e9c000-7f0e70e9d000 rw-p 00005000 08:02 531695                     /usr/lib/x86_64-linux-gnu/libXdmcp.so.6.0.0
7f0e70e9d000-7f0e70ea0000 r-xp 00000000 08:02 531693                     /usr/lib/x86_64-linux-gnu/libXau.so.6.0.0
7f0e70ea0000-7f0e7109f000 ---p 00003000 08:02 531693                     /usr/lib/x86_64-linux-gnu/libXau.so.6.0.0
7f0e7109f000-7f0e710a0000 r--p 00002000 08:02 531693                     /usr/lib/x86_64-linux-gnu/libXau.so.6.0.0
7f0e710a0000-7f0e710a1000 rw-p 00003000 08:02 531693                     /usr/lib/x86_64-linux-gnu/libXau.so.6.0.0
7f0e710a1000-7f0e710c8000 r-xp 00000000 08:02 527662                     /usr/lib/x86_64-linux-gnu/libxcb.so.1.1.0
7f0e710c8000-7f0e712c7000 ---p 00027000 08:02 527662                     /usr/lib/x86_64-linux-gnu/libxcb.so.1.1.0
7f0e712c7000-7f0e712c8000 r--p 00026000 08:02 527662                     /usr/lib/x86_64-linux-gnu/libxcb.so.1.1.0
7f0e712c8000-7f0e712c9000 rw-p 00027000 08:02 527662                     /usr/lib/x86_64-linux-gnu/libxcb.so.1.1.0
7f0e712c9000-7f0e712d8000 r-xp 00000000 08:02 534159                     /usr/lib/x86_64-linux-gnu/libXi.so.6.1.0
7f0e712d8000-7f0e714d7000 ---p 0000f000 08:02 534159                     /usr/lib/x86_64-linux-gnu/libXi.so.6.1.0
7f0e714d7000-7f0e714d8000 r--p 0000e000 08:02 534159                     /usr/lib/x86_64-linux-gnu/libXi.so.6.1.0
7f0e714d8000-7f0e714d9000 rw-p 0000f000 08:02 534159                     /usr/lib/x86_64-linux-gnu/libXi.so.6.1.0
7f0e714d9000-7f0e714de000 r-xp 00000000 08:02 532095                     /usr/lib/x86_64-linux-gnu/libXtst.so.6.1.0
7f0e714de000-7f0e716dd000 ---p 00005000 08:02 532095                     /usr/lib/x86_64-linux-gnu/libXtst.so.6.1.0
7f0e716dd000-7f0e716de000 r--p 00004000 08:02 532095                     /usr/lib/x86_64-linux-gnu/libXtst.so.6.1.0
7f0e716de000-7f0e716df000 rw-p 00005000 08:02 532095                     /usr/lib/x86_64-linux-gnu/libXtst.so.6.1.0
7f0e716df000-7f0e716e8000 r-xp 00000000 08:02 525053                     /usr/lib/x86_64-linux-gnu/libXrender.so.1.3.0
7f0e716e8000-7f0e718e7000 ---p 00009000 08:02 525053                     /usr/lib/x86_64-linux-gnu/libXrender.so.1.3.0
7f0e718e7000-7f0e718e8000 r--p 00008000 08:02 525053                     /usr/lib/x86_64-linux-gnu/libXrender.so.1.3.0
7f0e718e8000-7f0e718e9000 rw-p 00009000 08:02 525053                     /usr/lib/x86_64-linux-gnu/libXrender.so.1.3.0
7f0e718e9000-7f0e71a23000 r-xp 00000000 08:02 575376                     /usr/lib/x86_64-linux-gnu/libX11.so.6.3.0
7f0e71a23000-7f0e71c23000 ---p 0013a000 08:02 575376                     /usr/lib/x86_64-linux-gnu/libX11.so.6.3.0
7f0e71c23000-7f0e71c24000 r--p 0013a000 08:02 575376                     /usr/lib/x86_64-linux-gnu/libX11.so.6.3.0
7f0e71c24000-7f0e71c29000 rw-p 0013b000 08:02 575376                     /usr/lib/x86_64-linux-gnu/libX11.so.6.3.0
7f0e71c29000-7f0e71c3a000 r-xp 00000000 08:02 531704                     /usr/lib/x86_64-linux-gnu/libXext.so.6.4.0
7f0e71c3a000-7f0e71e39000 ---p 00011000 08:02 531704                     /usr/lib/x86_64-linux-gnu/libXext.so.6.4.0
7f0e71e39000-7f0e71e3a000 r--p 00010000 08:02 531704                     /usr/lib/x86_64-linux-gnu/libXext.so.6.4.0
7f0e71e3a000-7f0e71e3b000 rw-p 00011000 08:02 531704                     /usr/lib/x86_64-linux-gnu/libXext.so.6.4.0
7f0e71e4c000-7f0e71e50000 r--s 0009a000 08:02 1189009                    /usr/lib/jvm/java-8-openjdk-amd64/jre/lib/jsse.jar
7f0e71e50000-7f0e71e63000 r--s 00346000 08:02 1189013                    /usr/lib/jvm/java-8-openjdk-amd64/jre/lib/resources.jar
7f0e71e63000-7f0e71eb7000 r-xp 00000000 08:02 1188949                    /usr/lib/jvm/java-8-openjdk-amd64/jre/lib/amd64/libawt_xawt.so
7f0e71eb7000-7f0e720b6000 ---p 00054000 08:02 1188949                    /usr/lib/jvm/java-8-openjdk-amd64/jre/lib/amd64/libawt_xawt.so
7f0e720b6000-7f0e720b7000 r--p 00053000 08:02 1188949                    /usr/lib/jvm/java-8-openjdk-amd64/jre/lib/amd64/libawt_xawt.so
7f0e720b7000-7f0e720ba000 rw-p 00054000 08:02 1188949                    /usr/lib/jvm/java-8-openjdk-amd64/jre/lib/amd64/libawt_xawt.so
7f0e720ba000-7f0e720bb000 rw-p 00000000 00:00 0 
7f0e720bb000-7f0e7215b000 r-xp 00000000 08:02 1188947                    /usr/lib/jvm/java-8-openjdk-amd64/jre/lib/amd64/libawt.so
7f0e7215b000-7f0e7235b000 ---p 000a0000 08:02 1188947                    /usr/lib/jvm/java-8-openjdk-amd64/jre/lib/amd64/libawt.so
7f0e7235b000-7f0e7235c000 r--p 000a0000 08:02 1188947                    /usr/lib/jvm/java-8-openjdk-amd64/jre/lib/amd64/libawt.so
7f0e7235c000-7f0e72367000 rw-p 000a1000 08:02 1188947                    /usr/lib/jvm/java-8-openjdk-amd64/jre/lib/amd64/libawt.so
7f0e72367000-7f0e7238c000 rw-p 00000000 00:00 0 
7f0e7238c000-7f0e723a7000 r--s 001d6000 08:02 1188993                    /usr/lib/jvm/java-8-openjdk-amd64/jre/lib/ext/nashorn.jar
7f0e723a7000-7f0e723c2000 r--s 00394000 08:02 1188988                    /usr/lib/jvm/java-8-openjdk-amd64/jre/lib/ext/cldrdata.jar
7f0e723c2000-7f0e723c3000 ---p 00000000 00:00 0 
7f0e723c3000-7f0e725c4000 rwxp 00000000 00:00 0 
7f0e725c4000-7f0e725c5000 ---p 00000000 00:00 0 
7f0e725c5000-7f0e726c5000 rwxp 00000000 00:00 0 
7f0e726c5000-7f0e726c6000 ---p 00000000 00:00 0 
7f0e726c6000-7f0e727c6000 rwxp 00000000 00:00 0 
7f0e727c6000-7f0e727c7000 ---p 00000000 00:00 0 
7f0e727c7000-7f0e729c8000 rwxp 00000000 00:00 0 
7f0e729c8000-7f0e72b63000 r--p 00000000 08:02 540112                     /usr/lib/locale/locale-archive
7f0e72b63000-7f0e72d65000 rwxp 00000000 00:00 0 
7f0e72d65000-7f0e72d66000 ---p 00000000 00:00 0 
7f0e72d66000-7f0e72e66000 rwxp 00000000 00:00 0 
7f0e72e66000-7f0e73e46000 rw-p 00000000 00:00 0 
7f0e73e46000-7f0e74014000 r--s 03c06000 08:02 1189014                    /usr/lib/jvm/java-8-openjdk-amd64/jre/lib/rt.jar
7f0e74014000-7f0e7896c000 rw-p 00000000 00:00 0 
7f0e7896c000-7f0e7896d000 ---p 00000000 00:00 0 
7f0e7896d000-7f0e78a6d000 rwxp 00000000 00:00 0 
7f0e78a6d000-7f0e78a6e000 ---p 00000000 00:00 0 
7f0e78a6e000-7f0e78b6e000 rwxp 00000000 00:00 0 
7f0e78b6e000-7f0e78b6f000 ---p 00000000 00:00 0 
7f0e78b6f000-7f0e78c6f000 rwxp 00000000 00:00 0 
7f0e78c6f000-7f0e78c70000 ---p 00000000 00:00 0 
7f0e78c70000-7f0e78d70000 rwxp 00000000 00:00 0 
7f0e78d70000-7f0e78d9a000 rw-p 00000000 00:00 0 
7f0e78d9a000-7f0e79000000 ---p 00000000 00:00 0 
7f0e79000000-7f0e792c0000 rwxp 00000000 00:00 0 
7f0e792c0000-7f0e88000000 ---p 00000000 00:00 0 
7f0e88000000-7f0e8b18d000 rw-p 00000000 00:00 0 
7f0e8b18d000-7f0e8c000000 ---p 00000000 00:00 0 
7f0e8c002000-7f0e8c0a2000 rw-p 00000000 00:00 0 
7f0e8c0a2000-7f0e8c308000 ---p 00000000 00:00 0 
7f0e8c308000-7f0e8c389000 rw-p 00000000 00:00 0 
7f0e8c389000-7f0e8c450000 ---p 00000000 00:00 0 
7f0e8c450000-7f0e8c45c000 rw-p 00000000 00:00 0 
7f0e8c45c000-7f0e8c811000 ---p 00000000 00:00 0 
7f0e8c811000-7f0e8c819000 r-xp 00000000 08:02 1188977                    /usr/lib/jvm/java-8-openjdk-amd64/jre/lib/amd64/libzip.so
7f0e8c819000-7f0e8ca18000 ---p 00008000 08:02 1188977                    /usr/lib/jvm/java-8-openjdk-amd64/jre/lib/amd64/libzip.so
7f0e8ca18000-7f0e8ca19000 r--p 00007000 08:02 1188977                    /usr/lib/jvm/java-8-openjdk-amd64/jre/lib/amd64/libzip.so
7f0e8ca19000-7f0e8ca1a000 rw-p 00008000 08:02 1188977                    /usr/lib/jvm/java-8-openjdk-amd64/jre/lib/amd64/libzip.so
7f0e8ca1a000-7f0e8ca24000 r-xp 00000000 08:02 3414736                    /lib/x86_64-linux-gnu/libnss_files-2.24.so
7f0e8ca24000-7f0e8cc24000 ---p 0000a000 08:02 3414736                    /lib/x86_64-linux-gnu/libnss_files-2.24.so
7f0e8cc24000-7f0e8cc25000 r--p 0000a000 08:02 3414736                    /lib/x86_64-linux-gnu/libnss_files-2.24.so
7f0e8cc25000-7f0e8cc26000 rw-p 0000b000 08:02 3414736                    /lib/x86_64-linux-gnu/libnss_files-2.24.so
7f0e8cc26000-7f0e8cc2c000 rw-p 00000000 00:00 0 
7f0e8cc2c000-7f0e8cc37000 r-xp 00000000 08:02 3414738                    /lib/x86_64-linux-gnu/libnss_nis-2.24.so
7f0e8cc37000-7f0e8ce36000 ---p 0000b000 08:02 3414738                    /lib/x86_64-linux-gnu/libnss_nis-2.24.so
7f0e8ce36000-7f0e8ce37000 r--p 0000a000 08:02 3414738                    /lib/x86_64-linux-gnu/libnss_nis-2.24.so
7f0e8ce37000-7f0e8ce38000 rw-p 0000b000 08:02 3414738                    /lib/x86_64-linux-gnu/libnss_nis-2.24.so
7f0e8ce38000-7f0e8ce4c000 r-xp 00000000 08:02 3414733                    /lib/x86_64-linux-gnu/libnsl-2.24.so
7f0e8ce4c000-7f0e8d04c000 ---p 00014000 08:02 3414733                    /lib/x86_64-linux-gnu/libnsl-2.24.so
7f0e8d04c000-7f0e8d04d000 r--p 00014000 08:02 3414733                    /lib/x86_64-linux-gnu/libnsl-2.24.so
7f0e8d04d000-7f0e8d04e000 rw-p 00015000 08:02 3414733                    /lib/x86_64-linux-gnu/libnsl-2.24.so
7f0e8d04e000-7f0e8d050000 rw-p 00000000 00:00 0 
7f0e8d050000-7f0e8d057000 r-xp 00000000 08:02 3414734                    /lib/x86_64-linux-gnu/libnss_compat-2.24.so
7f0e8d057000-7f0e8d256000 ---p 00007000 08:02 3414734                    /lib/x86_64-linux-gnu/libnss_compat-2.24.so
7f0e8d256000-7f0e8d257000 r--p 00006000 08:02 3414734                    /lib/x86_64-linux-gnu/libnss_compat-2.24.so
7f0e8d257000-7f0e8d258000 rw-p 00007000 08:02 3414734                    /lib/x86_64-linux-gnu/libnss_compat-2.24.so
7f0e8d258000-7f0e8d285000 r-xp 00000000 08:02 1188958                    /usr/lib/jvm/java-8-openjdk-amd64/jre/lib/amd64/libjava.so
7f0e8d285000-7f0e8d484000 ---p 0002d000 08:02 1188958                    /usr/lib/jvm/java-8-openjdk-amd64/jre/lib/amd64/libjava.so
7f0e8d484000-7f0e8d485000 r--p 0002c000 08:02 1188958                    /usr/lib/jvm/java-8-openjdk-amd64/jre/lib/amd64/libjava.so
7f0e8d485000-7f0e8d487000 rw-p 0002d000 08:02 1188958                    /usr/lib/jvm/java-8-openjdk-amd64/jre/lib/amd64/libjava.so
7f0e8d487000-7f0e8d496000 r-xp 00000000 08:02 1188976                    /usr/lib/jvm/java-8-openjdk-amd64/jre/lib/amd64/libverify.so
7f0e8d496000-7f0e8d695000 ---p 0000f000 08:02 1188976                    /usr/lib/jvm/java-8-openjdk-amd64/jre/lib/amd64/libverify.so
7f0e8d695000-7f0e8d697000 r--p 0000e000 08:02 1188976                    /usr/lib/jvm/java-8-openjdk-amd64/jre/lib/amd64/libverify.so
7f0e8d697000-7f0e8d698000 rw-p 00010000 08:02 1188976                    /usr/lib/jvm/java-8-openjdk-amd64/jre/lib/amd64/libverify.so
7f0e8d698000-7f0e8d69f000 r-xp 00000000 08:02 3414743                    /lib/x86_64-linux-gnu/librt-2.24.so
7f0e8d69f000-7f0e8d89e000 ---p 00007000 08:02 3414743                    /lib/x86_64-linux-gnu/librt-2.24.so
7f0e8d89e000-7f0e8d89f000 r--p 00006000 08:02 3414743                    /lib/x86_64-linux-gnu/librt-2.24.so
7f0e8d89f000-7f0e8d8a0000 rw-p 00007000 08:02 3414743                    /lib/x86_64-linux-gnu/librt-2.24.so
7f0e8d8a0000-7f0e8d8b6000 r-xp 00000000 08:02 3408375                    /lib/x86_64-linux-gnu/libgcc_s.so.1
7f0e8d8b6000-7f0e8dab5000 ---p 00016000 08:02 3408375                    /lib/x86_64-linux-gnu/libgcc_s.so.1
7f0e8dab5000-7f0e8dab6000 r--p 00015000 08:02 3408375                    /lib/x86_64-linux-gnu/libgcc_s.so.1
7f0e8dab6000-7f0e8dab7000 rw-p 00016000 08:02 3408375                    /lib/x86_64-linux-gnu/libgcc_s.so.1
7f0e8dab7000-7f0e8dbba000 r-xp 00000000 08:02 3414730                    /lib/x86_64-linux-gnu/libm-2.24.so
7f0e8dbba000-7f0e8ddb9000 ---p 00103000 08:02 3414730                    /lib/x86_64-linux-gnu/libm-2.24.so
7f0e8ddb9000-7f0e8ddba000 r--p 00102000 08:02 3414730                    /lib/x86_64-linux-gnu/libm-2.24.so
7f0e8ddba000-7f0e8ddbb000 rw-p 00103000 08:02 3414730                    /lib/x86_64-linux-gnu/libm-2.24.so
7f0e8ddbb000-7f0e8df2d000 r-xp 00000000 08:02 524999                     /usr/lib/x86_64-linux-gnu/libstdc++.so.6.0.22
7f0e8df2d000-7f0e8e12d000 ---p 00172000 08:02 524999                     /usr/lib/x86_64-linux-gnu/libstdc++.so.6.0.22
7f0e8e12d000-7f0e8e137000 r--p 00172000 08:02 524999                     /usr/lib/x86_64-linux-gnu/libstdc++.so.6.0.22
7f0e8e137000-7f0e8e139000 rw-p 0017c000 08:02 524999                     /usr/lib/x86_64-linux-gnu/libstdc++.so.6.0.22
7f0e8e139000-7f0e8e13d000 rw-p 00000000 00:00 0 
7f0e8e13d000-7f0e8ed92000 r-xp 00000000 08:02 1188979                    /usr/lib/jvm/java-8-openjdk-amd64/jre/lib/amd64/server/libjvm.so
7f0e8ed92000-7f0e8ef92000 ---p 00c55000 08:02 1188979                    /usr/lib/jvm/java-8-openjdk-amd64/jre/lib/amd64/server/libjvm.so
7f0e8ef92000-7f0e8f025000 r--p 00c55000 08:02 1188979                    /usr/lib/jvm/java-8-openjdk-amd64/jre/lib/amd64/server/libjvm.so
7f0e8f025000-7f0e8f04e000 rw-p 00ce8000 08:02 1188979                    /usr/lib/jvm/java-8-openjdk-amd64/jre/lib/amd64/server/libjvm.so
7f0e8f04e000-7f0e8f07e000 rw-p 00000000 00:00 0 
7f0e8f07e000-7f0e8f213000 r-xp 00000000 08:02 3414726                    /lib/x86_64-linux-gnu/libc-2.24.so
7f0e8f213000-7f0e8f412000 ---p 00195000 08:02 3414726                    /lib/x86_64-linux-gnu/libc-2.24.so
7f0e8f412000-7f0e8f416000 r--p 00194000 08:02 3414726                    /lib/x86_64-linux-gnu/libc-2.24.so
7f0e8f416000-7f0e8f418000 rw-p 00198000 08:02 3414726                    /lib/x86_64-linux-gnu/libc-2.24.so
7f0e8f418000-7f0e8f41c000 rw-p 00000000 00:00 0 
7f0e8f41c000-7f0e8f41e000 r-xp 00000000 08:02 3414729                    /lib/x86_64-linux-gnu/libdl-2.24.so
7f0e8f41e000-7f0e8f61e000 ---p 00002000 08:02 3414729                    /lib/x86_64-linux-gnu/libdl-2.24.so
7f0e8f61e000-7f0e8f61f000 r--p 00002000 08:02 3414729                    /lib/x86_64-linux-gnu/libdl-2.24.so
7f0e8f61f000-7f0e8f620000 rw-p 00003000 08:02 3414729                    /lib/x86_64-linux-gnu/libdl-2.24.so
7f0e8f620000-7f0e8f62d000 r-xp 00000000 08:02 1188942                    /usr/lib/jvm/java-8-openjdk-amd64/jre/lib/amd64/jli/libjli.so
7f0e8f62d000-7f0e8f82d000 ---p 0000d000 08:02 1188942                    /usr/lib/jvm/java-8-openjdk-amd64/jre/lib/amd64/jli/libjli.so
7f0e8f82d000-7f0e8f82e000 r--p 0000d000 08:02 1188942                    /usr/lib/jvm/java-8-openjdk-amd64/jre/lib/amd64/jli/libjli.so
7f0e8f82e000-7f0e8f82f000 rw-p 0000e000 08:02 1188942                    /usr/lib/jvm/java-8-openjdk-amd64/jre/lib/amd64/jli/libjli.so
7f0e8f82f000-7f0e8f848000 r-xp 00000000 08:02 3408105                    /lib/x86_64-linux-gnu/libz.so.1.2.8
7f0e8f848000-7f0e8fa47000 ---p 00019000 08:02 3408105                    /lib/x86_64-linux-gnu/libz.so.1.2.8
7f0e8fa47000-7f0e8fa48000 r--p 00018000 08:02 3408105                    /lib/x86_64-linux-gnu/libz.so.1.2.8
7f0e8fa48000-7f0e8fa49000 rw-p 00019000 08:02 3408105                    /lib/x86_64-linux-gnu/libz.so.1.2.8
7f0e8fa49000-7f0e8fa61000 r-xp 00000000 08:02 3414741                    /lib/x86_64-linux-gnu/libpthread-2.24.so
7f0e8fa61000-7f0e8fc60000 ---p 00018000 08:02 3414741                    /lib/x86_64-linux-gnu/libpthread-2.24.so
7f0e8fc60000-7f0e8fc61000 r--p 00017000 08:02 3414741                    /lib/x86_64-linux-gnu/libpthread-2.24.so
7f0e8fc61000-7f0e8fc62000 rw-p 00018000 08:02 3414741                    /lib/x86_64-linux-gnu/libpthread-2.24.so
7f0e8fc62000-7f0e8fc66000 rw-p 00000000 00:00 0 
7f0e8fc66000-7f0e8fc89000 r-xp 00000000 08:02 3414713                    /lib/x86_64-linux-gnu/ld-2.24.so
7f0e8fc8b000-7f0e8fc90000 r--s 00055000 08:02 3287464                    /home/johan/Documents/JavaOpenCV/opencv-3.2.0/build/bin/opencv-320.jar
7f0e8fc90000-7f0e8fd5b000 rw-p 00000000 00:00 0 
7f0e8fd5b000-7f0e8fd5c000 ---p 00000000 00:00 0 
7f0e8fd5c000-7f0e8fe5c000 rwxp 00000000 00:00 0 
7f0e8fe5c000-7f0e8fe5e000 rw-p 00000000 00:00 0 
7f0e8fe5e000-7f0e8fe68000 r--s 00116000 08:02 1188992                    /usr/lib/jvm/java-8-openjdk-amd64/jre/lib/ext/localedata.jar
7f0e8fe68000-7f0e8fe6b000 r--s 0000f000 08:02 1188990                    /usr/lib/jvm/java-8-openjdk-amd64/jre/lib/ext/icedtea-sound.jar
7f0e8fe6b000-7f0e8fe6c000 r--s 0000a000 08:02 1188991                    /usr/lib/jvm/java-8-openjdk-amd64/jre/lib/ext/jaccess.jar
7f0e8fe6c000-7f0e8fe6e000 r--s 00008000 08:02 1188994                    /usr/lib/jvm/java-8-openjdk-amd64/jre/lib/ext/sunec.jar
7f0e8fe6e000-7f0e8fe70000 r--s 00001000 08:02 1188989                    /usr/lib/jvm/java-8-openjdk-amd64/jre/lib/ext/dnsns.jar
7f0e8fe70000-7f0e8fe75000 r--s 0003b000 08:02 1188995                    /usr/lib/jvm/java-8-openjdk-amd64/jre/lib/ext/sunjce_provider.jar
7f0e8fe75000-7f0e8fe77000 r--s 00007000 08:02 1050515                    /usr/share/java/java-atk-wrapper.jar
7f0e8fe77000-7f0e8fe7b000 r--s 00037000 08:02 1188996                    /usr/lib/jvm/java-8-openjdk-amd64/jre/lib/ext/sunpkcs11.jar
7f0e8fe7b000-7f0e8fe7c000 r--s 00010000 08:02 1188997                    /usr/lib/jvm/java-8-openjdk-amd64/jre/lib/ext/zipfs.jar
7f0e8fe7c000-7f0e8fe84000 rw-s 00000000 08:02 12976366                   /tmp/hsperfdata_johan/5337
7f0e8fe84000-7f0e8fe85000 rw-p 00000000 00:00 0 
7f0e8fe85000-7f0e8fe86000 r--p 00000000 00:00 0 
7f0e8fe86000-7f0e8fe89000 rw-p 00000000 00:00 0 
7f0e8fe89000-7f0e8fe8a000 r--p 00023000 08:02 3414713                    /lib/x86_64-linux-gnu/ld-2.24.so
7f0e8fe8a000-7f0e8fe8b000 rw-p 00024000 08:02 3414713                    /lib/x86_64-linux-gnu/ld-2.24.so
7f0e8fe8b000-7f0e8fe8c000 rw-p 00000000 00:00 0 
7ffd6c852000-7ffd6c872000 rwxp 00000000 00:00 0                          [stack]
7ffd6c872000-7ffd6c873000 rw-p 00000000 00:00 0 
7ffd6c9bf000-7ffd6c9c1000 r--p 00000000 00:00 0                          [vvar]
7ffd6c9c1000-7ffd6c9c3000 r-xp 00000000 00:00 0                          [vdso]
ffffffffff600000-ffffffffff601000 r-xp 00000000 00:00 0                  [vsyscall]

VM Arguments:
jvm_args: -ea -Djava.library.path=/home/johan/Documents/JavaOpenCV/opencv-3.2.0/build/lib -Dfile.encoding=UTF-8 
java_command: handtrack.Video
java_class_path (initial): /home/johan/workspaceHCI/HandRecognition/bin:/home/johan/Documents/JavaOpenCV/opencv-3.2.0/build/bin/opencv-320.jar
Launcher Type: SUN_STANDARD

Environment Variables:
JAVA_HOME=/usr/local/java/jdk1.8.0_121
PATH=/home/johan/bin:/home/johan/.local/bin:/usr/local/java/jdk1.8.0_121/bin:/usr/local/bin:/usr/bin:/bin:/usr/local/games:/usr/games
USERNAME=johan
SHELL=/bin/bash
DISPLAY=:0

Signal Handlers:
SIGSEGV: [libjvm.so+0xa6c7e0], sa_mask[0]=11111111011111111101111111111110, sa_flags=SA_RESTART|SA_SIGINFO
SIGBUS: [libjvm.so+0xa6c7e0], sa_mask[0]=11111111011111111101111111111110, sa_flags=SA_RESTART|SA_SIGINFO
SIGFPE: [libjvm.so+0x8b64a0], sa_mask[0]=11111111011111111101111111111110, sa_flags=SA_RESTART|SA_SIGINFO
SIGPIPE: [libjvm.so+0x8b64a0], sa_mask[0]=11111111011111111101111111111110, sa_flags=SA_RESTART|SA_SIGINFO
SIGXFSZ: [libjvm.so+0x8b64a0], sa_mask[0]=11111111011111111101111111111110, sa_flags=SA_RESTART|SA_SIGINFO
SIGILL: [libjvm.so+0x8b64a0], sa_mask[0]=11111111011111111101111111111110, sa_flags=SA_RESTART|SA_SIGINFO
SIGUSR1: SIG_DFL, sa_mask[0]=00000000000000000000000000000000, sa_flags=none
SIGUSR2: [libjvm.so+0x8b6350], sa_mask[0]=00100000000000000000000000000000, sa_flags=SA_RESTART|SA_SIGINFO
SIGHUP: [libjvm.so+0x8b6800], sa_mask[0]=11111111011111111101111111111110, sa_flags=SA_RESTART|SA_SIGINFO
SIGINT: [libjvm.so+0x8b6800], sa_mask[0]=11111111011111111101111111111110, sa_flags=SA_RESTART|SA_SIGINFO
SIGTERM: [libjvm.so+0x8b6800], sa_mask[0]=11111111011111111101111111111110, sa_flags=SA_RESTART|SA_SIGINFO
SIGQUIT: [libjvm.so+0x8b6800], sa_mask[0]=11111111011111111101111111111110, sa_flags=SA_RESTART|SA_SIGINFO


---------------  S Y S T E M  ---------------

OS:PRETTY_NAME="Debian GNU/Linux 9 (stretch)"
NAME="Debian GNU/Linux"
VERSION_ID="9"
VERSION="9 (stretch)"
ID=debian
HOME_URL="https://www.debian.org/"
SUPPORT_URL="https://www.debian.org/support"
BUG_REPORT_URL="https://bugs.debian.org/"

uname:Linux 4.9.0-1-amd64 #1 SMP Debian 4.9.6-3 (2017-01-28) x86_64
libc:glibc 2.24 NPTL 2.24 
rlimit: STACK 8192k, CORE 0k, NPROC 31068, NOFILE 4096, AS infinity
load average:1.94 2.10 2.06

/proc/meminfo:
MemTotal:        8055452 kB
MemFree:         2683924 kB
MemAvailable:    4266788 kB
Buffers:          206772 kB
Cached:          1837632 kB
SwapCached:            0 kB
Active:          3405876 kB
Inactive:        1535280 kB
Active(anon):    2562468 kB
Inactive(anon):   759256 kB
Active(file):     843408 kB
Inactive(file):   776024 kB
Unevictable:         208 kB
Mlocked:             208 kB
SwapTotal:       8264700 kB
SwapFree:        8264700 kB
Dirty:              8404 kB
Writeback:             0 kB
AnonPages:       2897032 kB
Mapped:           397400 kB
Shmem:            424968 kB
Slab:             321068 kB
SReclaimable:     268164 kB
SUnreclaim:        52904 kB
KernelStack:       10240 kB
PageTables:        38332 kB
NFS_Unstable:          0 kB
Bounce:                0 kB
WritebackTmp:          0 kB
CommitLimit:    12292424 kB
Committed_AS:    6969932 kB
VmallocTotal:   34359738367 kB
VmallocUsed:           0 kB
VmallocChunk:          0 kB
HardwareCorrupted:     0 kB
AnonHugePages:         0 kB
ShmemHugePages:        0 kB
ShmemPmdMapped:        0 kB
HugePages_Total:       0
HugePages_Free:        0
HugePages_Rsvd:        0
HugePages_Surp:        0
Hugepagesize:       2048 kB
DirectMap4k:      155304 kB
DirectMap2M:     4964352 kB
DirectMap1G:     3145728 kB


CPU:total 4 (2 cores per cpu, 2 threads per core) family 6 model 61 stepping 4, cmov, cx8, fxsr, mmx, sse, sse2, sse3, ssse3, sse4.1, sse4.2, popcnt, avx, avx2, aes, clmul, erms, rtm, 3dnowpref, lzcnt, ht, tsc, tscinvbit, bmi1, bmi2, adx

/proc/cpuinfo:
processor	: 0
vendor_id	: GenuineIntel
cpu family	: 6
model		: 61
model name	: Intel(R) Core(TM) i5-5300U CPU @ 2.30GHz
stepping	: 4
microcode	: 0x23
cpu MHz		: 2781.646
cache size	: 3072 KB
physical id	: 0
siblings	: 4
core id		: 0
cpu cores	: 2
apicid		: 0
initial apicid	: 0
fpu		: yes
fpu_exception	: yes
cpuid level	: 20
wp		: yes
flags		: fpu vme de pse tsc msr pae mce cx8 apic sep mtrr pge mca cmov pat pse36 clflush dts acpi mmx fxsr sse sse2 ss ht tm pbe syscall nx pdpe1gb rdtscp lm constant_tsc arch_perfmon pebs bts rep_good nopl xtopology nonstop_tsc aperfmperf eagerfpu pni pclmulqdq dtes64 monitor ds_cpl vmx smx est tm2 ssse3 sdbg fma cx16 xtpr pdcm pcid sse4_1 sse4_2 x2apic movbe popcnt tsc_deadline_timer aes xsave avx f16c rdrand lahf_lm abm 3dnowprefetch epb intel_pt tpr_shadow vnmi flexpriority ept vpid fsgsbase tsc_adjust bmi1 hle avx2 smep bmi2 erms invpcid rtm rdseed adx smap xsaveopt dtherm ida arat pln pts
bugs		:
bogomips	: 4589.34
clflush size	: 64
cache_alignment	: 64
address sizes	: 39 bits physical, 48 bits virtual
power management:

processor	: 1
vendor_id	: GenuineIntel
cpu family	: 6
model		: 61
model name	: Intel(R) Core(TM) i5-5300U CPU @ 2.30GHz
stepping	: 4
microcode	: 0x23
cpu MHz		: 2702.471
cache size	: 3072 KB
physical id	: 0
siblings	: 4
core id		: 0
cpu cores	: 2
apicid		: 1
initial apicid	: 1
fpu		: yes
fpu_exception	: yes
cpuid level	: 20
wp		: yes
flags		: fpu vme de pse tsc msr pae mce cx8 apic sep mtrr pge mca cmov pat pse36 clflush dts acpi mmx fxsr sse sse2 ss ht tm pbe syscall nx pdpe1gb rdtscp lm constant_tsc arch_perfmon pebs bts rep_good nopl xtopology nonstop_tsc aperfmperf eagerfpu pni pclmulqdq dtes64 monitor ds_cpl vmx smx est tm2 ssse3 sdbg fma cx16 xtpr pdcm pcid sse4_1 sse4_2 x2apic movbe popcnt tsc_deadline_timer aes xsave avx f16c rdrand lahf_lm abm 3dnowprefetch epb intel_pt tpr_shadow vnmi flexpriority ept vpid fsgsbase tsc_adjust bmi1 hle avx2 smep bmi2 erms invpcid rtm rdseed adx smap xsaveopt dtherm ida arat pln pts
bugs		:
bogomips	: 4590.81
clflush size	: 64
cache_alignment	: 64
address sizes	: 39 bits physical, 48 bits virtual
power management:

processor	: 2
vendor_id	: GenuineIntel
cpu family	: 6
model		: 61
model name	: Intel(R) Core(TM) i5-5300U CPU @ 2.30GHz
stepping	: 4
microcode	: 0x23
cpu MHz		: 2699.945
cache size	: 3072 KB
physical id	: 0
siblings	: 4
core id		: 1
cpu cores	: 2
apicid		: 2
initial apicid	: 2
fpu		: yes
fpu_exception	: yes
cpuid level	: 20
wp		: yes
flags		: fpu vme de pse tsc msr pae mce cx8 apic sep mtrr pge mca cmov pat pse36 clflush dts acpi mmx fxsr sse sse2 ss ht tm pbe syscall nx pdpe1gb rdtscp lm constant_tsc arch_perfmon pebs bts rep_good nopl xtopology nonstop_tsc aperfmperf eagerfpu pni pclmulqdq dtes64 monitor ds_cpl vmx smx est tm2 ssse3 sdbg fma cx16 xtpr pdcm pcid sse4_1 sse4_2 x2apic movbe popcnt tsc_deadline_timer aes xsave avx f16c rdrand lahf_lm abm 3dnowprefetch epb intel_pt tpr_shadow vnmi flexpriority ept vpid fsgsbase tsc_adjust bmi1 hle avx2 smep bmi2 erms invpcid rtm rdseed adx smap xsaveopt dtherm ida arat pln pts
bugs		:
bogomips	: 4590.40
clflush size	: 64
cache_alignment	: 64
address sizes	: 39 bits physical, 48 bits virtual
power management:

processor	: 3
vendor_id	: GenuineIntel
cpu family	: 6
model		: 61
model name	: Intel(R) Core(TM) i5-5300U CPU @ 2.30GHz
stepping	: 4
microcode	: 0x23
cpu MHz		: 2699.945
cache size	: 3072 KB
physical id	: 0
siblings	: 4
core id		: 1
cpu cores	: 2
apicid		: 3
initial apicid	: 3
fpu		: yes
fpu_exception	: yes
cpuid level	: 20
wp		: yes
flags		: fpu vme de pse tsc msr pae mce cx8 apic sep mtrr pge mca cmov pat pse36 clflush dts acpi mmx fxsr sse sse2 ss ht tm pbe syscall nx pdpe1gb rdtscp lm constant_tsc arch_perfmon pebs bts rep_good nopl xtopology nonstop_tsc aperfmperf eagerfpu pni pclmulqdq dtes64 monitor ds_cpl vmx smx est tm2 ssse3 sdbg fma cx16 xtpr pdcm pcid sse4_1 sse4_2 x2apic movbe popcnt tsc_deadline_timer aes xsave avx f16c rdrand lahf_lm abm 3dnowprefetch epb intel_pt tpr_shadow vnmi flexpriority ept vpid fsgsbase tsc_adjust bmi1 hle avx2 smep bmi2 erms invpcid rtm rdseed adx smap xsaveopt dtherm ida arat pln pts
bugs		:
bogomips	: 4590.43
clflush size	: 64
cache_alignment	: 64
address sizes	: 39 bits physical, 48 bits virtual
power management:



Memory: 4k page, physical 8055452k(2680948k free), swap 8264700k(8264700k free)

vm_info: OpenJDK 64-Bit Server VM (25.121-b13) for linux-amd64 JRE (1.8.0_121-8u121-b13-3-b13), built on Feb  8 2017 06:24:13 by "buildd" with gcc 6.3.0 20170124

time: Wed Feb 22 17:22:06 2017
elapsed time: 8 seconds (0d 0h 0m 8s)

