#
# A fatal error has been detected by the Java Runtime Environment:
#
#  SIGSEGV (0xb) at pc=0x00007fa173189dc5, pid=5390, tid=0x00007fa1c8507700
#
# JRE version: OpenJDK Runtime Environment (8.0_121-b13) (build 1.8.0_121-8u121-b13-3-b13)
# Java VM: OpenJDK 64-Bit Server VM (25.121-b13 mixed mode linux-amd64 compressed oops)
# Problematic frame:
# C  [libopencv_imgcodecs.so.3.2+0x2ddc5]  icvCvt_BGR2RGB_8u_C3R(unsigned char const*, int, unsigned char*, int, CvSize)+0x75
#
# Failed to write core dump. Core dumps have been disabled. To enable core dumping, try "ulimit -c unlimited" before starting Java again
#
# If you would like to submit a bug report, please visit:
#   http://bugreport.java.com/bugreport/crash.jsp
# The crash happened outside the Java Virtual Machine in native code.
# See problematic frame for where to report the bug.
#

---------------  T H R E A D  ---------------

Current thread (0x00007fa1c000a000):  JavaThread "main" [_thread_in_native, id=5392, stack(0x00007fa1c8407000,0x00007fa1c8508000)]

siginfo: si_signo: 11 (SIGSEGV), si_code: 1 (SEGV_MAPERR), si_addr: 0x00007fa15b82c822

Registers:
RAX=0x00007fa1c01e10a3, RBX=0x0000000000000000, RCX=0x00007fa15b82c823, RDX=0x00007fa15b82c820
RSP=0x00007fa1c85060e0, RBP=0x0000000000000000, RSI=0x000000000000008b, RDI=0x00007fa1c01e10a0
R8 =0x0000000000000091, R9 =0x0000000000000096, R10=0x00007fa1c01e1fa0, R11=0x0000000000000000
R12=0x0000000000000f00, R13=0x0000000100000000, R14=0x00007fa1c01fbdb0, R15=0x00007fa1c8506490
RIP=0x00007fa173189dc5, EFLAGS=0x0000000000010202, CSGSFS=0x002b000000000033, ERR=0x0000000000000006
  TRAPNO=0x000000000000000e

Top of Stack: (sp=0x00007fa1c85060e0)
0x00007fa1c85060e0:   00007fa15b82c820 00007fa1c01d1de0
0x00007fa1c85060f0:   0000000000000f00 00007fa173196143
0x00007fa1c8506100:   00007fa1c01fc3a0 00007fa1c01fbdb0
0x00007fa1c8506110:   01007fa1c01fc3a0 00007fa1c01fbdb0
0x00007fa1c8506120:   00007fa1c8506490 0000050000000f00
0x00007fa1c8506130:   00007fa1c01fc3a0 00007fa1c01fbdb0
0x00007fa1c8506140:   00007fa1c85061a0 00000000000002d0
0x00007fa1c8506150:   0000000000000500 00007fa1c85061f0
0x00007fa1c8506160:   00007fa1c8506200 00007fa173183387
0x00007fa1c8506170:   00007fa1c788bc2c 0000000100000002
0x00007fa1c8506180:   00007fa10000000a 00007fa1c788bc2c
0x00007fa1c8506190:   0000000000000000 0000000000000000
0x00007fa1c85061a0:   0000000000000000 0000000000000000
0x00007fa1c85061b0:   00007fa1c0168330 00007fa1c01fc3a0
0x00007fa1c85061c0:   00007fa1c8506230 00007fa1c77aa32c
0x00007fa1c85061d0:   0000000000000000 00007fa1c8506258
0x00007fa1c85061e0:   00007fa1c85062e8 00007fa1c000a000
0x00007fa1c85061f0:   0000000000000000 0000000000000000
0x00007fa1c8506200:   0000000042ff0000 0000000000000000
0x00007fa1c8506210:   0000000000000000 0000000000000000
0x00007fa1c8506220:   0000000000000000 0000000000000000
0x00007fa1c8506230:   0000000000000000 0000000000000000
0x00007fa1c8506240:   00007fa1c8506208 00007fa1c8506250
0x00007fa1c8506250:   0000000000000000 0000000000000000
0x00007fa1c8506260:   00000000d77e8b60 0000000000000018
0x00007fa1c8506270:   00007fa1c8506450 0000000085b539c0
0x00007fa1c8506280:   0000000085b21ac0 00007fa1c8506288
0x00007fa1c8506290:   00007fa1acafa929 00007fa1c85062e8
0x00007fa1c85062a0:   00007fa1acafafe0 00007fa1c831b124
0x00007fa1c85062b0:   00007fa1acafa938 0000000000000108
0x00007fa1c85062c0:   00007fa1c8534a98 00007fa1c772dd90
0x00007fa1c85062d0:   00007fa1c773b038 00007fa1c831b963 

Instructions: (pc=0x00007fa173189dc5)
0x00007fa173189da5:   89 d1 48 89 f8 66 0f 1f 44 00 00 44 0f b6 08 44
0x00007fa173189db5:   0f b6 40 01 48 83 c0 03 0f b6 70 ff 48 83 c1 03
0x00007fa173189dc5:   44 88 49 ff 44 88 41 fe 40 88 71 fd 4c 39 d0 75
0x00007fa173189dd5:   da 41 83 eb 01 48 01 ef 48 01 da 41 83 fb ff 75 

Register to memory mapping:

RAX=0x00007fa1c01e10a3 is an unknown value
RBX=0x0000000000000000 is an unknown value
RCX=0x00007fa15b82c823 is an unknown value
RDX=0x00007fa15b82c820 is an unknown value
RSP=0x00007fa1c85060e0 is pointing into the stack for thread: 0x00007fa1c000a000
RBP=0x0000000000000000 is an unknown value
RSI=0x000000000000008b is an unknown value
RDI=0x00007fa1c01e10a0 is an unknown value
R8 =0x0000000000000091 is an unknown value
R9 =0x0000000000000096 is an unknown value
R10=0x00007fa1c01e1fa0 is an unknown value
R11=0x0000000000000000 is an unknown value
R12=0x0000000000000f00 is an unknown value
R13=0x0000000100000000 is pointing into metadata
R14=0x00007fa1c01fbdb0 is an unknown value
R15=0x00007fa1c8506490 is pointing into the stack for thread: 0x00007fa1c000a000


Stack: [0x00007fa1c8407000,0x00007fa1c8508000],  sp=0x00007fa1c85060e0,  free space=1020k
Native frames: (J=compiled Java code, j=interpreted, Vv=VM code, C=native code)
C  [libopencv_imgcodecs.so.3.2+0x2ddc5]  icvCvt_BGR2RGB_8u_C3R(unsigned char const*, int, unsigned char*, int, CvSize)+0x75

Java frames: (J=compiled Java code, j=interpreted, Vv=VM code)
j  org.opencv.videoio.VideoCapture.retrieve_1(JJ)Z+0
j  org.opencv.videoio.VideoCapture.retrieve(Lorg/opencv/core/Mat;)Z+8
j  handtrack.Video.main([Ljava/lang/String;)V+199
v  ~StubRoutines::call_stub

---------------  P R O C E S S  ---------------

Java Threads: ( => current thread )
  0x00007fa154002800 JavaThread "Thread-0" daemon [_thread_in_native, id=5413, stack(0x00007fa16821c000,0x00007fa168a1d000)]
  0x00007fa1c0578000 JavaThread "AWT-EventQueue-1" [_thread_in_vm, id=5416, stack(0x00007fa15b614000,0x00007fa15b715000)]
  0x00007fa1c0576800 JavaThread "AWT-Shutdown" [_thread_blocked, id=5415, stack(0x00007fa15b715000,0x00007fa15b816000)]
  0x00007fa1c0359800 JavaThread "process reaper" daemon [_thread_blocked, id=5412, stack(0x00007fa19c039000,0x00007fa19c072000)]
  0x00007fa1c034e800 JavaThread "AWT-XAWT" daemon [_thread_blocked, id=5410, stack(0x00007fa16ad18000,0x00007fa16ae19000)]
  0x00007fa1c0332000 JavaThread "Java2D Disposer" daemon [_thread_blocked, id=5409, stack(0x00007fa16ae19000,0x00007fa16af1a000)]
  0x00007fa1c00b9800 JavaThread "Service Thread" daemon [_thread_blocked, id=5407, stack(0x00007fa19eb52000,0x00007fa19ec53000)]
  0x00007fa1c00b2000 JavaThread "C1 CompilerThread2" daemon [_thread_blocked, id=5406, stack(0x00007fa19ec53000,0x00007fa19ed54000)]
  0x00007fa1c00b0000 JavaThread "C2 CompilerThread1" daemon [_thread_blocked, id=5405, stack(0x00007fa19ed54000,0x00007fa19ee55000)]
  0x00007fa1c00ad000 JavaThread "C2 CompilerThread0" daemon [_thread_blocked, id=5404, stack(0x00007fa19ee55000,0x00007fa19ef56000)]
  0x00007fa1c00ab000 JavaThread "Signal Dispatcher" daemon [_thread_blocked, id=5403, stack(0x00007fa19ef56000,0x00007fa19f057000)]
  0x00007fa1c0083800 JavaThread "Finalizer" daemon [_thread_blocked, id=5402, stack(0x00007fa19f1f2000,0x00007fa19f2f3000)]
  0x00007fa1c007f000 JavaThread "Reference Handler" daemon [_thread_blocked, id=5401, stack(0x00007fa19f2f3000,0x00007fa19f3f4000)]
=>0x00007fa1c000a000 JavaThread "main" [_thread_in_native, id=5392, stack(0x00007fa1c8407000,0x00007fa1c8508000)]

Other Threads:
  0x00007fa1c0077800 VMThread [stack: 0x00007fa19f3f4000,0x00007fa19f4f5000] [id=5400]
  0x00007fa1c00bc000 WatcherThread [stack: 0x00007fa19ea51000,0x00007fa19eb52000] [id=5408]

VM state:not at safepoint (normal execution)

VM Mutex/Monitor currently owned by a thread: None

Heap:
 PSYoungGen      total 254464K, used 150940K [0x00000000d7000000, 0x00000000e7100000, 0x0000000100000000)
  eden space 245760K, 59% used [0x00000000d7000000,0x00000000dfdc8390,0x00000000e6000000)
  from space 8704K, 66% used [0x00000000e6880000,0x00000000e6e1ef08,0x00000000e7100000)
  to   space 8704K, 0% used [0x00000000e6000000,0x00000000e6000000,0x00000000e6880000)
 ParOldGen       total 84992K, used 17977K [0x0000000085000000, 0x000000008a300000, 0x00000000d7000000)
  object space 84992K, 21% used [0x0000000085000000,0x000000008618e640,0x000000008a300000)
 Metaspace       used 11781K, capacity 12034K, committed 12160K, reserved 1060864K
  class space    used 1289K, capacity 1364K, committed 1408K, reserved 1048576K

Card table byte_map: [0x00007fa1c4724000,0x00007fa1c4afd000] byte_map_base: 0x00007fa1c42fc000

Marking Bits: (ParMarkBitMap*) 0x00007fa1c770d220
 Begin Bits: [0x00007fa1ad280000, 0x00007fa1af140000)
 End Bits:   [0x00007fa1af140000, 0x00007fa1b1000000)

Polling page: 0x00007fa1c8531000

CodeCache: size=245760Kb used=2935Kb max_used=2935Kb free=242824Kb
 bounds [0x00007fa1b1000000, 0x00007fa1b12e0000, 0x00007fa1c0000000]
 total_blobs=1541 nmethods=825 adapters=631
 compilation: enabled

Compilation events (10 events):
Event: 12.240 Thread 0x00007fa1c00b2000  823       3       sun.awt.image.ByteComponentRaster::verify (566 bytes)
Event: 12.243 Thread 0x00007fa1c00b2000 nmethod 823 0x00007fa1b12d6d10 code [0x00007fa1b12d7380, 0x00007fa1b12db628]
Event: 12.243 Thread 0x00007fa1c00b2000  821       3       sun.awt.image.SunWritableRaster::stealTrackable (10 bytes)
Event: 12.243 Thread 0x00007fa1c00b2000 nmethod 821 0x00007fa1b12dd8d0 code [0x00007fa1b12dda40, 0x00007fa1b12ddc30]
Event: 12.243 Thread 0x00007fa1c00b2000  822       3       java.awt.image.DataBuffer$1::getTrackable (5 bytes)
Event: 12.243 Thread 0x00007fa1c00b2000 nmethod 822 0x00007fa1b12ddd50 code [0x00007fa1b12ddec0, 0x00007fa1b12de010]
Event: 12.257 Thread 0x00007fa1c00b2000  824       3       sun.awt.EventQueueItem::<init> (10 bytes)
Event: 12.258 Thread 0x00007fa1c00b2000 nmethod 824 0x00007fa1b12de0d0 code [0x00007fa1b12de240, 0x00007fa1b12de410]
Event: 12.258 Thread 0x00007fa1c00b2000  825       3       javax.swing.JComponent::getGraphics (33 bytes)
Event: 12.259 Thread 0x00007fa1c00b2000 nmethod 825 0x00007fa1b12de4d0 code [0x00007fa1b12de680, 0x00007fa1b12dea58]

GC Heap History (10 events):
Event: 1.498 GC heap before
{Heap before GC invocations=4 (full 0):
 PSYoungGen      total 36864K, used 33250K [0x00000000d7000000, 0x00000000db800000, 0x0000000100000000)
  eden space 31744K, 100% used [0x00000000d7000000,0x00000000d8f00000,0x00000000d8f00000)
  from space 5120K, 29% used [0x00000000d8f00000,0x00000000d9078830,0x00000000d9400000)
  to   space 5120K, 0% used [0x00000000db300000,0x00000000db300000,0x00000000db800000)
 ParOldGen       total 84992K, used 16K [0x0000000085000000, 0x000000008a300000, 0x00000000d7000000)
  object space 84992K, 0% used [0x0000000085000000,0x0000000085004000,0x000000008a300000)
 Metaspace       used 10346K, capacity 10620K, committed 10752K, reserved 1058816K
  class space    used 1147K, capacity 1235K, committed 1280K, reserved 1048576K
Event: 1.502 GC heap after
Heap after GC invocations=4 (full 0):
 PSYoungGen      total 68608K, used 1520K [0x00000000d7000000, 0x00000000db800000, 0x0000000100000000)
  eden space 63488K, 0% used [0x00000000d7000000,0x00000000d7000000,0x00000000dae00000)
  from space 5120K, 29% used [0x00000000db300000,0x00000000db47c010,0x00000000db800000)
  to   space 5120K, 0% used [0x00000000dae00000,0x00000000dae00000,0x00000000db300000)
 ParOldGen       total 84992K, used 16K [0x0000000085000000, 0x000000008a300000, 0x00000000d7000000)
  object space 84992K, 0% used [0x0000000085000000,0x0000000085004000,0x000000008a300000)
 Metaspace       used 10346K, capacity 10620K, committed 10752K, reserved 1058816K
  class space    used 1147K, capacity 1235K, committed 1280K, reserved 1048576K
}
Event: 2.262 GC heap before
{Heap before GC invocations=5 (full 0):
 PSYoungGen      total 68608K, used 64440K [0x00000000d7000000, 0x00000000db800000, 0x0000000100000000)
  eden space 63488K, 99% used [0x00000000d7000000,0x00000000dad72128,0x00000000dae00000)
  from space 5120K, 29% used [0x00000000db300000,0x00000000db47c010,0x00000000db800000)
  to   space 5120K, 0% used [0x00000000dae00000,0x00000000dae00000,0x00000000db300000)
 ParOldGen       total 84992K, used 16K [0x0000000085000000, 0x000000008a300000, 0x00000000d7000000)
  object space 84992K, 0% used [0x0000000085000000,0x0000000085004000,0x000000008a300000)
 Metaspace       used 11526K, capacity 11778K, committed 11904K, reserved 1060864K
  class space    used 1281K, capacity 1364K, committed 1408K, reserved 1048576K
Event: 2.266 GC heap after
Heap after GC invocations=5 (full 0):
 PSYoungGen      total 68608K, used 4575K [0x00000000d7000000, 0x00000000df400000, 0x0000000100000000)
  eden space 63488K, 0% used [0x00000000d7000000,0x00000000d7000000,0x00000000dae00000)
  from space 5120K, 89% used [0x00000000dae00000,0x00000000db277e10,0x00000000db300000)
  to   space 4096K, 0% used [0x00000000df000000,0x00000000df000000,0x00000000df400000)
 ParOldGen       total 84992K, used 5424K [0x0000000085000000, 0x000000008a300000, 0x00000000d7000000)
  object space 84992K, 6% used [0x0000000085000000,0x000000008554c020,0x000000008a300000)
 Metaspace       used 11526K, capacity 11778K, committed 11904K, reserved 1060864K
  class space    used 1281K, capacity 1364K, committed 1408K, reserved 1048576K
}
Event: 3.565 GC heap before
{Heap before GC invocations=6 (full 0):
 PSYoungGen      total 68608K, used 68063K [0x00000000d7000000, 0x00000000df400000, 0x0000000100000000)
  eden space 63488K, 100% used [0x00000000d7000000,0x00000000dae00000,0x00000000dae00000)
  from space 5120K, 89% used [0x00000000dae00000,0x00000000db277e10,0x00000000db300000)
  to   space 4096K, 0% used [0x00000000df000000,0x00000000df000000,0x00000000df400000)
 ParOldGen       total 84992K, used 5424K [0x0000000085000000, 0x000000008a300000, 0x00000000d7000000)
  object space 84992K, 6% used [0x0000000085000000,0x000000008554c040,0x000000008a300000)
 Metaspace       used 11568K, capacity 11842K, committed 11904K, reserved 1060864K
  class space    used 1281K, capacity 1364K, committed 1408K, reserved 1048576K
Event: 3.571 GC heap after
Heap after GC invocations=6 (full 0):
 PSYoungGen      total 126976K, used 4076K [0x00000000d7000000, 0x00000000dfc00000, 0x0000000100000000)
  eden space 122880K, 0% used [0x00000000d7000000,0x00000000d7000000,0x00000000de800000)
  from space 4096K, 99% used [0x00000000df000000,0x00000000df3fb030,0x00000000df400000)
  to   space 8192K, 0% used [0x00000000de800000,0x00000000de800000,0x00000000df000000)
 ParOldGen       total 84992K, used 11138K [0x0000000085000000, 0x000000008a300000, 0x00000000d7000000)
  object space 84992K, 13% used [0x0000000085000000,0x0000000085ae08a0,0x000000008a300000)
 Metaspace       used 11568K, capacity 11842K, committed 11904K, reserved 1060864K
  class space    used 1281K, capacity 1364K, committed 1408K, reserved 1048576K
}
Event: 6.407 GC heap before
{Heap before GC invocations=7 (full 0):
 PSYoungGen      total 126976K, used 126956K [0x00000000d7000000, 0x00000000dfc00000, 0x0000000100000000)
  eden space 122880K, 100% used [0x00000000d7000000,0x00000000de800000,0x00000000de800000)
  from space 4096K, 99% used [0x00000000df000000,0x00000000df3fb030,0x00000000df400000)
  to   space 8192K, 0% used [0x00000000de800000,0x00000000de800000,0x00000000df000000)
 ParOldGen       total 84992K, used 11375K [0x0000000085000000, 0x000000008a300000, 0x00000000d7000000)
  object space 84992K, 13% used [0x0000000085000000,0x0000000085b1bd90,0x000000008a300000)
 Metaspace       used 11601K, capacity 11842K, committed 11904K, reserved 1060864K
  class space    used 1281K, capacity 1364K, committed 1408K, reserved 1048576K
Event: 6.413 GC heap after
Heap after GC invocations=7 (full 0):
 PSYoungGen      total 131072K, used 5801K [0x00000000d7000000, 0x00000000e7100000, 0x0000000100000000)
  eden space 122880K, 0% used [0x00000000d7000000,0x00000000d7000000,0x00000000de800000)
  from space 8192K, 70% used [0x00000000de800000,0x00000000dedaa690,0x00000000df000000)
  to   space 8704K, 0% used [0x00000000e6880000,0x00000000e6880000,0x00000000e7100000)
 ParOldGen       total 84992K, used 17969K [0x0000000085000000, 0x000000008a300000, 0x00000000d7000000)
  object space 84992K, 21% used [0x0000000085000000,0x000000008618c640,0x000000008a300000)
 Metaspace       used 11601K, capacity 11842K, committed 11904K, reserved 1060864K
  class space    used 1281K, capacity 1364K, committed 1408K, reserved 1048576K
}
Event: 9.249 GC heap before
{Heap before GC invocations=8 (full 0):
 PSYoungGen      total 131072K, used 125991K [0x00000000d7000000, 0x00000000e7100000, 0x0000000100000000)
  eden space 122880K, 97% used [0x00000000d7000000,0x00000000de55f5e0,0x00000000de800000)
  from space 8192K, 70% used [0x00000000de800000,0x00000000dedaa690,0x00000000df000000)
  to   space 8704K, 0% used [0x00000000e6880000,0x00000000e6880000,0x00000000e7100000)
 ParOldGen       total 84992K, used 17969K [0x0000000085000000, 0x000000008a300000, 0x00000000d7000000)
  object space 84992K, 21% used [0x0000000085000000,0x000000008618c640,0x000000008a300000)
 Metaspace       used 11636K, capacity 11906K, committed 12160K, reserved 1060864K
  class space    used 1281K, capacity 1364K, committed 1408K, reserved 1048576K
Event: 9.252 GC heap after
Heap after GC invocations=8 (full 0):
 PSYoungGen      total 254464K, used 5755K [0x00000000d7000000, 0x00000000e7100000, 0x0000000100000000)
  eden space 245760K, 0% used [0x00000000d7000000,0x00000000d7000000,0x00000000e6000000)
  from space 8704K, 66% used [0x00000000e6880000,0x00000000e6e1ef08,0x00000000e7100000)
  to   space 8704K, 0% used [0x00000000e6000000,0x00000000e6000000,0x00000000e6880000)
 ParOldGen       total 84992K, used 17977K [0x0000000085000000, 0x000000008a300000, 0x00000000d7000000)
  object space 84992K, 21% used [0x0000000085000000,0x000000008618e640,0x000000008a300000)
 Metaspace       used 11636K, capacity 11906K, committed 12160K, reserved 1060864K
  class space    used 1281K, capacity 1364K, committed 1408K, reserved 1048576K
}

Deoptimization events (2 events):
Event: 1.322 Thread 0x00007fa1c000a000 Uncommon trap: reason=unstable_if action=reinterpret pc=0x00007fa1b1206c18 method=handtrack.Video.skinDetection(Lorg/opencv/core/Mat;)Lorg/opencv/core/Mat; @ 110
Event: 1.553 Thread 0x00007fa1c000a000 Uncommon trap: reason=unstable_if action=reinterpret pc=0x00007fa1b120b880 method=handtrack.Video.skinDetection(Lorg/opencv/core/Mat;)Lorg/opencv/core/Mat; @ 214

Internal exceptions (10 events):
Event: 0.100 Thread 0x00007fa1c000a000 Exception <a 'java/security/PrivilegedActionException'> (0x00000000d7156598) thrown at [/build/openjdk-8-TfkRBM/openjdk-8-8u121-b13/src/hotspot/src/share/vm/prims/jvm.cpp, line 1390]
Event: 0.100 Thread 0x00007fa1c000a000 Exception <a 'java/security/PrivilegedActionException'> (0x00000000d71567a8) thrown at [/build/openjdk-8-TfkRBM/openjdk-8-8u121-b13/src/hotspot/src/share/vm/prims/jvm.cpp, line 1390]
Event: 0.101 Thread 0x00007fa1c000a000 Exception <a 'java/security/PrivilegedActionException'> (0x00000000d7158830) thrown at [/build/openjdk-8-TfkRBM/openjdk-8-8u121-b13/src/hotspot/src/share/vm/prims/jvm.cpp, line 1390]
Event: 0.101 Thread 0x00007fa1c000a000 Exception <a 'java/security/PrivilegedActionException'> (0x00000000d7158a40) thrown at [/build/openjdk-8-TfkRBM/openjdk-8-8u121-b13/src/hotspot/src/share/vm/prims/jvm.cpp, line 1390]
Event: 0.101 Thread 0x00007fa1c000a000 Exception <a 'java/security/PrivilegedActionException'> (0x00000000d7159518) thrown at [/build/openjdk-8-TfkRBM/openjdk-8-8u121-b13/src/hotspot/src/share/vm/prims/jvm.cpp, line 1390]
Event: 0.101 Thread 0x00007fa1c000a000 Exception <a 'java/security/PrivilegedActionException'> (0x00000000d7159728) thrown at [/build/openjdk-8-TfkRBM/openjdk-8-8u121-b13/src/hotspot/src/share/vm/prims/jvm.cpp, line 1390]
Event: 0.154 Thread 0x00007fa1c000a000 Exception <a 'java/lang/NoSuchFieldError': method resolution failed> (0x00000000d72268a0) thrown at [/build/openjdk-8-TfkRBM/openjdk-8-8u121-b13/src/hotspot/src/share/vm/prims/methodHandles.cpp, line 1146]
Event: 0.156 Thread 0x00007fa1c000a000 Exception <a 'java/lang/NoSuchFieldError': method resolution failed> (0x00000000d7234070) thrown at [/build/openjdk-8-TfkRBM/openjdk-8-8u121-b13/src/hotspot/src/share/vm/prims/methodHandles.cpp, line 1146]
Event: 0.180 Thread 0x00007fa1c000a000 Exception <a 'java/io/FileNotFoundException'> (0x00000000d72b2048) thrown at [/build/openjdk-8-TfkRBM/openjdk-8-8u121-b13/src/hotspot/src/share/vm/prims/jni.cpp, line 709]
Event: 0.228 Thread 0x00007fa1c000a000 Exception <a 'java/lang/ClassNotFoundException': sun/dc/DuctusRenderingEngine> (0x00000000d7310fa8) thrown at [/build/openjdk-8-TfkRBM/openjdk-8-8u121-b13/src/hotspot/src/share/vm/classfile/systemDictionary.cpp, line 210]

Events (10 events):
Event: 11.409 loading class sun/awt/X11/XConstants
Event: 11.409 loading class sun/awt/X11/XConstants done
Event: 11.409 loading class sun/awt/X11/XMotionEvent
Event: 11.409 loading class sun/awt/X11/XMotionEvent done
Event: 11.410 loading class java/awt/event/MouseWheelEvent
Event: 11.410 loading class java/awt/event/MouseWheelEvent done
Event: 11.410 loading class java/awt/AWTEvent$2
Event: 11.410 loading class java/awt/AWTEvent$2 done
Event: 11.410 loading class sun/reflect/UnsafeBooleanFieldAccessorImpl
Event: 11.410 loading class sun/reflect/UnsafeBooleanFieldAccessorImpl done


Dynamic libraries:
85000000-8a300000 rw-p 00000000 00:00 0 
8a300000-d7000000 ---p 00000000 00:00 0 
d7000000-e7100000 rw-p 00000000 00:00 0 
e7100000-100000000 ---p 00000000 00:00 0 
100000000-100160000 rw-p 00000000 00:00 0 
100160000-140000000 ---p 00000000 00:00 0 
56205a6f3000-56205a6f4000 r-xp 00000000 08:02 1180878                    /usr/lib/jvm/java-8-openjdk-amd64/jre/bin/java
56205a8f3000-56205a8f4000 r--p 00000000 08:02 1180878                    /usr/lib/jvm/java-8-openjdk-amd64/jre/bin/java
56205a8f4000-56205a8f5000 rw-p 00001000 08:02 1180878                    /usr/lib/jvm/java-8-openjdk-amd64/jre/bin/java
56205b0d6000-56205b0f7000 rw-p 00000000 00:00 0                          [heap]
7fa128000000-7fa128021000 rw-p 00000000 00:00 0 
7fa128021000-7fa12c000000 ---p 00000000 00:00 0 
7fa12c000000-7fa12c021000 rw-p 00000000 00:00 0 
7fa12c021000-7fa130000000 ---p 00000000 00:00 0 
7fa130000000-7fa130021000 rw-p 00000000 00:00 0 
7fa130021000-7fa134000000 ---p 00000000 00:00 0 
7fa134000000-7fa134021000 rw-p 00000000 00:00 0 
7fa134021000-7fa138000000 ---p 00000000 00:00 0 
7fa138000000-7fa138021000 rw-p 00000000 00:00 0 
7fa138021000-7fa13c000000 ---p 00000000 00:00 0 
7fa13c000000-7fa13c021000 rw-p 00000000 00:00 0 
7fa13c021000-7fa140000000 ---p 00000000 00:00 0 
7fa140000000-7fa140021000 rw-p 00000000 00:00 0 
7fa140021000-7fa144000000 ---p 00000000 00:00 0 
7fa144000000-7fa144021000 rw-p 00000000 00:00 0 
7fa144021000-7fa148000000 ---p 00000000 00:00 0 
7fa148000000-7fa148074000 rw-p 00000000 00:00 0 
7fa148074000-7fa14c000000 ---p 00000000 00:00 0 
7fa14e279000-7fa14e5fd000 rw-s 00000000 00:05 3735560                    /SYSV00000000 (deleted)
7fa14e5fd000-7fa14e67d000 rw-p 00000000 00:00 0 
7fa14e67d000-7fa14e7fd000 ---p 00000000 00:00 0 
7fa14e7fd000-7fa14e7fe000 ---p 00000000 00:00 0 
7fa14e7fe000-7fa14effe000 rwxp 00000000 00:00 0 
7fa14effe000-7fa14efff000 ---p 00000000 00:00 0 
7fa14efff000-7fa14f7ff000 rwxp 00000000 00:00 0 
7fa14f7ff000-7fa14f800000 ---p 00000000 00:00 0 
7fa14f800000-7fa150000000 rwxp 00000000 00:00 0 
7fa150000000-7fa150021000 rw-p 00000000 00:00 0 
7fa150021000-7fa154000000 ---p 00000000 00:00 0 
7fa154000000-7fa154021000 rw-p 00000000 00:00 0 
7fa154021000-7fa158000000 ---p 00000000 00:00 0 
7fa158091000-7fa15809b000 r-xp 00000000 08:02 1188960                    /usr/lib/jvm/java-8-openjdk-amd64/jre/lib/amd64/libjavajpeg.so
7fa15809b000-7fa15829a000 ---p 0000a000 08:02 1188960                    /usr/lib/jvm/java-8-openjdk-amd64/jre/lib/amd64/libjavajpeg.so
7fa15829a000-7fa15829b000 r--p 00009000 08:02 1188960                    /usr/lib/jvm/java-8-openjdk-amd64/jre/lib/amd64/libjavajpeg.so
7fa15829b000-7fa15829c000 rw-p 0000a000 08:02 1188960                    /usr/lib/jvm/java-8-openjdk-amd64/jre/lib/amd64/libjavajpeg.so
7fa15829c000-7fa15829d000 ---p 00000000 00:00 0 
7fa15829d000-7fa158a9d000 rwxp 00000000 00:00 0 
7fa158a9d000-7fa158a9e000 ---p 00000000 00:00 0 
7fa158a9e000-7fa15929e000 rwxp 00000000 00:00 0 
7fa15929e000-7fa15929f000 ---p 00000000 00:00 0 
7fa15929f000-7fa159a9f000 rwxp 00000000 00:00 0 
7fa159a9f000-7fa159aa0000 ---p 00000000 00:00 0 
7fa159aa0000-7fa15a2a0000 rwxp 00000000 00:00 0 
7fa15a2a0000-7fa15a2a1000 ---p 00000000 00:00 0 
7fa15a2a1000-7fa15aaa1000 rwxp 00000000 00:00 0 
7fa15afe9000-7fa15affa000 r-xp 00000000 08:02 1188970                    /usr/lib/jvm/java-8-openjdk-amd64/jre/lib/amd64/libnio.so
7fa15affa000-7fa15b1fa000 ---p 00011000 08:02 1188970                    /usr/lib/jvm/java-8-openjdk-amd64/jre/lib/amd64/libnio.so
7fa15b1fa000-7fa15b1fb000 r--p 00011000 08:02 1188970                    /usr/lib/jvm/java-8-openjdk-amd64/jre/lib/amd64/libnio.so
7fa15b1fb000-7fa15b1fc000 rw-p 00012000 08:02 1188970                    /usr/lib/jvm/java-8-openjdk-amd64/jre/lib/amd64/libnio.so
7fa15b1fc000-7fa15b213000 r-xp 00000000 08:02 1188969                    /usr/lib/jvm/java-8-openjdk-amd64/jre/lib/amd64/libnet.so
7fa15b213000-7fa15b412000 ---p 00017000 08:02 1188969                    /usr/lib/jvm/java-8-openjdk-amd64/jre/lib/amd64/libnet.so
7fa15b412000-7fa15b413000 r--p 00016000 08:02 1188969                    /usr/lib/jvm/java-8-openjdk-amd64/jre/lib/amd64/libnet.so
7fa15b413000-7fa15b414000 rw-p 00017000 08:02 1188969                    /usr/lib/jvm/java-8-openjdk-amd64/jre/lib/amd64/libnet.so
7fa15b414000-7fa15b614000 rw-p 00000000 00:00 0 
7fa15b614000-7fa15b617000 ---p 00000000 00:00 0 
7fa15b617000-7fa15b715000 rwxp 00000000 00:00 0 
7fa15b715000-7fa15b718000 ---p 00000000 00:00 0 
7fa15b718000-7fa15b816000 rwxp 00000000 00:00 0 
7fa15c000000-7fa15c021000 rw-p 00000000 00:00 0 
7fa15c021000-7fa160000000 ---p 00000000 00:00 0 
7fa160000000-7fa160021000 rw-p 00000000 00:00 0 
7fa160021000-7fa164000000 ---p 00000000 00:00 0 
7fa164000000-7fa164021000 rw-p 00000000 00:00 0 
7fa164021000-7fa168000000 ---p 00000000 00:00 0 
7fa16821c000-7fa16821f000 ---p 00000000 00:00 0 
7fa16821f000-7fa168a1d000 rwxp 00000000 00:00 0 
7fa168a1d000-7fa168a30000 r-xp 00000000 08:02 3408262                    /lib/x86_64-linux-gnu/libgpg-error.so.0.21.0
7fa168a30000-7fa168c2f000 ---p 00013000 08:02 3408262                    /lib/x86_64-linux-gnu/libgpg-error.so.0.21.0
7fa168c2f000-7fa168c30000 r--p 00012000 08:02 3408262                    /lib/x86_64-linux-gnu/libgpg-error.so.0.21.0
7fa168c30000-7fa168c31000 rw-p 00013000 08:02 3408262                    /lib/x86_64-linux-gnu/libgpg-error.so.0.21.0
7fa168c31000-7fa168d38000 r-xp 00000000 08:02 3407878                    /lib/x86_64-linux-gnu/libgcrypt.so.20.1.6
7fa168d38000-7fa168f37000 ---p 00107000 08:02 3407878                    /lib/x86_64-linux-gnu/libgcrypt.so.20.1.6
7fa168f37000-7fa168f39000 r--p 00106000 08:02 3407878                    /lib/x86_64-linux-gnu/libgcrypt.so.20.1.6
7fa168f39000-7fa168f40000 rw-p 00108000 08:02 3407878                    /lib/x86_64-linux-gnu/libgcrypt.so.20.1.6
7fa168f40000-7fa168f51000 r-xp 00000000 08:02 528208                     /usr/lib/x86_64-linux-gnu/liblz4.so.1.7.1
7fa168f51000-7fa169150000 ---p 00011000 08:02 528208                     /usr/lib/x86_64-linux-gnu/liblz4.so.1.7.1
7fa169150000-7fa169151000 r--p 00010000 08:02 528208                     /usr/lib/x86_64-linux-gnu/liblz4.so.1.7.1
7fa169151000-7fa169152000 rw-p 00011000 08:02 528208                     /usr/lib/x86_64-linux-gnu/liblz4.so.1.7.1
7fa169152000-7fa169177000 r-xp 00000000 08:02 3407967                    /lib/x86_64-linux-gnu/liblzma.so.5.2.2
7fa169177000-7fa169376000 ---p 00025000 08:02 3407967                    /lib/x86_64-linux-gnu/liblzma.so.5.2.2
7fa169376000-7fa169377000 r--p 00024000 08:02 3407967                    /lib/x86_64-linux-gnu/liblzma.so.5.2.2
7fa169377000-7fa169378000 rw-p 00025000 08:02 3407967                    /lib/x86_64-linux-gnu/liblzma.so.5.2.2
7fa169378000-7fa169461000 r-xp 00000000 08:02 525465                     /usr/lib/x86_64-linux-gnu/libepoxy.so.0.0.0
7fa169461000-7fa169660000 ---p 000e9000 08:02 525465                     /usr/lib/x86_64-linux-gnu/libepoxy.so.0.0.0
7fa169660000-7fa169667000 r--p 000e8000 08:02 525465                     /usr/lib/x86_64-linux-gnu/libepoxy.so.0.0.0
7fa169667000-7fa16966e000 rw-p 000ef000 08:02 525465                     /usr/lib/x86_64-linux-gnu/libepoxy.so.0.0.0
7fa16966e000-7fa16967b000 r-xp 00000000 08:02 528243                     /usr/lib/x86_64-linux-gnu/libwayland-client.so.0.3.0
7fa16967b000-7fa16987a000 ---p 0000d000 08:02 528243                     /usr/lib/x86_64-linux-gnu/libwayland-client.so.0.3.0
7fa16987a000-7fa16987c000 r--p 0000c000 08:02 528243                     /usr/lib/x86_64-linux-gnu/libwayland-client.so.0.3.0
7fa16987c000-7fa16987d000 rw-p 0000e000 08:02 528243                     /usr/lib/x86_64-linux-gnu/libwayland-client.so.0.3.0
7fa16987d000-7fa16987e000 r-xp 00000000 08:02 535556                     /usr/lib/x86_64-linux-gnu/libwayland-egl.so.1.0.0
7fa16987e000-7fa169a7d000 ---p 00001000 08:02 535556                     /usr/lib/x86_64-linux-gnu/libwayland-egl.so.1.0.0
7fa169a7d000-7fa169a7e000 r--p 00000000 08:02 535556                     /usr/lib/x86_64-linux-gnu/libwayland-egl.so.1.0.0
7fa169a7e000-7fa169a7f000 rw-p 00001000 08:02 535556                     /usr/lib/x86_64-linux-gnu/libwayland-egl.so.1.0.0
7fa169a7f000-7fa169a83000 r-xp 00000000 08:02 528245                     /usr/lib/x86_64-linux-gnu/libwayland-cursor.so.0.0.0
7fa169a83000-7fa169c82000 ---p 00004000 08:02 528245                     /usr/lib/x86_64-linux-gnu/libwayland-cursor.so.0.0.0
7fa169c82000-7fa169c83000 r--p 00003000 08:02 528245                     /usr/lib/x86_64-linux-gnu/libwayland-cursor.so.0.0.0
7fa169c83000-7fa169c87000 rw-p 00004000 08:02 528245                     /usr/lib/x86_64-linux-gnu/libwayland-cursor.so.0.0.0
7fa169c87000-7fa169cc5000 r-xp 00000000 08:02 532092                     /usr/lib/x86_64-linux-gnu/libxkbcommon.so.0.0.0
7fa169cc5000-7fa169ec4000 ---p 0003e000 08:02 532092                     /usr/lib/x86_64-linux-gnu/libxkbcommon.so.0.0.0
7fa169ec4000-7fa169ec6000 r--p 0003d000 08:02 532092                     /usr/lib/x86_64-linux-gnu/libxkbcommon.so.0.0.0
7fa169ec6000-7fa169ec7000 rw-p 0003f000 08:02 532092                     /usr/lib/x86_64-linux-gnu/libxkbcommon.so.0.0.0
7fa169ec7000-7fa169f4b000 r-xp 00000000 08:02 3408158                    /lib/x86_64-linux-gnu/libsystemd.so.0.17.0
7fa169f4b000-7fa169f4c000 ---p 00084000 08:02 3408158                    /lib/x86_64-linux-gnu/libsystemd.so.0.17.0
7fa169f4c000-7fa169f4f000 r--p 00084000 08:02 3408158                    /lib/x86_64-linux-gnu/libsystemd.so.0.17.0
7fa169f4f000-7fa169f50000 rw-p 00087000 08:02 3408158                    /lib/x86_64-linux-gnu/libsystemd.so.0.17.0
7fa169f50000-7fa169f51000 rw-p 00000000 00:00 0 
7fa169f51000-7fa169f57000 r-xp 00000000 08:02 532744                     /usr/lib/x86_64-linux-gnu/libcairo-gobject.so.2.11400.8
7fa169f57000-7fa16a157000 ---p 00006000 08:02 532744                     /usr/lib/x86_64-linux-gnu/libcairo-gobject.so.2.11400.8
7fa16a157000-7fa16a159000 r--p 00006000 08:02 532744                     /usr/lib/x86_64-linux-gnu/libcairo-gobject.so.2.11400.8
7fa16a159000-7fa16a15a000 rw-p 00008000 08:02 532744                     /usr/lib/x86_64-linux-gnu/libcairo-gobject.so.2.11400.8
7fa16a15a000-7fa16a247000 r-xp 00000000 08:02 532746                     /usr/lib/x86_64-linux-gnu/libgdk-3.so.0.2200.7
7fa16a247000-7fa16a447000 ---p 000ed000 08:02 532746                     /usr/lib/x86_64-linux-gnu/libgdk-3.so.0.2200.7
7fa16a447000-7fa16a44d000 r--p 000ed000 08:02 532746                     /usr/lib/x86_64-linux-gnu/libgdk-3.so.0.2200.7
7fa16a44d000-7fa16a450000 rw-p 000f3000 08:02 532746                     /usr/lib/x86_64-linux-gnu/libgdk-3.so.0.2200.7
7fa16a450000-7fa16a451000 rw-p 00000000 00:00 0 
7fa16a451000-7fa16a49e000 r-xp 00000000 08:02 3408049                    /lib/x86_64-linux-gnu/libdbus-1.so.3.14.10
7fa16a49e000-7fa16a69e000 ---p 0004d000 08:02 3408049                    /lib/x86_64-linux-gnu/libdbus-1.so.3.14.10
7fa16a69e000-7fa16a6a0000 r--p 0004d000 08:02 3408049                    /lib/x86_64-linux-gnu/libdbus-1.so.3.14.10
7fa16a6a0000-7fa16a6a1000 rw-p 0004f000 08:02 3408049                    /lib/x86_64-linux-gnu/libdbus-1.so.3.14.10
7fa16a6a1000-7fa16a6ce000 r-xp 00000000 08:02 532567                     /usr/lib/x86_64-linux-gnu/libatspi.so.0.0.1
7fa16a6ce000-7fa16a8ce000 ---p 0002d000 08:02 532567                     /usr/lib/x86_64-linux-gnu/libatspi.so.0.0.1
7fa16a8ce000-7fa16a8d1000 r--p 0002d000 08:02 532567                     /usr/lib/x86_64-linux-gnu/libatspi.so.0.0.1
7fa16a8d1000-7fa16a8d2000 rw-p 00030000 08:02 532567                     /usr/lib/x86_64-linux-gnu/libatspi.so.0.0.1
7fa16a8d2000-7fa16a8ff000 r-xp 00000000 08:02 532742                     /usr/lib/x86_64-linux-gnu/libatk-bridge-2.0.so.0.0.0
7fa16a8ff000-7fa16aafe000 ---p 0002d000 08:02 532742                     /usr/lib/x86_64-linux-gnu/libatk-bridge-2.0.so.0.0.0
7fa16aafe000-7fa16aaff000 r--p 0002c000 08:02 532742                     /usr/lib/x86_64-linux-gnu/libatk-bridge-2.0.so.0.0.0
7fa16aaff000-7fa16ab01000 rw-p 0002d000 08:02 532742                     /usr/lib/x86_64-linux-gnu/libatk-bridge-2.0.so.0.0.0
7fa16ab01000-7fa16ab16000 r-xp 00000000 08:02 1179939                    /usr/lib/x86_64-linux-gnu/jni/libatk-wrapper.so.6.0.0
7fa16ab16000-7fa16ad16000 ---p 00015000 08:02 1179939                    /usr/lib/x86_64-linux-gnu/jni/libatk-wrapper.so.6.0.0
7fa16ad16000-7fa16ad17000 r--p 00015000 08:02 1179939                    /usr/lib/x86_64-linux-gnu/jni/libatk-wrapper.so.6.0.0
7fa16ad17000-7fa16ad18000 rw-p 00016000 08:02 1179939                    /usr/lib/x86_64-linux-gnu/jni/libatk-wrapper.so.6.0.0
7fa16ad18000-7fa16ad1b000 ---p 00000000 00:00 0 
7fa16ad1b000-7fa16ae19000 rwxp 00000000 00:00 0 
7fa16ae19000-7fa16ae1c000 ---p 00000000 00:00 0 
7fa16ae1c000-7fa16af1a000 rwxp 00000000 00:00 0 
7fa16af1a000-7fa16af6b000 r-xp 00000000 08:02 1188951                    /usr/lib/jvm/java-8-openjdk-amd64/jre/lib/amd64/libfontmanager.so
7fa16af6b000-7fa16b16b000 ---p 00051000 08:02 1188951                    /usr/lib/jvm/java-8-openjdk-amd64/jre/lib/amd64/libfontmanager.so
7fa16b16b000-7fa16b16d000 r--p 00051000 08:02 1188951                    /usr/lib/jvm/java-8-openjdk-amd64/jre/lib/amd64/libfontmanager.so
7fa16b16d000-7fa16b16e000 rw-p 00053000 08:02 1188951                    /usr/lib/jvm/java-8-openjdk-amd64/jre/lib/amd64/libfontmanager.so
7fa16b16e000-7fa16b172000 r-xp 00000000 08:02 3407928                    /lib/x86_64-linux-gnu/libuuid.so.1.3.0
7fa16b172000-7fa16b371000 ---p 00004000 08:02 3407928                    /lib/x86_64-linux-gnu/libuuid.so.1.3.0
7fa16b371000-7fa16b372000 r--p 00003000 08:02 3407928                    /lib/x86_64-linux-gnu/libuuid.so.1.3.0
7fa16b372000-7fa16b373000 rw-p 00004000 08:02 3407928                    /lib/x86_64-linux-gnu/libuuid.so.1.3.0
7fa16b373000-7fa16b379000 r-xp 00000000 08:02 527839                     /usr/lib/x86_64-linux-gnu/libdatrie.so.1.3.3
7fa16b379000-7fa16b579000 ---p 00006000 08:02 527839                     /usr/lib/x86_64-linux-gnu/libdatrie.so.1.3.3
7fa16b579000-7fa16b57a000 r--p 00006000 08:02 527839                     /usr/lib/x86_64-linux-gnu/libdatrie.so.1.3.3
7fa16b57a000-7fa16b57b000 rw-p 00007000 08:02 527839                     /usr/lib/x86_64-linux-gnu/libdatrie.so.1.3.3
7fa16b57b000-7fa16b59e000 r-xp 00000000 08:02 528374                     /usr/lib/x86_64-linux-gnu/libgraphite2.so.3.0.1
7fa16b59e000-7fa16b79e000 ---p 00023000 08:02 528374                     /usr/lib/x86_64-linux-gnu/libgraphite2.so.3.0.1
7fa16b79e000-7fa16b7a0000 r--p 00023000 08:02 528374                     /usr/lib/x86_64-linux-gnu/libgraphite2.so.3.0.1
7fa16b7a0000-7fa16b7a1000 rw-p 00025000 08:02 528374                     /usr/lib/x86_64-linux-gnu/libgraphite2.so.3.0.1
7fa16b7a1000-7fa16b7e2000 r-xp 00000000 08:02 3407941                    /lib/x86_64-linux-gnu/libblkid.so.1.1.0
7fa16b7e2000-7fa16b9e1000 ---p 00041000 08:02 3407941                    /lib/x86_64-linux-gnu/libblkid.so.1.1.0
7fa16b9e1000-7fa16b9e5000 r--p 00040000 08:02 3407941                    /lib/x86_64-linux-gnu/libblkid.so.1.1.0
7fa16b9e5000-7fa16b9e6000 rw-p 00044000 08:02 3407941                    /lib/x86_64-linux-gnu/libblkid.so.1.1.0
7fa16b9e6000-7fa16b9e7000 rw-p 00000000 00:00 0 
7fa16b9e7000-7fa16ba0e000 r-xp 00000000 08:02 3407918                    /lib/x86_64-linux-gnu/libexpat.so.1.6.2
7fa16ba0e000-7fa16bc0e000 ---p 00027000 08:02 3407918                    /lib/x86_64-linux-gnu/libexpat.so.1.6.2
7fa16bc0e000-7fa16bc10000 r--p 00027000 08:02 3407918                    /lib/x86_64-linux-gnu/libexpat.so.1.6.2
7fa16bc10000-7fa16bc11000 rw-p 00029000 08:02 3407918                    /lib/x86_64-linux-gnu/libexpat.so.1.6.2
7fa16bc11000-7fa16bc83000 r-xp 00000000 08:02 3408343                    /lib/x86_64-linux-gnu/libpcre.so.3.13.3
7fa16bc83000-7fa16be82000 ---p 00072000 08:02 3408343                    /lib/x86_64-linux-gnu/libpcre.so.3.13.3
7fa16be82000-7fa16be83000 r--p 00071000 08:02 3408343                    /lib/x86_64-linux-gnu/libpcre.so.3.13.3
7fa16be83000-7fa16be84000 rw-p 00072000 08:02 3408343                    /lib/x86_64-linux-gnu/libpcre.so.3.13.3
7fa16be84000-7fa16be8b000 r-xp 00000000 08:02 528241                     /usr/lib/x86_64-linux-gnu/libffi.so.6.0.4
7fa16be8b000-7fa16c08b000 ---p 00007000 08:02 528241                     /usr/lib/x86_64-linux-gnu/libffi.so.6.0.4
7fa16c08b000-7fa16c08c000 r--p 00007000 08:02 528241                     /usr/lib/x86_64-linux-gnu/libffi.so.6.0.4
7fa16c08c000-7fa16c08d000 rw-p 00008000 08:02 528241                     /usr/lib/x86_64-linux-gnu/libffi.so.6.0.4
7fa16c08d000-7fa16c095000 r-xp 00000000 08:02 528239                     /usr/lib/x86_64-linux-gnu/libthai.so.0.3.0
7fa16c095000-7fa16c295000 ---p 00008000 08:02 528239                     /usr/lib/x86_64-linux-gnu/libthai.so.0.3.0
7fa16c295000-7fa16c296000 r--p 00008000 08:02 528239                     /usr/lib/x86_64-linux-gnu/libthai.so.0.3.0
7fa16c296000-7fa16c297000 rw-p 00009000 08:02 528239                     /usr/lib/x86_64-linux-gnu/libthai.so.0.3.0
7fa16c297000-7fa16c32a000 r-xp 00000000 08:02 577037                     /usr/lib/x86_64-linux-gnu/libharfbuzz.so.0.10400.2
7fa16c32a000-7fa16c529000 ---p 00093000 08:02 577037                     /usr/lib/x86_64-linux-gnu/libharfbuzz.so.0.10400.2
7fa16c529000-7fa16c52b000 r--p 00092000 08:02 577037                     /usr/lib/x86_64-linux-gnu/libharfbuzz.so.0.10400.2
7fa16c52b000-7fa16c52c000 rw-p 00094000 08:02 577037                     /usr/lib/x86_64-linux-gnu/libharfbuzz.so.0.10400.2
7fa16c52c000-7fa16c576000 r-xp 00000000 08:02 3407943                    /lib/x86_64-linux-gnu/libmount.so.1.1.0
7fa16c576000-7fa16c776000 ---p 0004a000 08:02 3407943                    /lib/x86_64-linux-gnu/libmount.so.1.1.0
7fa16c776000-7fa16c777000 r--p 0004a000 08:02 3407943                    /lib/x86_64-linux-gnu/libmount.so.1.1.0
7fa16c777000-7fa16c778000 rw-p 0004b000 08:02 3407943                    /lib/x86_64-linux-gnu/libmount.so.1.1.0
7fa16c778000-7fa16c77a000 rw-p 00000000 00:00 0 
7fa16c77a000-7fa16c78e000 r-xp 00000000 08:02 3414742                    /lib/x86_64-linux-gnu/libresolv-2.24.so
7fa16c78e000-7fa16c98d000 ---p 00014000 08:02 3414742                    /lib/x86_64-linux-gnu/libresolv-2.24.so
7fa16c98d000-7fa16c98e000 r--p 00013000 08:02 3414742                    /lib/x86_64-linux-gnu/libresolv-2.24.so
7fa16c98e000-7fa16c98f000 rw-p 00014000 08:02 3414742                    /lib/x86_64-linux-gnu/libresolv-2.24.so
7fa16c98f000-7fa16c991000 rw-p 00000000 00:00 0 
7fa16c991000-7fa16c9b6000 r-xp 00000000 08:02 3408007                    /lib/x86_64-linux-gnu/libselinux.so.1
7fa16c9b6000-7fa16cbb5000 ---p 00025000 08:02 3408007                    /lib/x86_64-linux-gnu/libselinux.so.1
7fa16cbb5000-7fa16cbb6000 r--p 00024000 08:02 3408007                    /lib/x86_64-linux-gnu/libselinux.so.1
7fa16cbb6000-7fa16cbb7000 rw-p 00025000 08:02 3408007                    /lib/x86_64-linux-gnu/libselinux.so.1
7fa16cbb7000-7fa16cbb9000 rw-p 00000000 00:00 0 
7fa16cbb9000-7fa16cbc5000 r-xp 00000000 08:02 525048                     /usr/lib/x86_64-linux-gnu/libxcb-render.so.0.0.0
7fa16cbc5000-7fa16cdc5000 ---p 0000c000 08:02 525048                     /usr/lib/x86_64-linux-gnu/libxcb-render.so.0.0.0
7fa16cdc5000-7fa16cdc6000 r--p 0000c000 08:02 525048                     /usr/lib/x86_64-linux-gnu/libxcb-render.so.0.0.0
7fa16cdc6000-7fa16cdc7000 rw-p 0000d000 08:02 525048                     /usr/lib/x86_64-linux-gnu/libxcb-render.so.0.0.0
7fa16cdc7000-7fa16cdc9000 r-xp 00000000 08:02 525050                     /usr/lib/x86_64-linux-gnu/libxcb-shm.so.0.0.0
7fa16cdc9000-7fa16cfc9000 ---p 00002000 08:02 525050                     /usr/lib/x86_64-linux-gnu/libxcb-shm.so.0.0.0
7fa16cfc9000-7fa16cfca000 r--p 00002000 08:02 525050                     /usr/lib/x86_64-linux-gnu/libxcb-shm.so.0.0.0
7fa16cfca000-7fa16cfcb000 rw-p 00003000 08:02 525050                     /usr/lib/x86_64-linux-gnu/libxcb-shm.so.0.0.0
7fa16cfcb000-7fa16d069000 r-xp 00000000 08:02 525046                     /usr/lib/x86_64-linux-gnu/libpixman-1.so.0.34.0
7fa16d069000-7fa16d269000 ---p 0009e000 08:02 525046                     /usr/lib/x86_64-linux-gnu/libpixman-1.so.0.34.0
7fa16d269000-7fa16d271000 r--p 0009e000 08:02 525046                     /usr/lib/x86_64-linux-gnu/libpixman-1.so.0.34.0
7fa16d271000-7fa16d272000 rw-p 000a6000 08:02 525046                     /usr/lib/x86_64-linux-gnu/libpixman-1.so.0.34.0
7fa16d272000-7fa16d27c000 r-xp 00000000 08:02 533027                     /usr/lib/x86_64-linux-gnu/libXcursor.so.1.0.2
7fa16d27c000-7fa16d47b000 ---p 0000a000 08:02 533027                     /usr/lib/x86_64-linux-gnu/libXcursor.so.1.0.2
7fa16d47b000-7fa16d47c000 r--p 00009000 08:02 533027                     /usr/lib/x86_64-linux-gnu/libXcursor.so.1.0.2
7fa16d47c000-7fa16d47d000 rw-p 0000a000 08:02 533027                     /usr/lib/x86_64-linux-gnu/libXcursor.so.1.0.2
7fa16d47d000-7fa16d487000 r-xp 00000000 08:02 532569                     /usr/lib/x86_64-linux-gnu/libXrandr.so.2.2.0
7fa16d487000-7fa16d686000 ---p 0000a000 08:02 532569                     /usr/lib/x86_64-linux-gnu/libXrandr.so.2.2.0
7fa16d686000-7fa16d687000 r--p 00009000 08:02 532569                     /usr/lib/x86_64-linux-gnu/libXrandr.so.2.2.0
7fa16d687000-7fa16d688000 rw-p 0000a000 08:02 532569                     /usr/lib/x86_64-linux-gnu/libXrandr.so.2.2.0
7fa16d688000-7fa16d68a000 r-xp 00000000 08:02 531706                     /usr/lib/x86_64-linux-gnu/libXinerama.so.1.0.0
7fa16d68a000-7fa16d889000 ---p 00002000 08:02 531706                     /usr/lib/x86_64-linux-gnu/libXinerama.so.1.0.0
7fa16d889000-7fa16d88a000 r--p 00001000 08:02 531706                     /usr/lib/x86_64-linux-gnu/libXinerama.so.1.0.0
7fa16d88a000-7fa16d88b000 rw-p 00002000 08:02 531706                     /usr/lib/x86_64-linux-gnu/libXinerama.so.1.0.0
7fa16d88b000-7fa16d890000 r-xp 00000000 08:02 527146                     /usr/lib/x86_64-linux-gnu/libXfixes.so.3.1.0
7fa16d890000-7fa16da8f000 ---p 00005000 08:02 527146                     /usr/lib/x86_64-linux-gnu/libXfixes.so.3.1.0
7fa16da8f000-7fa16da90000 r--p 00004000 08:02 527146                     /usr/lib/x86_64-linux-gnu/libXfixes.so.3.1.0
7fa16da90000-7fa16da91000 rw-p 00005000 08:02 527146                     /usr/lib/x86_64-linux-gnu/libXfixes.so.3.1.0
7fa16da91000-7fa16da93000 r-xp 00000000 08:02 533029                     /usr/lib/x86_64-linux-gnu/libXdamage.so.1.1.0
7fa16da93000-7fa16dc92000 ---p 00002000 08:02 533029                     /usr/lib/x86_64-linux-gnu/libXdamage.so.1.1.0
7fa16dc92000-7fa16dc93000 r--p 00001000 08:02 533029                     /usr/lib/x86_64-linux-gnu/libXdamage.so.1.1.0
7fa16dc93000-7fa16dc94000 rw-p 00002000 08:02 533029                     /usr/lib/x86_64-linux-gnu/libXdamage.so.1.1.0
7fa16dc94000-7fa16dc96000 r-xp 00000000 08:02 534161                     /usr/lib/x86_64-linux-gnu/libXcomposite.so.1.0.0
7fa16dc96000-7fa16de95000 ---p 00002000 08:02 534161                     /usr/lib/x86_64-linux-gnu/libXcomposite.so.1.0.0
7fa16de95000-7fa16de96000 r--p 00001000 08:02 534161                     /usr/lib/x86_64-linux-gnu/libXcomposite.so.1.0.0
7fa16de96000-7fa16de97000 rw-p 00002000 08:02 534161                     /usr/lib/x86_64-linux-gnu/libXcomposite.so.1.0.0
7fa16de97000-7fa16de9a000 r-xp 00000000 08:02 525477                     /usr/lib/x86_64-linux-gnu/libgmodule-2.0.so.0.5000.2
7fa16de9a000-7fa16e099000 ---p 00003000 08:02 525477                     /usr/lib/x86_64-linux-gnu/libgmodule-2.0.so.0.5000.2
7fa16e099000-7fa16e09a000 r--p 00002000 08:02 525477                     /usr/lib/x86_64-linux-gnu/libgmodule-2.0.so.0.5000.2
7fa16e09a000-7fa16e09b000 rw-p 00003000 08:02 525477                     /usr/lib/x86_64-linux-gnu/libgmodule-2.0.so.0.5000.2
7fa16e09b000-7fa16e0cc000 r-xp 00000000 08:02 525011                     /usr/lib/x86_64-linux-gnu/libpng16.so.16.28.0
7fa16e0cc000-7fa16e2cc000 ---p 00031000 08:02 525011                     /usr/lib/x86_64-linux-gnu/libpng16.so.16.28.0
7fa16e2cc000-7fa16e2cd000 r--p 00031000 08:02 525011                     /usr/lib/x86_64-linux-gnu/libpng16.so.16.28.0
7fa16e2cd000-7fa16e2ce000 rw-p 00032000 08:02 525011                     /usr/lib/x86_64-linux-gnu/libpng16.so.16.28.0
7fa16e2ce000-7fa16e337000 r-xp 00000000 08:02 549718                     /usr/lib/x86_64-linux-gnu/libjpeg.so.62.2.0
7fa16e337000-7fa16e537000 ---p 00069000 08:02 549718                     /usr/lib/x86_64-linux-gnu/libjpeg.so.62.2.0
7fa16e537000-7fa16e538000 r--p 00069000 08:02 549718                     /usr/lib/x86_64-linux-gnu/libjpeg.so.62.2.0
7fa16e538000-7fa16e539000 rw-p 0006a000 08:02 549718                     /usr/lib/x86_64-linux-gnu/libjpeg.so.62.2.0
7fa16e539000-7fa16e53a000 r-xp 00000000 08:02 528885                     /usr/lib/x86_64-linux-gnu/libgthread-2.0.so.0.5000.2
7fa16e53a000-7fa16e739000 ---p 00001000 08:02 528885                     /usr/lib/x86_64-linux-gnu/libgthread-2.0.so.0.5000.2
7fa16e739000-7fa16e73a000 r--p 00000000 08:02 528885                     /usr/lib/x86_64-linux-gnu/libgthread-2.0.so.0.5000.2
7fa16e73a000-7fa16e73b000 rw-p 00001000 08:02 528885                     /usr/lib/x86_64-linux-gnu/libgthread-2.0.so.0.5000.2
7fa16e73b000-7fa16e7e3000 r-xp 00000000 08:02 532142                     /usr/lib/x86_64-linux-gnu/libfreetype.so.6.12.3
7fa16e7e3000-7fa16e9e3000 ---p 000a8000 08:02 532142                     /usr/lib/x86_64-linux-gnu/libfreetype.so.6.12.3
7fa16e9e3000-7fa16e9e9000 r--p 000a8000 08:02 532142                     /usr/lib/x86_64-linux-gnu/libfreetype.so.6.12.3
7fa16e9e9000-7fa16e9ea000 rw-p 000ae000 08:02 532142                     /usr/lib/x86_64-linux-gnu/libfreetype.so.6.12.3
7fa16e9ea000-7fa16ea26000 r-xp 00000000 08:02 525043                     /usr/lib/x86_64-linux-gnu/libfontconfig.so.1.8.0
7fa16ea26000-7fa16ec25000 ---p 0003c000 08:02 525043                     /usr/lib/x86_64-linux-gnu/libfontconfig.so.1.8.0
7fa16ec25000-7fa16ec27000 r--p 0003b000 08:02 525043                     /usr/lib/x86_64-linux-gnu/libfontconfig.so.1.8.0
7fa16ec27000-7fa16ec28000 rw-p 0003d000 08:02 525043                     /usr/lib/x86_64-linux-gnu/libfontconfig.so.1.8.0
7fa16ec28000-7fa16ed3a000 r-xp 00000000 08:02 3407904                    /lib/x86_64-linux-gnu/libglib-2.0.so.0.5000.2
7fa16ed3a000-7fa16ef39000 ---p 00112000 08:02 3407904                    /lib/x86_64-linux-gnu/libglib-2.0.so.0.5000.2
7fa16ef39000-7fa16ef3a000 r--p 00111000 08:02 3407904                    /lib/x86_64-linux-gnu/libglib-2.0.so.0.5000.2
7fa16ef3a000-7fa16ef3b000 rw-p 00112000 08:02 3407904                    /lib/x86_64-linux-gnu/libglib-2.0.so.0.5000.2
7fa16ef3b000-7fa16ef3c000 rw-p 00000000 00:00 0 
7fa16ef3c000-7fa16ef8e000 r-xp 00000000 08:02 525478                     /usr/lib/x86_64-linux-gnu/libgobject-2.0.so.0.5000.2
7fa16ef8e000-7fa16f18d000 ---p 00052000 08:02 525478                     /usr/lib/x86_64-linux-gnu/libgobject-2.0.so.0.5000.2
7fa16f18d000-7fa16f18e000 r--p 00051000 08:02 525478                     /usr/lib/x86_64-linux-gnu/libgobject-2.0.so.0.5000.2
7fa16f18e000-7fa16f18f000 rw-p 00052000 08:02 525478                     /usr/lib/x86_64-linux-gnu/libgobject-2.0.so.0.5000.2
7fa16f18f000-7fa16f1d8000 r-xp 00000000 08:02 532061                     /usr/lib/x86_64-linux-gnu/libpango-1.0.so.0.4000.3
7fa16f1d8000-7fa16f3d7000 ---p 00049000 08:02 532061                     /usr/lib/x86_64-linux-gnu/libpango-1.0.so.0.4000.3
7fa16f3d7000-7fa16f3da000 r--p 00048000 08:02 532061                     /usr/lib/x86_64-linux-gnu/libpango-1.0.so.0.4000.3
7fa16f3da000-7fa16f3db000 rw-p 0004b000 08:02 532061                     /usr/lib/x86_64-linux-gnu/libpango-1.0.so.0.4000.3
7fa16f3db000-7fa16f3ef000 r-xp 00000000 08:02 532065                     /usr/lib/x86_64-linux-gnu/libpangoft2-1.0.so.0.4000.3
7fa16f3ef000-7fa16f5ef000 ---p 00014000 08:02 532065                     /usr/lib/x86_64-linux-gnu/libpangoft2-1.0.so.0.4000.3
7fa16f5ef000-7fa16f5f0000 r--p 00014000 08:02 532065                     /usr/lib/x86_64-linux-gnu/libpangoft2-1.0.so.0.4000.3
7fa16f5f0000-7fa16f5f1000 rw-p 00015000 08:02 532065                     /usr/lib/x86_64-linux-gnu/libpangoft2-1.0.so.0.4000.3
7fa16f5f1000-7fa16f77e000 r-xp 00000000 08:02 525476                     /usr/lib/x86_64-linux-gnu/libgio-2.0.so.0.5000.2
7fa16f77e000-7fa16f97d000 ---p 0018d000 08:02 525476                     /usr/lib/x86_64-linux-gnu/libgio-2.0.so.0.5000.2
7fa16f97d000-7fa16f982000 r--p 0018c000 08:02 525476                     /usr/lib/x86_64-linux-gnu/libgio-2.0.so.0.5000.2
7fa16f982000-7fa16f985000 rw-p 00191000 08:02 525476                     /usr/lib/x86_64-linux-gnu/libgio-2.0.so.0.5000.2
7fa16f985000-7fa16f986000 rw-p 00000000 00:00 0 
7fa16f986000-7fa16f9a7000 r-xp 00000000 08:02 527664                     /usr/lib/x86_64-linux-gnu/libgdk_pixbuf-2.0.so.0.3600.4
7fa16f9a7000-7fa16fba7000 ---p 00021000 08:02 527664                     /usr/lib/x86_64-linux-gnu/libgdk_pixbuf-2.0.so.0.3600.4
7fa16fba7000-7fa16fba8000 r--p 00021000 08:02 527664                     /usr/lib/x86_64-linux-gnu/libgdk_pixbuf-2.0.so.0.3600.4
7fa16fba8000-7fa16fba9000 rw-p 00022000 08:02 527664                     /usr/lib/x86_64-linux-gnu/libgdk_pixbuf-2.0.so.0.3600.4
7fa16fba9000-7fa16fcb7000 r-xp 00000000 08:02 525055                     /usr/lib/x86_64-linux-gnu/libcairo.so.2.11400.8
7fa16fcb7000-7fa16feb7000 ---p 0010e000 08:02 525055                     /usr/lib/x86_64-linux-gnu/libcairo.so.2.11400.8
7fa16feb7000-7fa16feba000 r--p 0010e000 08:02 525055                     /usr/lib/x86_64-linux-gnu/libcairo.so.2.11400.8
7fa16feba000-7fa16febb000 rw-p 00111000 08:02 525055                     /usr/lib/x86_64-linux-gnu/libcairo.so.2.11400.8
7fa16febb000-7fa16febd000 rw-p 00000000 00:00 0 
7fa16febd000-7fa16fee0000 r-xp 00000000 08:02 528843                     /usr/lib/x86_64-linux-gnu/libatk-1.0.so.0.22209.1
7fa16fee0000-7fa1700df000 ---p 00023000 08:02 528843                     /usr/lib/x86_64-linux-gnu/libatk-1.0.so.0.22209.1
7fa1700df000-7fa1700e2000 r--p 00022000 08:02 528843                     /usr/lib/x86_64-linux-gnu/libatk-1.0.so.0.22209.1
7fa1700e2000-7fa1700e3000 rw-p 00025000 08:02 528843                     /usr/lib/x86_64-linux-gnu/libatk-1.0.so.0.22209.1
7fa1700e3000-7fa1700ee000 r-xp 00000000 08:02 532063                     /usr/lib/x86_64-linux-gnu/libpangocairo-1.0.so.0.4000.3
7fa1700ee000-7fa1702ee000 ---p 0000b000 08:02 532063                     /usr/lib/x86_64-linux-gnu/libpangocairo-1.0.so.0.4000.3
7fa1702ee000-7fa1702ef000 r--p 0000b000 08:02 532063                     /usr/lib/x86_64-linux-gnu/libpangocairo-1.0.so.0.4000.3
7fa1702ef000-7fa1702f0000 rw-p 0000c000 08:02 532063                     /usr/lib/x86_64-linux-gnu/libpangocairo-1.0.so.0.4000.3
7fa1702f0000-7fa1703a0000 r-xp 00000000 08:02 532089                     /usr/lib/x86_64-linux-gnu/libgdk-x11-2.0.so.0.2400.31
7fa1703a0000-7fa17059f000 ---p 000b0000 08:02 532089                     /usr/lib/x86_64-linux-gnu/libgdk-x11-2.0.so.0.2400.31
7fa17059f000-7fa1705a3000 r--p 000af000 08:02 532089                     /usr/lib/x86_64-linux-gnu/libgdk-x11-2.0.so.0.2400.31
7fa1705a3000-7fa1705a5000 rw-p 000b3000 08:02 532089                     /usr/lib/x86_64-linux-gnu/libgdk-x11-2.0.so.0.2400.31
7fa1705a5000-7fa1709e1000 r-xp 00000000 08:02 536898                     /usr/lib/x86_64-linux-gnu/libgtk-x11-2.0.so.0.2400.31
7fa1709e1000-7fa170be0000 ---p 0043c000 08:02 536898                     /usr/lib/x86_64-linux-gnu/libgtk-x11-2.0.so.0.2400.31
7fa170be0000-7fa170be7000 r--p 0043b000 08:02 536898                     /usr/lib/x86_64-linux-gnu/libgtk-x11-2.0.so.0.2400.31
7fa170be7000-7fa170beb000 rw-p 00442000 08:02 536898                     /usr/lib/x86_64-linux-gnu/libgtk-x11-2.0.so.0.2400.31
7fa170beb000-7fa170bee000 rw-p 00000000 00:00 0 
7fa170bee000-7fa1716fd000 r-xp 00000000 08:02 3286773                    /home/johan/Documents/JavaOpenCV/opencv-3.2.0/build/lib/libopencv_core.so.3.2.0
7fa1716fd000-7fa1718fc000 ---p 00b0f000 08:02 3286773                    /home/johan/Documents/JavaOpenCV/opencv-3.2.0/build/lib/libopencv_core.so.3.2.0
7fa1718fc000-7fa171904000 r--p 00b0e000 08:02 3286773                    /home/johan/Documents/JavaOpenCV/opencv-3.2.0/build/lib/libopencv_core.so.3.2.0
7fa171904000-7fa171932000 rw-p 00b16000 08:02 3286773                    /home/johan/Documents/JavaOpenCV/opencv-3.2.0/build/lib/libopencv_core.so.3.2.0
7fa171932000-7fa171934000 rw-p 00000000 00:00 0 
7fa171934000-7fa172e9c000 r-xp 00000000 08:02 3286865                    /home/johan/Documents/JavaOpenCV/opencv-3.2.0/build/lib/libopencv_imgproc.so.3.2.0
7fa172e9c000-7fa17309b000 ---p 01568000 08:02 3286865                    /home/johan/Documents/JavaOpenCV/opencv-3.2.0/build/lib/libopencv_imgproc.so.3.2.0
7fa17309b000-7fa1730a4000 r--p 01567000 08:02 3286865                    /home/johan/Documents/JavaOpenCV/opencv-3.2.0/build/lib/libopencv_imgproc.so.3.2.0
7fa1730a4000-7fa1730c5000 rw-p 01570000 08:02 3286865                    /home/johan/Documents/JavaOpenCV/opencv-3.2.0/build/lib/libopencv_imgproc.so.3.2.0
7fa1730c5000-7fa17315c000 rw-p 00000000 00:00 0 
7fa17315c000-7fa1734a3000 r-xp 00000000 08:02 3286918                    /home/johan/Documents/JavaOpenCV/opencv-3.2.0/build/lib/libopencv_imgcodecs.so.3.2.0
7fa1734a3000-7fa1736a3000 ---p 00347000 08:02 3286918                    /home/johan/Documents/JavaOpenCV/opencv-3.2.0/build/lib/libopencv_imgcodecs.so.3.2.0
7fa1736a3000-7fa1736a9000 r--p 00347000 08:02 3286918                    /home/johan/Documents/JavaOpenCV/opencv-3.2.0/build/lib/libopencv_imgcodecs.so.3.2.0
7fa1736a9000-7fa1736b1000 rw-p 0034d000 08:02 3286918                    /home/johan/Documents/JavaOpenCV/opencv-3.2.0/build/lib/libopencv_imgcodecs.so.3.2.0
7fa1736b1000-7fa1736bc000 rw-p 00000000 00:00 0 
7fa1736bc000-7fa1736de000 r-xp 00000000 08:02 3286943                    /home/johan/Documents/JavaOpenCV/opencv-3.2.0/build/lib/libopencv_videoio.so.3.2.0
7fa1736de000-7fa1738dd000 ---p 00022000 08:02 3286943                    /home/johan/Documents/JavaOpenCV/opencv-3.2.0/build/lib/libopencv_videoio.so.3.2.0
7fa1738dd000-7fa1738de000 r--p 00021000 08:02 3286943                    /home/johan/Documents/JavaOpenCV/opencv-3.2.0/build/lib/libopencv_videoio.so.3.2.0
7fa1738de000-7fa1738df000 rw-p 00022000 08:02 3286943                    /home/johan/Documents/JavaOpenCV/opencv-3.2.0/build/lib/libopencv_videoio.so.3.2.0
7fa1738df000-7fa1738e1000 rw-p 00000000 00:00 0 
7fa1738e1000-7fa1738ec000 r-xp 00000000 08:02 3286966                    /home/johan/Documents/JavaOpenCV/opencv-3.2.0/build/lib/libopencv_highgui.so.3.2.0
7fa1738ec000-7fa173aec000 ---p 0000b000 08:02 3286966                    /home/johan/Documents/JavaOpenCV/opencv-3.2.0/build/lib/libopencv_highgui.so.3.2.0
7fa173aec000-7fa173aed000 r--p 0000b000 08:02 3286966                    /home/johan/Documents/JavaOpenCV/opencv-3.2.0/build/lib/libopencv_highgui.so.3.2.0
7fa173aed000-7fa173aee000 rw-p 0000c000 08:02 3286966                    /home/johan/Documents/JavaOpenCV/opencv-3.2.0/build/lib/libopencv_highgui.so.3.2.0
7fa173aee000-7fa173ba9000 r-xp 00000000 08:02 3286850                    /home/johan/Documents/JavaOpenCV/opencv-3.2.0/build/lib/libopencv_ml.so.3.2.0
7fa173ba9000-7fa173da9000 ---p 000bb000 08:02 3286850                    /home/johan/Documents/JavaOpenCV/opencv-3.2.0/build/lib/libopencv_ml.so.3.2.0
7fa173da9000-7fa173dab000 r--p 000bb000 08:02 3286850                    /home/johan/Documents/JavaOpenCV/opencv-3.2.0/build/lib/libopencv_ml.so.3.2.0
7fa173dab000-7fa173dac000 rw-p 000bd000 08:02 3286850                    /home/johan/Documents/JavaOpenCV/opencv-3.2.0/build/lib/libopencv_ml.so.3.2.0
7fa173dac000-7fa173dfd000 r-xp 00000000 08:02 3286861                    /home/johan/Documents/JavaOpenCV/opencv-3.2.0/build/lib/libopencv_flann.so.3.2.0
7fa173dfd000-7fa173ffd000 ---p 00051000 08:02 3286861                    /home/johan/Documents/JavaOpenCV/opencv-3.2.0/build/lib/libopencv_flann.so.3.2.0
7fa173ffd000-7fa173fff000 r--p 00051000 08:02 3286861                    /home/johan/Documents/JavaOpenCV/opencv-3.2.0/build/lib/libopencv_flann.so.3.2.0
7fa173fff000-7fa174000000 rw-p 00053000 08:02 3286861                    /home/johan/Documents/JavaOpenCV/opencv-3.2.0/build/lib/libopencv_flann.so.3.2.0
7fa174000000-7fa174021000 rw-p 00000000 00:00 0 
7fa174021000-7fa178000000 ---p 00000000 00:00 0 
7fa178000000-7fa178021000 rw-p 00000000 00:00 0 
7fa178021000-7fa17c000000 ---p 00000000 00:00 0 
7fa17c000000-7fa17c0c2000 rw-p 00000000 00:00 0 
7fa17c0c2000-7fa180000000 ---p 00000000 00:00 0 
7fa180000000-7fa1801c7000 rw-p 00000000 00:00 0 
7fa1801c7000-7fa184000000 ---p 00000000 00:00 0 
7fa184000000-7fa184021000 rw-p 00000000 00:00 0 
7fa184021000-7fa188000000 ---p 00000000 00:00 0 
7fa188000000-7fa18811f000 rw-p 00000000 00:00 0 
7fa18811f000-7fa18c000000 ---p 00000000 00:00 0 
7fa18c000000-7fa18c021000 rw-p 00000000 00:00 0 
7fa18c021000-7fa190000000 ---p 00000000 00:00 0 
7fa190000000-7fa190051000 rw-p 00000000 00:00 0 
7fa190051000-7fa194000000 ---p 00000000 00:00 0 
7fa194000000-7fa194021000 rw-p 00000000 00:00 0 
7fa194021000-7fa198000000 ---p 00000000 00:00 0 
7fa198000000-7fa198021000 rw-p 00000000 00:00 0 
7fa198021000-7fa19c000000 ---p 00000000 00:00 0 
7fa19c039000-7fa19c03c000 ---p 00000000 00:00 0 
7fa19c03c000-7fa19c072000 rwxp 00000000 00:00 0 
7fa19c072000-7fa19c123000 r-xp 00000000 08:02 3287039                    /home/johan/Documents/JavaOpenCV/opencv-3.2.0/build/lib/libopencv_features2d.so.3.2.0
7fa19c123000-7fa19c323000 ---p 000b1000 08:02 3287039                    /home/johan/Documents/JavaOpenCV/opencv-3.2.0/build/lib/libopencv_features2d.so.3.2.0
7fa19c323000-7fa19c326000 r--p 000b1000 08:02 3287039                    /home/johan/Documents/JavaOpenCV/opencv-3.2.0/build/lib/libopencv_features2d.so.3.2.0
7fa19c326000-7fa19c328000 rw-p 000b4000 08:02 3287039                    /home/johan/Documents/JavaOpenCV/opencv-3.2.0/build/lib/libopencv_features2d.so.3.2.0
7fa19c328000-7fa19c48f000 r-xp 00000000 08:02 3287082                    /home/johan/Documents/JavaOpenCV/opencv-3.2.0/build/lib/libopencv_calib3d.so.3.2.0
7fa19c48f000-7fa19c68e000 ---p 00167000 08:02 3287082                    /home/johan/Documents/JavaOpenCV/opencv-3.2.0/build/lib/libopencv_calib3d.so.3.2.0
7fa19c68e000-7fa19c690000 r--p 00166000 08:02 3287082                    /home/johan/Documents/JavaOpenCV/opencv-3.2.0/build/lib/libopencv_calib3d.so.3.2.0
7fa19c690000-7fa19c692000 rw-p 00168000 08:02 3287082                    /home/johan/Documents/JavaOpenCV/opencv-3.2.0/build/lib/libopencv_calib3d.so.3.2.0
7fa19c692000-7fa19c6f2000 r-xp 00000000 08:02 3287042                    /home/johan/Documents/JavaOpenCV/opencv-3.2.0/build/lib/libopencv_objdetect.so.3.2.0
7fa19c6f2000-7fa19c8f2000 ---p 00060000 08:02 3287042                    /home/johan/Documents/JavaOpenCV/opencv-3.2.0/build/lib/libopencv_objdetect.so.3.2.0
7fa19c8f2000-7fa19c8f3000 r--p 00060000 08:02 3287042                    /home/johan/Documents/JavaOpenCV/opencv-3.2.0/build/lib/libopencv_objdetect.so.3.2.0
7fa19c8f3000-7fa19c8f4000 rw-p 00061000 08:02 3287042                    /home/johan/Documents/JavaOpenCV/opencv-3.2.0/build/lib/libopencv_objdetect.so.3.2.0
7fa19c8f4000-7fa19ca70000 r-xp 00000000 08:02 3286934                    /home/johan/Documents/JavaOpenCV/opencv-3.2.0/build/lib/libopencv_video.so.3.2.0
7fa19ca70000-7fa19cc6f000 ---p 0017c000 08:02 3286934                    /home/johan/Documents/JavaOpenCV/opencv-3.2.0/build/lib/libopencv_video.so.3.2.0
7fa19cc6f000-7fa19cc71000 r--p 0017b000 08:02 3286934                    /home/johan/Documents/JavaOpenCV/opencv-3.2.0/build/lib/libopencv_video.so.3.2.0
7fa19cc71000-7fa19cc74000 rw-p 0017d000 08:02 3286934                    /home/johan/Documents/JavaOpenCV/opencv-3.2.0/build/lib/libopencv_video.so.3.2.0
7fa19cc74000-7fa19ce5e000 r-xp 00000000 08:02 3287076                    /home/johan/Documents/JavaOpenCV/opencv-3.2.0/build/lib/libopencv_photo.so.3.2.0
7fa19ce5e000-7fa19d05e000 ---p 001ea000 08:02 3287076                    /home/johan/Documents/JavaOpenCV/opencv-3.2.0/build/lib/libopencv_photo.so.3.2.0
7fa19d05e000-7fa19d060000 r--p 001ea000 08:02 3287076                    /home/johan/Documents/JavaOpenCV/opencv-3.2.0/build/lib/libopencv_photo.so.3.2.0
7fa19d060000-7fa19d063000 rw-p 001ec000 08:02 3287076                    /home/johan/Documents/JavaOpenCV/opencv-3.2.0/build/lib/libopencv_photo.so.3.2.0
7fa19d063000-7fa19d124000 r-xp 00000000 08:02 3287753                    /home/johan/Documents/JavaOpenCV/opencv-3.2.0/build/lib/libopencv_java320.so
7fa19d124000-7fa19d323000 ---p 000c1000 08:02 3287753                    /home/johan/Documents/JavaOpenCV/opencv-3.2.0/build/lib/libopencv_java320.so
7fa19d323000-7fa19d324000 r--p 000c0000 08:02 3287753                    /home/johan/Documents/JavaOpenCV/opencv-3.2.0/build/lib/libopencv_java320.so
7fa19d324000-7fa19d326000 rw-p 000c1000 08:02 3287753                    /home/johan/Documents/JavaOpenCV/opencv-3.2.0/build/lib/libopencv_java320.so
7fa19d326000-7fa19d32b000 r-xp 00000000 08:02 531695                     /usr/lib/x86_64-linux-gnu/libXdmcp.so.6.0.0
7fa19d32b000-7fa19d52a000 ---p 00005000 08:02 531695                     /usr/lib/x86_64-linux-gnu/libXdmcp.so.6.0.0
7fa19d52a000-7fa19d52b000 r--p 00004000 08:02 531695                     /usr/lib/x86_64-linux-gnu/libXdmcp.so.6.0.0
7fa19d52b000-7fa19d52c000 rw-p 00005000 08:02 531695                     /usr/lib/x86_64-linux-gnu/libXdmcp.so.6.0.0
7fa19d52c000-7fa19d52f000 r-xp 00000000 08:02 531693                     /usr/lib/x86_64-linux-gnu/libXau.so.6.0.0
7fa19d52f000-7fa19d72e000 ---p 00003000 08:02 531693                     /usr/lib/x86_64-linux-gnu/libXau.so.6.0.0
7fa19d72e000-7fa19d72f000 r--p 00002000 08:02 531693                     /usr/lib/x86_64-linux-gnu/libXau.so.6.0.0
7fa19d72f000-7fa19d730000 rw-p 00003000 08:02 531693                     /usr/lib/x86_64-linux-gnu/libXau.so.6.0.0
7fa19d730000-7fa19d757000 r-xp 00000000 08:02 527662                     /usr/lib/x86_64-linux-gnu/libxcb.so.1.1.0
7fa19d757000-7fa19d956000 ---p 00027000 08:02 527662                     /usr/lib/x86_64-linux-gnu/libxcb.so.1.1.0
7fa19d956000-7fa19d957000 r--p 00026000 08:02 527662                     /usr/lib/x86_64-linux-gnu/libxcb.so.1.1.0
7fa19d957000-7fa19d958000 rw-p 00027000 08:02 527662                     /usr/lib/x86_64-linux-gnu/libxcb.so.1.1.0
7fa19d958000-7fa19d967000 r-xp 00000000 08:02 534159                     /usr/lib/x86_64-linux-gnu/libXi.so.6.1.0
7fa19d967000-7fa19db66000 ---p 0000f000 08:02 534159                     /usr/lib/x86_64-linux-gnu/libXi.so.6.1.0
7fa19db66000-7fa19db67000 r--p 0000e000 08:02 534159                     /usr/lib/x86_64-linux-gnu/libXi.so.6.1.0
7fa19db67000-7fa19db68000 rw-p 0000f000 08:02 534159                     /usr/lib/x86_64-linux-gnu/libXi.so.6.1.0
7fa19db68000-7fa19db6d000 r-xp 00000000 08:02 532095                     /usr/lib/x86_64-linux-gnu/libXtst.so.6.1.0
7fa19db6d000-7fa19dd6c000 ---p 00005000 08:02 532095                     /usr/lib/x86_64-linux-gnu/libXtst.so.6.1.0
7fa19dd6c000-7fa19dd6d000 r--p 00004000 08:02 532095                     /usr/lib/x86_64-linux-gnu/libXtst.so.6.1.0
7fa19dd6d000-7fa19dd6e000 rw-p 00005000 08:02 532095                     /usr/lib/x86_64-linux-gnu/libXtst.so.6.1.0
7fa19dd6e000-7fa19dd77000 r-xp 00000000 08:02 525053                     /usr/lib/x86_64-linux-gnu/libXrender.so.1.3.0
7fa19dd77000-7fa19df76000 ---p 00009000 08:02 525053                     /usr/lib/x86_64-linux-gnu/libXrender.so.1.3.0
7fa19df76000-7fa19df77000 r--p 00008000 08:02 525053                     /usr/lib/x86_64-linux-gnu/libXrender.so.1.3.0
7fa19df77000-7fa19df78000 rw-p 00009000 08:02 525053                     /usr/lib/x86_64-linux-gnu/libXrender.so.1.3.0
7fa19df78000-7fa19e0b2000 r-xp 00000000 08:02 575376                     /usr/lib/x86_64-linux-gnu/libX11.so.6.3.0
7fa19e0b2000-7fa19e2b2000 ---p 0013a000 08:02 575376                     /usr/lib/x86_64-linux-gnu/libX11.so.6.3.0
7fa19e2b2000-7fa19e2b3000 r--p 0013a000 08:02 575376                     /usr/lib/x86_64-linux-gnu/libX11.so.6.3.0
7fa19e2b3000-7fa19e2b8000 rw-p 0013b000 08:02 575376                     /usr/lib/x86_64-linux-gnu/libX11.so.6.3.0
7fa19e2b8000-7fa19e2c9000 r-xp 00000000 08:02 531704                     /usr/lib/x86_64-linux-gnu/libXext.so.6.4.0
7fa19e2c9000-7fa19e4c8000 ---p 00011000 08:02 531704                     /usr/lib/x86_64-linux-gnu/libXext.so.6.4.0
7fa19e4c8000-7fa19e4c9000 r--p 00010000 08:02 531704                     /usr/lib/x86_64-linux-gnu/libXext.so.6.4.0
7fa19e4c9000-7fa19e4ca000 rw-p 00011000 08:02 531704                     /usr/lib/x86_64-linux-gnu/libXext.so.6.4.0
7fa19e4f2000-7fa19e546000 r-xp 00000000 08:02 1188949                    /usr/lib/jvm/java-8-openjdk-amd64/jre/lib/amd64/libawt_xawt.so
7fa19e546000-7fa19e745000 ---p 00054000 08:02 1188949                    /usr/lib/jvm/java-8-openjdk-amd64/jre/lib/amd64/libawt_xawt.so
7fa19e745000-7fa19e746000 r--p 00053000 08:02 1188949                    /usr/lib/jvm/java-8-openjdk-amd64/jre/lib/amd64/libawt_xawt.so
7fa19e746000-7fa19e749000 rw-p 00054000 08:02 1188949                    /usr/lib/jvm/java-8-openjdk-amd64/jre/lib/amd64/libawt_xawt.so
7fa19e749000-7fa19e74a000 rw-p 00000000 00:00 0 
7fa19e74a000-7fa19e7ea000 r-xp 00000000 08:02 1188947                    /usr/lib/jvm/java-8-openjdk-amd64/jre/lib/amd64/libawt.so
7fa19e7ea000-7fa19e9ea000 ---p 000a0000 08:02 1188947                    /usr/lib/jvm/java-8-openjdk-amd64/jre/lib/amd64/libawt.so
7fa19e9ea000-7fa19e9eb000 r--p 000a0000 08:02 1188947                    /usr/lib/jvm/java-8-openjdk-amd64/jre/lib/amd64/libawt.so
7fa19e9eb000-7fa19e9f6000 rw-p 000a1000 08:02 1188947                    /usr/lib/jvm/java-8-openjdk-amd64/jre/lib/amd64/libawt.so
7fa19e9f6000-7fa19ea1b000 rw-p 00000000 00:00 0 
7fa19ea1b000-7fa19ea36000 r--s 001d6000 08:02 1188993                    /usr/lib/jvm/java-8-openjdk-amd64/jre/lib/ext/nashorn.jar
7fa19ea36000-7fa19ea51000 r--s 00394000 08:02 1188988                    /usr/lib/jvm/java-8-openjdk-amd64/jre/lib/ext/cldrdata.jar
7fa19ea51000-7fa19ea52000 ---p 00000000 00:00 0 
7fa19ea52000-7fa19ec53000 rwxp 00000000 00:00 0 
7fa19ec53000-7fa19ec54000 ---p 00000000 00:00 0 
7fa19ec54000-7fa19ed54000 rwxp 00000000 00:00 0 
7fa19ed54000-7fa19ed55000 ---p 00000000 00:00 0 
7fa19ed55000-7fa19ee55000 rwxp 00000000 00:00 0 
7fa19ee55000-7fa19ee56000 ---p 00000000 00:00 0 
7fa19ee56000-7fa19f057000 rwxp 00000000 00:00 0 
7fa19f057000-7fa19f1f2000 r--p 00000000 08:02 540112                     /usr/lib/locale/locale-archive
7fa19f1f2000-7fa19f3f4000 rwxp 00000000 00:00 0 
7fa19f3f4000-7fa19f3f5000 ---p 00000000 00:00 0 
7fa19f3f5000-7fa19f4f5000 rwxp 00000000 00:00 0 
7fa19f4f5000-7fa1a0000000 rw-p 00000000 00:00 0 
7fa1a0000000-7fa1a0021000 rw-p 00000000 00:00 0 
7fa1a0021000-7fa1a4000000 ---p 00000000 00:00 0 
7fa1a4000000-7fa1a4021000 rw-p 00000000 00:00 0 
7fa1a4021000-7fa1a8000000 ---p 00000000 00:00 0 
7fa1a8000000-7fa1a8021000 rw-p 00000000 00:00 0 
7fa1a8021000-7fa1ac000000 ---p 00000000 00:00 0 
7fa1ac005000-7fa1ac4da000 rw-p 00000000 00:00 0 
7fa1ac4da000-7fa1ac6a8000 r--s 03c06000 08:02 1189014                    /usr/lib/jvm/java-8-openjdk-amd64/jre/lib/rt.jar
7fa1ac6a8000-7fa1b1000000 rw-p 00000000 00:00 0 
7fa1b1000000-7fa1b12f0000 rwxp 00000000 00:00 0 
7fa1b12f0000-7fa1c0000000 ---p 00000000 00:00 0 
7fa1c0000000-7fa1c352e000 rw-p 00000000 00:00 0 
7fa1c352e000-7fa1c4000000 ---p 00000000 00:00 0 
7fa1c4003000-7fa1c4007000 r--s 0009a000 08:02 1189009                    /usr/lib/jvm/java-8-openjdk-amd64/jre/lib/jsse.jar
7fa1c4007000-7fa1c401a000 r--s 00346000 08:02 1189013                    /usr/lib/jvm/java-8-openjdk-amd64/jre/lib/resources.jar
7fa1c401a000-7fa1c4090000 rw-p 00000000 00:00 0 
7fa1c4090000-7fa1c4091000 ---p 00000000 00:00 0 
7fa1c4091000-7fa1c4191000 rwxp 00000000 00:00 0 
7fa1c4191000-7fa1c4192000 ---p 00000000 00:00 0 
7fa1c4192000-7fa1c4292000 rwxp 00000000 00:00 0 
7fa1c4292000-7fa1c4293000 ---p 00000000 00:00 0 
7fa1c4293000-7fa1c4393000 rwxp 00000000 00:00 0 
7fa1c4393000-7fa1c4394000 ---p 00000000 00:00 0 
7fa1c4394000-7fa1c4494000 rwxp 00000000 00:00 0 
7fa1c4494000-7fa1c44be000 rw-p 00000000 00:00 0 
7fa1c44be000-7fa1c4724000 ---p 00000000 00:00 0 
7fa1c4724000-7fa1c474e000 rw-p 00000000 00:00 0 
7fa1c474e000-7fa1c49b4000 ---p 00000000 00:00 0 
7fa1c49b4000-7fa1c4a35000 rw-p 00000000 00:00 0 
7fa1c4a35000-7fa1c4afc000 ---p 00000000 00:00 0 
7fa1c4afc000-7fa1c4b09000 rw-p 00000000 00:00 0 
7fa1c4b09000-7fa1c4ebd000 ---p 00000000 00:00 0 
7fa1c4ebd000-7fa1c4ec5000 r-xp 00000000 08:02 1188977                    /usr/lib/jvm/java-8-openjdk-amd64/jre/lib/amd64/libzip.so
7fa1c4ec5000-7fa1c50c4000 ---p 00008000 08:02 1188977                    /usr/lib/jvm/java-8-openjdk-amd64/jre/lib/amd64/libzip.so
7fa1c50c4000-7fa1c50c5000 r--p 00007000 08:02 1188977                    /usr/lib/jvm/java-8-openjdk-amd64/jre/lib/amd64/libzip.so
7fa1c50c5000-7fa1c50c6000 rw-p 00008000 08:02 1188977                    /usr/lib/jvm/java-8-openjdk-amd64/jre/lib/amd64/libzip.so
7fa1c50c6000-7fa1c50d0000 r-xp 00000000 08:02 3414736                    /lib/x86_64-linux-gnu/libnss_files-2.24.so
7fa1c50d0000-7fa1c52d0000 ---p 0000a000 08:02 3414736                    /lib/x86_64-linux-gnu/libnss_files-2.24.so
7fa1c52d0000-7fa1c52d1000 r--p 0000a000 08:02 3414736                    /lib/x86_64-linux-gnu/libnss_files-2.24.so
7fa1c52d1000-7fa1c52d2000 rw-p 0000b000 08:02 3414736                    /lib/x86_64-linux-gnu/libnss_files-2.24.so
7fa1c52d2000-7fa1c52d8000 rw-p 00000000 00:00 0 
7fa1c52d8000-7fa1c52e3000 r-xp 00000000 08:02 3414738                    /lib/x86_64-linux-gnu/libnss_nis-2.24.so
7fa1c52e3000-7fa1c54e2000 ---p 0000b000 08:02 3414738                    /lib/x86_64-linux-gnu/libnss_nis-2.24.so
7fa1c54e2000-7fa1c54e3000 r--p 0000a000 08:02 3414738                    /lib/x86_64-linux-gnu/libnss_nis-2.24.so
7fa1c54e3000-7fa1c54e4000 rw-p 0000b000 08:02 3414738                    /lib/x86_64-linux-gnu/libnss_nis-2.24.so
7fa1c54e4000-7fa1c54f8000 r-xp 00000000 08:02 3414733                    /lib/x86_64-linux-gnu/libnsl-2.24.so
7fa1c54f8000-7fa1c56f8000 ---p 00014000 08:02 3414733                    /lib/x86_64-linux-gnu/libnsl-2.24.so
7fa1c56f8000-7fa1c56f9000 r--p 00014000 08:02 3414733                    /lib/x86_64-linux-gnu/libnsl-2.24.so
7fa1c56f9000-7fa1c56fa000 rw-p 00015000 08:02 3414733                    /lib/x86_64-linux-gnu/libnsl-2.24.so
7fa1c56fa000-7fa1c56fc000 rw-p 00000000 00:00 0 
7fa1c56fc000-7fa1c5703000 r-xp 00000000 08:02 3414734                    /lib/x86_64-linux-gnu/libnss_compat-2.24.so
7fa1c5703000-7fa1c5902000 ---p 00007000 08:02 3414734                    /lib/x86_64-linux-gnu/libnss_compat-2.24.so
7fa1c5902000-7fa1c5903000 r--p 00006000 08:02 3414734                    /lib/x86_64-linux-gnu/libnss_compat-2.24.so
7fa1c5903000-7fa1c5904000 rw-p 00007000 08:02 3414734                    /lib/x86_64-linux-gnu/libnss_compat-2.24.so
7fa1c5904000-7fa1c5931000 r-xp 00000000 08:02 1188958                    /usr/lib/jvm/java-8-openjdk-amd64/jre/lib/amd64/libjava.so
7fa1c5931000-7fa1c5b30000 ---p 0002d000 08:02 1188958                    /usr/lib/jvm/java-8-openjdk-amd64/jre/lib/amd64/libjava.so
7fa1c5b30000-7fa1c5b31000 r--p 0002c000 08:02 1188958                    /usr/lib/jvm/java-8-openjdk-amd64/jre/lib/amd64/libjava.so
7fa1c5b31000-7fa1c5b33000 rw-p 0002d000 08:02 1188958                    /usr/lib/jvm/java-8-openjdk-amd64/jre/lib/amd64/libjava.so
7fa1c5b33000-7fa1c5b42000 r-xp 00000000 08:02 1188976                    /usr/lib/jvm/java-8-openjdk-amd64/jre/lib/amd64/libverify.so
7fa1c5b42000-7fa1c5d41000 ---p 0000f000 08:02 1188976                    /usr/lib/jvm/java-8-openjdk-amd64/jre/lib/amd64/libverify.so
7fa1c5d41000-7fa1c5d43000 r--p 0000e000 08:02 1188976                    /usr/lib/jvm/java-8-openjdk-amd64/jre/lib/amd64/libverify.so
7fa1c5d43000-7fa1c5d44000 rw-p 00010000 08:02 1188976                    /usr/lib/jvm/java-8-openjdk-amd64/jre/lib/amd64/libverify.so
7fa1c5d44000-7fa1c5d4b000 r-xp 00000000 08:02 3414743                    /lib/x86_64-linux-gnu/librt-2.24.so
7fa1c5d4b000-7fa1c5f4a000 ---p 00007000 08:02 3414743                    /lib/x86_64-linux-gnu/librt-2.24.so
7fa1c5f4a000-7fa1c5f4b000 r--p 00006000 08:02 3414743                    /lib/x86_64-linux-gnu/librt-2.24.so
7fa1c5f4b000-7fa1c5f4c000 rw-p 00007000 08:02 3414743                    /lib/x86_64-linux-gnu/librt-2.24.so
7fa1c5f4c000-7fa1c5f62000 r-xp 00000000 08:02 3408375                    /lib/x86_64-linux-gnu/libgcc_s.so.1
7fa1c5f62000-7fa1c6161000 ---p 00016000 08:02 3408375                    /lib/x86_64-linux-gnu/libgcc_s.so.1
7fa1c6161000-7fa1c6162000 r--p 00015000 08:02 3408375                    /lib/x86_64-linux-gnu/libgcc_s.so.1
7fa1c6162000-7fa1c6163000 rw-p 00016000 08:02 3408375                    /lib/x86_64-linux-gnu/libgcc_s.so.1
7fa1c6163000-7fa1c6266000 r-xp 00000000 08:02 3414730                    /lib/x86_64-linux-gnu/libm-2.24.so
7fa1c6266000-7fa1c6465000 ---p 00103000 08:02 3414730                    /lib/x86_64-linux-gnu/libm-2.24.so
7fa1c6465000-7fa1c6466000 r--p 00102000 08:02 3414730                    /lib/x86_64-linux-gnu/libm-2.24.so
7fa1c6466000-7fa1c6467000 rw-p 00103000 08:02 3414730                    /lib/x86_64-linux-gnu/libm-2.24.so
7fa1c6467000-7fa1c65d9000 r-xp 00000000 08:02 524999                     /usr/lib/x86_64-linux-gnu/libstdc++.so.6.0.22
7fa1c65d9000-7fa1c67d9000 ---p 00172000 08:02 524999                     /usr/lib/x86_64-linux-gnu/libstdc++.so.6.0.22
7fa1c67d9000-7fa1c67e3000 r--p 00172000 08:02 524999                     /usr/lib/x86_64-linux-gnu/libstdc++.so.6.0.22
7fa1c67e3000-7fa1c67e5000 rw-p 0017c000 08:02 524999                     /usr/lib/x86_64-linux-gnu/libstdc++.so.6.0.22
7fa1c67e5000-7fa1c67e9000 rw-p 00000000 00:00 0 
7fa1c67e9000-7fa1c743e000 r-xp 00000000 08:02 1188979                    /usr/lib/jvm/java-8-openjdk-amd64/jre/lib/amd64/server/libjvm.so
7fa1c743e000-7fa1c763e000 ---p 00c55000 08:02 1188979                    /usr/lib/jvm/java-8-openjdk-amd64/jre/lib/amd64/server/libjvm.so
7fa1c763e000-7fa1c76d1000 r--p 00c55000 08:02 1188979                    /usr/lib/jvm/java-8-openjdk-amd64/jre/lib/amd64/server/libjvm.so
7fa1c76d1000-7fa1c76fa000 rw-p 00ce8000 08:02 1188979                    /usr/lib/jvm/java-8-openjdk-amd64/jre/lib/amd64/server/libjvm.so
7fa1c76fa000-7fa1c772a000 rw-p 00000000 00:00 0 
7fa1c772a000-7fa1c78bf000 r-xp 00000000 08:02 3414726                    /lib/x86_64-linux-gnu/libc-2.24.so
7fa1c78bf000-7fa1c7abe000 ---p 00195000 08:02 3414726                    /lib/x86_64-linux-gnu/libc-2.24.so
7fa1c7abe000-7fa1c7ac2000 r--p 00194000 08:02 3414726                    /lib/x86_64-linux-gnu/libc-2.24.so
7fa1c7ac2000-7fa1c7ac4000 rw-p 00198000 08:02 3414726                    /lib/x86_64-linux-gnu/libc-2.24.so
7fa1c7ac4000-7fa1c7ac8000 rw-p 00000000 00:00 0 
7fa1c7ac8000-7fa1c7aca000 r-xp 00000000 08:02 3414729                    /lib/x86_64-linux-gnu/libdl-2.24.so
7fa1c7aca000-7fa1c7cca000 ---p 00002000 08:02 3414729                    /lib/x86_64-linux-gnu/libdl-2.24.so
7fa1c7cca000-7fa1c7ccb000 r--p 00002000 08:02 3414729                    /lib/x86_64-linux-gnu/libdl-2.24.so
7fa1c7ccb000-7fa1c7ccc000 rw-p 00003000 08:02 3414729                    /lib/x86_64-linux-gnu/libdl-2.24.so
7fa1c7ccc000-7fa1c7cd9000 r-xp 00000000 08:02 1188942                    /usr/lib/jvm/java-8-openjdk-amd64/jre/lib/amd64/jli/libjli.so
7fa1c7cd9000-7fa1c7ed9000 ---p 0000d000 08:02 1188942                    /usr/lib/jvm/java-8-openjdk-amd64/jre/lib/amd64/jli/libjli.so
7fa1c7ed9000-7fa1c7eda000 r--p 0000d000 08:02 1188942                    /usr/lib/jvm/java-8-openjdk-amd64/jre/lib/amd64/jli/libjli.so
7fa1c7eda000-7fa1c7edb000 rw-p 0000e000 08:02 1188942                    /usr/lib/jvm/java-8-openjdk-amd64/jre/lib/amd64/jli/libjli.so
7fa1c7edb000-7fa1c7ef4000 r-xp 00000000 08:02 3408105                    /lib/x86_64-linux-gnu/libz.so.1.2.8
7fa1c7ef4000-7fa1c80f3000 ---p 00019000 08:02 3408105                    /lib/x86_64-linux-gnu/libz.so.1.2.8
7fa1c80f3000-7fa1c80f4000 r--p 00018000 08:02 3408105                    /lib/x86_64-linux-gnu/libz.so.1.2.8
7fa1c80f4000-7fa1c80f5000 rw-p 00019000 08:02 3408105                    /lib/x86_64-linux-gnu/libz.so.1.2.8
7fa1c80f5000-7fa1c810d000 r-xp 00000000 08:02 3414741                    /lib/x86_64-linux-gnu/libpthread-2.24.so
7fa1c810d000-7fa1c830c000 ---p 00018000 08:02 3414741                    /lib/x86_64-linux-gnu/libpthread-2.24.so
7fa1c830c000-7fa1c830d000 r--p 00017000 08:02 3414741                    /lib/x86_64-linux-gnu/libpthread-2.24.so
7fa1c830d000-7fa1c830e000 rw-p 00018000 08:02 3414741                    /lib/x86_64-linux-gnu/libpthread-2.24.so
7fa1c830e000-7fa1c8312000 rw-p 00000000 00:00 0 
7fa1c8312000-7fa1c8335000 r-xp 00000000 08:02 3414713                    /lib/x86_64-linux-gnu/ld-2.24.so
7fa1c8337000-7fa1c833c000 r--s 00055000 08:02 3287464                    /home/johan/Documents/JavaOpenCV/opencv-3.2.0/build/bin/opencv-320.jar
7fa1c833c000-7fa1c8407000 rw-p 00000000 00:00 0 
7fa1c8407000-7fa1c8408000 ---p 00000000 00:00 0 
7fa1c8408000-7fa1c8508000 rwxp 00000000 00:00 0 
7fa1c8508000-7fa1c850a000 rw-p 00000000 00:00 0 
7fa1c850a000-7fa1c8514000 r--s 00116000 08:02 1188992                    /usr/lib/jvm/java-8-openjdk-amd64/jre/lib/ext/localedata.jar
7fa1c8514000-7fa1c8517000 r--s 0000f000 08:02 1188990                    /usr/lib/jvm/java-8-openjdk-amd64/jre/lib/ext/icedtea-sound.jar
7fa1c8517000-7fa1c8518000 r--s 0000a000 08:02 1188991                    /usr/lib/jvm/java-8-openjdk-amd64/jre/lib/ext/jaccess.jar
7fa1c8518000-7fa1c851a000 r--s 00008000 08:02 1188994                    /usr/lib/jvm/java-8-openjdk-amd64/jre/lib/ext/sunec.jar
7fa1c851a000-7fa1c851c000 r--s 00001000 08:02 1188989                    /usr/lib/jvm/java-8-openjdk-amd64/jre/lib/ext/dnsns.jar
7fa1c851c000-7fa1c8521000 r--s 0003b000 08:02 1188995                    /usr/lib/jvm/java-8-openjdk-amd64/jre/lib/ext/sunjce_provider.jar
7fa1c8521000-7fa1c8523000 r--s 00007000 08:02 1050515                    /usr/share/java/java-atk-wrapper.jar
7fa1c8523000-7fa1c8527000 r--s 00037000 08:02 1188996                    /usr/lib/jvm/java-8-openjdk-amd64/jre/lib/ext/sunpkcs11.jar
7fa1c8527000-7fa1c8528000 r--s 00010000 08:02 1188997                    /usr/lib/jvm/java-8-openjdk-amd64/jre/lib/ext/zipfs.jar
7fa1c8528000-7fa1c8530000 rw-s 00000000 08:02 12976366                   /tmp/hsperfdata_johan/5390
7fa1c8530000-7fa1c8531000 rw-p 00000000 00:00 0 
7fa1c8531000-7fa1c8532000 r--p 00000000 00:00 0 
7fa1c8532000-7fa1c8535000 rw-p 00000000 00:00 0 
7fa1c8535000-7fa1c8536000 r--p 00023000 08:02 3414713                    /lib/x86_64-linux-gnu/ld-2.24.so
7fa1c8536000-7fa1c8537000 rw-p 00024000 08:02 3414713                    /lib/x86_64-linux-gnu/ld-2.24.so
7fa1c8537000-7fa1c8538000 rw-p 00000000 00:00 0 
7fff8c9cf000-7fff8c9ee000 rwxp 00000000 00:00 0                          [stack]
7fff8c9ee000-7fff8c9f0000 rw-p 00000000 00:00 0 
7fff8c9f6000-7fff8c9f8000 r--p 00000000 00:00 0                          [vvar]
7fff8c9f8000-7fff8c9fa000 r-xp 00000000 00:00 0                          [vdso]
ffffffffff600000-ffffffffff601000 r-xp 00000000 00:00 0                  [vsyscall]

VM Arguments:
jvm_args: -ea -Djava.library.path=/home/johan/Documents/JavaOpenCV/opencv-3.2.0/build/lib -Dfile.encoding=UTF-8 
java_command: handtrack.Video
java_class_path (initial): /home/johan/workspaceHCI/HandRecognition/bin:/home/johan/Documents/JavaOpenCV/opencv-3.2.0/build/bin/opencv-320.jar
Launcher Type: SUN_STANDARD

Environment Variables:
JAVA_HOME=/usr/local/java/jdk1.8.0_121
PATH=/home/johan/bin:/home/johan/.local/bin:/usr/local/java/jdk1.8.0_121/bin:/usr/local/bin:/usr/bin:/bin:/usr/local/games:/usr/games
USERNAME=johan
SHELL=/bin/bash
DISPLAY=:0

Signal Handlers:
SIGSEGV: [libjvm.so+0xa6c7e0], sa_mask[0]=11111111011111111101111111111110, sa_flags=SA_RESTART|SA_SIGINFO
SIGBUS: [libjvm.so+0xa6c7e0], sa_mask[0]=11111111011111111101111111111110, sa_flags=SA_RESTART|SA_SIGINFO
SIGFPE: [libjvm.so+0x8b64a0], sa_mask[0]=11111111011111111101111111111110, sa_flags=SA_RESTART|SA_SIGINFO
SIGPIPE: [libjvm.so+0x8b64a0], sa_mask[0]=11111111011111111101111111111110, sa_flags=SA_RESTART|SA_SIGINFO
SIGXFSZ: [libjvm.so+0x8b64a0], sa_mask[0]=11111111011111111101111111111110, sa_flags=SA_RESTART|SA_SIGINFO
SIGILL: [libjvm.so+0x8b64a0], sa_mask[0]=11111111011111111101111111111110, sa_flags=SA_RESTART|SA_SIGINFO
SIGUSR1: SIG_DFL, sa_mask[0]=00000000000000000000000000000000, sa_flags=none
SIGUSR2: [libjvm.so+0x8b6350], sa_mask[0]=00100000000000000000000000000000, sa_flags=SA_RESTART|SA_SIGINFO
SIGHUP: [libjvm.so+0x8b6800], sa_mask[0]=11111111011111111101111111111110, sa_flags=SA_RESTART|SA_SIGINFO
SIGINT: [libjvm.so+0x8b6800], sa_mask[0]=11111111011111111101111111111110, sa_flags=SA_RESTART|SA_SIGINFO
SIGTERM: [libjvm.so+0x8b6800], sa_mask[0]=11111111011111111101111111111110, sa_flags=SA_RESTART|SA_SIGINFO
SIGQUIT: [libjvm.so+0x8b6800], sa_mask[0]=11111111011111111101111111111110, sa_flags=SA_RESTART|SA_SIGINFO


---------------  S Y S T E M  ---------------

OS:PRETTY_NAME="Debian GNU/Linux 9 (stretch)"
NAME="Debian GNU/Linux"
VERSION_ID="9"
VERSION="9 (stretch)"
ID=debian
HOME_URL="https://www.debian.org/"
SUPPORT_URL="https://www.debian.org/support"
BUG_REPORT_URL="https://bugs.debian.org/"

uname:Linux 4.9.0-1-amd64 #1 SMP Debian 4.9.6-3 (2017-01-28) x86_64
libc:glibc 2.24 NPTL 2.24 
rlimit: STACK 8192k, CORE 0k, NPROC 31068, NOFILE 4096, AS infinity
load average:2.34 2.18 2.09

/proc/meminfo:
MemTotal:        8055452 kB
MemFree:         2689972 kB
MemAvailable:    4272592 kB
Buffers:          206856 kB
Cached:          1830760 kB
SwapCached:            0 kB
Active:          3407496 kB
Inactive:        1528372 kB
Active(anon):    2563972 kB
Inactive(anon):   752644 kB
Active(file):     843524 kB
Inactive(file):   775728 kB
Unevictable:         208 kB
Mlocked:             208 kB
SwapTotal:       8264700 kB
SwapFree:        8264700 kB
Dirty:              7876 kB
Writeback:             0 kB
AnonPages:       2898568 kB
Mapped:           397208 kB
Shmem:            418336 kB
Slab:             320860 kB
SReclaimable:     268100 kB
SUnreclaim:        52760 kB
KernelStack:       10256 kB
PageTables:        38388 kB
NFS_Unstable:          0 kB
Bounce:                0 kB
WritebackTmp:          0 kB
CommitLimit:    12292424 kB
Committed_AS:    6961012 kB
VmallocTotal:   34359738367 kB
VmallocUsed:           0 kB
VmallocChunk:          0 kB
HardwareCorrupted:     0 kB
AnonHugePages:         0 kB
ShmemHugePages:        0 kB
ShmemPmdMapped:        0 kB
HugePages_Total:       0
HugePages_Free:        0
HugePages_Rsvd:        0
HugePages_Surp:        0
Hugepagesize:       2048 kB
DirectMap4k:      155304 kB
DirectMap2M:     4964352 kB
DirectMap1G:     3145728 kB


CPU:total 4 (2 cores per cpu, 2 threads per core) family 6 model 61 stepping 4, cmov, cx8, fxsr, mmx, sse, sse2, sse3, ssse3, sse4.1, sse4.2, popcnt, avx, avx2, aes, clmul, erms, rtm, 3dnowpref, lzcnt, ht, tsc, tscinvbit, bmi1, bmi2, adx

/proc/cpuinfo:
processor	: 0
vendor_id	: GenuineIntel
cpu family	: 6
model		: 61
model name	: Intel(R) Core(TM) i5-5300U CPU @ 2.30GHz
stepping	: 4
microcode	: 0x23
cpu MHz		: 2699.945
cache size	: 3072 KB
physical id	: 0
siblings	: 4
core id		: 0
cpu cores	: 2
apicid		: 0
initial apicid	: 0
fpu		: yes
fpu_exception	: yes
cpuid level	: 20
wp		: yes
flags		: fpu vme de pse tsc msr pae mce cx8 apic sep mtrr pge mca cmov pat pse36 clflush dts acpi mmx fxsr sse sse2 ss ht tm pbe syscall nx pdpe1gb rdtscp lm constant_tsc arch_perfmon pebs bts rep_good nopl xtopology nonstop_tsc aperfmperf eagerfpu pni pclmulqdq dtes64 monitor ds_cpl vmx smx est tm2 ssse3 sdbg fma cx16 xtpr pdcm pcid sse4_1 sse4_2 x2apic movbe popcnt tsc_deadline_timer aes xsave avx f16c rdrand lahf_lm abm 3dnowprefetch epb intel_pt tpr_shadow vnmi flexpriority ept vpid fsgsbase tsc_adjust bmi1 hle avx2 smep bmi2 erms invpcid rtm rdseed adx smap xsaveopt dtherm ida arat pln pts
bugs		:
bogomips	: 4589.34
clflush size	: 64
cache_alignment	: 64
address sizes	: 39 bits physical, 48 bits virtual
power management:

processor	: 1
vendor_id	: GenuineIntel
cpu family	: 6
model		: 61
model name	: Intel(R) Core(TM) i5-5300U CPU @ 2.30GHz
stepping	: 4
microcode	: 0x23
cpu MHz		: 2699.945
cache size	: 3072 KB
physical id	: 0
siblings	: 4
core id		: 0
cpu cores	: 2
apicid		: 1
initial apicid	: 1
fpu		: yes
fpu_exception	: yes
cpuid level	: 20
wp		: yes
flags		: fpu vme de pse tsc msr pae mce cx8 apic sep mtrr pge mca cmov pat pse36 clflush dts acpi mmx fxsr sse sse2 ss ht tm pbe syscall nx pdpe1gb rdtscp lm constant_tsc arch_perfmon pebs bts rep_good nopl xtopology nonstop_tsc aperfmperf eagerfpu pni pclmulqdq dtes64 monitor ds_cpl vmx smx est tm2 ssse3 sdbg fma cx16 xtpr pdcm pcid sse4_1 sse4_2 x2apic movbe popcnt tsc_deadline_timer aes xsave avx f16c rdrand lahf_lm abm 3dnowprefetch epb intel_pt tpr_shadow vnmi flexpriority ept vpid fsgsbase tsc_adjust bmi1 hle avx2 smep bmi2 erms invpcid rtm rdseed adx smap xsaveopt dtherm ida arat pln pts
bugs		:
bogomips	: 4590.81
clflush size	: 64
cache_alignment	: 64
address sizes	: 39 bits physical, 48 bits virtual
power management:

processor	: 2
vendor_id	: GenuineIntel
cpu family	: 6
model		: 61
model name	: Intel(R) Core(TM) i5-5300U CPU @ 2.30GHz
stepping	: 4
microcode	: 0x23
cpu MHz		: 2766.906
cache size	: 3072 KB
physical id	: 0
siblings	: 4
core id		: 1
cpu cores	: 2
apicid		: 2
initial apicid	: 2
fpu		: yes
fpu_exception	: yes
cpuid level	: 20
wp		: yes
flags		: fpu vme de pse tsc msr pae mce cx8 apic sep mtrr pge mca cmov pat pse36 clflush dts acpi mmx fxsr sse sse2 ss ht tm pbe syscall nx pdpe1gb rdtscp lm constant_tsc arch_perfmon pebs bts rep_good nopl xtopology nonstop_tsc aperfmperf eagerfpu pni pclmulqdq dtes64 monitor ds_cpl vmx smx est tm2 ssse3 sdbg fma cx16 xtpr pdcm pcid sse4_1 sse4_2 x2apic movbe popcnt tsc_deadline_timer aes xsave avx f16c rdrand lahf_lm abm 3dnowprefetch epb intel_pt tpr_shadow vnmi flexpriority ept vpid fsgsbase tsc_adjust bmi1 hle avx2 smep bmi2 erms invpcid rtm rdseed adx smap xsaveopt dtherm ida arat pln pts
bugs		:
bogomips	: 4590.40
clflush size	: 64
cache_alignment	: 64
address sizes	: 39 bits physical, 48 bits virtual
power management:

processor	: 3
vendor_id	: GenuineIntel
cpu family	: 6
model		: 61
model name	: Intel(R) Core(TM) i5-5300U CPU @ 2.30GHz
stepping	: 4
microcode	: 0x23
cpu MHz		: 2701.068
cache size	: 3072 KB
physical id	: 0
siblings	: 4
core id		: 1
cpu cores	: 2
apicid		: 3
initial apicid	: 3
fpu		: yes
fpu_exception	: yes
cpuid level	: 20
wp		: yes
flags		: fpu vme de pse tsc msr pae mce cx8 apic sep mtrr pge mca cmov pat pse36 clflush dts acpi mmx fxsr sse sse2 ss ht tm pbe syscall nx pdpe1gb rdtscp lm constant_tsc arch_perfmon pebs bts rep_good nopl xtopology nonstop_tsc aperfmperf eagerfpu pni pclmulqdq dtes64 monitor ds_cpl vmx smx est tm2 ssse3 sdbg fma cx16 xtpr pdcm pcid sse4_1 sse4_2 x2apic movbe popcnt tsc_deadline_timer aes xsave avx f16c rdrand lahf_lm abm 3dnowprefetch epb intel_pt tpr_shadow vnmi flexpriority ept vpid fsgsbase tsc_adjust bmi1 hle avx2 smep bmi2 erms invpcid rtm rdseed adx smap xsaveopt dtherm ida arat pln pts
bugs		:
bogomips	: 4590.43
clflush size	: 64
cache_alignment	: 64
address sizes	: 39 bits physical, 48 bits virtual
power management:



Memory: 4k page, physical 8055452k(2689972k free), swap 8264700k(8264700k free)

vm_info: OpenJDK 64-Bit Server VM (25.121-b13) for linux-amd64 JRE (1.8.0_121-8u121-b13-3-b13), built on Feb  8 2017 06:24:13 by "buildd" with gcc 6.3.0 20170124

time: Wed Feb 22 17:22:50 2017
elapsed time: 12 seconds (0d 0h 0m 12s)

