#
# A fatal error has been detected by the Java Runtime Environment:
#
#  SIGSEGV (0xb) at pc=0x00007f9b6f189dc5, pid=4530, tid=0x00007f9bc0642700
#
# JRE version: OpenJDK Runtime Environment (8.0_121-b13) (build 1.8.0_121-8u121-b13-3-b13)
# Java VM: OpenJDK 64-Bit Server VM (25.121-b13 mixed mode linux-amd64 compressed oops)
# Problematic frame:
# C  [libopencv_imgcodecs.so.3.2+0x2ddc5]  icvCvt_BGR2RGB_8u_C3R(unsigned char const*, int, unsigned char*, int, CvSize)+0x75
#
# Failed to write core dump. Core dumps have been disabled. To enable core dumping, try "ulimit -c unlimited" before starting Java again
#
# If you would like to submit a bug report, please visit:
#   http://bugreport.java.com/bugreport/crash.jsp
# The crash happened outside the Java Virtual Machine in native code.
# See problematic frame for where to report the bug.
#

---------------  T H R E A D  ---------------

Current thread (0x00007f9bb800a000):  JavaThread "main" [_thread_in_native, id=4532, stack(0x00007f9bc0542000,0x00007f9bc0643000)]

siginfo: si_signo: 11 (SIGSEGV), si_code: 1 (SEGV_MAPERR), si_addr: 0x00007f9b53833002

Registers:
RAX=0x00007f9bb81c3233, RBX=0x0000000000000000, RCX=0x00007f9b53833003, RDX=0x00007f9b53832220
RSP=0x00007f9bc0641130, RBP=0x0000000000000000, RSI=0x0000000000000082, RDI=0x00007f9bb81c2450
R8 =0x000000000000008a, R9 =0x0000000000000091, R10=0x00007f9bb81c3350, R11=0x0000000000000000
R12=0x0000000000000f00, R13=0x0000000100000000, R14=0x00007f9bb89238f0, R15=0x00007f9bc06414e0
RIP=0x00007f9b6f189dc5, EFLAGS=0x0000000000010206, CSGSFS=0x002b000000000033, ERR=0x0000000000000006
  TRAPNO=0x000000000000000e

Top of Stack: (sp=0x00007f9bc0641130)
0x00007f9bc0641130:   00007f9b53832220 00007f9bb8209930
0x00007f9bc0641140:   0000000000000f00 00007f9b6f196143
0x00007f9bc0641150:   00007f9bb820ffd0 00007f9bb89238f0
0x00007f9bc0641160:   01007f9bb820ffd0 00007f9bb89238f0
0x00007f9bc0641170:   00007f9bc06414e0 0000050000000f00
0x00007f9bc0641180:   00007f9bb820ffd0 00007f9bb89238f0
0x00007f9bc0641190:   00007f9bc06411f0 00000000000002d0
0x00007f9bc06411a0:   0000000000000500 00007f9bc0641240
0x00007f9bc06411b0:   00007f9bc0641250 00007f9b6f183387
0x00007f9bc06411c0:   00007f9bbf9c6c2c 0000000100000002
0x00007f9bc06411d0:   00007f9bbef3f2b0 00007f9bbf9c6c2c
0x00007f9bc06411e0:   0000000000000000 0000000000000000
0x00007f9bc06411f0:   0000000000000000 0000000000000000
0x00007f9bc0641200:   00007f9bb866dca0 00007f9bb820ffd0
0x00007f9bc0641210:   00007f9bc0641280 00007f9bbf8e532c
0x00007f9bc0641220:   00007f9bc06410f0 0000003000000018
0x00007f9bc0641230:   00007f9bc0641340 00007f9bc0641250
0x00007f9bc0641240:   0000000000000000 0000000000000000
0x00007f9bc0641250:   0000000042ff0000 0000000000000000
0x00007f9bc0641260:   0000000000000000 0000000000000000
0x00007f9bc0641270:   0000000000000000 0000000000000000
0x00007f9bc0641280:   0000000000000000 0000000000000000
0x00007f9bc0641290:   00007f9bc0641258 00007f9bc06412a0
0x00007f9bc06412a0:   0000000000000000 0000000000000000
0x00007f9bc06412b0:   0000000500000001 000000008531bee0
0x00007f9bc06412c0:   00007f9bc06412e0 00007f9bbefc9618
0x00007f9bc06412d0:   00007f9bc0641600 00007f9ba929e0e4
0x00007f9bc06412e0:   00007f9bc0641330 00007f9ba930642c
0x00007f9bc06412f0:   00007f9bc0641600 00007f9bc0456124
0x00007f9bc0641300:   00000000d997bca8 0000000000000108
0x00007f9bc0641310:   00007f9bc066fa98 00007f9bbf868d90
0x00007f9bc0641320:   00007f9bbf876038 00007f9bc0456963 

Instructions: (pc=0x00007f9b6f189dc5)
0x00007f9b6f189da5:   89 d1 48 89 f8 66 0f 1f 44 00 00 44 0f b6 08 44
0x00007f9b6f189db5:   0f b6 40 01 48 83 c0 03 0f b6 70 ff 48 83 c1 03
0x00007f9b6f189dc5:   44 88 49 ff 44 88 41 fe 40 88 71 fd 4c 39 d0 75
0x00007f9b6f189dd5:   da 41 83 eb 01 48 01 ef 48 01 da 41 83 fb ff 75 

Register to memory mapping:

RAX=0x00007f9bb81c3233 is an unknown value
RBX=0x0000000000000000 is an unknown value
RCX=0x00007f9b53833003 is an unknown value
RDX=0x00007f9b53832220 is an unknown value
RSP=0x00007f9bc0641130 is pointing into the stack for thread: 0x00007f9bb800a000
RBP=0x0000000000000000 is an unknown value
RSI=0x0000000000000082 is an unknown value
RDI=0x00007f9bb81c2450 is an unknown value
R8 =0x000000000000008a is an unknown value
R9 =0x0000000000000091 is an unknown value
R10=0x00007f9bb81c3350 is an unknown value
R11=0x0000000000000000 is an unknown value
R12=0x0000000000000f00 is an unknown value
R13=0x0000000100000000 is pointing into metadata
R14=0x00007f9bb89238f0 is an unknown value
R15=0x00007f9bc06414e0 is pointing into the stack for thread: 0x00007f9bb800a000


Stack: [0x00007f9bc0542000,0x00007f9bc0643000],  sp=0x00007f9bc0641130,  free space=1020k
Native frames: (J=compiled Java code, j=interpreted, Vv=VM code, C=native code)
C  [libopencv_imgcodecs.so.3.2+0x2ddc5]  icvCvt_BGR2RGB_8u_C3R(unsigned char const*, int, unsigned char*, int, CvSize)+0x75

Java frames: (J=compiled Java code, j=interpreted, Vv=VM code)
J 1242  org.opencv.videoio.VideoCapture.retrieve_1(JJ)Z (0 bytes) @ 0x00007f9ba9412304 [0x00007f9ba94122c0+0x44]
J 1241 C1 org.opencv.videoio.VideoCapture.retrieve(Lorg/opencv/core/Mat;)Z (14 bytes) @ 0x00007f9ba9411f44 [0x00007f9ba9411ec0+0x84]
j  handtrack.Video.main([Ljava/lang/String;)V+209
v  ~StubRoutines::call_stub

---------------  P R O C E S S  ---------------

Java Threads: ( => current thread )
  0x00007f9b40072800 JavaThread "Thread-1" [_thread_in_vm, id=4613, stack(0x00007f9b53eff000,0x00007f9b54000000)]
  0x00007f9b4c002800 JavaThread "Thread-0" daemon [_thread_in_native, id=4553, stack(0x00007f9b602c4000,0x00007f9b60ac5000)]
  0x00007f9bb8578000 JavaThread "AWT-EventQueue-1" [_thread_blocked, id=4555, stack(0x00007f9b53715000,0x00007f9b53816000)]
  0x00007f9bb8576000 JavaThread "AWT-Shutdown" [_thread_blocked, id=4554, stack(0x00007f9b60001000,0x00007f9b60102000)]
  0x00007f9bb8359000 JavaThread "process reaper" daemon [_thread_blocked, id=4552, stack(0x00007f9b9c06f000,0x00007f9b9c0a8000)]
  0x00007f9bb834e800 JavaThread "AWT-XAWT" daemon [_thread_in_native, id=4550, stack(0x00007f9b62d36000,0x00007f9b62e37000)]
  0x00007f9bb8332000 JavaThread "Java2D Disposer" daemon [_thread_blocked, id=4549, stack(0x00007f9b9c0a8000,0x00007f9b9c1a9000)]
  0x00007f9bb80b9800 JavaThread "Service Thread" daemon [_thread_blocked, id=4547, stack(0x00007f9b9ec53000,0x00007f9b9ed54000)]
  0x00007f9bb80b2000 JavaThread "C1 CompilerThread2" daemon [_thread_blocked, id=4546, stack(0x00007f9b9ed54000,0x00007f9b9ee55000)]
  0x00007f9bb80b0000 JavaThread "C2 CompilerThread1" daemon [_thread_blocked, id=4545, stack(0x00007f9b9ee55000,0x00007f9b9ef56000)]
  0x00007f9bb80ad000 JavaThread "C2 CompilerThread0" daemon [_thread_blocked, id=4544, stack(0x00007f9b9ef56000,0x00007f9b9f057000)]
  0x00007f9bb80ab000 JavaThread "Signal Dispatcher" daemon [_thread_blocked, id=4543, stack(0x00007f9b9f057000,0x00007f9b9f158000)]
  0x00007f9bb8083800 JavaThread "Finalizer" daemon [_thread_blocked, id=4542, stack(0x00007f9b9f2f3000,0x00007f9b9f3f4000)]
  0x00007f9bb807f000 JavaThread "Reference Handler" daemon [_thread_blocked, id=4541, stack(0x00007f9b9f3f4000,0x00007f9b9f4f5000)]
=>0x00007f9bb800a000 JavaThread "main" [_thread_in_native, id=4532, stack(0x00007f9bc0542000,0x00007f9bc0643000)]

Other Threads:
  0x00007f9bb8077800 VMThread [stack: 0x00007f9b9f4f5000,0x00007f9b9f5f6000] [id=4540]
  0x00007f9bb80bc000 WatcherThread [stack: 0x00007f9b9eb52000,0x00007f9b9ec53000] [id=4548]

VM state:not at safepoint (normal execution)

VM Mutex/Monitor currently owned by a thread: None

Heap:
 PSYoungGen      total 72704K, used 45880K [0x00000000d7000000, 0x00000000e5580000, 0x0000000100000000)
  eden space 69632K, 61% used [0x00000000d7000000,0x00000000d99e2a18,0x00000000db400000)
  from space 3072K, 97% used [0x00000000e5280000,0x00000000e556b900,0x00000000e5580000)
  to   space 4096K, 0% used [0x00000000e4d80000,0x00000000e4d80000,0x00000000e5180000)
 ParOldGen       total 51200K, used 20752K [0x0000000085000000, 0x0000000088200000, 0x00000000d7000000)
  object space 51200K, 40% used [0x0000000085000000,0x0000000086444060,0x0000000088200000)
 Metaspace       used 12145K, capacity 12354K, committed 12416K, reserved 1060864K
  class space    used 1298K, capacity 1364K, committed 1408K, reserved 1048576K

Card table byte_map: [0x00007f9bbc85f000,0x00007f9bbcc38000] byte_map_base: 0x00007f9bbc437000

Marking Bits: (ParMarkBitMap*) 0x00007f9bbf848220
 Begin Bits: [0x00007f9ba5280000, 0x00007f9ba7140000)
 End Bits:   [0x00007f9ba7140000, 0x00007f9ba9000000)

Polling page: 0x00007f9bc066c000

CodeCache: size=245760Kb used=4607Kb max_used=4612Kb free=241152Kb
 bounds [0x00007f9ba9000000, 0x00007f9ba9490000, 0x00007f9bb8000000]
 total_blobs=2029 nmethods=1313 adapters=631
 compilation: enabled

Compilation events (10 events):
Event: 41.423 Thread 0x00007f9bb80b0000 1331       4       javax.imageio.stream.ImageInputStreamImpl::checkClosed (18 bytes)
Event: 41.424 Thread 0x00007f9bb80b0000 nmethod 1331 0x00007f9ba947fc10 code [0x00007f9ba947fd60, 0x00007f9ba947fdd8]
Event: 41.651 Thread 0x00007f9bb80ad000 1332       4       java.lang.StrictMath::floorOrCeil (128 bytes)
Event: 41.652 Thread 0x00007f9bb80ad000 nmethod 1332 0x00007f9ba947f3d0 code [0x00007f9ba947f540, 0x00007f9ba947f638]
Event: 41.797 Thread 0x00007f9bb80b0000 1333       4       javax.swing.JComponent::getWidth (5 bytes)
Event: 41.797 Thread 0x00007f9bb80b0000 nmethod 1333 0x00007f9ba9457f10 code [0x00007f9ba9458060, 0x00007f9ba94580b8]
Event: 42.046 Thread 0x00007f9bb80b2000 1334       3       sun.security.provider.DigestBase::engineUpdate (189 bytes)
Event: 42.047 Thread 0x00007f9bb80b2000 nmethod 1334 0x00007f9ba94838d0 code [0x00007f9ba9483ae0, 0x00007f9ba9484698]
Event: 42.047 Thread 0x00007f9bb80b2000 1335       3       sun.security.provider.ByteArrayAccess::i2bBig4 (111 bytes)
Event: 42.047 Thread 0x00007f9bb80b2000 nmethod 1335 0x00007f9ba9483310 code [0x00007f9ba94834a0, 0x00007f9ba9483788]

GC Heap History (10 events):
Event: 36.610 GC heap before
{Heap before GC invocations=22 (full 1):
 PSYoungGen      total 82432K, used 81190K [0x00000000d7000000, 0x00000000e5b80000, 0x0000000100000000)
  eden space 79360K, 98% used [0x00000000d7000000,0x00000000dbc65af8,0x00000000dbd80000)
  from space 3072K, 96% used [0x00000000e5880000,0x00000000e5b63f28,0x00000000e5b80000)
  to   space 4608K, 0% used [0x00000000e5280000,0x00000000e5280000,0x00000000e5700000)
 ParOldGen       total 58368K, used 31830K [0x0000000085000000, 0x0000000088900000, 0x00000000d7000000)
  object space 58368K, 54% used [0x0000000085000000,0x0000000086f15ba8,0x0000000088900000)
 Metaspace       used 12093K, capacity 12354K, committed 12416K, reserved 1060864K
  class space    used 1293K, capacity 1364K, committed 1408K, reserved 1048576K
Event: 36.613 GC heap after
Heap after GC invocations=22 (full 1):
 PSYoungGen      total 79872K, used 3005K [0x00000000d7000000, 0x00000000e5900000, 0x0000000100000000)
  eden space 76800K, 0% used [0x00000000d7000000,0x00000000d7000000,0x00000000dbb00000)
  from space 3072K, 97% used [0x00000000e5280000,0x00000000e556f798,0x00000000e5580000)
  to   space 3584K, 0% used [0x00000000e5580000,0x00000000e5580000,0x00000000e5900000)
 ParOldGen       total 58368K, used 37254K [0x0000000085000000, 0x0000000088900000, 0x00000000d7000000)
  object space 58368K, 63% used [0x0000000085000000,0x0000000087461bc8,0x0000000088900000)
 Metaspace       used 12093K, capacity 12354K, committed 12416K, reserved 1060864K
  class space    used 1293K, capacity 1364K, committed 1408K, reserved 1048576K
}
Event: 38.168 GC heap before
{Heap before GC invocations=23 (full 1):
 PSYoungGen      total 79872K, used 79805K [0x00000000d7000000, 0x00000000e5900000, 0x0000000100000000)
  eden space 76800K, 100% used [0x00000000d7000000,0x00000000dbb00000,0x00000000dbb00000)
  from space 3072K, 97% used [0x00000000e5280000,0x00000000e556f798,0x00000000e5580000)
  to   space 3584K, 0% used [0x00000000e5580000,0x00000000e5580000,0x00000000e5900000)
 ParOldGen       total 58368K, used 37254K [0x0000000085000000, 0x0000000088900000, 0x00000000d7000000)
  object space 58368K, 63% used [0x0000000085000000,0x0000000087461bc8,0x0000000088900000)
 Metaspace       used 12093K, capacity 12354K, committed 12416K, reserved 1060864K
  class space    used 1293K, capacity 1364K, committed 1408K, reserved 1048576K
Event: 38.170 GC heap after
Heap after GC invocations=23 (full 1):
 PSYoungGen      total 77312K, used 2962K [0x00000000d7000000, 0x00000000e5880000, 0x0000000100000000)
  eden space 74240K, 0% used [0x00000000d7000000,0x00000000d7000000,0x00000000db880000)
  from space 3072K, 96% used [0x00000000e5580000,0x00000000e5864bd0,0x00000000e5880000)
  to   space 4608K, 0% used [0x00000000e4f80000,0x00000000e4f80000,0x00000000e5400000)
 ParOldGen       total 58368K, used 45370K [0x0000000085000000, 0x0000000088900000, 0x00000000d7000000)
  object space 58368K, 77% used [0x0000000085000000,0x0000000087c4ebf8,0x0000000088900000)
 Metaspace       used 12093K, capacity 12354K, committed 12416K, reserved 1060864K
  class space    used 1293K, capacity 1364K, committed 1408K, reserved 1048576K
}
Event: 39.847 GC heap before
{Heap before GC invocations=24 (full 1):
 PSYoungGen      total 77312K, used 77202K [0x00000000d7000000, 0x00000000e5880000, 0x0000000100000000)
  eden space 74240K, 100% used [0x00000000d7000000,0x00000000db880000,0x00000000db880000)
  from space 3072K, 96% used [0x00000000e5580000,0x00000000e5864bd0,0x00000000e5880000)
  to   space 4608K, 0% used [0x00000000e4f80000,0x00000000e4f80000,0x00000000e5400000)
 ParOldGen       total 58368K, used 45370K [0x0000000085000000, 0x0000000088900000, 0x00000000d7000000)
  object space 58368K, 77% used [0x0000000085000000,0x0000000087c4ebf8,0x0000000088900000)
 Metaspace       used 12093K, capacity 12354K, committed 12416K, reserved 1060864K
  class space    used 1293K, capacity 1364K, committed 1408K, reserved 1048576K
Event: 39.850 GC heap after
Heap after GC invocations=24 (full 1):
 PSYoungGen      total 74752K, used 2958K [0x00000000d7000000, 0x00000000e5600000, 0x0000000100000000)
  eden space 71680K, 0% used [0x00000000d7000000,0x00000000d7000000,0x00000000db600000)
  from space 3072K, 96% used [0x00000000e4f80000,0x00000000e5263a18,0x00000000e5280000)
  to   space 3584K, 0% used [0x00000000e5280000,0x00000000e5280000,0x00000000e5600000)
 ParOldGen       total 58368K, used 50795K [0x0000000085000000, 0x0000000088900000, 0x00000000d7000000)
  object space 58368K, 87% used [0x0000000085000000,0x000000008819ac18,0x0000000088900000)
 Metaspace       used 12093K, capacity 12354K, committed 12416K, reserved 1060864K
  class space    used 1293K, capacity 1364K, committed 1408K, reserved 1048576K
}
Event: 39.850 GC heap before
{Heap before GC invocations=25 (full 2):
 PSYoungGen      total 74752K, used 2958K [0x00000000d7000000, 0x00000000e5600000, 0x0000000100000000)
  eden space 71680K, 0% used [0x00000000d7000000,0x00000000d7000000,0x00000000db600000)
  from space 3072K, 96% used [0x00000000e4f80000,0x00000000e5263a18,0x00000000e5280000)
  to   space 3584K, 0% used [0x00000000e5280000,0x00000000e5280000,0x00000000e5600000)
 ParOldGen       total 58368K, used 50795K [0x0000000085000000, 0x0000000088900000, 0x00000000d7000000)
  object space 58368K, 87% used [0x0000000085000000,0x000000008819ac18,0x0000000088900000)
 Metaspace       used 12093K, capacity 12354K, committed 12416K, reserved 1060864K
  class space    used 1293K, capacity 1364K, committed 1408K, reserved 1048576K
Event: 39.864 GC heap after
Heap after GC invocations=25 (full 2):
 PSYoungGen      total 74752K, used 0K [0x00000000d7000000, 0x00000000e5600000, 0x0000000100000000)
  eden space 71680K, 0% used [0x00000000d7000000,0x00000000d7000000,0x00000000db600000)
  from space 3072K, 0% used [0x00000000e4f80000,0x00000000e4f80000,0x00000000e5280000)
  to   space 3584K, 0% used [0x00000000e5280000,0x00000000e5280000,0x00000000e5600000)
 ParOldGen       total 51200K, used 7244K [0x0000000085000000, 0x0000000088200000, 0x00000000d7000000)
  object space 51200K, 14% used [0x0000000085000000,0x0000000085713010,0x0000000088200000)
 Metaspace       used 12093K, capacity 12354K, committed 12416K, reserved 1060864K
  class space    used 1293K, capacity 1364K, committed 1408K, reserved 1048576K
}
Event: 41.306 GC heap before
{Heap before GC invocations=26 (full 2):
 PSYoungGen      total 74752K, used 71680K [0x00000000d7000000, 0x00000000e5600000, 0x0000000100000000)
  eden space 71680K, 100% used [0x00000000d7000000,0x00000000db600000,0x00000000db600000)
  from space 3072K, 0% used [0x00000000e4f80000,0x00000000e4f80000,0x00000000e5280000)
  to   space 3584K, 0% used [0x00000000e5280000,0x00000000e5280000,0x00000000e5600000)
 ParOldGen       total 51200K, used 7244K [0x0000000085000000, 0x0000000088200000, 0x00000000d7000000)
  object space 51200K, 14% used [0x0000000085000000,0x0000000085713010,0x0000000088200000)
 Metaspace       used 12108K, capacity 12354K, committed 12416K, reserved 1060864K
  class space    used 1293K, capacity 1364K, committed 1408K, reserved 1048576K
Event: 41.309 GC heap after
Heap after GC invocations=26 (full 2):
 PSYoungGen      total 72704K, used 2990K [0x00000000d7000000, 0x00000000e5580000, 0x0000000100000000)
  eden space 69632K, 0% used [0x00000000d7000000,0x00000000d7000000,0x00000000db400000)
  from space 3072K, 97% used [0x00000000e5280000,0x00000000e556b900,0x00000000e5580000)
  to   space 4096K, 0% used [0x00000000e4d80000,0x00000000e4d80000,0x00000000e5180000)
 ParOldGen       total 51200K, used 20752K [0x0000000085000000, 0x0000000088200000, 0x00000000d7000000)
  object space 51200K, 40% used [0x0000000085000000,0x0000000086444060,0x0000000088200000)
 Metaspace       used 12108K, capacity 12354K, committed 12416K, reserved 1060864K
  class space    used 1293K, capacity 1364K, committed 1408K, reserved 1048576K
}

Deoptimization events (3 events):
Event: 1.209 Thread 0x00007f9bb800a000 Uncommon trap: reason=unstable_if action=reinterpret pc=0x00007f9ba91fc058 method=handtrack.Video.skinDetection(Lorg/opencv/core/Mat;)Lorg/opencv/core/Mat; @ 110
Event: 1.500 Thread 0x00007f9bb800a000 Uncommon trap: reason=unstable_if action=reinterpret pc=0x00007f9ba9200c30 method=handtrack.Video.skinDetection(Lorg/opencv/core/Mat;)Lorg/opencv/core/Mat; @ 214
Event: 36.215 Thread 0x00007f9bb800a000 Uncommon trap: reason=unstable_if action=reinterpret pc=0x00007f9ba937338c method=handtrack.Video.fingers(Lorg/opencv/core/Mat;Ljava/util/List;Lorg/opencv/core/Point;)Ljava/util/List; @ 764

Internal exceptions (10 events):
Event: 0.121 Thread 0x00007f9bb800a000 Exception <a 'java/security/PrivilegedActionException'> (0x00000000d70b7a00) thrown at [/build/openjdk-8-TfkRBM/openjdk-8-8u121-b13/src/hotspot/src/share/vm/prims/jvm.cpp, line 1390]
Event: 0.121 Thread 0x00007f9bb800a000 Exception <a 'java/security/PrivilegedActionException'> (0x00000000d70b7c10) thrown at [/build/openjdk-8-TfkRBM/openjdk-8-8u121-b13/src/hotspot/src/share/vm/prims/jvm.cpp, line 1390]
Event: 0.121 Thread 0x00007f9bb800a000 Exception <a 'java/security/PrivilegedActionException'> (0x00000000d70b9c98) thrown at [/build/openjdk-8-TfkRBM/openjdk-8-8u121-b13/src/hotspot/src/share/vm/prims/jvm.cpp, line 1390]
Event: 0.121 Thread 0x00007f9bb800a000 Exception <a 'java/security/PrivilegedActionException'> (0x00000000d70b9ea8) thrown at [/build/openjdk-8-TfkRBM/openjdk-8-8u121-b13/src/hotspot/src/share/vm/prims/jvm.cpp, line 1390]
Event: 0.121 Thread 0x00007f9bb800a000 Exception <a 'java/security/PrivilegedActionException'> (0x00000000d70ba980) thrown at [/build/openjdk-8-TfkRBM/openjdk-8-8u121-b13/src/hotspot/src/share/vm/prims/jvm.cpp, line 1390]
Event: 0.121 Thread 0x00007f9bb800a000 Exception <a 'java/security/PrivilegedActionException'> (0x00000000d70bab90) thrown at [/build/openjdk-8-TfkRBM/openjdk-8-8u121-b13/src/hotspot/src/share/vm/prims/jvm.cpp, line 1390]
Event: 0.177 Thread 0x00007f9bb800a000 Exception <a 'java/lang/NoSuchFieldError': method resolution failed> (0x00000000d72268a0) thrown at [/build/openjdk-8-TfkRBM/openjdk-8-8u121-b13/src/hotspot/src/share/vm/prims/methodHandles.cpp, line 1146]
Event: 0.180 Thread 0x00007f9bb800a000 Exception <a 'java/lang/NoSuchFieldError': method resolution failed> (0x00000000d7234070) thrown at [/build/openjdk-8-TfkRBM/openjdk-8-8u121-b13/src/hotspot/src/share/vm/prims/methodHandles.cpp, line 1146]
Event: 0.205 Thread 0x00007f9bb800a000 Exception <a 'java/io/FileNotFoundException'> (0x00000000d72b2048) thrown at [/build/openjdk-8-TfkRBM/openjdk-8-8u121-b13/src/hotspot/src/share/vm/prims/jni.cpp, line 709]
Event: 0.250 Thread 0x00007f9bb800a000 Exception <a 'java/lang/ClassNotFoundException': sun/dc/DuctusRenderingEngine> (0x00000000d7310fa8) thrown at [/build/openjdk-8-TfkRBM/openjdk-8-8u121-b13/src/hotspot/src/share/vm/classfile/systemDictionary.cpp, line 210]

Events (10 events):
Event: 39.451 Thread 0x00007f9bb800a000 DEOPT PACKING pc=0x00007f9ba9461daf sp=0x00007f9bc0641680
Event: 39.451 Thread 0x00007f9bb800a000 DEOPT UNPACKING pc=0x00007f9ba9047373 sp=0x00007f9bc0641568 mode 0
Event: 39.847 Executing VM operation: ParallelGCFailedAllocation
Event: 39.864 Executing VM operation: ParallelGCFailedAllocation done
Event: 40.615 Thread 0x00007f9bb800a000 DEOPT PACKING pc=0x00007f9ba9461daf sp=0x00007f9bc0641680
Event: 40.615 Thread 0x00007f9bb800a000 DEOPT UNPACKING pc=0x00007f9ba9047373 sp=0x00007f9bc0641568 mode 0
Event: 41.306 Executing VM operation: ParallelGCFailedAllocation
Event: 41.309 Executing VM operation: ParallelGCFailedAllocation done
Event: 41.779 Thread 0x00007f9bb800a000 DEOPT PACKING pc=0x00007f9ba9461daf sp=0x00007f9bc0641680
Event: 41.779 Thread 0x00007f9bb800a000 DEOPT UNPACKING pc=0x00007f9ba9047373 sp=0x00007f9bc0641568 mode 0


Dynamic libraries:
85000000-88200000 rw-p 00000000 00:00 0 
88200000-d7000000 ---p 00000000 00:00 0 
d7000000-e5580000 rw-p 00000000 00:00 0 
e5580000-100000000 ---p 00000000 00:00 0 
100000000-100160000 rw-p 00000000 00:00 0 
100160000-140000000 ---p 00000000 00:00 0 
561b6d06e000-561b6d06f000 r-xp 00000000 08:02 1180878                    /usr/lib/jvm/java-8-openjdk-amd64/jre/bin/java
561b6d26e000-561b6d26f000 r--p 00000000 08:02 1180878                    /usr/lib/jvm/java-8-openjdk-amd64/jre/bin/java
561b6d26f000-561b6d270000 rw-p 00001000 08:02 1180878                    /usr/lib/jvm/java-8-openjdk-amd64/jre/bin/java
561b6e4ef000-561b6e510000 rw-p 00000000 00:00 0                          [heap]
7f9b18000000-7f9b18021000 rw-p 00000000 00:00 0 
7f9b18021000-7f9b1c000000 ---p 00000000 00:00 0 
7f9b1c000000-7f9b1c021000 rw-p 00000000 00:00 0 
7f9b1c021000-7f9b20000000 ---p 00000000 00:00 0 
7f9b20000000-7f9b20021000 rw-p 00000000 00:00 0 
7f9b20021000-7f9b24000000 ---p 00000000 00:00 0 
7f9b24000000-7f9b24021000 rw-p 00000000 00:00 0 
7f9b24021000-7f9b28000000 ---p 00000000 00:00 0 
7f9b28000000-7f9b28021000 rw-p 00000000 00:00 0 
7f9b28021000-7f9b2c000000 ---p 00000000 00:00 0 
7f9b2c000000-7f9b2c021000 rw-p 00000000 00:00 0 
7f9b2c021000-7f9b30000000 ---p 00000000 00:00 0 
7f9b30000000-7f9b30021000 rw-p 00000000 00:00 0 
7f9b30021000-7f9b34000000 ---p 00000000 00:00 0 
7f9b34000000-7f9b34021000 rw-p 00000000 00:00 0 
7f9b34021000-7f9b38000000 ---p 00000000 00:00 0 
7f9b38000000-7f9b38021000 rw-p 00000000 00:00 0 
7f9b38021000-7f9b3c000000 ---p 00000000 00:00 0 
7f9b3c000000-7f9b3c021000 rw-p 00000000 00:00 0 
7f9b3c021000-7f9b40000000 ---p 00000000 00:00 0 
7f9b40000000-7f9b40074000 rw-p 00000000 00:00 0 
7f9b40074000-7f9b44000000 ---p 00000000 00:00 0 
7f9b4606e000-7f9b463f2000 rw-s 00000000 00:05 1572868                    /SYSV00000000 (deleted)
7f9b463f2000-7f9b464b2000 rw-p 00000000 00:00 0 
7f9b464b2000-7f9b465f2000 ---p 00000000 00:00 0 
7f9b465f2000-7f9b465fc000 r-xp 00000000 08:02 1188960                    /usr/lib/jvm/java-8-openjdk-amd64/jre/lib/amd64/libjavajpeg.so
7f9b465fc000-7f9b467fb000 ---p 0000a000 08:02 1188960                    /usr/lib/jvm/java-8-openjdk-amd64/jre/lib/amd64/libjavajpeg.so
7f9b467fb000-7f9b467fc000 r--p 00009000 08:02 1188960                    /usr/lib/jvm/java-8-openjdk-amd64/jre/lib/amd64/libjavajpeg.so
7f9b467fc000-7f9b467fd000 rw-p 0000a000 08:02 1188960                    /usr/lib/jvm/java-8-openjdk-amd64/jre/lib/amd64/libjavajpeg.so
7f9b467fd000-7f9b467fe000 ---p 00000000 00:00 0 
7f9b467fe000-7f9b46ffe000 rwxp 00000000 00:00 0 
7f9b46ffe000-7f9b46fff000 ---p 00000000 00:00 0 
7f9b46fff000-7f9b477ff000 rwxp 00000000 00:00 0 
7f9b477ff000-7f9b47800000 ---p 00000000 00:00 0 
7f9b47800000-7f9b48000000 rwxp 00000000 00:00 0 
7f9b48000000-7f9b48021000 rw-p 00000000 00:00 0 
7f9b48021000-7f9b4c000000 ---p 00000000 00:00 0 
7f9b4c000000-7f9b4c021000 rw-p 00000000 00:00 0 
7f9b4c021000-7f9b50000000 ---p 00000000 00:00 0 
7f9b500f9000-7f9b5039d000 rw-p 00000000 00:00 0 
7f9b5039d000-7f9b5039e000 ---p 00000000 00:00 0 
7f9b5039e000-7f9b50b9e000 rwxp 00000000 00:00 0 
7f9b50b9e000-7f9b50b9f000 ---p 00000000 00:00 0 
7f9b50b9f000-7f9b5139f000 rwxp 00000000 00:00 0 
7f9b5139f000-7f9b513a0000 ---p 00000000 00:00 0 
7f9b513a0000-7f9b51ba0000 rwxp 00000000 00:00 0 
7f9b51ba0000-7f9b51ba1000 ---p 00000000 00:00 0 
7f9b51ba1000-7f9b523a1000 rwxp 00000000 00:00 0 
7f9b523a1000-7f9b523a2000 ---p 00000000 00:00 0 
7f9b523a2000-7f9b52ba2000 rwxp 00000000 00:00 0 
7f9b530ea000-7f9b530fb000 r-xp 00000000 08:02 1188970                    /usr/lib/jvm/java-8-openjdk-amd64/jre/lib/amd64/libnio.so
7f9b530fb000-7f9b532fb000 ---p 00011000 08:02 1188970                    /usr/lib/jvm/java-8-openjdk-amd64/jre/lib/amd64/libnio.so
7f9b532fb000-7f9b532fc000 r--p 00011000 08:02 1188970                    /usr/lib/jvm/java-8-openjdk-amd64/jre/lib/amd64/libnio.so
7f9b532fc000-7f9b532fd000 rw-p 00012000 08:02 1188970                    /usr/lib/jvm/java-8-openjdk-amd64/jre/lib/amd64/libnio.so
7f9b532fd000-7f9b53314000 r-xp 00000000 08:02 1188969                    /usr/lib/jvm/java-8-openjdk-amd64/jre/lib/amd64/libnet.so
7f9b53314000-7f9b53513000 ---p 00017000 08:02 1188969                    /usr/lib/jvm/java-8-openjdk-amd64/jre/lib/amd64/libnet.so
7f9b53513000-7f9b53514000 r--p 00016000 08:02 1188969                    /usr/lib/jvm/java-8-openjdk-amd64/jre/lib/amd64/libnet.so
7f9b53514000-7f9b53515000 rw-p 00017000 08:02 1188969                    /usr/lib/jvm/java-8-openjdk-amd64/jre/lib/amd64/libnet.so
7f9b53515000-7f9b53715000 rw-p 00000000 00:00 0 
7f9b53715000-7f9b53718000 ---p 00000000 00:00 0 
7f9b53718000-7f9b53816000 rwxp 00000000 00:00 0 
7f9b53eff000-7f9b53f02000 ---p 00000000 00:00 0 
7f9b53f02000-7f9b54000000 rwxp 00000000 00:00 0 
7f9b54000000-7f9b54021000 rw-p 00000000 00:00 0 
7f9b54021000-7f9b58000000 ---p 00000000 00:00 0 
7f9b58000000-7f9b58021000 rw-p 00000000 00:00 0 
7f9b58021000-7f9b5c000000 ---p 00000000 00:00 0 
7f9b5c000000-7f9b5c021000 rw-p 00000000 00:00 0 
7f9b5c021000-7f9b60000000 ---p 00000000 00:00 0 
7f9b60001000-7f9b60004000 ---p 00000000 00:00 0 
7f9b60004000-7f9b60102000 rwxp 00000000 00:00 0 
7f9b601c3000-7f9b601c6000 ---p 00000000 00:00 0 
7f9b601c6000-7f9b602c4000 rwxp 00000000 00:00 0 
7f9b602c4000-7f9b602c7000 ---p 00000000 00:00 0 
7f9b602c7000-7f9b60ac5000 rwxp 00000000 00:00 0 
7f9b60ac5000-7f9b60ad8000 r-xp 00000000 08:02 3408262                    /lib/x86_64-linux-gnu/libgpg-error.so.0.21.0
7f9b60ad8000-7f9b60cd7000 ---p 00013000 08:02 3408262                    /lib/x86_64-linux-gnu/libgpg-error.so.0.21.0
7f9b60cd7000-7f9b60cd8000 r--p 00012000 08:02 3408262                    /lib/x86_64-linux-gnu/libgpg-error.so.0.21.0
7f9b60cd8000-7f9b60cd9000 rw-p 00013000 08:02 3408262                    /lib/x86_64-linux-gnu/libgpg-error.so.0.21.0
7f9b60cd9000-7f9b60de0000 r-xp 00000000 08:02 3407878                    /lib/x86_64-linux-gnu/libgcrypt.so.20.1.6
7f9b60de0000-7f9b60fdf000 ---p 00107000 08:02 3407878                    /lib/x86_64-linux-gnu/libgcrypt.so.20.1.6
7f9b60fdf000-7f9b60fe1000 r--p 00106000 08:02 3407878                    /lib/x86_64-linux-gnu/libgcrypt.so.20.1.6
7f9b60fe1000-7f9b60fe8000 rw-p 00108000 08:02 3407878                    /lib/x86_64-linux-gnu/libgcrypt.so.20.1.6
7f9b60fe8000-7f9b60ff9000 r-xp 00000000 08:02 528208                     /usr/lib/x86_64-linux-gnu/liblz4.so.1.7.1
7f9b60ff9000-7f9b611f8000 ---p 00011000 08:02 528208                     /usr/lib/x86_64-linux-gnu/liblz4.so.1.7.1
7f9b611f8000-7f9b611f9000 r--p 00010000 08:02 528208                     /usr/lib/x86_64-linux-gnu/liblz4.so.1.7.1
7f9b611f9000-7f9b611fa000 rw-p 00011000 08:02 528208                     /usr/lib/x86_64-linux-gnu/liblz4.so.1.7.1
7f9b611fa000-7f9b6121f000 r-xp 00000000 08:02 3407967                    /lib/x86_64-linux-gnu/liblzma.so.5.2.2
7f9b6121f000-7f9b6141e000 ---p 00025000 08:02 3407967                    /lib/x86_64-linux-gnu/liblzma.so.5.2.2
7f9b6141e000-7f9b6141f000 r--p 00024000 08:02 3407967                    /lib/x86_64-linux-gnu/liblzma.so.5.2.2
7f9b6141f000-7f9b61420000 rw-p 00025000 08:02 3407967                    /lib/x86_64-linux-gnu/liblzma.so.5.2.2
7f9b61420000-7f9b61509000 r-xp 00000000 08:02 525465                     /usr/lib/x86_64-linux-gnu/libepoxy.so.0.0.0
7f9b61509000-7f9b61708000 ---p 000e9000 08:02 525465                     /usr/lib/x86_64-linux-gnu/libepoxy.so.0.0.0
7f9b61708000-7f9b6170f000 r--p 000e8000 08:02 525465                     /usr/lib/x86_64-linux-gnu/libepoxy.so.0.0.0
7f9b6170f000-7f9b61716000 rw-p 000ef000 08:02 525465                     /usr/lib/x86_64-linux-gnu/libepoxy.so.0.0.0
7f9b61716000-7f9b61723000 r-xp 00000000 08:02 528243                     /usr/lib/x86_64-linux-gnu/libwayland-client.so.0.3.0
7f9b61723000-7f9b61922000 ---p 0000d000 08:02 528243                     /usr/lib/x86_64-linux-gnu/libwayland-client.so.0.3.0
7f9b61922000-7f9b61924000 r--p 0000c000 08:02 528243                     /usr/lib/x86_64-linux-gnu/libwayland-client.so.0.3.0
7f9b61924000-7f9b61925000 rw-p 0000e000 08:02 528243                     /usr/lib/x86_64-linux-gnu/libwayland-client.so.0.3.0
7f9b61925000-7f9b61926000 r-xp 00000000 08:02 535556                     /usr/lib/x86_64-linux-gnu/libwayland-egl.so.1.0.0
7f9b61926000-7f9b61b25000 ---p 00001000 08:02 535556                     /usr/lib/x86_64-linux-gnu/libwayland-egl.so.1.0.0
7f9b61b25000-7f9b61b26000 r--p 00000000 08:02 535556                     /usr/lib/x86_64-linux-gnu/libwayland-egl.so.1.0.0
7f9b61b26000-7f9b61b27000 rw-p 00001000 08:02 535556                     /usr/lib/x86_64-linux-gnu/libwayland-egl.so.1.0.0
7f9b61b27000-7f9b61b2b000 r-xp 00000000 08:02 528245                     /usr/lib/x86_64-linux-gnu/libwayland-cursor.so.0.0.0
7f9b61b2b000-7f9b61d2a000 ---p 00004000 08:02 528245                     /usr/lib/x86_64-linux-gnu/libwayland-cursor.so.0.0.0
7f9b61d2a000-7f9b61d2b000 r--p 00003000 08:02 528245                     /usr/lib/x86_64-linux-gnu/libwayland-cursor.so.0.0.0
7f9b61d2b000-7f9b61d2f000 rw-p 00004000 08:02 528245                     /usr/lib/x86_64-linux-gnu/libwayland-cursor.so.0.0.0
7f9b61d2f000-7f9b61d6d000 r-xp 00000000 08:02 532092                     /usr/lib/x86_64-linux-gnu/libxkbcommon.so.0.0.0
7f9b61d6d000-7f9b61f6c000 ---p 0003e000 08:02 532092                     /usr/lib/x86_64-linux-gnu/libxkbcommon.so.0.0.0
7f9b61f6c000-7f9b61f6e000 r--p 0003d000 08:02 532092                     /usr/lib/x86_64-linux-gnu/libxkbcommon.so.0.0.0
7f9b61f6e000-7f9b61f6f000 rw-p 0003f000 08:02 532092                     /usr/lib/x86_64-linux-gnu/libxkbcommon.so.0.0.0
7f9b61f6f000-7f9b61f75000 r-xp 00000000 08:02 532744                     /usr/lib/x86_64-linux-gnu/libcairo-gobject.so.2.11400.8
7f9b61f75000-7f9b62175000 ---p 00006000 08:02 532744                     /usr/lib/x86_64-linux-gnu/libcairo-gobject.so.2.11400.8
7f9b62175000-7f9b62177000 r--p 00006000 08:02 532744                     /usr/lib/x86_64-linux-gnu/libcairo-gobject.so.2.11400.8
7f9b62177000-7f9b62178000 rw-p 00008000 08:02 532744                     /usr/lib/x86_64-linux-gnu/libcairo-gobject.so.2.11400.8
7f9b62178000-7f9b62265000 r-xp 00000000 08:02 532746                     /usr/lib/x86_64-linux-gnu/libgdk-3.so.0.2200.7
7f9b62265000-7f9b62465000 ---p 000ed000 08:02 532746                     /usr/lib/x86_64-linux-gnu/libgdk-3.so.0.2200.7
7f9b62465000-7f9b6246b000 r--p 000ed000 08:02 532746                     /usr/lib/x86_64-linux-gnu/libgdk-3.so.0.2200.7
7f9b6246b000-7f9b6246e000 rw-p 000f3000 08:02 532746                     /usr/lib/x86_64-linux-gnu/libgdk-3.so.0.2200.7
7f9b6246e000-7f9b6246f000 rw-p 00000000 00:00 0 
7f9b6246f000-7f9b624bc000 r-xp 00000000 08:02 3408049                    /lib/x86_64-linux-gnu/libdbus-1.so.3.14.10
7f9b624bc000-7f9b626bc000 ---p 0004d000 08:02 3408049                    /lib/x86_64-linux-gnu/libdbus-1.so.3.14.10
7f9b626bc000-7f9b626be000 r--p 0004d000 08:02 3408049                    /lib/x86_64-linux-gnu/libdbus-1.so.3.14.10
7f9b626be000-7f9b626bf000 rw-p 0004f000 08:02 3408049                    /lib/x86_64-linux-gnu/libdbus-1.so.3.14.10
7f9b626bf000-7f9b626ec000 r-xp 00000000 08:02 532567                     /usr/lib/x86_64-linux-gnu/libatspi.so.0.0.1
7f9b626ec000-7f9b628ec000 ---p 0002d000 08:02 532567                     /usr/lib/x86_64-linux-gnu/libatspi.so.0.0.1
7f9b628ec000-7f9b628ef000 r--p 0002d000 08:02 532567                     /usr/lib/x86_64-linux-gnu/libatspi.so.0.0.1
7f9b628ef000-7f9b628f0000 rw-p 00030000 08:02 532567                     /usr/lib/x86_64-linux-gnu/libatspi.so.0.0.1
7f9b628f0000-7f9b6291d000 r-xp 00000000 08:02 532742                     /usr/lib/x86_64-linux-gnu/libatk-bridge-2.0.so.0.0.0
7f9b6291d000-7f9b62b1c000 ---p 0002d000 08:02 532742                     /usr/lib/x86_64-linux-gnu/libatk-bridge-2.0.so.0.0.0
7f9b62b1c000-7f9b62b1d000 r--p 0002c000 08:02 532742                     /usr/lib/x86_64-linux-gnu/libatk-bridge-2.0.so.0.0.0
7f9b62b1d000-7f9b62b1f000 rw-p 0002d000 08:02 532742                     /usr/lib/x86_64-linux-gnu/libatk-bridge-2.0.so.0.0.0
7f9b62b1f000-7f9b62b34000 r-xp 00000000 08:02 1179939                    /usr/lib/x86_64-linux-gnu/jni/libatk-wrapper.so.6.0.0
7f9b62b34000-7f9b62d34000 ---p 00015000 08:02 1179939                    /usr/lib/x86_64-linux-gnu/jni/libatk-wrapper.so.6.0.0
7f9b62d34000-7f9b62d35000 r--p 00015000 08:02 1179939                    /usr/lib/x86_64-linux-gnu/jni/libatk-wrapper.so.6.0.0
7f9b62d35000-7f9b62d36000 rw-p 00016000 08:02 1179939                    /usr/lib/x86_64-linux-gnu/jni/libatk-wrapper.so.6.0.0
7f9b62d36000-7f9b62d39000 ---p 00000000 00:00 0 
7f9b62d39000-7f9b62e37000 rwxp 00000000 00:00 0 
7f9b62e37000-7f9b62e88000 r-xp 00000000 08:02 1188951                    /usr/lib/jvm/java-8-openjdk-amd64/jre/lib/amd64/libfontmanager.so
7f9b62e88000-7f9b63088000 ---p 00051000 08:02 1188951                    /usr/lib/jvm/java-8-openjdk-amd64/jre/lib/amd64/libfontmanager.so
7f9b63088000-7f9b6308a000 r--p 00051000 08:02 1188951                    /usr/lib/jvm/java-8-openjdk-amd64/jre/lib/amd64/libfontmanager.so
7f9b6308a000-7f9b6308b000 rw-p 00053000 08:02 1188951                    /usr/lib/jvm/java-8-openjdk-amd64/jre/lib/amd64/libfontmanager.so
7f9b6308b000-7f9b6308f000 r-xp 00000000 08:02 3407928                    /lib/x86_64-linux-gnu/libuuid.so.1.3.0
7f9b6308f000-7f9b6328e000 ---p 00004000 08:02 3407928                    /lib/x86_64-linux-gnu/libuuid.so.1.3.0
7f9b6328e000-7f9b6328f000 r--p 00003000 08:02 3407928                    /lib/x86_64-linux-gnu/libuuid.so.1.3.0
7f9b6328f000-7f9b63290000 rw-p 00004000 08:02 3407928                    /lib/x86_64-linux-gnu/libuuid.so.1.3.0
7f9b63290000-7f9b63296000 r-xp 00000000 08:02 527839                     /usr/lib/x86_64-linux-gnu/libdatrie.so.1.3.3
7f9b63296000-7f9b63496000 ---p 00006000 08:02 527839                     /usr/lib/x86_64-linux-gnu/libdatrie.so.1.3.3
7f9b63496000-7f9b63497000 r--p 00006000 08:02 527839                     /usr/lib/x86_64-linux-gnu/libdatrie.so.1.3.3
7f9b63497000-7f9b63498000 rw-p 00007000 08:02 527839                     /usr/lib/x86_64-linux-gnu/libdatrie.so.1.3.3
7f9b63498000-7f9b634bb000 r-xp 00000000 08:02 528374                     /usr/lib/x86_64-linux-gnu/libgraphite2.so.3.0.1
7f9b634bb000-7f9b636bb000 ---p 00023000 08:02 528374                     /usr/lib/x86_64-linux-gnu/libgraphite2.so.3.0.1
7f9b636bb000-7f9b636bd000 r--p 00023000 08:02 528374                     /usr/lib/x86_64-linux-gnu/libgraphite2.so.3.0.1
7f9b636bd000-7f9b636be000 rw-p 00025000 08:02 528374                     /usr/lib/x86_64-linux-gnu/libgraphite2.so.3.0.1
7f9b636be000-7f9b636ff000 r-xp 00000000 08:02 3407941                    /lib/x86_64-linux-gnu/libblkid.so.1.1.0
7f9b636ff000-7f9b638fe000 ---p 00041000 08:02 3407941                    /lib/x86_64-linux-gnu/libblkid.so.1.1.0
7f9b638fe000-7f9b63902000 r--p 00040000 08:02 3407941                    /lib/x86_64-linux-gnu/libblkid.so.1.1.0
7f9b63902000-7f9b63903000 rw-p 00044000 08:02 3407941                    /lib/x86_64-linux-gnu/libblkid.so.1.1.0
7f9b63903000-7f9b63904000 rw-p 00000000 00:00 0 
7f9b63904000-7f9b6392b000 r-xp 00000000 08:02 3407918                    /lib/x86_64-linux-gnu/libexpat.so.1.6.2
7f9b6392b000-7f9b63b2b000 ---p 00027000 08:02 3407918                    /lib/x86_64-linux-gnu/libexpat.so.1.6.2
7f9b63b2b000-7f9b63b2d000 r--p 00027000 08:02 3407918                    /lib/x86_64-linux-gnu/libexpat.so.1.6.2
7f9b63b2d000-7f9b63b2e000 rw-p 00029000 08:02 3407918                    /lib/x86_64-linux-gnu/libexpat.so.1.6.2
7f9b63b2e000-7f9b63ba0000 r-xp 00000000 08:02 3408343                    /lib/x86_64-linux-gnu/libpcre.so.3.13.3
7f9b63ba0000-7f9b63d9f000 ---p 00072000 08:02 3408343                    /lib/x86_64-linux-gnu/libpcre.so.3.13.3
7f9b63d9f000-7f9b63da0000 r--p 00071000 08:02 3408343                    /lib/x86_64-linux-gnu/libpcre.so.3.13.3
7f9b63da0000-7f9b63da1000 rw-p 00072000 08:02 3408343                    /lib/x86_64-linux-gnu/libpcre.so.3.13.3
7f9b63da1000-7f9b63da8000 r-xp 00000000 08:02 528241                     /usr/lib/x86_64-linux-gnu/libffi.so.6.0.4
7f9b63da8000-7f9b63fa8000 ---p 00007000 08:02 528241                     /usr/lib/x86_64-linux-gnu/libffi.so.6.0.4
7f9b63fa8000-7f9b63fa9000 r--p 00007000 08:02 528241                     /usr/lib/x86_64-linux-gnu/libffi.so.6.0.4
7f9b63fa9000-7f9b63faa000 rw-p 00008000 08:02 528241                     /usr/lib/x86_64-linux-gnu/libffi.so.6.0.4
7f9b63faa000-7f9b63fb2000 r-xp 00000000 08:02 528239                     /usr/lib/x86_64-linux-gnu/libthai.so.0.3.0
7f9b63fb2000-7f9b641b2000 ---p 00008000 08:02 528239                     /usr/lib/x86_64-linux-gnu/libthai.so.0.3.0
7f9b641b2000-7f9b641b3000 r--p 00008000 08:02 528239                     /usr/lib/x86_64-linux-gnu/libthai.so.0.3.0
7f9b641b3000-7f9b641b4000 rw-p 00009000 08:02 528239                     /usr/lib/x86_64-linux-gnu/libthai.so.0.3.0
7f9b641b4000-7f9b64247000 r-xp 00000000 08:02 577037                     /usr/lib/x86_64-linux-gnu/libharfbuzz.so.0.10400.2
7f9b64247000-7f9b64446000 ---p 00093000 08:02 577037                     /usr/lib/x86_64-linux-gnu/libharfbuzz.so.0.10400.2
7f9b64446000-7f9b64448000 r--p 00092000 08:02 577037                     /usr/lib/x86_64-linux-gnu/libharfbuzz.so.0.10400.2
7f9b64448000-7f9b64449000 rw-p 00094000 08:02 577037                     /usr/lib/x86_64-linux-gnu/libharfbuzz.so.0.10400.2
7f9b64449000-7f9b64493000 r-xp 00000000 08:02 3407943                    /lib/x86_64-linux-gnu/libmount.so.1.1.0
7f9b64493000-7f9b64693000 ---p 0004a000 08:02 3407943                    /lib/x86_64-linux-gnu/libmount.so.1.1.0
7f9b64693000-7f9b64694000 r--p 0004a000 08:02 3407943                    /lib/x86_64-linux-gnu/libmount.so.1.1.0
7f9b64694000-7f9b64695000 rw-p 0004b000 08:02 3407943                    /lib/x86_64-linux-gnu/libmount.so.1.1.0
7f9b64695000-7f9b64697000 rw-p 00000000 00:00 0 
7f9b64697000-7f9b646ab000 r-xp 00000000 08:02 3414742                    /lib/x86_64-linux-gnu/libresolv-2.24.so
7f9b646ab000-7f9b648aa000 ---p 00014000 08:02 3414742                    /lib/x86_64-linux-gnu/libresolv-2.24.so
7f9b648aa000-7f9b648ab000 r--p 00013000 08:02 3414742                    /lib/x86_64-linux-gnu/libresolv-2.24.so
7f9b648ab000-7f9b648ac000 rw-p 00014000 08:02 3414742                    /lib/x86_64-linux-gnu/libresolv-2.24.so
7f9b648ac000-7f9b648ae000 rw-p 00000000 00:00 0 
7f9b648ae000-7f9b648d3000 r-xp 00000000 08:02 3408007                    /lib/x86_64-linux-gnu/libselinux.so.1
7f9b648d3000-7f9b64ad2000 ---p 00025000 08:02 3408007                    /lib/x86_64-linux-gnu/libselinux.so.1
7f9b64ad2000-7f9b64ad3000 r--p 00024000 08:02 3408007                    /lib/x86_64-linux-gnu/libselinux.so.1
7f9b64ad3000-7f9b64ad4000 rw-p 00025000 08:02 3408007                    /lib/x86_64-linux-gnu/libselinux.so.1
7f9b64ad4000-7f9b64ad6000 rw-p 00000000 00:00 0 
7f9b64ad6000-7f9b64ae2000 r-xp 00000000 08:02 525048                     /usr/lib/x86_64-linux-gnu/libxcb-render.so.0.0.0
7f9b64ae2000-7f9b64ce2000 ---p 0000c000 08:02 525048                     /usr/lib/x86_64-linux-gnu/libxcb-render.so.0.0.0
7f9b64ce2000-7f9b64ce3000 r--p 0000c000 08:02 525048                     /usr/lib/x86_64-linux-gnu/libxcb-render.so.0.0.0
7f9b64ce3000-7f9b64ce4000 rw-p 0000d000 08:02 525048                     /usr/lib/x86_64-linux-gnu/libxcb-render.so.0.0.0
7f9b64ce4000-7f9b64ce6000 r-xp 00000000 08:02 525050                     /usr/lib/x86_64-linux-gnu/libxcb-shm.so.0.0.0
7f9b64ce6000-7f9b64ee6000 ---p 00002000 08:02 525050                     /usr/lib/x86_64-linux-gnu/libxcb-shm.so.0.0.0
7f9b64ee6000-7f9b64ee7000 r--p 00002000 08:02 525050                     /usr/lib/x86_64-linux-gnu/libxcb-shm.so.0.0.0
7f9b64ee7000-7f9b64ee8000 rw-p 00003000 08:02 525050                     /usr/lib/x86_64-linux-gnu/libxcb-shm.so.0.0.0
7f9b64ee8000-7f9b64f86000 r-xp 00000000 08:02 525046                     /usr/lib/x86_64-linux-gnu/libpixman-1.so.0.34.0
7f9b64f86000-7f9b65186000 ---p 0009e000 08:02 525046                     /usr/lib/x86_64-linux-gnu/libpixman-1.so.0.34.0
7f9b65186000-7f9b6518e000 r--p 0009e000 08:02 525046                     /usr/lib/x86_64-linux-gnu/libpixman-1.so.0.34.0
7f9b6518e000-7f9b6518f000 rw-p 000a6000 08:02 525046                     /usr/lib/x86_64-linux-gnu/libpixman-1.so.0.34.0
7f9b6518f000-7f9b65199000 r-xp 00000000 08:02 533027                     /usr/lib/x86_64-linux-gnu/libXcursor.so.1.0.2
7f9b65199000-7f9b65398000 ---p 0000a000 08:02 533027                     /usr/lib/x86_64-linux-gnu/libXcursor.so.1.0.2
7f9b65398000-7f9b65399000 r--p 00009000 08:02 533027                     /usr/lib/x86_64-linux-gnu/libXcursor.so.1.0.2
7f9b65399000-7f9b6539a000 rw-p 0000a000 08:02 533027                     /usr/lib/x86_64-linux-gnu/libXcursor.so.1.0.2
7f9b6539a000-7f9b653a4000 r-xp 00000000 08:02 532569                     /usr/lib/x86_64-linux-gnu/libXrandr.so.2.2.0
7f9b653a4000-7f9b655a3000 ---p 0000a000 08:02 532569                     /usr/lib/x86_64-linux-gnu/libXrandr.so.2.2.0
7f9b655a3000-7f9b655a4000 r--p 00009000 08:02 532569                     /usr/lib/x86_64-linux-gnu/libXrandr.so.2.2.0
7f9b655a4000-7f9b655a5000 rw-p 0000a000 08:02 532569                     /usr/lib/x86_64-linux-gnu/libXrandr.so.2.2.0
7f9b655a5000-7f9b655a7000 r-xp 00000000 08:02 531706                     /usr/lib/x86_64-linux-gnu/libXinerama.so.1.0.0
7f9b655a7000-7f9b657a6000 ---p 00002000 08:02 531706                     /usr/lib/x86_64-linux-gnu/libXinerama.so.1.0.0
7f9b657a6000-7f9b657a7000 r--p 00001000 08:02 531706                     /usr/lib/x86_64-linux-gnu/libXinerama.so.1.0.0
7f9b657a7000-7f9b657a8000 rw-p 00002000 08:02 531706                     /usr/lib/x86_64-linux-gnu/libXinerama.so.1.0.0
7f9b657a8000-7f9b657ad000 r-xp 00000000 08:02 527146                     /usr/lib/x86_64-linux-gnu/libXfixes.so.3.1.0
7f9b657ad000-7f9b659ac000 ---p 00005000 08:02 527146                     /usr/lib/x86_64-linux-gnu/libXfixes.so.3.1.0
7f9b659ac000-7f9b659ad000 r--p 00004000 08:02 527146                     /usr/lib/x86_64-linux-gnu/libXfixes.so.3.1.0
7f9b659ad000-7f9b659ae000 rw-p 00005000 08:02 527146                     /usr/lib/x86_64-linux-gnu/libXfixes.so.3.1.0
7f9b659ae000-7f9b659b0000 r-xp 00000000 08:02 533029                     /usr/lib/x86_64-linux-gnu/libXdamage.so.1.1.0
7f9b659b0000-7f9b65baf000 ---p 00002000 08:02 533029                     /usr/lib/x86_64-linux-gnu/libXdamage.so.1.1.0
7f9b65baf000-7f9b65bb0000 r--p 00001000 08:02 533029                     /usr/lib/x86_64-linux-gnu/libXdamage.so.1.1.0
7f9b65bb0000-7f9b65bb1000 rw-p 00002000 08:02 533029                     /usr/lib/x86_64-linux-gnu/libXdamage.so.1.1.0
7f9b65bb1000-7f9b65bb3000 r-xp 00000000 08:02 534161                     /usr/lib/x86_64-linux-gnu/libXcomposite.so.1.0.0
7f9b65bb3000-7f9b65db2000 ---p 00002000 08:02 534161                     /usr/lib/x86_64-linux-gnu/libXcomposite.so.1.0.0
7f9b65db2000-7f9b65db3000 r--p 00001000 08:02 534161                     /usr/lib/x86_64-linux-gnu/libXcomposite.so.1.0.0
7f9b65db3000-7f9b65db4000 rw-p 00002000 08:02 534161                     /usr/lib/x86_64-linux-gnu/libXcomposite.so.1.0.0
7f9b65db4000-7f9b65db7000 r-xp 00000000 08:02 525477                     /usr/lib/x86_64-linux-gnu/libgmodule-2.0.so.0.5000.2
7f9b65db7000-7f9b65fb6000 ---p 00003000 08:02 525477                     /usr/lib/x86_64-linux-gnu/libgmodule-2.0.so.0.5000.2
7f9b65fb6000-7f9b65fb7000 r--p 00002000 08:02 525477                     /usr/lib/x86_64-linux-gnu/libgmodule-2.0.so.0.5000.2
7f9b65fb7000-7f9b65fb8000 rw-p 00003000 08:02 525477                     /usr/lib/x86_64-linux-gnu/libgmodule-2.0.so.0.5000.2
7f9b65fb8000-7f9b65fe9000 r-xp 00000000 08:02 525011                     /usr/lib/x86_64-linux-gnu/libpng16.so.16.28.0
7f9b65fe9000-7f9b661e9000 ---p 00031000 08:02 525011                     /usr/lib/x86_64-linux-gnu/libpng16.so.16.28.0
7f9b661e9000-7f9b661ea000 r--p 00031000 08:02 525011                     /usr/lib/x86_64-linux-gnu/libpng16.so.16.28.0
7f9b661ea000-7f9b661eb000 rw-p 00032000 08:02 525011                     /usr/lib/x86_64-linux-gnu/libpng16.so.16.28.0
7f9b661eb000-7f9b66254000 r-xp 00000000 08:02 549718                     /usr/lib/x86_64-linux-gnu/libjpeg.so.62.2.0
7f9b66254000-7f9b66454000 ---p 00069000 08:02 549718                     /usr/lib/x86_64-linux-gnu/libjpeg.so.62.2.0
7f9b66454000-7f9b66455000 r--p 00069000 08:02 549718                     /usr/lib/x86_64-linux-gnu/libjpeg.so.62.2.0
7f9b66455000-7f9b66456000 rw-p 0006a000 08:02 549718                     /usr/lib/x86_64-linux-gnu/libjpeg.so.62.2.0
7f9b66456000-7f9b66457000 r-xp 00000000 08:02 528885                     /usr/lib/x86_64-linux-gnu/libgthread-2.0.so.0.5000.2
7f9b66457000-7f9b66656000 ---p 00001000 08:02 528885                     /usr/lib/x86_64-linux-gnu/libgthread-2.0.so.0.5000.2
7f9b66656000-7f9b66657000 r--p 00000000 08:02 528885                     /usr/lib/x86_64-linux-gnu/libgthread-2.0.so.0.5000.2
7f9b66657000-7f9b66658000 rw-p 00001000 08:02 528885                     /usr/lib/x86_64-linux-gnu/libgthread-2.0.so.0.5000.2
7f9b66658000-7f9b66700000 r-xp 00000000 08:02 532142                     /usr/lib/x86_64-linux-gnu/libfreetype.so.6.12.3
7f9b66700000-7f9b66900000 ---p 000a8000 08:02 532142                     /usr/lib/x86_64-linux-gnu/libfreetype.so.6.12.3
7f9b66900000-7f9b66906000 r--p 000a8000 08:02 532142                     /usr/lib/x86_64-linux-gnu/libfreetype.so.6.12.3
7f9b66906000-7f9b66907000 rw-p 000ae000 08:02 532142                     /usr/lib/x86_64-linux-gnu/libfreetype.so.6.12.3
7f9b66907000-7f9b66943000 r-xp 00000000 08:02 525043                     /usr/lib/x86_64-linux-gnu/libfontconfig.so.1.8.0
7f9b66943000-7f9b66b42000 ---p 0003c000 08:02 525043                     /usr/lib/x86_64-linux-gnu/libfontconfig.so.1.8.0
7f9b66b42000-7f9b66b44000 r--p 0003b000 08:02 525043                     /usr/lib/x86_64-linux-gnu/libfontconfig.so.1.8.0
7f9b66b44000-7f9b66b45000 rw-p 0003d000 08:02 525043                     /usr/lib/x86_64-linux-gnu/libfontconfig.so.1.8.0
7f9b66b45000-7f9b66c57000 r-xp 00000000 08:02 3407904                    /lib/x86_64-linux-gnu/libglib-2.0.so.0.5000.2
7f9b66c57000-7f9b66e56000 ---p 00112000 08:02 3407904                    /lib/x86_64-linux-gnu/libglib-2.0.so.0.5000.2
7f9b66e56000-7f9b66e57000 r--p 00111000 08:02 3407904                    /lib/x86_64-linux-gnu/libglib-2.0.so.0.5000.2
7f9b66e57000-7f9b66e58000 rw-p 00112000 08:02 3407904                    /lib/x86_64-linux-gnu/libglib-2.0.so.0.5000.2
7f9b66e58000-7f9b66e59000 rw-p 00000000 00:00 0 
7f9b66e59000-7f9b66eab000 r-xp 00000000 08:02 525478                     /usr/lib/x86_64-linux-gnu/libgobject-2.0.so.0.5000.2
7f9b66eab000-7f9b670aa000 ---p 00052000 08:02 525478                     /usr/lib/x86_64-linux-gnu/libgobject-2.0.so.0.5000.2
7f9b670aa000-7f9b670ab000 r--p 00051000 08:02 525478                     /usr/lib/x86_64-linux-gnu/libgobject-2.0.so.0.5000.2
7f9b670ab000-7f9b670ac000 rw-p 00052000 08:02 525478                     /usr/lib/x86_64-linux-gnu/libgobject-2.0.so.0.5000.2
7f9b670ac000-7f9b670f5000 r-xp 00000000 08:02 532061                     /usr/lib/x86_64-linux-gnu/libpango-1.0.so.0.4000.3
7f9b670f5000-7f9b672f4000 ---p 00049000 08:02 532061                     /usr/lib/x86_64-linux-gnu/libpango-1.0.so.0.4000.3
7f9b672f4000-7f9b672f7000 r--p 00048000 08:02 532061                     /usr/lib/x86_64-linux-gnu/libpango-1.0.so.0.4000.3
7f9b672f7000-7f9b672f8000 rw-p 0004b000 08:02 532061                     /usr/lib/x86_64-linux-gnu/libpango-1.0.so.0.4000.3
7f9b672f8000-7f9b6730c000 r-xp 00000000 08:02 532065                     /usr/lib/x86_64-linux-gnu/libpangoft2-1.0.so.0.4000.3
7f9b6730c000-7f9b6750c000 ---p 00014000 08:02 532065                     /usr/lib/x86_64-linux-gnu/libpangoft2-1.0.so.0.4000.3
7f9b6750c000-7f9b6750d000 r--p 00014000 08:02 532065                     /usr/lib/x86_64-linux-gnu/libpangoft2-1.0.so.0.4000.3
7f9b6750d000-7f9b6750e000 rw-p 00015000 08:02 532065                     /usr/lib/x86_64-linux-gnu/libpangoft2-1.0.so.0.4000.3
7f9b6750e000-7f9b6769b000 r-xp 00000000 08:02 525476                     /usr/lib/x86_64-linux-gnu/libgio-2.0.so.0.5000.2
7f9b6769b000-7f9b6789a000 ---p 0018d000 08:02 525476                     /usr/lib/x86_64-linux-gnu/libgio-2.0.so.0.5000.2
7f9b6789a000-7f9b6789f000 r--p 0018c000 08:02 525476                     /usr/lib/x86_64-linux-gnu/libgio-2.0.so.0.5000.2
7f9b6789f000-7f9b678a2000 rw-p 00191000 08:02 525476                     /usr/lib/x86_64-linux-gnu/libgio-2.0.so.0.5000.2
7f9b678a2000-7f9b678a3000 rw-p 00000000 00:00 0 
7f9b678a3000-7f9b678c4000 r-xp 00000000 08:02 527664                     /usr/lib/x86_64-linux-gnu/libgdk_pixbuf-2.0.so.0.3600.4
7f9b678c4000-7f9b67ac4000 ---p 00021000 08:02 527664                     /usr/lib/x86_64-linux-gnu/libgdk_pixbuf-2.0.so.0.3600.4
7f9b67ac4000-7f9b67ac5000 r--p 00021000 08:02 527664                     /usr/lib/x86_64-linux-gnu/libgdk_pixbuf-2.0.so.0.3600.4
7f9b67ac5000-7f9b67ac6000 rw-p 00022000 08:02 527664                     /usr/lib/x86_64-linux-gnu/libgdk_pixbuf-2.0.so.0.3600.4
7f9b67ac6000-7f9b67bd4000 r-xp 00000000 08:02 525055                     /usr/lib/x86_64-linux-gnu/libcairo.so.2.11400.8
7f9b67bd4000-7f9b67dd4000 ---p 0010e000 08:02 525055                     /usr/lib/x86_64-linux-gnu/libcairo.so.2.11400.8
7f9b67dd4000-7f9b67dd7000 r--p 0010e000 08:02 525055                     /usr/lib/x86_64-linux-gnu/libcairo.so.2.11400.8
7f9b67dd7000-7f9b67dd8000 rw-p 00111000 08:02 525055                     /usr/lib/x86_64-linux-gnu/libcairo.so.2.11400.8
7f9b67dd8000-7f9b67dda000 rw-p 00000000 00:00 0 
7f9b67dda000-7f9b67dfd000 r-xp 00000000 08:02 528843                     /usr/lib/x86_64-linux-gnu/libatk-1.0.so.0.22209.1
7f9b67dfd000-7f9b67ffc000 ---p 00023000 08:02 528843                     /usr/lib/x86_64-linux-gnu/libatk-1.0.so.0.22209.1
7f9b67ffc000-7f9b67fff000 r--p 00022000 08:02 528843                     /usr/lib/x86_64-linux-gnu/libatk-1.0.so.0.22209.1
7f9b67fff000-7f9b68000000 rw-p 00025000 08:02 528843                     /usr/lib/x86_64-linux-gnu/libatk-1.0.so.0.22209.1
7f9b68000000-7f9b68021000 rw-p 00000000 00:00 0 
7f9b68021000-7f9b6c000000 ---p 00000000 00:00 0 
7f9b6c059000-7f9b6c0dd000 r-xp 00000000 08:02 3408158                    /lib/x86_64-linux-gnu/libsystemd.so.0.17.0
7f9b6c0dd000-7f9b6c0de000 ---p 00084000 08:02 3408158                    /lib/x86_64-linux-gnu/libsystemd.so.0.17.0
7f9b6c0de000-7f9b6c0e1000 r--p 00084000 08:02 3408158                    /lib/x86_64-linux-gnu/libsystemd.so.0.17.0
7f9b6c0e1000-7f9b6c0e2000 rw-p 00087000 08:02 3408158                    /lib/x86_64-linux-gnu/libsystemd.so.0.17.0
7f9b6c0e2000-7f9b6c0e3000 rw-p 00000000 00:00 0 
7f9b6c0e3000-7f9b6c0ee000 r-xp 00000000 08:02 532063                     /usr/lib/x86_64-linux-gnu/libpangocairo-1.0.so.0.4000.3
7f9b6c0ee000-7f9b6c2ee000 ---p 0000b000 08:02 532063                     /usr/lib/x86_64-linux-gnu/libpangocairo-1.0.so.0.4000.3
7f9b6c2ee000-7f9b6c2ef000 r--p 0000b000 08:02 532063                     /usr/lib/x86_64-linux-gnu/libpangocairo-1.0.so.0.4000.3
7f9b6c2ef000-7f9b6c2f0000 rw-p 0000c000 08:02 532063                     /usr/lib/x86_64-linux-gnu/libpangocairo-1.0.so.0.4000.3
7f9b6c2f0000-7f9b6c3a0000 r-xp 00000000 08:02 532089                     /usr/lib/x86_64-linux-gnu/libgdk-x11-2.0.so.0.2400.31
7f9b6c3a0000-7f9b6c59f000 ---p 000b0000 08:02 532089                     /usr/lib/x86_64-linux-gnu/libgdk-x11-2.0.so.0.2400.31
7f9b6c59f000-7f9b6c5a3000 r--p 000af000 08:02 532089                     /usr/lib/x86_64-linux-gnu/libgdk-x11-2.0.so.0.2400.31
7f9b6c5a3000-7f9b6c5a5000 rw-p 000b3000 08:02 532089                     /usr/lib/x86_64-linux-gnu/libgdk-x11-2.0.so.0.2400.31
7f9b6c5a5000-7f9b6c9e1000 r-xp 00000000 08:02 536898                     /usr/lib/x86_64-linux-gnu/libgtk-x11-2.0.so.0.2400.31
7f9b6c9e1000-7f9b6cbe0000 ---p 0043c000 08:02 536898                     /usr/lib/x86_64-linux-gnu/libgtk-x11-2.0.so.0.2400.31
7f9b6cbe0000-7f9b6cbe7000 r--p 0043b000 08:02 536898                     /usr/lib/x86_64-linux-gnu/libgtk-x11-2.0.so.0.2400.31
7f9b6cbe7000-7f9b6cbeb000 rw-p 00442000 08:02 536898                     /usr/lib/x86_64-linux-gnu/libgtk-x11-2.0.so.0.2400.31
7f9b6cbeb000-7f9b6cbee000 rw-p 00000000 00:00 0 
7f9b6cbee000-7f9b6d6fd000 r-xp 00000000 08:02 3286773                    /home/johan/Documents/JavaOpenCV/opencv-3.2.0/build/lib/libopencv_core.so.3.2.0
7f9b6d6fd000-7f9b6d8fc000 ---p 00b0f000 08:02 3286773                    /home/johan/Documents/JavaOpenCV/opencv-3.2.0/build/lib/libopencv_core.so.3.2.0
7f9b6d8fc000-7f9b6d904000 r--p 00b0e000 08:02 3286773                    /home/johan/Documents/JavaOpenCV/opencv-3.2.0/build/lib/libopencv_core.so.3.2.0
7f9b6d904000-7f9b6d932000 rw-p 00b16000 08:02 3286773                    /home/johan/Documents/JavaOpenCV/opencv-3.2.0/build/lib/libopencv_core.so.3.2.0
7f9b6d932000-7f9b6d934000 rw-p 00000000 00:00 0 
7f9b6d934000-7f9b6ee9c000 r-xp 00000000 08:02 3286865                    /home/johan/Documents/JavaOpenCV/opencv-3.2.0/build/lib/libopencv_imgproc.so.3.2.0
7f9b6ee9c000-7f9b6f09b000 ---p 01568000 08:02 3286865                    /home/johan/Documents/JavaOpenCV/opencv-3.2.0/build/lib/libopencv_imgproc.so.3.2.0
7f9b6f09b000-7f9b6f0a4000 r--p 01567000 08:02 3286865                    /home/johan/Documents/JavaOpenCV/opencv-3.2.0/build/lib/libopencv_imgproc.so.3.2.0
7f9b6f0a4000-7f9b6f0c5000 rw-p 01570000 08:02 3286865                    /home/johan/Documents/JavaOpenCV/opencv-3.2.0/build/lib/libopencv_imgproc.so.3.2.0
7f9b6f0c5000-7f9b6f15c000 rw-p 00000000 00:00 0 
7f9b6f15c000-7f9b6f4a3000 r-xp 00000000 08:02 3286918                    /home/johan/Documents/JavaOpenCV/opencv-3.2.0/build/lib/libopencv_imgcodecs.so.3.2.0
7f9b6f4a3000-7f9b6f6a3000 ---p 00347000 08:02 3286918                    /home/johan/Documents/JavaOpenCV/opencv-3.2.0/build/lib/libopencv_imgcodecs.so.3.2.0
7f9b6f6a3000-7f9b6f6a9000 r--p 00347000 08:02 3286918                    /home/johan/Documents/JavaOpenCV/opencv-3.2.0/build/lib/libopencv_imgcodecs.so.3.2.0
7f9b6f6a9000-7f9b6f6b1000 rw-p 0034d000 08:02 3286918                    /home/johan/Documents/JavaOpenCV/opencv-3.2.0/build/lib/libopencv_imgcodecs.so.3.2.0
7f9b6f6b1000-7f9b6f6bc000 rw-p 00000000 00:00 0 
7f9b6f6bc000-7f9b6f6de000 r-xp 00000000 08:02 3286943                    /home/johan/Documents/JavaOpenCV/opencv-3.2.0/build/lib/libopencv_videoio.so.3.2.0
7f9b6f6de000-7f9b6f8dd000 ---p 00022000 08:02 3286943                    /home/johan/Documents/JavaOpenCV/opencv-3.2.0/build/lib/libopencv_videoio.so.3.2.0
7f9b6f8dd000-7f9b6f8de000 r--p 00021000 08:02 3286943                    /home/johan/Documents/JavaOpenCV/opencv-3.2.0/build/lib/libopencv_videoio.so.3.2.0
7f9b6f8de000-7f9b6f8df000 rw-p 00022000 08:02 3286943                    /home/johan/Documents/JavaOpenCV/opencv-3.2.0/build/lib/libopencv_videoio.so.3.2.0
7f9b6f8df000-7f9b6f8e1000 rw-p 00000000 00:00 0 
7f9b6f8e1000-7f9b6f8ec000 r-xp 00000000 08:02 3286966                    /home/johan/Documents/JavaOpenCV/opencv-3.2.0/build/lib/libopencv_highgui.so.3.2.0
7f9b6f8ec000-7f9b6faec000 ---p 0000b000 08:02 3286966                    /home/johan/Documents/JavaOpenCV/opencv-3.2.0/build/lib/libopencv_highgui.so.3.2.0
7f9b6faec000-7f9b6faed000 r--p 0000b000 08:02 3286966                    /home/johan/Documents/JavaOpenCV/opencv-3.2.0/build/lib/libopencv_highgui.so.3.2.0
7f9b6faed000-7f9b6faee000 rw-p 0000c000 08:02 3286966                    /home/johan/Documents/JavaOpenCV/opencv-3.2.0/build/lib/libopencv_highgui.so.3.2.0
7f9b6faee000-7f9b6fba9000 r-xp 00000000 08:02 3286850                    /home/johan/Documents/JavaOpenCV/opencv-3.2.0/build/lib/libopencv_ml.so.3.2.0
7f9b6fba9000-7f9b6fda9000 ---p 000bb000 08:02 3286850                    /home/johan/Documents/JavaOpenCV/opencv-3.2.0/build/lib/libopencv_ml.so.3.2.0
7f9b6fda9000-7f9b6fdab000 r--p 000bb000 08:02 3286850                    /home/johan/Documents/JavaOpenCV/opencv-3.2.0/build/lib/libopencv_ml.so.3.2.0
7f9b6fdab000-7f9b6fdac000 rw-p 000bd000 08:02 3286850                    /home/johan/Documents/JavaOpenCV/opencv-3.2.0/build/lib/libopencv_ml.so.3.2.0
7f9b6fdac000-7f9b6fdfd000 r-xp 00000000 08:02 3286861                    /home/johan/Documents/JavaOpenCV/opencv-3.2.0/build/lib/libopencv_flann.so.3.2.0
7f9b6fdfd000-7f9b6fffd000 ---p 00051000 08:02 3286861                    /home/johan/Documents/JavaOpenCV/opencv-3.2.0/build/lib/libopencv_flann.so.3.2.0
7f9b6fffd000-7f9b6ffff000 r--p 00051000 08:02 3286861                    /home/johan/Documents/JavaOpenCV/opencv-3.2.0/build/lib/libopencv_flann.so.3.2.0
7f9b6ffff000-7f9b70000000 rw-p 00053000 08:02 3286861                    /home/johan/Documents/JavaOpenCV/opencv-3.2.0/build/lib/libopencv_flann.so.3.2.0
7f9b70000000-7f9b706ca000 rw-p 00000000 00:00 0 
7f9b706ca000-7f9b74000000 ---p 00000000 00:00 0 
7f9b74000000-7f9b74021000 rw-p 00000000 00:00 0 
7f9b74021000-7f9b78000000 ---p 00000000 00:00 0 
7f9b78000000-7f9b789bf000 rw-p 00000000 00:00 0 
7f9b789bf000-7f9b7c000000 ---p 00000000 00:00 0 
7f9b7c000000-7f9b7c121000 rw-p 00000000 00:00 0 
7f9b7c121000-7f9b80000000 ---p 00000000 00:00 0 
7f9b80000000-7f9b80051000 rw-p 00000000 00:00 0 
7f9b80051000-7f9b84000000 ---p 00000000 00:00 0 
7f9b84000000-7f9b84021000 rw-p 00000000 00:00 0 
7f9b84021000-7f9b88000000 ---p 00000000 00:00 0 
7f9b88000000-7f9b88021000 rw-p 00000000 00:00 0 
7f9b88021000-7f9b8c000000 ---p 00000000 00:00 0 
7f9b8c000000-7f9b8c021000 rw-p 00000000 00:00 0 
7f9b8c021000-7f9b90000000 ---p 00000000 00:00 0 
7f9b90000000-7f9b90021000 rw-p 00000000 00:00 0 
7f9b90021000-7f9b94000000 ---p 00000000 00:00 0 
7f9b94000000-7f9b94021000 rw-p 00000000 00:00 0 
7f9b94021000-7f9b98000000 ---p 00000000 00:00 0 
7f9b98000000-7f9b98021000 rw-p 00000000 00:00 0 
7f9b98021000-7f9b9c000000 ---p 00000000 00:00 0 
7f9b9c06f000-7f9b9c072000 ---p 00000000 00:00 0 
7f9b9c072000-7f9b9c0a8000 rwxp 00000000 00:00 0 
7f9b9c0a8000-7f9b9c0ab000 ---p 00000000 00:00 0 
7f9b9c0ab000-7f9b9c1a9000 rwxp 00000000 00:00 0 
7f9b9c1a9000-7f9b9c25a000 r-xp 00000000 08:02 3287039                    /home/johan/Documents/JavaOpenCV/opencv-3.2.0/build/lib/libopencv_features2d.so.3.2.0
7f9b9c25a000-7f9b9c45a000 ---p 000b1000 08:02 3287039                    /home/johan/Documents/JavaOpenCV/opencv-3.2.0/build/lib/libopencv_features2d.so.3.2.0
7f9b9c45a000-7f9b9c45d000 r--p 000b1000 08:02 3287039                    /home/johan/Documents/JavaOpenCV/opencv-3.2.0/build/lib/libopencv_features2d.so.3.2.0
7f9b9c45d000-7f9b9c45f000 rw-p 000b4000 08:02 3287039                    /home/johan/Documents/JavaOpenCV/opencv-3.2.0/build/lib/libopencv_features2d.so.3.2.0
7f9b9c45f000-7f9b9c5c6000 r-xp 00000000 08:02 3287082                    /home/johan/Documents/JavaOpenCV/opencv-3.2.0/build/lib/libopencv_calib3d.so.3.2.0
7f9b9c5c6000-7f9b9c7c5000 ---p 00167000 08:02 3287082                    /home/johan/Documents/JavaOpenCV/opencv-3.2.0/build/lib/libopencv_calib3d.so.3.2.0
7f9b9c7c5000-7f9b9c7c7000 r--p 00166000 08:02 3287082                    /home/johan/Documents/JavaOpenCV/opencv-3.2.0/build/lib/libopencv_calib3d.so.3.2.0
7f9b9c7c7000-7f9b9c7c9000 rw-p 00168000 08:02 3287082                    /home/johan/Documents/JavaOpenCV/opencv-3.2.0/build/lib/libopencv_calib3d.so.3.2.0
7f9b9c7c9000-7f9b9c829000 r-xp 00000000 08:02 3287042                    /home/johan/Documents/JavaOpenCV/opencv-3.2.0/build/lib/libopencv_objdetect.so.3.2.0
7f9b9c829000-7f9b9ca29000 ---p 00060000 08:02 3287042                    /home/johan/Documents/JavaOpenCV/opencv-3.2.0/build/lib/libopencv_objdetect.so.3.2.0
7f9b9ca29000-7f9b9ca2a000 r--p 00060000 08:02 3287042                    /home/johan/Documents/JavaOpenCV/opencv-3.2.0/build/lib/libopencv_objdetect.so.3.2.0
7f9b9ca2a000-7f9b9ca2b000 rw-p 00061000 08:02 3287042                    /home/johan/Documents/JavaOpenCV/opencv-3.2.0/build/lib/libopencv_objdetect.so.3.2.0
7f9b9ca2b000-7f9b9cba7000 r-xp 00000000 08:02 3286934                    /home/johan/Documents/JavaOpenCV/opencv-3.2.0/build/lib/libopencv_video.so.3.2.0
7f9b9cba7000-7f9b9cda6000 ---p 0017c000 08:02 3286934                    /home/johan/Documents/JavaOpenCV/opencv-3.2.0/build/lib/libopencv_video.so.3.2.0
7f9b9cda6000-7f9b9cda8000 r--p 0017b000 08:02 3286934                    /home/johan/Documents/JavaOpenCV/opencv-3.2.0/build/lib/libopencv_video.so.3.2.0
7f9b9cda8000-7f9b9cdab000 rw-p 0017d000 08:02 3286934                    /home/johan/Documents/JavaOpenCV/opencv-3.2.0/build/lib/libopencv_video.so.3.2.0
7f9b9cdab000-7f9b9cf95000 r-xp 00000000 08:02 3287076                    /home/johan/Documents/JavaOpenCV/opencv-3.2.0/build/lib/libopencv_photo.so.3.2.0
7f9b9cf95000-7f9b9d195000 ---p 001ea000 08:02 3287076                    /home/johan/Documents/JavaOpenCV/opencv-3.2.0/build/lib/libopencv_photo.so.3.2.0
7f9b9d195000-7f9b9d197000 r--p 001ea000 08:02 3287076                    /home/johan/Documents/JavaOpenCV/opencv-3.2.0/build/lib/libopencv_photo.so.3.2.0
7f9b9d197000-7f9b9d19a000 rw-p 001ec000 08:02 3287076                    /home/johan/Documents/JavaOpenCV/opencv-3.2.0/build/lib/libopencv_photo.so.3.2.0
7f9b9d19a000-7f9b9d25b000 r-xp 00000000 08:02 3287753                    /home/johan/Documents/JavaOpenCV/opencv-3.2.0/build/lib/libopencv_java320.so
7f9b9d25b000-7f9b9d45a000 ---p 000c1000 08:02 3287753                    /home/johan/Documents/JavaOpenCV/opencv-3.2.0/build/lib/libopencv_java320.so
7f9b9d45a000-7f9b9d45b000 r--p 000c0000 08:02 3287753                    /home/johan/Documents/JavaOpenCV/opencv-3.2.0/build/lib/libopencv_java320.so
7f9b9d45b000-7f9b9d45d000 rw-p 000c1000 08:02 3287753                    /home/johan/Documents/JavaOpenCV/opencv-3.2.0/build/lib/libopencv_java320.so
7f9b9d45d000-7f9b9d462000 r-xp 00000000 08:02 531695                     /usr/lib/x86_64-linux-gnu/libXdmcp.so.6.0.0
7f9b9d462000-7f9b9d661000 ---p 00005000 08:02 531695                     /usr/lib/x86_64-linux-gnu/libXdmcp.so.6.0.0
7f9b9d661000-7f9b9d662000 r--p 00004000 08:02 531695                     /usr/lib/x86_64-linux-gnu/libXdmcp.so.6.0.0
7f9b9d662000-7f9b9d663000 rw-p 00005000 08:02 531695                     /usr/lib/x86_64-linux-gnu/libXdmcp.so.6.0.0
7f9b9d663000-7f9b9d666000 r-xp 00000000 08:02 531693                     /usr/lib/x86_64-linux-gnu/libXau.so.6.0.0
7f9b9d666000-7f9b9d865000 ---p 00003000 08:02 531693                     /usr/lib/x86_64-linux-gnu/libXau.so.6.0.0
7f9b9d865000-7f9b9d866000 r--p 00002000 08:02 531693                     /usr/lib/x86_64-linux-gnu/libXau.so.6.0.0
7f9b9d866000-7f9b9d867000 rw-p 00003000 08:02 531693                     /usr/lib/x86_64-linux-gnu/libXau.so.6.0.0
7f9b9d867000-7f9b9d88e000 r-xp 00000000 08:02 527662                     /usr/lib/x86_64-linux-gnu/libxcb.so.1.1.0
7f9b9d88e000-7f9b9da8d000 ---p 00027000 08:02 527662                     /usr/lib/x86_64-linux-gnu/libxcb.so.1.1.0
7f9b9da8d000-7f9b9da8e000 r--p 00026000 08:02 527662                     /usr/lib/x86_64-linux-gnu/libxcb.so.1.1.0
7f9b9da8e000-7f9b9da8f000 rw-p 00027000 08:02 527662                     /usr/lib/x86_64-linux-gnu/libxcb.so.1.1.0
7f9b9da8f000-7f9b9da9e000 r-xp 00000000 08:02 534159                     /usr/lib/x86_64-linux-gnu/libXi.so.6.1.0
7f9b9da9e000-7f9b9dc9d000 ---p 0000f000 08:02 534159                     /usr/lib/x86_64-linux-gnu/libXi.so.6.1.0
7f9b9dc9d000-7f9b9dc9e000 r--p 0000e000 08:02 534159                     /usr/lib/x86_64-linux-gnu/libXi.so.6.1.0
7f9b9dc9e000-7f9b9dc9f000 rw-p 0000f000 08:02 534159                     /usr/lib/x86_64-linux-gnu/libXi.so.6.1.0
7f9b9dc9f000-7f9b9dca4000 r-xp 00000000 08:02 532095                     /usr/lib/x86_64-linux-gnu/libXtst.so.6.1.0
7f9b9dca4000-7f9b9dea3000 ---p 00005000 08:02 532095                     /usr/lib/x86_64-linux-gnu/libXtst.so.6.1.0
7f9b9dea3000-7f9b9dea4000 r--p 00004000 08:02 532095                     /usr/lib/x86_64-linux-gnu/libXtst.so.6.1.0
7f9b9dea4000-7f9b9dea5000 rw-p 00005000 08:02 532095                     /usr/lib/x86_64-linux-gnu/libXtst.so.6.1.0
7f9b9dea5000-7f9b9deae000 r-xp 00000000 08:02 525053                     /usr/lib/x86_64-linux-gnu/libXrender.so.1.3.0
7f9b9deae000-7f9b9e0ad000 ---p 00009000 08:02 525053                     /usr/lib/x86_64-linux-gnu/libXrender.so.1.3.0
7f9b9e0ad000-7f9b9e0ae000 r--p 00008000 08:02 525053                     /usr/lib/x86_64-linux-gnu/libXrender.so.1.3.0
7f9b9e0ae000-7f9b9e0af000 rw-p 00009000 08:02 525053                     /usr/lib/x86_64-linux-gnu/libXrender.so.1.3.0
7f9b9e0af000-7f9b9e1e9000 r-xp 00000000 08:02 575376                     /usr/lib/x86_64-linux-gnu/libX11.so.6.3.0
7f9b9e1e9000-7f9b9e3e9000 ---p 0013a000 08:02 575376                     /usr/lib/x86_64-linux-gnu/libX11.so.6.3.0
7f9b9e3e9000-7f9b9e3ea000 r--p 0013a000 08:02 575376                     /usr/lib/x86_64-linux-gnu/libX11.so.6.3.0
7f9b9e3ea000-7f9b9e3ef000 rw-p 0013b000 08:02 575376                     /usr/lib/x86_64-linux-gnu/libX11.so.6.3.0
7f9b9e3ef000-7f9b9e400000 r-xp 00000000 08:02 531704                     /usr/lib/x86_64-linux-gnu/libXext.so.6.4.0
7f9b9e400000-7f9b9e5ff000 ---p 00011000 08:02 531704                     /usr/lib/x86_64-linux-gnu/libXext.so.6.4.0
7f9b9e5ff000-7f9b9e600000 r--p 00010000 08:02 531704                     /usr/lib/x86_64-linux-gnu/libXext.so.6.4.0
7f9b9e600000-7f9b9e601000 rw-p 00011000 08:02 531704                     /usr/lib/x86_64-linux-gnu/libXext.so.6.4.0
7f9b9e629000-7f9b9e67d000 r-xp 00000000 08:02 1188949                    /usr/lib/jvm/java-8-openjdk-amd64/jre/lib/amd64/libawt_xawt.so
7f9b9e67d000-7f9b9e87c000 ---p 00054000 08:02 1188949                    /usr/lib/jvm/java-8-openjdk-amd64/jre/lib/amd64/libawt_xawt.so
7f9b9e87c000-7f9b9e87d000 r--p 00053000 08:02 1188949                    /usr/lib/jvm/java-8-openjdk-amd64/jre/lib/amd64/libawt_xawt.so
7f9b9e87d000-7f9b9e880000 rw-p 00054000 08:02 1188949                    /usr/lib/jvm/java-8-openjdk-amd64/jre/lib/amd64/libawt_xawt.so
7f9b9e880000-7f9b9e881000 rw-p 00000000 00:00 0 
7f9b9e881000-7f9b9e921000 r-xp 00000000 08:02 1188947                    /usr/lib/jvm/java-8-openjdk-amd64/jre/lib/amd64/libawt.so
7f9b9e921000-7f9b9eb21000 ---p 000a0000 08:02 1188947                    /usr/lib/jvm/java-8-openjdk-amd64/jre/lib/amd64/libawt.so
7f9b9eb21000-7f9b9eb22000 r--p 000a0000 08:02 1188947                    /usr/lib/jvm/java-8-openjdk-amd64/jre/lib/amd64/libawt.so
7f9b9eb22000-7f9b9eb2d000 rw-p 000a1000 08:02 1188947                    /usr/lib/jvm/java-8-openjdk-amd64/jre/lib/amd64/libawt.so
7f9b9eb2d000-7f9b9eb52000 rw-p 00000000 00:00 0 
7f9b9eb52000-7f9b9eb53000 ---p 00000000 00:00 0 
7f9b9eb53000-7f9b9ed54000 rwxp 00000000 00:00 0 
7f9b9ed54000-7f9b9ed55000 ---p 00000000 00:00 0 
7f9b9ed55000-7f9b9ee55000 rwxp 00000000 00:00 0 
7f9b9ee55000-7f9b9ee56000 ---p 00000000 00:00 0 
7f9b9ee56000-7f9b9ef56000 rwxp 00000000 00:00 0 
7f9b9ef56000-7f9b9ef57000 ---p 00000000 00:00 0 
7f9b9ef57000-7f9b9f158000 rwxp 00000000 00:00 0 
7f9b9f158000-7f9b9f2f3000 r--p 00000000 08:02 540112                     /usr/lib/locale/locale-archive
7f9b9f2f3000-7f9b9f4f5000 rwxp 00000000 00:00 0 
7f9b9f4f5000-7f9b9f4f6000 ---p 00000000 00:00 0 
7f9b9f4f6000-7f9b9f5f6000 rwxp 00000000 00:00 0 
7f9b9f5f6000-7f9ba0000000 rw-p 00000000 00:00 0 
7f9ba0000000-7f9ba0021000 rw-p 00000000 00:00 0 
7f9ba0021000-7f9ba4000000 ---p 00000000 00:00 0 
7f9ba4009000-7f9ba401c000 r--s 00346000 08:02 1189013                    /usr/lib/jvm/java-8-openjdk-amd64/jre/lib/resources.jar
7f9ba401c000-7f9ba4037000 r--s 001d6000 08:02 1188993                    /usr/lib/jvm/java-8-openjdk-amd64/jre/lib/ext/nashorn.jar
7f9ba4037000-7f9ba4052000 r--s 00394000 08:02 1188988                    /usr/lib/jvm/java-8-openjdk-amd64/jre/lib/ext/cldrdata.jar
7f9ba4052000-7f9ba44da000 rw-p 00000000 00:00 0 
7f9ba44da000-7f9ba46a8000 r--s 03c06000 08:02 1189014                    /usr/lib/jvm/java-8-openjdk-amd64/jre/lib/rt.jar
7f9ba46a8000-7f9ba9000000 rw-p 00000000 00:00 0 
7f9ba9000000-7f9ba9490000 rwxp 00000000 00:00 0 
7f9ba9490000-7f9bb8000000 ---p 00000000 00:00 0 
7f9bb8000000-7f9bbb136000 rw-p 00000000 00:00 0 
7f9bbb136000-7f9bbc000000 ---p 00000000 00:00 0 
7f9bbc003000-7f9bbc007000 r--s 0009a000 08:02 1189009                    /usr/lib/jvm/java-8-openjdk-amd64/jre/lib/jsse.jar
7f9bbc007000-7f9bbc1cb000 rw-p 00000000 00:00 0 
7f9bbc1cb000-7f9bbc1cc000 ---p 00000000 00:00 0 
7f9bbc1cc000-7f9bbc2cc000 rwxp 00000000 00:00 0 
7f9bbc2cc000-7f9bbc2cd000 ---p 00000000 00:00 0 
7f9bbc2cd000-7f9bbc3cd000 rwxp 00000000 00:00 0 
7f9bbc3cd000-7f9bbc3ce000 ---p 00000000 00:00 0 
7f9bbc3ce000-7f9bbc4ce000 rwxp 00000000 00:00 0 
7f9bbc4ce000-7f9bbc4cf000 ---p 00000000 00:00 0 
7f9bbc4cf000-7f9bbc5cf000 rwxp 00000000 00:00 0 
7f9bbc5cf000-7f9bbc5e8000 rw-p 00000000 00:00 0 
7f9bbc5e8000-7f9bbc85f000 ---p 00000000 00:00 0 
7f9bbc85f000-7f9bbc878000 rw-p 00000000 00:00 0 
7f9bbc878000-7f9bbcaef000 ---p 00000000 00:00 0 
7f9bbcaef000-7f9bbcb62000 rw-p 00000000 00:00 0 
7f9bbcb62000-7f9bbcc37000 ---p 00000000 00:00 0 
7f9bbcc37000-7f9bbcc4b000 rw-p 00000000 00:00 0 
7f9bbcc4b000-7f9bbcff8000 ---p 00000000 00:00 0 
7f9bbcff8000-7f9bbd000000 r-xp 00000000 08:02 1188977                    /usr/lib/jvm/java-8-openjdk-amd64/jre/lib/amd64/libzip.so
7f9bbd000000-7f9bbd1ff000 ---p 00008000 08:02 1188977                    /usr/lib/jvm/java-8-openjdk-amd64/jre/lib/amd64/libzip.so
7f9bbd1ff000-7f9bbd200000 r--p 00007000 08:02 1188977                    /usr/lib/jvm/java-8-openjdk-amd64/jre/lib/amd64/libzip.so
7f9bbd200000-7f9bbd201000 rw-p 00008000 08:02 1188977                    /usr/lib/jvm/java-8-openjdk-amd64/jre/lib/amd64/libzip.so
7f9bbd201000-7f9bbd20b000 r-xp 00000000 08:02 3414736                    /lib/x86_64-linux-gnu/libnss_files-2.24.so
7f9bbd20b000-7f9bbd40b000 ---p 0000a000 08:02 3414736                    /lib/x86_64-linux-gnu/libnss_files-2.24.so
7f9bbd40b000-7f9bbd40c000 r--p 0000a000 08:02 3414736                    /lib/x86_64-linux-gnu/libnss_files-2.24.so
7f9bbd40c000-7f9bbd40d000 rw-p 0000b000 08:02 3414736                    /lib/x86_64-linux-gnu/libnss_files-2.24.so
7f9bbd40d000-7f9bbd413000 rw-p 00000000 00:00 0 
7f9bbd413000-7f9bbd41e000 r-xp 00000000 08:02 3414738                    /lib/x86_64-linux-gnu/libnss_nis-2.24.so
7f9bbd41e000-7f9bbd61d000 ---p 0000b000 08:02 3414738                    /lib/x86_64-linux-gnu/libnss_nis-2.24.so
7f9bbd61d000-7f9bbd61e000 r--p 0000a000 08:02 3414738                    /lib/x86_64-linux-gnu/libnss_nis-2.24.so
7f9bbd61e000-7f9bbd61f000 rw-p 0000b000 08:02 3414738                    /lib/x86_64-linux-gnu/libnss_nis-2.24.so
7f9bbd61f000-7f9bbd633000 r-xp 00000000 08:02 3414733                    /lib/x86_64-linux-gnu/libnsl-2.24.so
7f9bbd633000-7f9bbd833000 ---p 00014000 08:02 3414733                    /lib/x86_64-linux-gnu/libnsl-2.24.so
7f9bbd833000-7f9bbd834000 r--p 00014000 08:02 3414733                    /lib/x86_64-linux-gnu/libnsl-2.24.so
7f9bbd834000-7f9bbd835000 rw-p 00015000 08:02 3414733                    /lib/x86_64-linux-gnu/libnsl-2.24.so
7f9bbd835000-7f9bbd837000 rw-p 00000000 00:00 0 
7f9bbd837000-7f9bbd83e000 r-xp 00000000 08:02 3414734                    /lib/x86_64-linux-gnu/libnss_compat-2.24.so
7f9bbd83e000-7f9bbda3d000 ---p 00007000 08:02 3414734                    /lib/x86_64-linux-gnu/libnss_compat-2.24.so
7f9bbda3d000-7f9bbda3e000 r--p 00006000 08:02 3414734                    /lib/x86_64-linux-gnu/libnss_compat-2.24.so
7f9bbda3e000-7f9bbda3f000 rw-p 00007000 08:02 3414734                    /lib/x86_64-linux-gnu/libnss_compat-2.24.so
7f9bbda3f000-7f9bbda6c000 r-xp 00000000 08:02 1188958                    /usr/lib/jvm/java-8-openjdk-amd64/jre/lib/amd64/libjava.so
7f9bbda6c000-7f9bbdc6b000 ---p 0002d000 08:02 1188958                    /usr/lib/jvm/java-8-openjdk-amd64/jre/lib/amd64/libjava.so
7f9bbdc6b000-7f9bbdc6c000 r--p 0002c000 08:02 1188958                    /usr/lib/jvm/java-8-openjdk-amd64/jre/lib/amd64/libjava.so
7f9bbdc6c000-7f9bbdc6e000 rw-p 0002d000 08:02 1188958                    /usr/lib/jvm/java-8-openjdk-amd64/jre/lib/amd64/libjava.so
7f9bbdc6e000-7f9bbdc7d000 r-xp 00000000 08:02 1188976                    /usr/lib/jvm/java-8-openjdk-amd64/jre/lib/amd64/libverify.so
7f9bbdc7d000-7f9bbde7c000 ---p 0000f000 08:02 1188976                    /usr/lib/jvm/java-8-openjdk-amd64/jre/lib/amd64/libverify.so
7f9bbde7c000-7f9bbde7e000 r--p 0000e000 08:02 1188976                    /usr/lib/jvm/java-8-openjdk-amd64/jre/lib/amd64/libverify.so
7f9bbde7e000-7f9bbde7f000 rw-p 00010000 08:02 1188976                    /usr/lib/jvm/java-8-openjdk-amd64/jre/lib/amd64/libverify.so
7f9bbde7f000-7f9bbde86000 r-xp 00000000 08:02 3414743                    /lib/x86_64-linux-gnu/librt-2.24.so
7f9bbde86000-7f9bbe085000 ---p 00007000 08:02 3414743                    /lib/x86_64-linux-gnu/librt-2.24.so
7f9bbe085000-7f9bbe086000 r--p 00006000 08:02 3414743                    /lib/x86_64-linux-gnu/librt-2.24.so
7f9bbe086000-7f9bbe087000 rw-p 00007000 08:02 3414743                    /lib/x86_64-linux-gnu/librt-2.24.so
7f9bbe087000-7f9bbe09d000 r-xp 00000000 08:02 3408375                    /lib/x86_64-linux-gnu/libgcc_s.so.1
7f9bbe09d000-7f9bbe29c000 ---p 00016000 08:02 3408375                    /lib/x86_64-linux-gnu/libgcc_s.so.1
7f9bbe29c000-7f9bbe29d000 r--p 00015000 08:02 3408375                    /lib/x86_64-linux-gnu/libgcc_s.so.1
7f9bbe29d000-7f9bbe29e000 rw-p 00016000 08:02 3408375                    /lib/x86_64-linux-gnu/libgcc_s.so.1
7f9bbe29e000-7f9bbe3a1000 r-xp 00000000 08:02 3414730                    /lib/x86_64-linux-gnu/libm-2.24.so
7f9bbe3a1000-7f9bbe5a0000 ---p 00103000 08:02 3414730                    /lib/x86_64-linux-gnu/libm-2.24.so
7f9bbe5a0000-7f9bbe5a1000 r--p 00102000 08:02 3414730                    /lib/x86_64-linux-gnu/libm-2.24.so
7f9bbe5a1000-7f9bbe5a2000 rw-p 00103000 08:02 3414730                    /lib/x86_64-linux-gnu/libm-2.24.so
7f9bbe5a2000-7f9bbe714000 r-xp 00000000 08:02 524999                     /usr/lib/x86_64-linux-gnu/libstdc++.so.6.0.22
7f9bbe714000-7f9bbe914000 ---p 00172000 08:02 524999                     /usr/lib/x86_64-linux-gnu/libstdc++.so.6.0.22
7f9bbe914000-7f9bbe91e000 r--p 00172000 08:02 524999                     /usr/lib/x86_64-linux-gnu/libstdc++.so.6.0.22
7f9bbe91e000-7f9bbe920000 rw-p 0017c000 08:02 524999                     /usr/lib/x86_64-linux-gnu/libstdc++.so.6.0.22
7f9bbe920000-7f9bbe924000 rw-p 00000000 00:00 0 
7f9bbe924000-7f9bbf579000 r-xp 00000000 08:02 1188979                    /usr/lib/jvm/java-8-openjdk-amd64/jre/lib/amd64/server/libjvm.so
7f9bbf579000-7f9bbf779000 ---p 00c55000 08:02 1188979                    /usr/lib/jvm/java-8-openjdk-amd64/jre/lib/amd64/server/libjvm.so
7f9bbf779000-7f9bbf80c000 r--p 00c55000 08:02 1188979                    /usr/lib/jvm/java-8-openjdk-amd64/jre/lib/amd64/server/libjvm.so
7f9bbf80c000-7f9bbf835000 rw-p 00ce8000 08:02 1188979                    /usr/lib/jvm/java-8-openjdk-amd64/jre/lib/amd64/server/libjvm.so
7f9bbf835000-7f9bbf865000 rw-p 00000000 00:00 0 
7f9bbf865000-7f9bbf9fa000 r-xp 00000000 08:02 3414726                    /lib/x86_64-linux-gnu/libc-2.24.so
7f9bbf9fa000-7f9bbfbf9000 ---p 00195000 08:02 3414726                    /lib/x86_64-linux-gnu/libc-2.24.so
7f9bbfbf9000-7f9bbfbfd000 r--p 00194000 08:02 3414726                    /lib/x86_64-linux-gnu/libc-2.24.so
7f9bbfbfd000-7f9bbfbff000 rw-p 00198000 08:02 3414726                    /lib/x86_64-linux-gnu/libc-2.24.so
7f9bbfbff000-7f9bbfc03000 rw-p 00000000 00:00 0 
7f9bbfc03000-7f9bbfc05000 r-xp 00000000 08:02 3414729                    /lib/x86_64-linux-gnu/libdl-2.24.so
7f9bbfc05000-7f9bbfe05000 ---p 00002000 08:02 3414729                    /lib/x86_64-linux-gnu/libdl-2.24.so
7f9bbfe05000-7f9bbfe06000 r--p 00002000 08:02 3414729                    /lib/x86_64-linux-gnu/libdl-2.24.so
7f9bbfe06000-7f9bbfe07000 rw-p 00003000 08:02 3414729                    /lib/x86_64-linux-gnu/libdl-2.24.so
7f9bbfe07000-7f9bbfe14000 r-xp 00000000 08:02 1188942                    /usr/lib/jvm/java-8-openjdk-amd64/jre/lib/amd64/jli/libjli.so
7f9bbfe14000-7f9bc0014000 ---p 0000d000 08:02 1188942                    /usr/lib/jvm/java-8-openjdk-amd64/jre/lib/amd64/jli/libjli.so
7f9bc0014000-7f9bc0015000 r--p 0000d000 08:02 1188942                    /usr/lib/jvm/java-8-openjdk-amd64/jre/lib/amd64/jli/libjli.so
7f9bc0015000-7f9bc0016000 rw-p 0000e000 08:02 1188942                    /usr/lib/jvm/java-8-openjdk-amd64/jre/lib/amd64/jli/libjli.so
7f9bc0016000-7f9bc002f000 r-xp 00000000 08:02 3408105                    /lib/x86_64-linux-gnu/libz.so.1.2.8
7f9bc002f000-7f9bc022e000 ---p 00019000 08:02 3408105                    /lib/x86_64-linux-gnu/libz.so.1.2.8
7f9bc022e000-7f9bc022f000 r--p 00018000 08:02 3408105                    /lib/x86_64-linux-gnu/libz.so.1.2.8
7f9bc022f000-7f9bc0230000 rw-p 00019000 08:02 3408105                    /lib/x86_64-linux-gnu/libz.so.1.2.8
7f9bc0230000-7f9bc0248000 r-xp 00000000 08:02 3414741                    /lib/x86_64-linux-gnu/libpthread-2.24.so
7f9bc0248000-7f9bc0447000 ---p 00018000 08:02 3414741                    /lib/x86_64-linux-gnu/libpthread-2.24.so
7f9bc0447000-7f9bc0448000 r--p 00017000 08:02 3414741                    /lib/x86_64-linux-gnu/libpthread-2.24.so
7f9bc0448000-7f9bc0449000 rw-p 00018000 08:02 3414741                    /lib/x86_64-linux-gnu/libpthread-2.24.so
7f9bc0449000-7f9bc044d000 rw-p 00000000 00:00 0 
7f9bc044d000-7f9bc0470000 r-xp 00000000 08:02 3414713                    /lib/x86_64-linux-gnu/ld-2.24.so
7f9bc0472000-7f9bc0477000 r--s 00055000 08:02 3287464                    /home/johan/Documents/JavaOpenCV/opencv-3.2.0/build/bin/opencv-320.jar
7f9bc0477000-7f9bc0542000 rw-p 00000000 00:00 0 
7f9bc0542000-7f9bc0543000 ---p 00000000 00:00 0 
7f9bc0543000-7f9bc0643000 rwxp 00000000 00:00 0 
7f9bc0643000-7f9bc0645000 rw-p 00000000 00:00 0 
7f9bc0645000-7f9bc064f000 r--s 00116000 08:02 1188992                    /usr/lib/jvm/java-8-openjdk-amd64/jre/lib/ext/localedata.jar
7f9bc064f000-7f9bc0652000 r--s 0000f000 08:02 1188990                    /usr/lib/jvm/java-8-openjdk-amd64/jre/lib/ext/icedtea-sound.jar
7f9bc0652000-7f9bc0653000 r--s 0000a000 08:02 1188991                    /usr/lib/jvm/java-8-openjdk-amd64/jre/lib/ext/jaccess.jar
7f9bc0653000-7f9bc0655000 r--s 00008000 08:02 1188994                    /usr/lib/jvm/java-8-openjdk-amd64/jre/lib/ext/sunec.jar
7f9bc0655000-7f9bc0657000 r--s 00001000 08:02 1188989                    /usr/lib/jvm/java-8-openjdk-amd64/jre/lib/ext/dnsns.jar
7f9bc0657000-7f9bc065c000 r--s 0003b000 08:02 1188995                    /usr/lib/jvm/java-8-openjdk-amd64/jre/lib/ext/sunjce_provider.jar
7f9bc065c000-7f9bc065e000 r--s 00007000 08:02 1050515                    /usr/share/java/java-atk-wrapper.jar
7f9bc065e000-7f9bc0662000 r--s 00037000 08:02 1188996                    /usr/lib/jvm/java-8-openjdk-amd64/jre/lib/ext/sunpkcs11.jar
7f9bc0662000-7f9bc0663000 r--s 00010000 08:02 1188997                    /usr/lib/jvm/java-8-openjdk-amd64/jre/lib/ext/zipfs.jar
7f9bc0663000-7f9bc066b000 rw-s 00000000 08:02 12976313                   /tmp/hsperfdata_johan/4530
7f9bc066b000-7f9bc066c000 rw-p 00000000 00:00 0 
7f9bc066c000-7f9bc066d000 r--p 00000000 00:00 0 
7f9bc066d000-7f9bc0670000 rw-p 00000000 00:00 0 
7f9bc0670000-7f9bc0671000 r--p 00023000 08:02 3414713                    /lib/x86_64-linux-gnu/ld-2.24.so
7f9bc0671000-7f9bc0672000 rw-p 00024000 08:02 3414713                    /lib/x86_64-linux-gnu/ld-2.24.so
7f9bc0672000-7f9bc0673000 rw-p 00000000 00:00 0 
7ffe66879000-7ffe66898000 rwxp 00000000 00:00 0                          [stack]
7ffe66898000-7ffe6689a000 rw-p 00000000 00:00 0 
7ffe668b1000-7ffe668b3000 r--p 00000000 00:00 0                          [vvar]
7ffe668b3000-7ffe668b5000 r-xp 00000000 00:00 0                          [vdso]
ffffffffff600000-ffffffffff601000 r-xp 00000000 00:00 0                  [vsyscall]

VM Arguments:
jvm_args: -ea -Djava.library.path=/home/johan/Documents/JavaOpenCV/opencv-3.2.0/build/lib -Dfile.encoding=UTF-8 
java_command: handtrack.Video
java_class_path (initial): /home/johan/workspaceHCI/HandRecognition/bin:/home/johan/Documents/JavaOpenCV/opencv-3.2.0/build/bin/opencv-320.jar
Launcher Type: SUN_STANDARD

Environment Variables:
JAVA_HOME=/usr/local/java/jdk1.8.0_121
PATH=/home/johan/bin:/home/johan/.local/bin:/usr/local/java/jdk1.8.0_121/bin:/usr/local/bin:/usr/bin:/bin:/usr/local/games:/usr/games
USERNAME=johan
SHELL=/bin/bash
DISPLAY=:0

Signal Handlers:
SIGSEGV: [libjvm.so+0xa6c7e0], sa_mask[0]=11111111011111111101111111111110, sa_flags=SA_RESTART|SA_SIGINFO
SIGBUS: [libjvm.so+0xa6c7e0], sa_mask[0]=11111111011111111101111111111110, sa_flags=SA_RESTART|SA_SIGINFO
SIGFPE: [libjvm.so+0x8b64a0], sa_mask[0]=11111111011111111101111111111110, sa_flags=SA_RESTART|SA_SIGINFO
SIGPIPE: [libjvm.so+0x8b64a0], sa_mask[0]=11111111011111111101111111111110, sa_flags=SA_RESTART|SA_SIGINFO
SIGXFSZ: [libjvm.so+0x8b64a0], sa_mask[0]=11111111011111111101111111111110, sa_flags=SA_RESTART|SA_SIGINFO
SIGILL: [libjvm.so+0x8b64a0], sa_mask[0]=11111111011111111101111111111110, sa_flags=SA_RESTART|SA_SIGINFO
SIGUSR1: SIG_DFL, sa_mask[0]=00000000000000000000000000000000, sa_flags=none
SIGUSR2: [libjvm.so+0x8b6350], sa_mask[0]=00100000000000000000000000000000, sa_flags=SA_RESTART|SA_SIGINFO
SIGHUP: [libjvm.so+0x8b6800], sa_mask[0]=11111111011111111101111111111110, sa_flags=SA_RESTART|SA_SIGINFO
SIGINT: [libjvm.so+0x8b6800], sa_mask[0]=11111111011111111101111111111110, sa_flags=SA_RESTART|SA_SIGINFO
SIGTERM: [libjvm.so+0x8b6800], sa_mask[0]=11111111011111111101111111111110, sa_flags=SA_RESTART|SA_SIGINFO
SIGQUIT: [libjvm.so+0x8b6800], sa_mask[0]=11111111011111111101111111111110, sa_flags=SA_RESTART|SA_SIGINFO


---------------  S Y S T E M  ---------------

OS:PRETTY_NAME="Debian GNU/Linux 9 (stretch)"
NAME="Debian GNU/Linux"
VERSION_ID="9"
VERSION="9 (stretch)"
ID=debian
HOME_URL="https://www.debian.org/"
SUPPORT_URL="https://www.debian.org/support"
BUG_REPORT_URL="https://bugs.debian.org/"

uname:Linux 4.9.0-1-amd64 #1 SMP Debian 4.9.6-3 (2017-01-28) x86_64
libc:glibc 2.24 NPTL 2.24 
rlimit: STACK 8192k, CORE 0k, NPROC 31068, NOFILE 4096, AS infinity
load average:2.13 2.18 2.02

/proc/meminfo:
MemTotal:        8055452 kB
MemFree:         3211880 kB
MemAvailable:    4679140 kB
Buffers:          180700 kB
Cached:          1736104 kB
SwapCached:            0 kB
Active:          3022112 kB
Inactive:        1446848 kB
Active(anon):    2266476 kB
Inactive(anon):   645948 kB
Active(file):     755636 kB
Inactive(file):   800900 kB
Unevictable:         208 kB
Mlocked:             208 kB
SwapTotal:       8264700 kB
SwapFree:        8264700 kB
Dirty:               368 kB
Writeback:             0 kB
AnonPages:       2552428 kB
Mapped:           382252 kB
Shmem:            360084 kB
Slab:             267080 kB
SReclaimable:     215456 kB
SUnreclaim:        51624 kB
KernelStack:       10128 kB
PageTables:        37160 kB
NFS_Unstable:          0 kB
Bounce:                0 kB
WritebackTmp:          0 kB
CommitLimit:    12292424 kB
Committed_AS:    6593936 kB
VmallocTotal:   34359738367 kB
VmallocUsed:           0 kB
VmallocChunk:          0 kB
HardwareCorrupted:     0 kB
AnonHugePages:         0 kB
ShmemHugePages:        0 kB
ShmemPmdMapped:        0 kB
HugePages_Total:       0
HugePages_Free:        0
HugePages_Rsvd:        0
HugePages_Surp:        0
Hugepagesize:       2048 kB
DirectMap4k:      155304 kB
DirectMap2M:     4964352 kB
DirectMap1G:     3145728 kB


CPU:total 4 (2 cores per cpu, 2 threads per core) family 6 model 61 stepping 4, cmov, cx8, fxsr, mmx, sse, sse2, sse3, ssse3, sse4.1, sse4.2, popcnt, avx, avx2, aes, clmul, erms, rtm, 3dnowpref, lzcnt, ht, tsc, tscinvbit, bmi1, bmi2, adx

/proc/cpuinfo:
processor	: 0
vendor_id	: GenuineIntel
cpu family	: 6
model		: 61
model name	: Intel(R) Core(TM) i5-5300U CPU @ 2.30GHz
stepping	: 4
microcode	: 0x23
cpu MHz		: 2701.489
cache size	: 3072 KB
physical id	: 0
siblings	: 4
core id		: 0
cpu cores	: 2
apicid		: 0
initial apicid	: 0
fpu		: yes
fpu_exception	: yes
cpuid level	: 20
wp		: yes
flags		: fpu vme de pse tsc msr pae mce cx8 apic sep mtrr pge mca cmov pat pse36 clflush dts acpi mmx fxsr sse sse2 ss ht tm pbe syscall nx pdpe1gb rdtscp lm constant_tsc arch_perfmon pebs bts rep_good nopl xtopology nonstop_tsc aperfmperf eagerfpu pni pclmulqdq dtes64 monitor ds_cpl vmx smx est tm2 ssse3 sdbg fma cx16 xtpr pdcm pcid sse4_1 sse4_2 x2apic movbe popcnt tsc_deadline_timer aes xsave avx f16c rdrand lahf_lm abm 3dnowprefetch epb intel_pt tpr_shadow vnmi flexpriority ept vpid fsgsbase tsc_adjust bmi1 hle avx2 smep bmi2 erms invpcid rtm rdseed adx smap xsaveopt dtherm ida arat pln pts
bugs		:
bogomips	: 4589.34
clflush size	: 64
cache_alignment	: 64
address sizes	: 39 bits physical, 48 bits virtual
power management:

processor	: 1
vendor_id	: GenuineIntel
cpu family	: 6
model		: 61
model name	: Intel(R) Core(TM) i5-5300U CPU @ 2.30GHz
stepping	: 4
microcode	: 0x23
cpu MHz		: 2854.083
cache size	: 3072 KB
physical id	: 0
siblings	: 4
core id		: 0
cpu cores	: 2
apicid		: 1
initial apicid	: 1
fpu		: yes
fpu_exception	: yes
cpuid level	: 20
wp		: yes
flags		: fpu vme de pse tsc msr pae mce cx8 apic sep mtrr pge mca cmov pat pse36 clflush dts acpi mmx fxsr sse sse2 ss ht tm pbe syscall nx pdpe1gb rdtscp lm constant_tsc arch_perfmon pebs bts rep_good nopl xtopology nonstop_tsc aperfmperf eagerfpu pni pclmulqdq dtes64 monitor ds_cpl vmx smx est tm2 ssse3 sdbg fma cx16 xtpr pdcm pcid sse4_1 sse4_2 x2apic movbe popcnt tsc_deadline_timer aes xsave avx f16c rdrand lahf_lm abm 3dnowprefetch epb intel_pt tpr_shadow vnmi flexpriority ept vpid fsgsbase tsc_adjust bmi1 hle avx2 smep bmi2 erms invpcid rtm rdseed adx smap xsaveopt dtherm ida arat pln pts
bugs		:
bogomips	: 4590.81
clflush size	: 64
cache_alignment	: 64
address sizes	: 39 bits physical, 48 bits virtual
power management:

processor	: 2
vendor_id	: GenuineIntel
cpu family	: 6
model		: 61
model name	: Intel(R) Core(TM) i5-5300U CPU @ 2.30GHz
stepping	: 4
microcode	: 0x23
cpu MHz		: 2700.085
cache size	: 3072 KB
physical id	: 0
siblings	: 4
core id		: 1
cpu cores	: 2
apicid		: 2
initial apicid	: 2
fpu		: yes
fpu_exception	: yes
cpuid level	: 20
wp		: yes
flags		: fpu vme de pse tsc msr pae mce cx8 apic sep mtrr pge mca cmov pat pse36 clflush dts acpi mmx fxsr sse sse2 ss ht tm pbe syscall nx pdpe1gb rdtscp lm constant_tsc arch_perfmon pebs bts rep_good nopl xtopology nonstop_tsc aperfmperf eagerfpu pni pclmulqdq dtes64 monitor ds_cpl vmx smx est tm2 ssse3 sdbg fma cx16 xtpr pdcm pcid sse4_1 sse4_2 x2apic movbe popcnt tsc_deadline_timer aes xsave avx f16c rdrand lahf_lm abm 3dnowprefetch epb intel_pt tpr_shadow vnmi flexpriority ept vpid fsgsbase tsc_adjust bmi1 hle avx2 smep bmi2 erms invpcid rtm rdseed adx smap xsaveopt dtherm ida arat pln pts
bugs		:
bogomips	: 4590.40
clflush size	: 64
cache_alignment	: 64
address sizes	: 39 bits physical, 48 bits virtual
power management:

processor	: 3
vendor_id	: GenuineIntel
cpu family	: 6
model		: 61
model name	: Intel(R) Core(TM) i5-5300U CPU @ 2.30GHz
stepping	: 4
microcode	: 0x23
cpu MHz		: 2699.945
cache size	: 3072 KB
physical id	: 0
siblings	: 4
core id		: 1
cpu cores	: 2
apicid		: 3
initial apicid	: 3
fpu		: yes
fpu_exception	: yes
cpuid level	: 20
wp		: yes
flags		: fpu vme de pse tsc msr pae mce cx8 apic sep mtrr pge mca cmov pat pse36 clflush dts acpi mmx fxsr sse sse2 ss ht tm pbe syscall nx pdpe1gb rdtscp lm constant_tsc arch_perfmon pebs bts rep_good nopl xtopology nonstop_tsc aperfmperf eagerfpu pni pclmulqdq dtes64 monitor ds_cpl vmx smx est tm2 ssse3 sdbg fma cx16 xtpr pdcm pcid sse4_1 sse4_2 x2apic movbe popcnt tsc_deadline_timer aes xsave avx f16c rdrand lahf_lm abm 3dnowprefetch epb intel_pt tpr_shadow vnmi flexpriority ept vpid fsgsbase tsc_adjust bmi1 hle avx2 smep bmi2 erms invpcid rtm rdseed adx smap xsaveopt dtherm ida arat pln pts
bugs		:
bogomips	: 4590.43
clflush size	: 64
cache_alignment	: 64
address sizes	: 39 bits physical, 48 bits virtual
power management:



Memory: 4k page, physical 8055452k(3211880k free), swap 8264700k(8264700k free)

vm_info: OpenJDK 64-Bit Server VM (25.121-b13) for linux-amd64 JRE (1.8.0_121-8u121-b13-3-b13), built on Feb  8 2017 06:24:13 by "buildd" with gcc 6.3.0 20170124

time: Wed Feb 22 17:11:51 2017
elapsed time: 42 seconds (0d 0h 0m 42s)

