#
# A fatal error has been detected by the Java Runtime Environment:
#
#  SIGFPE (0x8) at pc=0x00007fd54069e423, pid=5560, tid=0x00007fd597fb7700
#
# JRE version: OpenJDK Runtime Environment (8.0_121-b13) (build 1.8.0_121-8u121-b13-3-b13)
# Java VM: OpenJDK 64-Bit Server VM (25.121-b13 mixed mode linux-amd64 compressed oops)
# Problematic frame:
# C  [libopencv_core.so.3.2+0xd0423]  cv::inRange(cv::_InputArray const&, cv::_InputArray const&, cv::_InputArray const&, cv::_OutputArray const&)+0x313
#
# Failed to write core dump. Core dumps have been disabled. To enable core dumping, try "ulimit -c unlimited" before starting Java again
#
# If you would like to submit a bug report, please visit:
#   http://bugreport.java.com/bugreport/crash.jsp
# The crash happened outside the Java Virtual Machine in native code.
# See problematic frame for where to report the bug.
#

---------------  T H R E A D  ---------------

Current thread (0x00007fd59000a000):  JavaThread "main" [_thread_in_native, id=5562, stack(0x00007fd597eb7000,0x00007fd597fb8000)]

siginfo: si_signo: 8 (SIGFPE), si_code: 1 (FPE_INTDIV), si_addr: 0x00007fd54069e423

Registers:
RAX=0x00000000000003ff, RBX=0x00007fd597fb6660, RCX=0x0000000000000000, RDX=0x0000000000000000
RSP=0x00007fd597fb5c28, RBP=0x00007fd597fb65f0, RSI=0x0000000000000000, RDI=0x0000000097fb6001
R8 =0x0000000000000001, R9 =0x00007fd597fb5700, R10=0x0000000097fb6000, R11=0x00007fd57815eae0
R12=0x0000000000000001, R13=0x0000000000000000, R14=0x0000000000000001, R15=0x00007fd597fb6620
RIP=0x00007fd54069e423, EFLAGS=0x0000000000010216, CSGSFS=0x002b000000000033, ERR=0x0000000000000000
  TRAPNO=0x0000000000000000

Top of Stack: (sp=0x00007fd597fb5c28)
0x00007fd597fb5c28:   00007fd54069e1dc 0000000000000000
0x00007fd597fb5c38:   00000000d706b8a0 00000000d7593118
0x00007fd597fb5c48:   00000000d7045ca8 00007fd500001fa0
0x00007fd597fb5c58:   00007fd597fb5f60 00007fd500000000
0x00007fd597fb5c68:   00007fd597fb5d50 00007fd59000a000
0x00007fd597fb5c78:   00007fd59035fb20 00005605fa63e120
0x00007fd597fb5c88:   00007fd597fb5fc0 0000000000000000
0x00007fd597fb5c98:   00007fd597fb6020 00007fd597fb5d60
0x00007fd597fb5ca8:   00007fd5972f9201 0000000000000002
0x00007fd597fb5cb8:   0000000000000000 00007fd597fb6660
0x00007fd597fb5cc8:   0000000000000000 00007fd597fb6601
0x00007fd597fb5cd8:   00007fd500000002 00007fd500010000
0x00007fd597fb5ce8:   00007fd597fb6640 00007fd59000a000
0x00007fd597fb5cf8:   00000000098d82a4 00007fd597fb5de0
0x00007fd597fb5d08:   00007fd597fb5d40 00007ffd25f2cbd9
0x00007fd597fb5d18:   00007fd597fb5d70 000000019000a600
0x00007fd597fb5d28:   00007fd597fb5d60 00007ffd25f2cbd9
0x00007fd597fb5d38:   00007fd597fb5ef0 00007fd597fb5ef0
0x00007fd597fb5d48:   00007fd59035fb20 00007fd5901cd1d0
0x00007fd597fb5d58:   00007fd59000a000 00007fd597579000
0x00007fd597fb5d68:   00007fd597579014 0000000000000000
0x00007fd597fb5d78:   00007fd597dd14f4 00007fd597fb5db0
0x00007fd597fb5d88:   00007fd597fb76f8 0000000000000000
0x00007fd597fb5d98:   00007fd590000950 00007fd590000958
0x00007fd597fb5da8:   00007fd590000948 00007fd597579000
0x00007fd597fb5db8:   00007fd597fb5ef0 00007fd59000a000
0x00007fd597fb5dc8:   00007fd500000003 00007fd590000950
0x00007fd597fb5dd8:   00007fd590000958 00007fd590000948
0x00007fd597fb5de8:   00007fd597fb5dcc 0000000000000000
0x00007fd597fb5df8:   e5c99d9f67b9fc6f 00007fd597fb5ef0
0x00007fd597fb5e08:   00007fd59035fb20 00007fd5901cd1d0
0x00007fd597fb5e18:   00007fd59000a000 e5c99cc6fcb9fc6f 

Instructions: (pc=0x00007fd54069e423)
0x00007fd54069e403:   c6 48 8b 44 c2 f8 48 89 85 d8 f6 ff ff 48 05 ff
0x00007fd54069e413:   03 00 00 31 d2 48 8b 9d d0 f6 ff ff 48 83 ec 08
0x00007fd54069e423:   48 f7 b5 d8 f6 ff ff 48 8b 95 b0 f9 ff ff 6a 00
0x00007fd54069e433:   45 31 c9 41 b8 ff ff ff ff 31 c9 48 89 df 48 89 

Register to memory mapping:

RAX=0x00000000000003ff is an unknown value
RBX=0x00007fd597fb6660 is pointing into the stack for thread: 0x00007fd59000a000
RCX=0x0000000000000000 is an unknown value
RDX=0x0000000000000000 is an unknown value
RSP=0x00007fd597fb5c28 is pointing into the stack for thread: 0x00007fd59000a000
RBP=0x00007fd597fb65f0 is pointing into the stack for thread: 0x00007fd59000a000
RSI=0x0000000000000000 is an unknown value
RDI=0x0000000097fb6001 is an unallocated location in the heap
R8 =0x0000000000000001 is an unknown value
R9 =0x00007fd597fb5700 is pointing into the stack for thread: 0x00007fd59000a000
R10=0x0000000097fb6000 is an unallocated location in the heap
R11=0x00007fd57815eae0: _ZN2cv3MatC1ENS_5Size_IiEEiPvm+0 in /home/johan/Documents/JavaOpenCV/opencv-3.2.0/build/lib/libopencv_objdetect.so.3.2 at 0x00007fd578151000
R12=0x0000000000000001 is an unknown value
R13=0x0000000000000000 is an unknown value
R14=0x0000000000000001 is an unknown value
R15=0x00007fd597fb6620 is pointing into the stack for thread: 0x00007fd59000a000


Stack: [0x00007fd597eb7000,0x00007fd597fb8000],  sp=0x00007fd597fb5c28,  free space=1019k
Native frames: (J=compiled Java code, j=interpreted, Vv=VM code, C=native code)
C  [libopencv_core.so.3.2+0xd0423]  cv::inRange(cv::_InputArray const&, cv::_InputArray const&, cv::_InputArray const&, cv::_OutputArray const&)+0x313
C  [libopencv_java320.so+0x4a075]  Java_org_opencv_core_Core_inRange_10+0xd5
j  org.opencv.core.Core.inRange(Lorg/opencv/core/Mat;Lorg/opencv/core/Scalar;Lorg/opencv/core/Scalar;Lorg/opencv/core/Mat;)V+56
j  handtrack.Video.skinDetection(Lorg/opencv/core/Mat;)Lorg/opencv/core/Mat;+44
j  handtrack.Video.main([Ljava/lang/String;)V+72
v  ~StubRoutines::call_stub
V  [libjvm.so+0x663ba3]  JavaCalls::call_helper(JavaValue*, methodHandle*, JavaCallArguments*, Thread*)+0xf53
V  [libjvm.so+0x684447]  jni_invoke_static(JNIEnv_*, JavaValue*, _jobject*, JNICallType, _jmethodID*, JNI_ArgumentPusher*, Thread*) [clone .isra.82] [clone .constprop.89]+0x357
V  [libjvm.so+0x686b66]  jni_CallStaticVoidMethod+0x186
C  [libjli.so+0x3541]
C  [libjli.so+0x748d]
C  [libpthread.so.0+0x7424]  start_thread+0xc4

Java frames: (J=compiled Java code, j=interpreted, Vv=VM code)
j  org.opencv.core.Core.inRange_0(JDDDDDDDDJ)V+0
j  org.opencv.core.Core.inRange(Lorg/opencv/core/Mat;Lorg/opencv/core/Scalar;Lorg/opencv/core/Scalar;Lorg/opencv/core/Mat;)V+56
j  handtrack.Video.skinDetection(Lorg/opencv/core/Mat;)Lorg/opencv/core/Mat;+44
j  handtrack.Video.main([Ljava/lang/String;)V+72
v  ~StubRoutines::call_stub

---------------  P R O C E S S  ---------------

Java Threads: ( => current thread )
  0x00007fd524002800 JavaThread "Thread-0" daemon [_thread_in_native, id=5584, stack(0x00007fd52b7ff000,0x00007fd52c000000)]
  0x00007fd59035d800 JavaThread "AWT-EventQueue-1" [_thread_blocked, id=5586, stack(0x00007fd5382d4000,0x00007fd5383d5000)]
  0x00007fd59035c000 JavaThread "AWT-Shutdown" [_thread_blocked, id=5585, stack(0x00007fd5383d5000,0x00007fd5384d6000)]
  0x00007fd590301000 JavaThread "process reaper" daemon [_thread_blocked, id=5583, stack(0x00007fd578017000,0x00007fd578050000)]
  0x00007fd5902f6800 JavaThread "AWT-XAWT" daemon [_thread_in_Java, id=5581, stack(0x00007fd53a7f9000,0x00007fd53a8fa000)]
  0x00007fd5902d9800 JavaThread "Java2D Disposer" daemon [_thread_blocked, id=5580, stack(0x00007fd578050000,0x00007fd578151000)]
  0x00007fd5900d1000 JavaThread "Service Thread" daemon [_thread_blocked, id=5578, stack(0x00007fd57a611000,0x00007fd57a712000)]
  0x00007fd5900b2000 JavaThread "C1 CompilerThread2" daemon [_thread_blocked, id=5577, stack(0x00007fd57a712000,0x00007fd57a813000)]
  0x00007fd5900b0000 JavaThread "C2 CompilerThread1" daemon [_thread_blocked, id=5576, stack(0x00007fd57a813000,0x00007fd57a914000)]
  0x00007fd5900ad000 JavaThread "C2 CompilerThread0" daemon [_thread_blocked, id=5575, stack(0x00007fd57a914000,0x00007fd57aa15000)]
  0x00007fd5900ab000 JavaThread "Signal Dispatcher" daemon [_thread_blocked, id=5574, stack(0x00007fd57aa15000,0x00007fd57ab16000)]
  0x00007fd590083800 JavaThread "Finalizer" daemon [_thread_blocked, id=5573, stack(0x00007fd57acb1000,0x00007fd57adb2000)]
  0x00007fd59007f000 JavaThread "Reference Handler" daemon [_thread_blocked, id=5572, stack(0x00007fd57adb2000,0x00007fd57aeb3000)]
=>0x00007fd59000a000 JavaThread "main" [_thread_in_native, id=5562, stack(0x00007fd597eb7000,0x00007fd597fb8000)]

Other Threads:
  0x00007fd590077800 VMThread [stack: 0x00007fd57aeb3000,0x00007fd57afb4000] [id=5571]
  0x00007fd5900d4000 WatcherThread [stack: 0x00007fd57a510000,0x00007fd57a611000] [id=5579]

VM state:not at safepoint (normal execution)

VM Mutex/Monitor currently owned by a thread: None

Heap:
 PSYoungGen      total 36864K, used 7016K [0x00000000d7000000, 0x00000000d9900000, 0x0000000100000000)
  eden space 31744K, 22% used [0x00000000d7000000,0x00000000d76da048,0x00000000d8f00000)
  from space 5120K, 0% used [0x00000000d9400000,0x00000000d9400000,0x00000000d9900000)
  to   space 5120K, 0% used [0x00000000d8f00000,0x00000000d8f00000,0x00000000d9400000)
 ParOldGen       total 84992K, used 0K [0x0000000085000000, 0x000000008a300000, 0x00000000d7000000)
  object space 84992K, 0% used [0x0000000085000000,0x0000000085000000,0x000000008a300000)
 Metaspace       used 9219K, capacity 9452K, committed 9600K, reserved 1058816K
  class space    used 1030K, capacity 1107K, committed 1152K, reserved 1048576K

Card table byte_map: [0x00007fd5941d4000,0x00007fd5945ad000] byte_map_base: 0x00007fd593dac000

Marking Bits: (ParMarkBitMap*) 0x00007fd5971bd220
 Begin Bits: [0x00007fd57cced000, 0x00007fd57ebad000)
 End Bits:   [0x00007fd57ebad000, 0x00007fd580a6d000)

Polling page: 0x00007fd597fe1000

CodeCache: size=245760Kb used=1864Kb max_used=1864Kb free=243895Kb
 bounds [0x00007fd581000000, 0x00007fd581270000, 0x00007fd590000000]
 total_blobs=875 nmethods=349 adapters=441
 compilation: enabled

Compilation events (10 events):
Event: 0.474 Thread 0x00007fd5900b2000  341   !   3       sun.awt.AppContext::get (123 bytes)
Event: 0.475 Thread 0x00007fd5900b2000 nmethod 341 0x00007fd5811cda90 code [0x00007fd5811cdc40, 0x00007fd5811ce508]
Event: 0.476 Thread 0x00007fd5900b2000  342       3       sun.awt.X11.Native::getLongSize (4 bytes)
Event: 0.476 Thread 0x00007fd5900b2000 nmethod 342 0x00007fd5811ce950 code [0x00007fd5811ceaa0, 0x00007fd5811cebd0]
Event: 0.476 Thread 0x00007fd5900b2000  343       3       java.lang.String::toCharArray (25 bytes)
Event: 0.476 Thread 0x00007fd5900b2000 nmethod 343 0x00007fd5811cec50 code [0x00007fd5811cedc0, 0x00007fd5811cf048]
Event: 0.480 Thread 0x00007fd5900b2000  344       3       java.util.Arrays::copyOf (19 bytes)
Event: 0.480 Thread 0x00007fd5900b2000 nmethod 344 0x00007fd5811d0510 code [0x00007fd5811d06a0, 0x00007fd5811d09c8]
Event: 0.481 Thread 0x00007fd5900b2000  345       1       java.util.LinkedList::size (5 bytes)
Event: 0.481 Thread 0x00007fd5900b2000 nmethod 345 0x00007fd5811d0ad0 code [0x00007fd5811d0c20, 0x00007fd5811d0d30]

GC Heap History (0 events):
No events

Deoptimization events (0 events):
No events

Internal exceptions (10 events):
Event: 0.132 Thread 0x00007fd59000a000 Exception <a 'java/security/PrivilegedActionException'> (0x00000000d7156598) thrown at [/build/openjdk-8-TfkRBM/openjdk-8-8u121-b13/src/hotspot/src/share/vm/prims/jvm.cpp, line 1390]
Event: 0.132 Thread 0x00007fd59000a000 Exception <a 'java/security/PrivilegedActionException'> (0x00000000d71567a8) thrown at [/build/openjdk-8-TfkRBM/openjdk-8-8u121-b13/src/hotspot/src/share/vm/prims/jvm.cpp, line 1390]
Event: 0.132 Thread 0x00007fd59000a000 Exception <a 'java/security/PrivilegedActionException'> (0x00000000d7158830) thrown at [/build/openjdk-8-TfkRBM/openjdk-8-8u121-b13/src/hotspot/src/share/vm/prims/jvm.cpp, line 1390]
Event: 0.132 Thread 0x00007fd59000a000 Exception <a 'java/security/PrivilegedActionException'> (0x00000000d7158a40) thrown at [/build/openjdk-8-TfkRBM/openjdk-8-8u121-b13/src/hotspot/src/share/vm/prims/jvm.cpp, line 1390]
Event: 0.133 Thread 0x00007fd59000a000 Exception <a 'java/security/PrivilegedActionException'> (0x00000000d7159518) thrown at [/build/openjdk-8-TfkRBM/openjdk-8-8u121-b13/src/hotspot/src/share/vm/prims/jvm.cpp, line 1390]
Event: 0.133 Thread 0x00007fd59000a000 Exception <a 'java/security/PrivilegedActionException'> (0x00000000d7159728) thrown at [/build/openjdk-8-TfkRBM/openjdk-8-8u121-b13/src/hotspot/src/share/vm/prims/jvm.cpp, line 1390]
Event: 0.221 Thread 0x00007fd59000a000 Exception <a 'java/lang/NoSuchFieldError': method resolution failed> (0x00000000d72268a0) thrown at [/build/openjdk-8-TfkRBM/openjdk-8-8u121-b13/src/hotspot/src/share/vm/prims/methodHandles.cpp, line 1146]
Event: 0.225 Thread 0x00007fd59000a000 Exception <a 'java/lang/NoSuchFieldError': method resolution failed> (0x00000000d7234070) thrown at [/build/openjdk-8-TfkRBM/openjdk-8-8u121-b13/src/hotspot/src/share/vm/prims/methodHandles.cpp, line 1146]
Event: 0.258 Thread 0x00007fd59000a000 Exception <a 'java/io/FileNotFoundException'> (0x00000000d72b2048) thrown at [/build/openjdk-8-TfkRBM/openjdk-8-8u121-b13/src/hotspot/src/share/vm/prims/jni.cpp, line 709]
Event: 0.303 Thread 0x00007fd59000a000 Exception <a 'java/lang/ClassNotFoundException': sun/dc/DuctusRenderingEngine> (0x00000000d7310fa8) thrown at [/build/openjdk-8-TfkRBM/openjdk-8-8u121-b13/src/hotspot/src/share/vm/classfile/systemDictionary.cpp, line 210]

Events (10 events):
Event: 0.479 loading class java/awt/Window$AccessibleAWTWindow
Event: 0.479 loading class java/awt/Window$AccessibleAWTWindow done
Event: 0.480 loading class java/awt/Frame$AccessibleAWTFrame done
Event: 0.480 loading class javax/swing/JFrame$AccessibleJFrame done
Event: 0.480 loading class org/opencv/core/Scalar
Event: 0.480 loading class org/opencv/core/Scalar done
Event: 0.481 loading class javax/accessibility/AccessibleRole
Event: 0.481 loading class javax/accessibility/AccessibleBundle
Event: 0.481 loading class javax/accessibility/AccessibleBundle done
Event: 0.481 loading class javax/accessibility/AccessibleRole done


Dynamic libraries:
85000000-8a300000 rw-p 00000000 00:00 0 
8a300000-d7000000 ---p 00000000 00:00 0 
d7000000-d9900000 rw-p 00000000 00:00 0 
d9900000-100000000 ---p 00000000 00:00 0 
100000000-100120000 rw-p 00000000 00:00 0 
100120000-140000000 ---p 00000000 00:00 0 
5605f947e000-5605f947f000 r-xp 00000000 08:02 1180878                    /usr/lib/jvm/java-8-openjdk-amd64/jre/bin/java
5605f967e000-5605f967f000 r--p 00000000 08:02 1180878                    /usr/lib/jvm/java-8-openjdk-amd64/jre/bin/java
5605f967f000-5605f9680000 rw-p 00001000 08:02 1180878                    /usr/lib/jvm/java-8-openjdk-amd64/jre/bin/java
5605fa63e000-5605fa65f000 rw-p 00000000 00:00 0                          [heap]
7fd51c000000-7fd51c021000 rw-p 00000000 00:00 0 
7fd51c021000-7fd520000000 ---p 00000000 00:00 0 
7fd520000000-7fd520021000 rw-p 00000000 00:00 0 
7fd520021000-7fd524000000 ---p 00000000 00:00 0 
7fd524000000-7fd524021000 rw-p 00000000 00:00 0 
7fd524021000-7fd528000000 ---p 00000000 00:00 0 
7fd52b7ff000-7fd52b802000 ---p 00000000 00:00 0 
7fd52b802000-7fd52c000000 rwxp 00000000 00:00 0 
7fd52c000000-7fd52c021000 rw-p 00000000 00:00 0 
7fd52c021000-7fd530000000 ---p 00000000 00:00 0 
7fd530000000-7fd530021000 rw-p 00000000 00:00 0 
7fd530021000-7fd534000000 ---p 00000000 00:00 0 
7fd534000000-7fd534021000 rw-p 00000000 00:00 0 
7fd534021000-7fd538000000 ---p 00000000 00:00 0 
7fd5380d4000-7fd538114000 rw-p 00000000 00:00 0 
7fd538114000-7fd5382d4000 ---p 00000000 00:00 0 
7fd5382d4000-7fd5382d7000 ---p 00000000 00:00 0 
7fd5382d7000-7fd5383d5000 rwxp 00000000 00:00 0 
7fd5383d5000-7fd5383d8000 ---p 00000000 00:00 0 
7fd5383d8000-7fd5384d6000 rwxp 00000000 00:00 0 
7fd5384d6000-7fd5384e9000 r-xp 00000000 08:02 3408262                    /lib/x86_64-linux-gnu/libgpg-error.so.0.21.0
7fd5384e9000-7fd5386e8000 ---p 00013000 08:02 3408262                    /lib/x86_64-linux-gnu/libgpg-error.so.0.21.0
7fd5386e8000-7fd5386e9000 r--p 00012000 08:02 3408262                    /lib/x86_64-linux-gnu/libgpg-error.so.0.21.0
7fd5386e9000-7fd5386ea000 rw-p 00013000 08:02 3408262                    /lib/x86_64-linux-gnu/libgpg-error.so.0.21.0
7fd5386ea000-7fd5387f1000 r-xp 00000000 08:02 3407878                    /lib/x86_64-linux-gnu/libgcrypt.so.20.1.6
7fd5387f1000-7fd5389f0000 ---p 00107000 08:02 3407878                    /lib/x86_64-linux-gnu/libgcrypt.so.20.1.6
7fd5389f0000-7fd5389f2000 r--p 00106000 08:02 3407878                    /lib/x86_64-linux-gnu/libgcrypt.so.20.1.6
7fd5389f2000-7fd5389f9000 rw-p 00108000 08:02 3407878                    /lib/x86_64-linux-gnu/libgcrypt.so.20.1.6
7fd5389f9000-7fd538a0a000 r-xp 00000000 08:02 528208                     /usr/lib/x86_64-linux-gnu/liblz4.so.1.7.1
7fd538a0a000-7fd538c09000 ---p 00011000 08:02 528208                     /usr/lib/x86_64-linux-gnu/liblz4.so.1.7.1
7fd538c09000-7fd538c0a000 r--p 00010000 08:02 528208                     /usr/lib/x86_64-linux-gnu/liblz4.so.1.7.1
7fd538c0a000-7fd538c0b000 rw-p 00011000 08:02 528208                     /usr/lib/x86_64-linux-gnu/liblz4.so.1.7.1
7fd538c0b000-7fd538c30000 r-xp 00000000 08:02 3407967                    /lib/x86_64-linux-gnu/liblzma.so.5.2.2
7fd538c30000-7fd538e2f000 ---p 00025000 08:02 3407967                    /lib/x86_64-linux-gnu/liblzma.so.5.2.2
7fd538e2f000-7fd538e30000 r--p 00024000 08:02 3407967                    /lib/x86_64-linux-gnu/liblzma.so.5.2.2
7fd538e30000-7fd538e31000 rw-p 00025000 08:02 3407967                    /lib/x86_64-linux-gnu/liblzma.so.5.2.2
7fd538e31000-7fd538f1a000 r-xp 00000000 08:02 525465                     /usr/lib/x86_64-linux-gnu/libepoxy.so.0.0.0
7fd538f1a000-7fd539119000 ---p 000e9000 08:02 525465                     /usr/lib/x86_64-linux-gnu/libepoxy.so.0.0.0
7fd539119000-7fd539120000 r--p 000e8000 08:02 525465                     /usr/lib/x86_64-linux-gnu/libepoxy.so.0.0.0
7fd539120000-7fd539127000 rw-p 000ef000 08:02 525465                     /usr/lib/x86_64-linux-gnu/libepoxy.so.0.0.0
7fd539127000-7fd539134000 r-xp 00000000 08:02 528243                     /usr/lib/x86_64-linux-gnu/libwayland-client.so.0.3.0
7fd539134000-7fd539333000 ---p 0000d000 08:02 528243                     /usr/lib/x86_64-linux-gnu/libwayland-client.so.0.3.0
7fd539333000-7fd539335000 r--p 0000c000 08:02 528243                     /usr/lib/x86_64-linux-gnu/libwayland-client.so.0.3.0
7fd539335000-7fd539336000 rw-p 0000e000 08:02 528243                     /usr/lib/x86_64-linux-gnu/libwayland-client.so.0.3.0
7fd539336000-7fd539337000 r-xp 00000000 08:02 535556                     /usr/lib/x86_64-linux-gnu/libwayland-egl.so.1.0.0
7fd539337000-7fd539536000 ---p 00001000 08:02 535556                     /usr/lib/x86_64-linux-gnu/libwayland-egl.so.1.0.0
7fd539536000-7fd539537000 r--p 00000000 08:02 535556                     /usr/lib/x86_64-linux-gnu/libwayland-egl.so.1.0.0
7fd539537000-7fd539538000 rw-p 00001000 08:02 535556                     /usr/lib/x86_64-linux-gnu/libwayland-egl.so.1.0.0
7fd539538000-7fd53953c000 r-xp 00000000 08:02 528245                     /usr/lib/x86_64-linux-gnu/libwayland-cursor.so.0.0.0
7fd53953c000-7fd53973b000 ---p 00004000 08:02 528245                     /usr/lib/x86_64-linux-gnu/libwayland-cursor.so.0.0.0
7fd53973b000-7fd53973c000 r--p 00003000 08:02 528245                     /usr/lib/x86_64-linux-gnu/libwayland-cursor.so.0.0.0
7fd53973c000-7fd539740000 rw-p 00004000 08:02 528245                     /usr/lib/x86_64-linux-gnu/libwayland-cursor.so.0.0.0
7fd539740000-7fd53977e000 r-xp 00000000 08:02 532092                     /usr/lib/x86_64-linux-gnu/libxkbcommon.so.0.0.0
7fd53977e000-7fd53997d000 ---p 0003e000 08:02 532092                     /usr/lib/x86_64-linux-gnu/libxkbcommon.so.0.0.0
7fd53997d000-7fd53997f000 r--p 0003d000 08:02 532092                     /usr/lib/x86_64-linux-gnu/libxkbcommon.so.0.0.0
7fd53997f000-7fd539980000 rw-p 0003f000 08:02 532092                     /usr/lib/x86_64-linux-gnu/libxkbcommon.so.0.0.0
7fd539980000-7fd539a04000 r-xp 00000000 08:02 3408158                    /lib/x86_64-linux-gnu/libsystemd.so.0.17.0
7fd539a04000-7fd539a05000 ---p 00084000 08:02 3408158                    /lib/x86_64-linux-gnu/libsystemd.so.0.17.0
7fd539a05000-7fd539a08000 r--p 00084000 08:02 3408158                    /lib/x86_64-linux-gnu/libsystemd.so.0.17.0
7fd539a08000-7fd539a09000 rw-p 00087000 08:02 3408158                    /lib/x86_64-linux-gnu/libsystemd.so.0.17.0
7fd539a09000-7fd539a0a000 rw-p 00000000 00:00 0 
7fd539a0a000-7fd539a10000 r-xp 00000000 08:02 532744                     /usr/lib/x86_64-linux-gnu/libcairo-gobject.so.2.11400.8
7fd539a10000-7fd539c10000 ---p 00006000 08:02 532744                     /usr/lib/x86_64-linux-gnu/libcairo-gobject.so.2.11400.8
7fd539c10000-7fd539c12000 r--p 00006000 08:02 532744                     /usr/lib/x86_64-linux-gnu/libcairo-gobject.so.2.11400.8
7fd539c12000-7fd539c13000 rw-p 00008000 08:02 532744                     /usr/lib/x86_64-linux-gnu/libcairo-gobject.so.2.11400.8
7fd539c13000-7fd539d00000 r-xp 00000000 08:02 532746                     /usr/lib/x86_64-linux-gnu/libgdk-3.so.0.2200.7
7fd539d00000-7fd539f00000 ---p 000ed000 08:02 532746                     /usr/lib/x86_64-linux-gnu/libgdk-3.so.0.2200.7
7fd539f00000-7fd539f06000 r--p 000ed000 08:02 532746                     /usr/lib/x86_64-linux-gnu/libgdk-3.so.0.2200.7
7fd539f06000-7fd539f09000 rw-p 000f3000 08:02 532746                     /usr/lib/x86_64-linux-gnu/libgdk-3.so.0.2200.7
7fd539f09000-7fd539f0a000 rw-p 00000000 00:00 0 
7fd539f0a000-7fd539f57000 r-xp 00000000 08:02 3408049                    /lib/x86_64-linux-gnu/libdbus-1.so.3.14.10
7fd539f57000-7fd53a157000 ---p 0004d000 08:02 3408049                    /lib/x86_64-linux-gnu/libdbus-1.so.3.14.10
7fd53a157000-7fd53a159000 r--p 0004d000 08:02 3408049                    /lib/x86_64-linux-gnu/libdbus-1.so.3.14.10
7fd53a159000-7fd53a15a000 rw-p 0004f000 08:02 3408049                    /lib/x86_64-linux-gnu/libdbus-1.so.3.14.10
7fd53a15a000-7fd53a187000 r-xp 00000000 08:02 532567                     /usr/lib/x86_64-linux-gnu/libatspi.so.0.0.1
7fd53a187000-7fd53a387000 ---p 0002d000 08:02 532567                     /usr/lib/x86_64-linux-gnu/libatspi.so.0.0.1
7fd53a387000-7fd53a38a000 r--p 0002d000 08:02 532567                     /usr/lib/x86_64-linux-gnu/libatspi.so.0.0.1
7fd53a38a000-7fd53a38b000 rw-p 00030000 08:02 532567                     /usr/lib/x86_64-linux-gnu/libatspi.so.0.0.1
7fd53a38b000-7fd53a3b8000 r-xp 00000000 08:02 532742                     /usr/lib/x86_64-linux-gnu/libatk-bridge-2.0.so.0.0.0
7fd53a3b8000-7fd53a5b7000 ---p 0002d000 08:02 532742                     /usr/lib/x86_64-linux-gnu/libatk-bridge-2.0.so.0.0.0
7fd53a5b7000-7fd53a5b8000 r--p 0002c000 08:02 532742                     /usr/lib/x86_64-linux-gnu/libatk-bridge-2.0.so.0.0.0
7fd53a5b8000-7fd53a5ba000 rw-p 0002d000 08:02 532742                     /usr/lib/x86_64-linux-gnu/libatk-bridge-2.0.so.0.0.0
7fd53a5e2000-7fd53a5f7000 r-xp 00000000 08:02 1179939                    /usr/lib/x86_64-linux-gnu/jni/libatk-wrapper.so.6.0.0
7fd53a5f7000-7fd53a7f7000 ---p 00015000 08:02 1179939                    /usr/lib/x86_64-linux-gnu/jni/libatk-wrapper.so.6.0.0
7fd53a7f7000-7fd53a7f8000 r--p 00015000 08:02 1179939                    /usr/lib/x86_64-linux-gnu/jni/libatk-wrapper.so.6.0.0
7fd53a7f8000-7fd53a7f9000 rw-p 00016000 08:02 1179939                    /usr/lib/x86_64-linux-gnu/jni/libatk-wrapper.so.6.0.0
7fd53a7f9000-7fd53a7fc000 ---p 00000000 00:00 0 
7fd53a7fc000-7fd53a8fa000 rwxp 00000000 00:00 0 
7fd53a8fa000-7fd53a94b000 r-xp 00000000 08:02 1188951                    /usr/lib/jvm/java-8-openjdk-amd64/jre/lib/amd64/libfontmanager.so
7fd53a94b000-7fd53ab4b000 ---p 00051000 08:02 1188951                    /usr/lib/jvm/java-8-openjdk-amd64/jre/lib/amd64/libfontmanager.so
7fd53ab4b000-7fd53ab4d000 r--p 00051000 08:02 1188951                    /usr/lib/jvm/java-8-openjdk-amd64/jre/lib/amd64/libfontmanager.so
7fd53ab4d000-7fd53ab4e000 rw-p 00053000 08:02 1188951                    /usr/lib/jvm/java-8-openjdk-amd64/jre/lib/amd64/libfontmanager.so
7fd53ab4e000-7fd53ab52000 r-xp 00000000 08:02 3407928                    /lib/x86_64-linux-gnu/libuuid.so.1.3.0
7fd53ab52000-7fd53ad51000 ---p 00004000 08:02 3407928                    /lib/x86_64-linux-gnu/libuuid.so.1.3.0
7fd53ad51000-7fd53ad52000 r--p 00003000 08:02 3407928                    /lib/x86_64-linux-gnu/libuuid.so.1.3.0
7fd53ad52000-7fd53ad53000 rw-p 00004000 08:02 3407928                    /lib/x86_64-linux-gnu/libuuid.so.1.3.0
7fd53ad53000-7fd53ad59000 r-xp 00000000 08:02 527839                     /usr/lib/x86_64-linux-gnu/libdatrie.so.1.3.3
7fd53ad59000-7fd53af59000 ---p 00006000 08:02 527839                     /usr/lib/x86_64-linux-gnu/libdatrie.so.1.3.3
7fd53af59000-7fd53af5a000 r--p 00006000 08:02 527839                     /usr/lib/x86_64-linux-gnu/libdatrie.so.1.3.3
7fd53af5a000-7fd53af5b000 rw-p 00007000 08:02 527839                     /usr/lib/x86_64-linux-gnu/libdatrie.so.1.3.3
7fd53af5b000-7fd53af7e000 r-xp 00000000 08:02 528374                     /usr/lib/x86_64-linux-gnu/libgraphite2.so.3.0.1
7fd53af7e000-7fd53b17e000 ---p 00023000 08:02 528374                     /usr/lib/x86_64-linux-gnu/libgraphite2.so.3.0.1
7fd53b17e000-7fd53b180000 r--p 00023000 08:02 528374                     /usr/lib/x86_64-linux-gnu/libgraphite2.so.3.0.1
7fd53b180000-7fd53b181000 rw-p 00025000 08:02 528374                     /usr/lib/x86_64-linux-gnu/libgraphite2.so.3.0.1
7fd53b181000-7fd53b1c2000 r-xp 00000000 08:02 3407941                    /lib/x86_64-linux-gnu/libblkid.so.1.1.0
7fd53b1c2000-7fd53b3c1000 ---p 00041000 08:02 3407941                    /lib/x86_64-linux-gnu/libblkid.so.1.1.0
7fd53b3c1000-7fd53b3c5000 r--p 00040000 08:02 3407941                    /lib/x86_64-linux-gnu/libblkid.so.1.1.0
7fd53b3c5000-7fd53b3c6000 rw-p 00044000 08:02 3407941                    /lib/x86_64-linux-gnu/libblkid.so.1.1.0
7fd53b3c6000-7fd53b3c7000 rw-p 00000000 00:00 0 
7fd53b3c7000-7fd53b3ee000 r-xp 00000000 08:02 3407918                    /lib/x86_64-linux-gnu/libexpat.so.1.6.2
7fd53b3ee000-7fd53b5ee000 ---p 00027000 08:02 3407918                    /lib/x86_64-linux-gnu/libexpat.so.1.6.2
7fd53b5ee000-7fd53b5f0000 r--p 00027000 08:02 3407918                    /lib/x86_64-linux-gnu/libexpat.so.1.6.2
7fd53b5f0000-7fd53b5f1000 rw-p 00029000 08:02 3407918                    /lib/x86_64-linux-gnu/libexpat.so.1.6.2
7fd53b5f1000-7fd53b663000 r-xp 00000000 08:02 3408343                    /lib/x86_64-linux-gnu/libpcre.so.3.13.3
7fd53b663000-7fd53b862000 ---p 00072000 08:02 3408343                    /lib/x86_64-linux-gnu/libpcre.so.3.13.3
7fd53b862000-7fd53b863000 r--p 00071000 08:02 3408343                    /lib/x86_64-linux-gnu/libpcre.so.3.13.3
7fd53b863000-7fd53b864000 rw-p 00072000 08:02 3408343                    /lib/x86_64-linux-gnu/libpcre.so.3.13.3
7fd53b864000-7fd53b86b000 r-xp 00000000 08:02 528241                     /usr/lib/x86_64-linux-gnu/libffi.so.6.0.4
7fd53b86b000-7fd53ba6b000 ---p 00007000 08:02 528241                     /usr/lib/x86_64-linux-gnu/libffi.so.6.0.4
7fd53ba6b000-7fd53ba6c000 r--p 00007000 08:02 528241                     /usr/lib/x86_64-linux-gnu/libffi.so.6.0.4
7fd53ba6c000-7fd53ba6d000 rw-p 00008000 08:02 528241                     /usr/lib/x86_64-linux-gnu/libffi.so.6.0.4
7fd53ba6d000-7fd53ba75000 r-xp 00000000 08:02 528239                     /usr/lib/x86_64-linux-gnu/libthai.so.0.3.0
7fd53ba75000-7fd53bc75000 ---p 00008000 08:02 528239                     /usr/lib/x86_64-linux-gnu/libthai.so.0.3.0
7fd53bc75000-7fd53bc76000 r--p 00008000 08:02 528239                     /usr/lib/x86_64-linux-gnu/libthai.so.0.3.0
7fd53bc76000-7fd53bc77000 rw-p 00009000 08:02 528239                     /usr/lib/x86_64-linux-gnu/libthai.so.0.3.0
7fd53bc77000-7fd53bd0a000 r-xp 00000000 08:02 577037                     /usr/lib/x86_64-linux-gnu/libharfbuzz.so.0.10400.2
7fd53bd0a000-7fd53bf09000 ---p 00093000 08:02 577037                     /usr/lib/x86_64-linux-gnu/libharfbuzz.so.0.10400.2
7fd53bf09000-7fd53bf0b000 r--p 00092000 08:02 577037                     /usr/lib/x86_64-linux-gnu/libharfbuzz.so.0.10400.2
7fd53bf0b000-7fd53bf0c000 rw-p 00094000 08:02 577037                     /usr/lib/x86_64-linux-gnu/libharfbuzz.so.0.10400.2
7fd53bf0c000-7fd53bf56000 r-xp 00000000 08:02 3407943                    /lib/x86_64-linux-gnu/libmount.so.1.1.0
7fd53bf56000-7fd53c156000 ---p 0004a000 08:02 3407943                    /lib/x86_64-linux-gnu/libmount.so.1.1.0
7fd53c156000-7fd53c157000 r--p 0004a000 08:02 3407943                    /lib/x86_64-linux-gnu/libmount.so.1.1.0
7fd53c157000-7fd53c158000 rw-p 0004b000 08:02 3407943                    /lib/x86_64-linux-gnu/libmount.so.1.1.0
7fd53c158000-7fd53c15a000 rw-p 00000000 00:00 0 
7fd53c15a000-7fd53c16e000 r-xp 00000000 08:02 3414742                    /lib/x86_64-linux-gnu/libresolv-2.24.so
7fd53c16e000-7fd53c36d000 ---p 00014000 08:02 3414742                    /lib/x86_64-linux-gnu/libresolv-2.24.so
7fd53c36d000-7fd53c36e000 r--p 00013000 08:02 3414742                    /lib/x86_64-linux-gnu/libresolv-2.24.so
7fd53c36e000-7fd53c36f000 rw-p 00014000 08:02 3414742                    /lib/x86_64-linux-gnu/libresolv-2.24.so
7fd53c36f000-7fd53c371000 rw-p 00000000 00:00 0 
7fd53c371000-7fd53c396000 r-xp 00000000 08:02 3408007                    /lib/x86_64-linux-gnu/libselinux.so.1
7fd53c396000-7fd53c595000 ---p 00025000 08:02 3408007                    /lib/x86_64-linux-gnu/libselinux.so.1
7fd53c595000-7fd53c596000 r--p 00024000 08:02 3408007                    /lib/x86_64-linux-gnu/libselinux.so.1
7fd53c596000-7fd53c597000 rw-p 00025000 08:02 3408007                    /lib/x86_64-linux-gnu/libselinux.so.1
7fd53c597000-7fd53c599000 rw-p 00000000 00:00 0 
7fd53c599000-7fd53c5a5000 r-xp 00000000 08:02 525048                     /usr/lib/x86_64-linux-gnu/libxcb-render.so.0.0.0
7fd53c5a5000-7fd53c7a5000 ---p 0000c000 08:02 525048                     /usr/lib/x86_64-linux-gnu/libxcb-render.so.0.0.0
7fd53c7a5000-7fd53c7a6000 r--p 0000c000 08:02 525048                     /usr/lib/x86_64-linux-gnu/libxcb-render.so.0.0.0
7fd53c7a6000-7fd53c7a7000 rw-p 0000d000 08:02 525048                     /usr/lib/x86_64-linux-gnu/libxcb-render.so.0.0.0
7fd53c7a7000-7fd53c7a9000 r-xp 00000000 08:02 525050                     /usr/lib/x86_64-linux-gnu/libxcb-shm.so.0.0.0
7fd53c7a9000-7fd53c9a9000 ---p 00002000 08:02 525050                     /usr/lib/x86_64-linux-gnu/libxcb-shm.so.0.0.0
7fd53c9a9000-7fd53c9aa000 r--p 00002000 08:02 525050                     /usr/lib/x86_64-linux-gnu/libxcb-shm.so.0.0.0
7fd53c9aa000-7fd53c9ab000 rw-p 00003000 08:02 525050                     /usr/lib/x86_64-linux-gnu/libxcb-shm.so.0.0.0
7fd53c9ab000-7fd53ca49000 r-xp 00000000 08:02 525046                     /usr/lib/x86_64-linux-gnu/libpixman-1.so.0.34.0
7fd53ca49000-7fd53cc49000 ---p 0009e000 08:02 525046                     /usr/lib/x86_64-linux-gnu/libpixman-1.so.0.34.0
7fd53cc49000-7fd53cc51000 r--p 0009e000 08:02 525046                     /usr/lib/x86_64-linux-gnu/libpixman-1.so.0.34.0
7fd53cc51000-7fd53cc52000 rw-p 000a6000 08:02 525046                     /usr/lib/x86_64-linux-gnu/libpixman-1.so.0.34.0
7fd53cc52000-7fd53cc5c000 r-xp 00000000 08:02 533027                     /usr/lib/x86_64-linux-gnu/libXcursor.so.1.0.2
7fd53cc5c000-7fd53ce5b000 ---p 0000a000 08:02 533027                     /usr/lib/x86_64-linux-gnu/libXcursor.so.1.0.2
7fd53ce5b000-7fd53ce5c000 r--p 00009000 08:02 533027                     /usr/lib/x86_64-linux-gnu/libXcursor.so.1.0.2
7fd53ce5c000-7fd53ce5d000 rw-p 0000a000 08:02 533027                     /usr/lib/x86_64-linux-gnu/libXcursor.so.1.0.2
7fd53ce5d000-7fd53ce67000 r-xp 00000000 08:02 532569                     /usr/lib/x86_64-linux-gnu/libXrandr.so.2.2.0
7fd53ce67000-7fd53d066000 ---p 0000a000 08:02 532569                     /usr/lib/x86_64-linux-gnu/libXrandr.so.2.2.0
7fd53d066000-7fd53d067000 r--p 00009000 08:02 532569                     /usr/lib/x86_64-linux-gnu/libXrandr.so.2.2.0
7fd53d067000-7fd53d068000 rw-p 0000a000 08:02 532569                     /usr/lib/x86_64-linux-gnu/libXrandr.so.2.2.0
7fd53d068000-7fd53d06a000 r-xp 00000000 08:02 531706                     /usr/lib/x86_64-linux-gnu/libXinerama.so.1.0.0
7fd53d06a000-7fd53d269000 ---p 00002000 08:02 531706                     /usr/lib/x86_64-linux-gnu/libXinerama.so.1.0.0
7fd53d269000-7fd53d26a000 r--p 00001000 08:02 531706                     /usr/lib/x86_64-linux-gnu/libXinerama.so.1.0.0
7fd53d26a000-7fd53d26b000 rw-p 00002000 08:02 531706                     /usr/lib/x86_64-linux-gnu/libXinerama.so.1.0.0
7fd53d26b000-7fd53d270000 r-xp 00000000 08:02 527146                     /usr/lib/x86_64-linux-gnu/libXfixes.so.3.1.0
7fd53d270000-7fd53d46f000 ---p 00005000 08:02 527146                     /usr/lib/x86_64-linux-gnu/libXfixes.so.3.1.0
7fd53d46f000-7fd53d470000 r--p 00004000 08:02 527146                     /usr/lib/x86_64-linux-gnu/libXfixes.so.3.1.0
7fd53d470000-7fd53d471000 rw-p 00005000 08:02 527146                     /usr/lib/x86_64-linux-gnu/libXfixes.so.3.1.0
7fd53d471000-7fd53d473000 r-xp 00000000 08:02 533029                     /usr/lib/x86_64-linux-gnu/libXdamage.so.1.1.0
7fd53d473000-7fd53d672000 ---p 00002000 08:02 533029                     /usr/lib/x86_64-linux-gnu/libXdamage.so.1.1.0
7fd53d672000-7fd53d673000 r--p 00001000 08:02 533029                     /usr/lib/x86_64-linux-gnu/libXdamage.so.1.1.0
7fd53d673000-7fd53d674000 rw-p 00002000 08:02 533029                     /usr/lib/x86_64-linux-gnu/libXdamage.so.1.1.0
7fd53d674000-7fd53d676000 r-xp 00000000 08:02 534161                     /usr/lib/x86_64-linux-gnu/libXcomposite.so.1.0.0
7fd53d676000-7fd53d875000 ---p 00002000 08:02 534161                     /usr/lib/x86_64-linux-gnu/libXcomposite.so.1.0.0
7fd53d875000-7fd53d876000 r--p 00001000 08:02 534161                     /usr/lib/x86_64-linux-gnu/libXcomposite.so.1.0.0
7fd53d876000-7fd53d877000 rw-p 00002000 08:02 534161                     /usr/lib/x86_64-linux-gnu/libXcomposite.so.1.0.0
7fd53d877000-7fd53d87a000 r-xp 00000000 08:02 525477                     /usr/lib/x86_64-linux-gnu/libgmodule-2.0.so.0.5000.2
7fd53d87a000-7fd53da79000 ---p 00003000 08:02 525477                     /usr/lib/x86_64-linux-gnu/libgmodule-2.0.so.0.5000.2
7fd53da79000-7fd53da7a000 r--p 00002000 08:02 525477                     /usr/lib/x86_64-linux-gnu/libgmodule-2.0.so.0.5000.2
7fd53da7a000-7fd53da7b000 rw-p 00003000 08:02 525477                     /usr/lib/x86_64-linux-gnu/libgmodule-2.0.so.0.5000.2
7fd53da7b000-7fd53daac000 r-xp 00000000 08:02 525011                     /usr/lib/x86_64-linux-gnu/libpng16.so.16.28.0
7fd53daac000-7fd53dcac000 ---p 00031000 08:02 525011                     /usr/lib/x86_64-linux-gnu/libpng16.so.16.28.0
7fd53dcac000-7fd53dcad000 r--p 00031000 08:02 525011                     /usr/lib/x86_64-linux-gnu/libpng16.so.16.28.0
7fd53dcad000-7fd53dcae000 rw-p 00032000 08:02 525011                     /usr/lib/x86_64-linux-gnu/libpng16.so.16.28.0
7fd53dcae000-7fd53dd17000 r-xp 00000000 08:02 549718                     /usr/lib/x86_64-linux-gnu/libjpeg.so.62.2.0
7fd53dd17000-7fd53df17000 ---p 00069000 08:02 549718                     /usr/lib/x86_64-linux-gnu/libjpeg.so.62.2.0
7fd53df17000-7fd53df18000 r--p 00069000 08:02 549718                     /usr/lib/x86_64-linux-gnu/libjpeg.so.62.2.0
7fd53df18000-7fd53df19000 rw-p 0006a000 08:02 549718                     /usr/lib/x86_64-linux-gnu/libjpeg.so.62.2.0
7fd53df19000-7fd53df1a000 r-xp 00000000 08:02 528885                     /usr/lib/x86_64-linux-gnu/libgthread-2.0.so.0.5000.2
7fd53df1a000-7fd53e119000 ---p 00001000 08:02 528885                     /usr/lib/x86_64-linux-gnu/libgthread-2.0.so.0.5000.2
7fd53e119000-7fd53e11a000 r--p 00000000 08:02 528885                     /usr/lib/x86_64-linux-gnu/libgthread-2.0.so.0.5000.2
7fd53e11a000-7fd53e11b000 rw-p 00001000 08:02 528885                     /usr/lib/x86_64-linux-gnu/libgthread-2.0.so.0.5000.2
7fd53e11b000-7fd53e1c3000 r-xp 00000000 08:02 532142                     /usr/lib/x86_64-linux-gnu/libfreetype.so.6.12.3
7fd53e1c3000-7fd53e3c3000 ---p 000a8000 08:02 532142                     /usr/lib/x86_64-linux-gnu/libfreetype.so.6.12.3
7fd53e3c3000-7fd53e3c9000 r--p 000a8000 08:02 532142                     /usr/lib/x86_64-linux-gnu/libfreetype.so.6.12.3
7fd53e3c9000-7fd53e3ca000 rw-p 000ae000 08:02 532142                     /usr/lib/x86_64-linux-gnu/libfreetype.so.6.12.3
7fd53e3ca000-7fd53e406000 r-xp 00000000 08:02 525043                     /usr/lib/x86_64-linux-gnu/libfontconfig.so.1.8.0
7fd53e406000-7fd53e605000 ---p 0003c000 08:02 525043                     /usr/lib/x86_64-linux-gnu/libfontconfig.so.1.8.0
7fd53e605000-7fd53e607000 r--p 0003b000 08:02 525043                     /usr/lib/x86_64-linux-gnu/libfontconfig.so.1.8.0
7fd53e607000-7fd53e608000 rw-p 0003d000 08:02 525043                     /usr/lib/x86_64-linux-gnu/libfontconfig.so.1.8.0
7fd53e608000-7fd53e71a000 r-xp 00000000 08:02 3407904                    /lib/x86_64-linux-gnu/libglib-2.0.so.0.5000.2
7fd53e71a000-7fd53e919000 ---p 00112000 08:02 3407904                    /lib/x86_64-linux-gnu/libglib-2.0.so.0.5000.2
7fd53e919000-7fd53e91a000 r--p 00111000 08:02 3407904                    /lib/x86_64-linux-gnu/libglib-2.0.so.0.5000.2
7fd53e91a000-7fd53e91b000 rw-p 00112000 08:02 3407904                    /lib/x86_64-linux-gnu/libglib-2.0.so.0.5000.2
7fd53e91b000-7fd53e91c000 rw-p 00000000 00:00 0 
7fd53e91c000-7fd53e96e000 r-xp 00000000 08:02 525478                     /usr/lib/x86_64-linux-gnu/libgobject-2.0.so.0.5000.2
7fd53e96e000-7fd53eb6d000 ---p 00052000 08:02 525478                     /usr/lib/x86_64-linux-gnu/libgobject-2.0.so.0.5000.2
7fd53eb6d000-7fd53eb6e000 r--p 00051000 08:02 525478                     /usr/lib/x86_64-linux-gnu/libgobject-2.0.so.0.5000.2
7fd53eb6e000-7fd53eb6f000 rw-p 00052000 08:02 525478                     /usr/lib/x86_64-linux-gnu/libgobject-2.0.so.0.5000.2
7fd53eb6f000-7fd53ebb8000 r-xp 00000000 08:02 532061                     /usr/lib/x86_64-linux-gnu/libpango-1.0.so.0.4000.3
7fd53ebb8000-7fd53edb7000 ---p 00049000 08:02 532061                     /usr/lib/x86_64-linux-gnu/libpango-1.0.so.0.4000.3
7fd53edb7000-7fd53edba000 r--p 00048000 08:02 532061                     /usr/lib/x86_64-linux-gnu/libpango-1.0.so.0.4000.3
7fd53edba000-7fd53edbb000 rw-p 0004b000 08:02 532061                     /usr/lib/x86_64-linux-gnu/libpango-1.0.so.0.4000.3
7fd53edbb000-7fd53edcf000 r-xp 00000000 08:02 532065                     /usr/lib/x86_64-linux-gnu/libpangoft2-1.0.so.0.4000.3
7fd53edcf000-7fd53efcf000 ---p 00014000 08:02 532065                     /usr/lib/x86_64-linux-gnu/libpangoft2-1.0.so.0.4000.3
7fd53efcf000-7fd53efd0000 r--p 00014000 08:02 532065                     /usr/lib/x86_64-linux-gnu/libpangoft2-1.0.so.0.4000.3
7fd53efd0000-7fd53efd1000 rw-p 00015000 08:02 532065                     /usr/lib/x86_64-linux-gnu/libpangoft2-1.0.so.0.4000.3
7fd53efd1000-7fd53f15e000 r-xp 00000000 08:02 525476                     /usr/lib/x86_64-linux-gnu/libgio-2.0.so.0.5000.2
7fd53f15e000-7fd53f35d000 ---p 0018d000 08:02 525476                     /usr/lib/x86_64-linux-gnu/libgio-2.0.so.0.5000.2
7fd53f35d000-7fd53f362000 r--p 0018c000 08:02 525476                     /usr/lib/x86_64-linux-gnu/libgio-2.0.so.0.5000.2
7fd53f362000-7fd53f365000 rw-p 00191000 08:02 525476                     /usr/lib/x86_64-linux-gnu/libgio-2.0.so.0.5000.2
7fd53f365000-7fd53f366000 rw-p 00000000 00:00 0 
7fd53f366000-7fd53f387000 r-xp 00000000 08:02 527664                     /usr/lib/x86_64-linux-gnu/libgdk_pixbuf-2.0.so.0.3600.4
7fd53f387000-7fd53f587000 ---p 00021000 08:02 527664                     /usr/lib/x86_64-linux-gnu/libgdk_pixbuf-2.0.so.0.3600.4
7fd53f587000-7fd53f588000 r--p 00021000 08:02 527664                     /usr/lib/x86_64-linux-gnu/libgdk_pixbuf-2.0.so.0.3600.4
7fd53f588000-7fd53f589000 rw-p 00022000 08:02 527664                     /usr/lib/x86_64-linux-gnu/libgdk_pixbuf-2.0.so.0.3600.4
7fd53f589000-7fd53f697000 r-xp 00000000 08:02 525055                     /usr/lib/x86_64-linux-gnu/libcairo.so.2.11400.8
7fd53f697000-7fd53f897000 ---p 0010e000 08:02 525055                     /usr/lib/x86_64-linux-gnu/libcairo.so.2.11400.8
7fd53f897000-7fd53f89a000 r--p 0010e000 08:02 525055                     /usr/lib/x86_64-linux-gnu/libcairo.so.2.11400.8
7fd53f89a000-7fd53f89b000 rw-p 00111000 08:02 525055                     /usr/lib/x86_64-linux-gnu/libcairo.so.2.11400.8
7fd53f89b000-7fd53f89d000 rw-p 00000000 00:00 0 
7fd53f89d000-7fd53f8c0000 r-xp 00000000 08:02 528843                     /usr/lib/x86_64-linux-gnu/libatk-1.0.so.0.22209.1
7fd53f8c0000-7fd53fabf000 ---p 00023000 08:02 528843                     /usr/lib/x86_64-linux-gnu/libatk-1.0.so.0.22209.1
7fd53fabf000-7fd53fac2000 r--p 00022000 08:02 528843                     /usr/lib/x86_64-linux-gnu/libatk-1.0.so.0.22209.1
7fd53fac2000-7fd53fac3000 rw-p 00025000 08:02 528843                     /usr/lib/x86_64-linux-gnu/libatk-1.0.so.0.22209.1
7fd53fac3000-7fd53face000 r-xp 00000000 08:02 532063                     /usr/lib/x86_64-linux-gnu/libpangocairo-1.0.so.0.4000.3
7fd53face000-7fd53fcce000 ---p 0000b000 08:02 532063                     /usr/lib/x86_64-linux-gnu/libpangocairo-1.0.so.0.4000.3
7fd53fcce000-7fd53fccf000 r--p 0000b000 08:02 532063                     /usr/lib/x86_64-linux-gnu/libpangocairo-1.0.so.0.4000.3
7fd53fccf000-7fd53fcd0000 rw-p 0000c000 08:02 532063                     /usr/lib/x86_64-linux-gnu/libpangocairo-1.0.so.0.4000.3
7fd53fcd0000-7fd53fd80000 r-xp 00000000 08:02 532089                     /usr/lib/x86_64-linux-gnu/libgdk-x11-2.0.so.0.2400.31
7fd53fd80000-7fd53ff7f000 ---p 000b0000 08:02 532089                     /usr/lib/x86_64-linux-gnu/libgdk-x11-2.0.so.0.2400.31
7fd53ff7f000-7fd53ff83000 r--p 000af000 08:02 532089                     /usr/lib/x86_64-linux-gnu/libgdk-x11-2.0.so.0.2400.31
7fd53ff83000-7fd53ff85000 rw-p 000b3000 08:02 532089                     /usr/lib/x86_64-linux-gnu/libgdk-x11-2.0.so.0.2400.31
7fd53ff85000-7fd5403c1000 r-xp 00000000 08:02 536898                     /usr/lib/x86_64-linux-gnu/libgtk-x11-2.0.so.0.2400.31
7fd5403c1000-7fd5405c0000 ---p 0043c000 08:02 536898                     /usr/lib/x86_64-linux-gnu/libgtk-x11-2.0.so.0.2400.31
7fd5405c0000-7fd5405c7000 r--p 0043b000 08:02 536898                     /usr/lib/x86_64-linux-gnu/libgtk-x11-2.0.so.0.2400.31
7fd5405c7000-7fd5405cb000 rw-p 00442000 08:02 536898                     /usr/lib/x86_64-linux-gnu/libgtk-x11-2.0.so.0.2400.31
7fd5405cb000-7fd5405ce000 rw-p 00000000 00:00 0 
7fd5405ce000-7fd5410dd000 r-xp 00000000 08:02 3286773                    /home/johan/Documents/JavaOpenCV/opencv-3.2.0/build/lib/libopencv_core.so.3.2.0
7fd5410dd000-7fd5412dc000 ---p 00b0f000 08:02 3286773                    /home/johan/Documents/JavaOpenCV/opencv-3.2.0/build/lib/libopencv_core.so.3.2.0
7fd5412dc000-7fd5412e4000 r--p 00b0e000 08:02 3286773                    /home/johan/Documents/JavaOpenCV/opencv-3.2.0/build/lib/libopencv_core.so.3.2.0
7fd5412e4000-7fd541312000 rw-p 00b16000 08:02 3286773                    /home/johan/Documents/JavaOpenCV/opencv-3.2.0/build/lib/libopencv_core.so.3.2.0
7fd541312000-7fd541314000 rw-p 00000000 00:00 0 
7fd541314000-7fd54287c000 r-xp 00000000 08:02 3286865                    /home/johan/Documents/JavaOpenCV/opencv-3.2.0/build/lib/libopencv_imgproc.so.3.2.0
7fd54287c000-7fd542a7b000 ---p 01568000 08:02 3286865                    /home/johan/Documents/JavaOpenCV/opencv-3.2.0/build/lib/libopencv_imgproc.so.3.2.0
7fd542a7b000-7fd542a84000 r--p 01567000 08:02 3286865                    /home/johan/Documents/JavaOpenCV/opencv-3.2.0/build/lib/libopencv_imgproc.so.3.2.0
7fd542a84000-7fd542aa5000 rw-p 01570000 08:02 3286865                    /home/johan/Documents/JavaOpenCV/opencv-3.2.0/build/lib/libopencv_imgproc.so.3.2.0
7fd542aa5000-7fd542b3c000 rw-p 00000000 00:00 0 
7fd542b3c000-7fd542e83000 r-xp 00000000 08:02 3286918                    /home/johan/Documents/JavaOpenCV/opencv-3.2.0/build/lib/libopencv_imgcodecs.so.3.2.0
7fd542e83000-7fd543083000 ---p 00347000 08:02 3286918                    /home/johan/Documents/JavaOpenCV/opencv-3.2.0/build/lib/libopencv_imgcodecs.so.3.2.0
7fd543083000-7fd543089000 r--p 00347000 08:02 3286918                    /home/johan/Documents/JavaOpenCV/opencv-3.2.0/build/lib/libopencv_imgcodecs.so.3.2.0
7fd543089000-7fd543091000 rw-p 0034d000 08:02 3286918                    /home/johan/Documents/JavaOpenCV/opencv-3.2.0/build/lib/libopencv_imgcodecs.so.3.2.0
7fd543091000-7fd54309c000 rw-p 00000000 00:00 0 
7fd54309c000-7fd5430be000 r-xp 00000000 08:02 3286943                    /home/johan/Documents/JavaOpenCV/opencv-3.2.0/build/lib/libopencv_videoio.so.3.2.0
7fd5430be000-7fd5432bd000 ---p 00022000 08:02 3286943                    /home/johan/Documents/JavaOpenCV/opencv-3.2.0/build/lib/libopencv_videoio.so.3.2.0
7fd5432bd000-7fd5432be000 r--p 00021000 08:02 3286943                    /home/johan/Documents/JavaOpenCV/opencv-3.2.0/build/lib/libopencv_videoio.so.3.2.0
7fd5432be000-7fd5432bf000 rw-p 00022000 08:02 3286943                    /home/johan/Documents/JavaOpenCV/opencv-3.2.0/build/lib/libopencv_videoio.so.3.2.0
7fd5432bf000-7fd5432c1000 rw-p 00000000 00:00 0 
7fd5432c1000-7fd5432cc000 r-xp 00000000 08:02 3286966                    /home/johan/Documents/JavaOpenCV/opencv-3.2.0/build/lib/libopencv_highgui.so.3.2.0
7fd5432cc000-7fd5434cc000 ---p 0000b000 08:02 3286966                    /home/johan/Documents/JavaOpenCV/opencv-3.2.0/build/lib/libopencv_highgui.so.3.2.0
7fd5434cc000-7fd5434cd000 r--p 0000b000 08:02 3286966                    /home/johan/Documents/JavaOpenCV/opencv-3.2.0/build/lib/libopencv_highgui.so.3.2.0
7fd5434cd000-7fd5434ce000 rw-p 0000c000 08:02 3286966                    /home/johan/Documents/JavaOpenCV/opencv-3.2.0/build/lib/libopencv_highgui.so.3.2.0
7fd5434ce000-7fd543589000 r-xp 00000000 08:02 3286850                    /home/johan/Documents/JavaOpenCV/opencv-3.2.0/build/lib/libopencv_ml.so.3.2.0
7fd543589000-7fd543789000 ---p 000bb000 08:02 3286850                    /home/johan/Documents/JavaOpenCV/opencv-3.2.0/build/lib/libopencv_ml.so.3.2.0
7fd543789000-7fd54378b000 r--p 000bb000 08:02 3286850                    /home/johan/Documents/JavaOpenCV/opencv-3.2.0/build/lib/libopencv_ml.so.3.2.0
7fd54378b000-7fd54378c000 rw-p 000bd000 08:02 3286850                    /home/johan/Documents/JavaOpenCV/opencv-3.2.0/build/lib/libopencv_ml.so.3.2.0
7fd54378c000-7fd5437dd000 r-xp 00000000 08:02 3286861                    /home/johan/Documents/JavaOpenCV/opencv-3.2.0/build/lib/libopencv_flann.so.3.2.0
7fd5437dd000-7fd5439dd000 ---p 00051000 08:02 3286861                    /home/johan/Documents/JavaOpenCV/opencv-3.2.0/build/lib/libopencv_flann.so.3.2.0
7fd5439dd000-7fd5439df000 r--p 00051000 08:02 3286861                    /home/johan/Documents/JavaOpenCV/opencv-3.2.0/build/lib/libopencv_flann.so.3.2.0
7fd5439df000-7fd5439e0000 rw-p 00053000 08:02 3286861                    /home/johan/Documents/JavaOpenCV/opencv-3.2.0/build/lib/libopencv_flann.so.3.2.0
7fd5439e0000-7fd543a91000 r-xp 00000000 08:02 3287039                    /home/johan/Documents/JavaOpenCV/opencv-3.2.0/build/lib/libopencv_features2d.so.3.2.0
7fd543a91000-7fd543c91000 ---p 000b1000 08:02 3287039                    /home/johan/Documents/JavaOpenCV/opencv-3.2.0/build/lib/libopencv_features2d.so.3.2.0
7fd543c91000-7fd543c94000 r--p 000b1000 08:02 3287039                    /home/johan/Documents/JavaOpenCV/opencv-3.2.0/build/lib/libopencv_features2d.so.3.2.0
7fd543c94000-7fd543c96000 rw-p 000b4000 08:02 3287039                    /home/johan/Documents/JavaOpenCV/opencv-3.2.0/build/lib/libopencv_features2d.so.3.2.0
7fd543c96000-7fd543dfd000 r-xp 00000000 08:02 3287082                    /home/johan/Documents/JavaOpenCV/opencv-3.2.0/build/lib/libopencv_calib3d.so.3.2.0
7fd543dfd000-7fd543ffc000 ---p 00167000 08:02 3287082                    /home/johan/Documents/JavaOpenCV/opencv-3.2.0/build/lib/libopencv_calib3d.so.3.2.0
7fd543ffc000-7fd543ffe000 r--p 00166000 08:02 3287082                    /home/johan/Documents/JavaOpenCV/opencv-3.2.0/build/lib/libopencv_calib3d.so.3.2.0
7fd543ffe000-7fd544000000 rw-p 00168000 08:02 3287082                    /home/johan/Documents/JavaOpenCV/opencv-3.2.0/build/lib/libopencv_calib3d.so.3.2.0
7fd544000000-7fd544021000 rw-p 00000000 00:00 0 
7fd544021000-7fd548000000 ---p 00000000 00:00 0 
7fd548000000-7fd548021000 rw-p 00000000 00:00 0 
7fd548021000-7fd54c000000 ---p 00000000 00:00 0 
7fd54c000000-7fd54c042000 rw-p 00000000 00:00 0 
7fd54c042000-7fd550000000 ---p 00000000 00:00 0 
7fd550000000-7fd5501d4000 rw-p 00000000 00:00 0 
7fd5501d4000-7fd554000000 ---p 00000000 00:00 0 
7fd554000000-7fd554021000 rw-p 00000000 00:00 0 
7fd554021000-7fd558000000 ---p 00000000 00:00 0 
7fd558000000-7fd558165000 rw-p 00000000 00:00 0 
7fd558165000-7fd55c000000 ---p 00000000 00:00 0 
7fd55c000000-7fd55c021000 rw-p 00000000 00:00 0 
7fd55c021000-7fd560000000 ---p 00000000 00:00 0 
7fd560000000-7fd560021000 rw-p 00000000 00:00 0 
7fd560021000-7fd564000000 ---p 00000000 00:00 0 
7fd564000000-7fd564021000 rw-p 00000000 00:00 0 
7fd564021000-7fd568000000 ---p 00000000 00:00 0 
7fd568000000-7fd568021000 rw-p 00000000 00:00 0 
7fd568021000-7fd56c000000 ---p 00000000 00:00 0 
7fd56c000000-7fd56c021000 rw-p 00000000 00:00 0 
7fd56c021000-7fd570000000 ---p 00000000 00:00 0 
7fd570000000-7fd570021000 rw-p 00000000 00:00 0 
7fd570021000-7fd574000000 ---p 00000000 00:00 0 
7fd574000000-7fd574021000 rw-p 00000000 00:00 0 
7fd574021000-7fd578000000 ---p 00000000 00:00 0 
7fd578017000-7fd57801a000 ---p 00000000 00:00 0 
7fd57801a000-7fd578050000 rwxp 00000000 00:00 0 
7fd578050000-7fd578053000 ---p 00000000 00:00 0 
7fd578053000-7fd578151000 rwxp 00000000 00:00 0 
7fd578151000-7fd5781b1000 r-xp 00000000 08:02 3287042                    /home/johan/Documents/JavaOpenCV/opencv-3.2.0/build/lib/libopencv_objdetect.so.3.2.0
7fd5781b1000-7fd5783b1000 ---p 00060000 08:02 3287042                    /home/johan/Documents/JavaOpenCV/opencv-3.2.0/build/lib/libopencv_objdetect.so.3.2.0
7fd5783b1000-7fd5783b2000 r--p 00060000 08:02 3287042                    /home/johan/Documents/JavaOpenCV/opencv-3.2.0/build/lib/libopencv_objdetect.so.3.2.0
7fd5783b2000-7fd5783b3000 rw-p 00061000 08:02 3287042                    /home/johan/Documents/JavaOpenCV/opencv-3.2.0/build/lib/libopencv_objdetect.so.3.2.0
7fd5783b3000-7fd57852f000 r-xp 00000000 08:02 3286934                    /home/johan/Documents/JavaOpenCV/opencv-3.2.0/build/lib/libopencv_video.so.3.2.0
7fd57852f000-7fd57872e000 ---p 0017c000 08:02 3286934                    /home/johan/Documents/JavaOpenCV/opencv-3.2.0/build/lib/libopencv_video.so.3.2.0
7fd57872e000-7fd578730000 r--p 0017b000 08:02 3286934                    /home/johan/Documents/JavaOpenCV/opencv-3.2.0/build/lib/libopencv_video.so.3.2.0
7fd578730000-7fd578733000 rw-p 0017d000 08:02 3286934                    /home/johan/Documents/JavaOpenCV/opencv-3.2.0/build/lib/libopencv_video.so.3.2.0
7fd578733000-7fd57891d000 r-xp 00000000 08:02 3287076                    /home/johan/Documents/JavaOpenCV/opencv-3.2.0/build/lib/libopencv_photo.so.3.2.0
7fd57891d000-7fd578b1d000 ---p 001ea000 08:02 3287076                    /home/johan/Documents/JavaOpenCV/opencv-3.2.0/build/lib/libopencv_photo.so.3.2.0
7fd578b1d000-7fd578b1f000 r--p 001ea000 08:02 3287076                    /home/johan/Documents/JavaOpenCV/opencv-3.2.0/build/lib/libopencv_photo.so.3.2.0
7fd578b1f000-7fd578b22000 rw-p 001ec000 08:02 3287076                    /home/johan/Documents/JavaOpenCV/opencv-3.2.0/build/lib/libopencv_photo.so.3.2.0
7fd578b22000-7fd578be3000 r-xp 00000000 08:02 3287753                    /home/johan/Documents/JavaOpenCV/opencv-3.2.0/build/lib/libopencv_java320.so
7fd578be3000-7fd578de2000 ---p 000c1000 08:02 3287753                    /home/johan/Documents/JavaOpenCV/opencv-3.2.0/build/lib/libopencv_java320.so
7fd578de2000-7fd578de3000 r--p 000c0000 08:02 3287753                    /home/johan/Documents/JavaOpenCV/opencv-3.2.0/build/lib/libopencv_java320.so
7fd578de3000-7fd578de5000 rw-p 000c1000 08:02 3287753                    /home/johan/Documents/JavaOpenCV/opencv-3.2.0/build/lib/libopencv_java320.so
7fd578de5000-7fd578dea000 r-xp 00000000 08:02 531695                     /usr/lib/x86_64-linux-gnu/libXdmcp.so.6.0.0
7fd578dea000-7fd578fe9000 ---p 00005000 08:02 531695                     /usr/lib/x86_64-linux-gnu/libXdmcp.so.6.0.0
7fd578fe9000-7fd578fea000 r--p 00004000 08:02 531695                     /usr/lib/x86_64-linux-gnu/libXdmcp.so.6.0.0
7fd578fea000-7fd578feb000 rw-p 00005000 08:02 531695                     /usr/lib/x86_64-linux-gnu/libXdmcp.so.6.0.0
7fd578feb000-7fd578fee000 r-xp 00000000 08:02 531693                     /usr/lib/x86_64-linux-gnu/libXau.so.6.0.0
7fd578fee000-7fd5791ed000 ---p 00003000 08:02 531693                     /usr/lib/x86_64-linux-gnu/libXau.so.6.0.0
7fd5791ed000-7fd5791ee000 r--p 00002000 08:02 531693                     /usr/lib/x86_64-linux-gnu/libXau.so.6.0.0
7fd5791ee000-7fd5791ef000 rw-p 00003000 08:02 531693                     /usr/lib/x86_64-linux-gnu/libXau.so.6.0.0
7fd5791ef000-7fd579216000 r-xp 00000000 08:02 527662                     /usr/lib/x86_64-linux-gnu/libxcb.so.1.1.0
7fd579216000-7fd579415000 ---p 00027000 08:02 527662                     /usr/lib/x86_64-linux-gnu/libxcb.so.1.1.0
7fd579415000-7fd579416000 r--p 00026000 08:02 527662                     /usr/lib/x86_64-linux-gnu/libxcb.so.1.1.0
7fd579416000-7fd579417000 rw-p 00027000 08:02 527662                     /usr/lib/x86_64-linux-gnu/libxcb.so.1.1.0
7fd579417000-7fd579426000 r-xp 00000000 08:02 534159                     /usr/lib/x86_64-linux-gnu/libXi.so.6.1.0
7fd579426000-7fd579625000 ---p 0000f000 08:02 534159                     /usr/lib/x86_64-linux-gnu/libXi.so.6.1.0
7fd579625000-7fd579626000 r--p 0000e000 08:02 534159                     /usr/lib/x86_64-linux-gnu/libXi.so.6.1.0
7fd579626000-7fd579627000 rw-p 0000f000 08:02 534159                     /usr/lib/x86_64-linux-gnu/libXi.so.6.1.0
7fd579627000-7fd57962c000 r-xp 00000000 08:02 532095                     /usr/lib/x86_64-linux-gnu/libXtst.so.6.1.0
7fd57962c000-7fd57982b000 ---p 00005000 08:02 532095                     /usr/lib/x86_64-linux-gnu/libXtst.so.6.1.0
7fd57982b000-7fd57982c000 r--p 00004000 08:02 532095                     /usr/lib/x86_64-linux-gnu/libXtst.so.6.1.0
7fd57982c000-7fd57982d000 rw-p 00005000 08:02 532095                     /usr/lib/x86_64-linux-gnu/libXtst.so.6.1.0
7fd57982d000-7fd579836000 r-xp 00000000 08:02 525053                     /usr/lib/x86_64-linux-gnu/libXrender.so.1.3.0
7fd579836000-7fd579a35000 ---p 00009000 08:02 525053                     /usr/lib/x86_64-linux-gnu/libXrender.so.1.3.0
7fd579a35000-7fd579a36000 r--p 00008000 08:02 525053                     /usr/lib/x86_64-linux-gnu/libXrender.so.1.3.0
7fd579a36000-7fd579a37000 rw-p 00009000 08:02 525053                     /usr/lib/x86_64-linux-gnu/libXrender.so.1.3.0
7fd579a37000-7fd579b71000 r-xp 00000000 08:02 575376                     /usr/lib/x86_64-linux-gnu/libX11.so.6.3.0
7fd579b71000-7fd579d71000 ---p 0013a000 08:02 575376                     /usr/lib/x86_64-linux-gnu/libX11.so.6.3.0
7fd579d71000-7fd579d72000 r--p 0013a000 08:02 575376                     /usr/lib/x86_64-linux-gnu/libX11.so.6.3.0
7fd579d72000-7fd579d77000 rw-p 0013b000 08:02 575376                     /usr/lib/x86_64-linux-gnu/libX11.so.6.3.0
7fd579d77000-7fd579d88000 r-xp 00000000 08:02 531704                     /usr/lib/x86_64-linux-gnu/libXext.so.6.4.0
7fd579d88000-7fd579f87000 ---p 00011000 08:02 531704                     /usr/lib/x86_64-linux-gnu/libXext.so.6.4.0
7fd579f87000-7fd579f88000 r--p 00010000 08:02 531704                     /usr/lib/x86_64-linux-gnu/libXext.so.6.4.0
7fd579f88000-7fd579f89000 rw-p 00011000 08:02 531704                     /usr/lib/x86_64-linux-gnu/libXext.so.6.4.0
7fd579f9e000-7fd579fb1000 r--s 00346000 08:02 1189013                    /usr/lib/jvm/java-8-openjdk-amd64/jre/lib/resources.jar
7fd579fb1000-7fd57a005000 r-xp 00000000 08:02 1188949                    /usr/lib/jvm/java-8-openjdk-amd64/jre/lib/amd64/libawt_xawt.so
7fd57a005000-7fd57a204000 ---p 00054000 08:02 1188949                    /usr/lib/jvm/java-8-openjdk-amd64/jre/lib/amd64/libawt_xawt.so
7fd57a204000-7fd57a205000 r--p 00053000 08:02 1188949                    /usr/lib/jvm/java-8-openjdk-amd64/jre/lib/amd64/libawt_xawt.so
7fd57a205000-7fd57a208000 rw-p 00054000 08:02 1188949                    /usr/lib/jvm/java-8-openjdk-amd64/jre/lib/amd64/libawt_xawt.so
7fd57a208000-7fd57a209000 rw-p 00000000 00:00 0 
7fd57a209000-7fd57a2a9000 r-xp 00000000 08:02 1188947                    /usr/lib/jvm/java-8-openjdk-amd64/jre/lib/amd64/libawt.so
7fd57a2a9000-7fd57a4a9000 ---p 000a0000 08:02 1188947                    /usr/lib/jvm/java-8-openjdk-amd64/jre/lib/amd64/libawt.so
7fd57a4a9000-7fd57a4aa000 r--p 000a0000 08:02 1188947                    /usr/lib/jvm/java-8-openjdk-amd64/jre/lib/amd64/libawt.so
7fd57a4aa000-7fd57a4b5000 rw-p 000a1000 08:02 1188947                    /usr/lib/jvm/java-8-openjdk-amd64/jre/lib/amd64/libawt.so
7fd57a4b5000-7fd57a4da000 rw-p 00000000 00:00 0 
7fd57a4da000-7fd57a4f5000 r--s 001d6000 08:02 1188993                    /usr/lib/jvm/java-8-openjdk-amd64/jre/lib/ext/nashorn.jar
7fd57a4f5000-7fd57a510000 r--s 00394000 08:02 1188988                    /usr/lib/jvm/java-8-openjdk-amd64/jre/lib/ext/cldrdata.jar
7fd57a510000-7fd57a511000 ---p 00000000 00:00 0 
7fd57a511000-7fd57a712000 rwxp 00000000 00:00 0 
7fd57a712000-7fd57a713000 ---p 00000000 00:00 0 
7fd57a713000-7fd57a813000 rwxp 00000000 00:00 0 
7fd57a813000-7fd57a814000 ---p 00000000 00:00 0 
7fd57a814000-7fd57a914000 rwxp 00000000 00:00 0 
7fd57a914000-7fd57a915000 ---p 00000000 00:00 0 
7fd57a915000-7fd57ab16000 rwxp 00000000 00:00 0 
7fd57ab16000-7fd57acb1000 r--p 00000000 08:02 540112                     /usr/lib/locale/locale-archive
7fd57acb1000-7fd57aeb3000 rwxp 00000000 00:00 0 
7fd57aeb3000-7fd57aeb4000 ---p 00000000 00:00 0 
7fd57aeb4000-7fd57afb4000 rwxp 00000000 00:00 0 
7fd57afb4000-7fd57bf47000 rw-p 00000000 00:00 0 
7fd57bf47000-7fd57c115000 r--s 03c06000 08:02 1189014                    /usr/lib/jvm/java-8-openjdk-amd64/jre/lib/rt.jar
7fd57c115000-7fd580a6d000 rw-p 00000000 00:00 0 
7fd580a6d000-7fd580a6e000 ---p 00000000 00:00 0 
7fd580a6e000-7fd580b6e000 rwxp 00000000 00:00 0 
7fd580b6e000-7fd580b6f000 ---p 00000000 00:00 0 
7fd580b6f000-7fd580c6f000 rwxp 00000000 00:00 0 
7fd580c6f000-7fd580c70000 ---p 00000000 00:00 0 
7fd580c70000-7fd580d70000 rwxp 00000000 00:00 0 
7fd580d70000-7fd580d9a000 rw-p 00000000 00:00 0 
7fd580d9a000-7fd581000000 ---p 00000000 00:00 0 
7fd581000000-7fd581270000 rwxp 00000000 00:00 0 
7fd581270000-7fd590000000 ---p 00000000 00:00 0 
7fd590000000-7fd5905e3000 rw-p 00000000 00:00 0 
7fd5905e3000-7fd594000000 ---p 00000000 00:00 0 
7fd594010000-7fd5940d3000 rw-p 00000000 00:00 0 
7fd5940d3000-7fd5940d4000 ---p 00000000 00:00 0 
7fd5940d4000-7fd5941d4000 rwxp 00000000 00:00 0 
7fd5941d4000-7fd5941fe000 rw-p 00000000 00:00 0 
7fd5941fe000-7fd594464000 ---p 00000000 00:00 0 
7fd594464000-7fd594479000 rw-p 00000000 00:00 0 
7fd594479000-7fd5945ac000 ---p 00000000 00:00 0 
7fd5945ac000-7fd5945b7000 rw-p 00000000 00:00 0 
7fd5945b7000-7fd59496d000 ---p 00000000 00:00 0 
7fd59496d000-7fd594975000 r-xp 00000000 08:02 1188977                    /usr/lib/jvm/java-8-openjdk-amd64/jre/lib/amd64/libzip.so
7fd594975000-7fd594b74000 ---p 00008000 08:02 1188977                    /usr/lib/jvm/java-8-openjdk-amd64/jre/lib/amd64/libzip.so
7fd594b74000-7fd594b75000 r--p 00007000 08:02 1188977                    /usr/lib/jvm/java-8-openjdk-amd64/jre/lib/amd64/libzip.so
7fd594b75000-7fd594b76000 rw-p 00008000 08:02 1188977                    /usr/lib/jvm/java-8-openjdk-amd64/jre/lib/amd64/libzip.so
7fd594b76000-7fd594b80000 r-xp 00000000 08:02 3414736                    /lib/x86_64-linux-gnu/libnss_files-2.24.so
7fd594b80000-7fd594d80000 ---p 0000a000 08:02 3414736                    /lib/x86_64-linux-gnu/libnss_files-2.24.so
7fd594d80000-7fd594d81000 r--p 0000a000 08:02 3414736                    /lib/x86_64-linux-gnu/libnss_files-2.24.so
7fd594d81000-7fd594d82000 rw-p 0000b000 08:02 3414736                    /lib/x86_64-linux-gnu/libnss_files-2.24.so
7fd594d82000-7fd594d88000 rw-p 00000000 00:00 0 
7fd594d88000-7fd594d93000 r-xp 00000000 08:02 3414738                    /lib/x86_64-linux-gnu/libnss_nis-2.24.so
7fd594d93000-7fd594f92000 ---p 0000b000 08:02 3414738                    /lib/x86_64-linux-gnu/libnss_nis-2.24.so
7fd594f92000-7fd594f93000 r--p 0000a000 08:02 3414738                    /lib/x86_64-linux-gnu/libnss_nis-2.24.so
7fd594f93000-7fd594f94000 rw-p 0000b000 08:02 3414738                    /lib/x86_64-linux-gnu/libnss_nis-2.24.so
7fd594f94000-7fd594fa8000 r-xp 00000000 08:02 3414733                    /lib/x86_64-linux-gnu/libnsl-2.24.so
7fd594fa8000-7fd5951a8000 ---p 00014000 08:02 3414733                    /lib/x86_64-linux-gnu/libnsl-2.24.so
7fd5951a8000-7fd5951a9000 r--p 00014000 08:02 3414733                    /lib/x86_64-linux-gnu/libnsl-2.24.so
7fd5951a9000-7fd5951aa000 rw-p 00015000 08:02 3414733                    /lib/x86_64-linux-gnu/libnsl-2.24.so
7fd5951aa000-7fd5951ac000 rw-p 00000000 00:00 0 
7fd5951ac000-7fd5951b3000 r-xp 00000000 08:02 3414734                    /lib/x86_64-linux-gnu/libnss_compat-2.24.so
7fd5951b3000-7fd5953b2000 ---p 00007000 08:02 3414734                    /lib/x86_64-linux-gnu/libnss_compat-2.24.so
7fd5953b2000-7fd5953b3000 r--p 00006000 08:02 3414734                    /lib/x86_64-linux-gnu/libnss_compat-2.24.so
7fd5953b3000-7fd5953b4000 rw-p 00007000 08:02 3414734                    /lib/x86_64-linux-gnu/libnss_compat-2.24.so
7fd5953b4000-7fd5953e1000 r-xp 00000000 08:02 1188958                    /usr/lib/jvm/java-8-openjdk-amd64/jre/lib/amd64/libjava.so
7fd5953e1000-7fd5955e0000 ---p 0002d000 08:02 1188958                    /usr/lib/jvm/java-8-openjdk-amd64/jre/lib/amd64/libjava.so
7fd5955e0000-7fd5955e1000 r--p 0002c000 08:02 1188958                    /usr/lib/jvm/java-8-openjdk-amd64/jre/lib/amd64/libjava.so
7fd5955e1000-7fd5955e3000 rw-p 0002d000 08:02 1188958                    /usr/lib/jvm/java-8-openjdk-amd64/jre/lib/amd64/libjava.so
7fd5955e3000-7fd5955f2000 r-xp 00000000 08:02 1188976                    /usr/lib/jvm/java-8-openjdk-amd64/jre/lib/amd64/libverify.so
7fd5955f2000-7fd5957f1000 ---p 0000f000 08:02 1188976                    /usr/lib/jvm/java-8-openjdk-amd64/jre/lib/amd64/libverify.so
7fd5957f1000-7fd5957f3000 r--p 0000e000 08:02 1188976                    /usr/lib/jvm/java-8-openjdk-amd64/jre/lib/amd64/libverify.so
7fd5957f3000-7fd5957f4000 rw-p 00010000 08:02 1188976                    /usr/lib/jvm/java-8-openjdk-amd64/jre/lib/amd64/libverify.so
7fd5957f4000-7fd5957fb000 r-xp 00000000 08:02 3414743                    /lib/x86_64-linux-gnu/librt-2.24.so
7fd5957fb000-7fd5959fa000 ---p 00007000 08:02 3414743                    /lib/x86_64-linux-gnu/librt-2.24.so
7fd5959fa000-7fd5959fb000 r--p 00006000 08:02 3414743                    /lib/x86_64-linux-gnu/librt-2.24.so
7fd5959fb000-7fd5959fc000 rw-p 00007000 08:02 3414743                    /lib/x86_64-linux-gnu/librt-2.24.so
7fd5959fc000-7fd595a12000 r-xp 00000000 08:02 3408375                    /lib/x86_64-linux-gnu/libgcc_s.so.1
7fd595a12000-7fd595c11000 ---p 00016000 08:02 3408375                    /lib/x86_64-linux-gnu/libgcc_s.so.1
7fd595c11000-7fd595c12000 r--p 00015000 08:02 3408375                    /lib/x86_64-linux-gnu/libgcc_s.so.1
7fd595c12000-7fd595c13000 rw-p 00016000 08:02 3408375                    /lib/x86_64-linux-gnu/libgcc_s.so.1
7fd595c13000-7fd595d16000 r-xp 00000000 08:02 3414730                    /lib/x86_64-linux-gnu/libm-2.24.so
7fd595d16000-7fd595f15000 ---p 00103000 08:02 3414730                    /lib/x86_64-linux-gnu/libm-2.24.so
7fd595f15000-7fd595f16000 r--p 00102000 08:02 3414730                    /lib/x86_64-linux-gnu/libm-2.24.so
7fd595f16000-7fd595f17000 rw-p 00103000 08:02 3414730                    /lib/x86_64-linux-gnu/libm-2.24.so
7fd595f17000-7fd596089000 r-xp 00000000 08:02 524999                     /usr/lib/x86_64-linux-gnu/libstdc++.so.6.0.22
7fd596089000-7fd596289000 ---p 00172000 08:02 524999                     /usr/lib/x86_64-linux-gnu/libstdc++.so.6.0.22
7fd596289000-7fd596293000 r--p 00172000 08:02 524999                     /usr/lib/x86_64-linux-gnu/libstdc++.so.6.0.22
7fd596293000-7fd596295000 rw-p 0017c000 08:02 524999                     /usr/lib/x86_64-linux-gnu/libstdc++.so.6.0.22
7fd596295000-7fd596299000 rw-p 00000000 00:00 0 
7fd596299000-7fd596eee000 r-xp 00000000 08:02 1188979                    /usr/lib/jvm/java-8-openjdk-amd64/jre/lib/amd64/server/libjvm.so
7fd596eee000-7fd5970ee000 ---p 00c55000 08:02 1188979                    /usr/lib/jvm/java-8-openjdk-amd64/jre/lib/amd64/server/libjvm.so
7fd5970ee000-7fd597181000 r--p 00c55000 08:02 1188979                    /usr/lib/jvm/java-8-openjdk-amd64/jre/lib/amd64/server/libjvm.so
7fd597181000-7fd5971aa000 rw-p 00ce8000 08:02 1188979                    /usr/lib/jvm/java-8-openjdk-amd64/jre/lib/amd64/server/libjvm.so
7fd5971aa000-7fd5971da000 rw-p 00000000 00:00 0 
7fd5971da000-7fd59736f000 r-xp 00000000 08:02 3414726                    /lib/x86_64-linux-gnu/libc-2.24.so
7fd59736f000-7fd59756e000 ---p 00195000 08:02 3414726                    /lib/x86_64-linux-gnu/libc-2.24.so
7fd59756e000-7fd597572000 r--p 00194000 08:02 3414726                    /lib/x86_64-linux-gnu/libc-2.24.so
7fd597572000-7fd597574000 rw-p 00198000 08:02 3414726                    /lib/x86_64-linux-gnu/libc-2.24.so
7fd597574000-7fd597578000 rw-p 00000000 00:00 0 
7fd597578000-7fd59757a000 r-xp 00000000 08:02 3414729                    /lib/x86_64-linux-gnu/libdl-2.24.so
7fd59757a000-7fd59777a000 ---p 00002000 08:02 3414729                    /lib/x86_64-linux-gnu/libdl-2.24.so
7fd59777a000-7fd59777b000 r--p 00002000 08:02 3414729                    /lib/x86_64-linux-gnu/libdl-2.24.so
7fd59777b000-7fd59777c000 rw-p 00003000 08:02 3414729                    /lib/x86_64-linux-gnu/libdl-2.24.so
7fd59777c000-7fd597789000 r-xp 00000000 08:02 1188942                    /usr/lib/jvm/java-8-openjdk-amd64/jre/lib/amd64/jli/libjli.so
7fd597789000-7fd597989000 ---p 0000d000 08:02 1188942                    /usr/lib/jvm/java-8-openjdk-amd64/jre/lib/amd64/jli/libjli.so
7fd597989000-7fd59798a000 r--p 0000d000 08:02 1188942                    /usr/lib/jvm/java-8-openjdk-amd64/jre/lib/amd64/jli/libjli.so
7fd59798a000-7fd59798b000 rw-p 0000e000 08:02 1188942                    /usr/lib/jvm/java-8-openjdk-amd64/jre/lib/amd64/jli/libjli.so
7fd59798b000-7fd5979a4000 r-xp 00000000 08:02 3408105                    /lib/x86_64-linux-gnu/libz.so.1.2.8
7fd5979a4000-7fd597ba3000 ---p 00019000 08:02 3408105                    /lib/x86_64-linux-gnu/libz.so.1.2.8
7fd597ba3000-7fd597ba4000 r--p 00018000 08:02 3408105                    /lib/x86_64-linux-gnu/libz.so.1.2.8
7fd597ba4000-7fd597ba5000 rw-p 00019000 08:02 3408105                    /lib/x86_64-linux-gnu/libz.so.1.2.8
7fd597ba5000-7fd597bbd000 r-xp 00000000 08:02 3414741                    /lib/x86_64-linux-gnu/libpthread-2.24.so
7fd597bbd000-7fd597dbc000 ---p 00018000 08:02 3414741                    /lib/x86_64-linux-gnu/libpthread-2.24.so
7fd597dbc000-7fd597dbd000 r--p 00017000 08:02 3414741                    /lib/x86_64-linux-gnu/libpthread-2.24.so
7fd597dbd000-7fd597dbe000 rw-p 00018000 08:02 3414741                    /lib/x86_64-linux-gnu/libpthread-2.24.so
7fd597dbe000-7fd597dc2000 rw-p 00000000 00:00 0 
7fd597dc2000-7fd597de5000 r-xp 00000000 08:02 3414713                    /lib/x86_64-linux-gnu/ld-2.24.so
7fd597de7000-7fd597dec000 r--s 00055000 08:02 3287464                    /home/johan/Documents/JavaOpenCV/opencv-3.2.0/build/bin/opencv-320.jar
7fd597dec000-7fd597eb7000 rw-p 00000000 00:00 0 
7fd597eb7000-7fd597eb8000 ---p 00000000 00:00 0 
7fd597eb8000-7fd597fb8000 rwxp 00000000 00:00 0 
7fd597fb8000-7fd597fba000 rw-p 00000000 00:00 0 
7fd597fba000-7fd597fc4000 r--s 00116000 08:02 1188992                    /usr/lib/jvm/java-8-openjdk-amd64/jre/lib/ext/localedata.jar
7fd597fc4000-7fd597fc7000 r--s 0000f000 08:02 1188990                    /usr/lib/jvm/java-8-openjdk-amd64/jre/lib/ext/icedtea-sound.jar
7fd597fc7000-7fd597fc8000 r--s 0000a000 08:02 1188991                    /usr/lib/jvm/java-8-openjdk-amd64/jre/lib/ext/jaccess.jar
7fd597fc8000-7fd597fca000 r--s 00008000 08:02 1188994                    /usr/lib/jvm/java-8-openjdk-amd64/jre/lib/ext/sunec.jar
7fd597fca000-7fd597fcc000 r--s 00001000 08:02 1188989                    /usr/lib/jvm/java-8-openjdk-amd64/jre/lib/ext/dnsns.jar
7fd597fcc000-7fd597fd1000 r--s 0003b000 08:02 1188995                    /usr/lib/jvm/java-8-openjdk-amd64/jre/lib/ext/sunjce_provider.jar
7fd597fd1000-7fd597fd3000 r--s 00007000 08:02 1050515                    /usr/share/java/java-atk-wrapper.jar
7fd597fd3000-7fd597fd7000 r--s 00037000 08:02 1188996                    /usr/lib/jvm/java-8-openjdk-amd64/jre/lib/ext/sunpkcs11.jar
7fd597fd7000-7fd597fd8000 r--s 00010000 08:02 1188997                    /usr/lib/jvm/java-8-openjdk-amd64/jre/lib/ext/zipfs.jar
7fd597fd8000-7fd597fe0000 rw-s 00000000 08:02 12976437                   /tmp/hsperfdata_johan/5560
7fd597fe0000-7fd597fe1000 rw-p 00000000 00:00 0 
7fd597fe1000-7fd597fe2000 r--p 00000000 00:00 0 
7fd597fe2000-7fd597fe5000 rw-p 00000000 00:00 0 
7fd597fe5000-7fd597fe6000 r--p 00023000 08:02 3414713                    /lib/x86_64-linux-gnu/ld-2.24.so
7fd597fe6000-7fd597fe7000 rw-p 00024000 08:02 3414713                    /lib/x86_64-linux-gnu/ld-2.24.so
7fd597fe7000-7fd597fe8000 rw-p 00000000 00:00 0 
7ffd25ef8000-7ffd25f18000 rwxp 00000000 00:00 0                          [stack]
7ffd25f18000-7ffd25f19000 rw-p 00000000 00:00 0 
7ffd25f2a000-7ffd25f2c000 r--p 00000000 00:00 0                          [vvar]
7ffd25f2c000-7ffd25f2e000 r-xp 00000000 00:00 0                          [vdso]
ffffffffff600000-ffffffffff601000 r-xp 00000000 00:00 0                  [vsyscall]

VM Arguments:
jvm_args: -ea -Djava.library.path=/home/johan/Documents/JavaOpenCV/opencv-3.2.0/build/lib -Dfile.encoding=UTF-8 
java_command: handtrack.Video
java_class_path (initial): /home/johan/workspaceHCI/HandRecognition/bin:/home/johan/Documents/JavaOpenCV/opencv-3.2.0/build/bin/opencv-320.jar
Launcher Type: SUN_STANDARD

Environment Variables:
JAVA_HOME=/usr/local/java/jdk1.8.0_121
PATH=/home/johan/bin:/home/johan/.local/bin:/usr/local/java/jdk1.8.0_121/bin:/usr/local/bin:/usr/bin:/bin:/usr/local/games:/usr/games
USERNAME=johan
SHELL=/bin/bash
DISPLAY=:0

Signal Handlers:
SIGSEGV: [libjvm.so+0xa6c7e0], sa_mask[0]=11111111011111111101111111111110, sa_flags=SA_RESTART|SA_SIGINFO
SIGBUS: [libjvm.so+0xa6c7e0], sa_mask[0]=11111111011111111101111111111110, sa_flags=SA_RESTART|SA_SIGINFO
SIGFPE: [libjvm.so+0x8b64a0], sa_mask[0]=11111111011111111101111111111110, sa_flags=SA_RESTART|SA_SIGINFO
SIGPIPE: [libjvm.so+0x8b64a0], sa_mask[0]=11111111011111111101111111111110, sa_flags=SA_RESTART|SA_SIGINFO
SIGXFSZ: [libjvm.so+0x8b64a0], sa_mask[0]=11111111011111111101111111111110, sa_flags=SA_RESTART|SA_SIGINFO
SIGILL: [libjvm.so+0x8b64a0], sa_mask[0]=11111111011111111101111111111110, sa_flags=SA_RESTART|SA_SIGINFO
SIGUSR1: SIG_DFL, sa_mask[0]=00000000000000000000000000000000, sa_flags=none
SIGUSR2: [libjvm.so+0x8b6350], sa_mask[0]=00100000000000000000000000000000, sa_flags=SA_RESTART|SA_SIGINFO
SIGHUP: [libjvm.so+0x8b6800], sa_mask[0]=11111111011111111101111111111110, sa_flags=SA_RESTART|SA_SIGINFO
SIGINT: [libjvm.so+0x8b6800], sa_mask[0]=11111111011111111101111111111110, sa_flags=SA_RESTART|SA_SIGINFO
SIGTERM: [libjvm.so+0x8b6800], sa_mask[0]=11111111011111111101111111111110, sa_flags=SA_RESTART|SA_SIGINFO
SIGQUIT: [libjvm.so+0x8b6800], sa_mask[0]=11111111011111111101111111111110, sa_flags=SA_RESTART|SA_SIGINFO


---------------  S Y S T E M  ---------------

OS:PRETTY_NAME="Debian GNU/Linux 9 (stretch)"
NAME="Debian GNU/Linux"
VERSION_ID="9"
VERSION="9 (stretch)"
ID=debian
HOME_URL="https://www.debian.org/"
SUPPORT_URL="https://www.debian.org/support"
BUG_REPORT_URL="https://bugs.debian.org/"

uname:Linux 4.9.0-1-amd64 #1 SMP Debian 4.9.6-3 (2017-01-28) x86_64
libc:glibc 2.24 NPTL 2.24 
rlimit: STACK 8192k, CORE 0k, NPROC 31068, NOFILE 4096, AS infinity
load average:1.54 1.82 1.96

/proc/meminfo:
MemTotal:        8055452 kB
MemFree:         2601036 kB
MemAvailable:    4184448 kB
Buffers:          207148 kB
Cached:          1874624 kB
SwapCached:            0 kB
Active:          3443852 kB
Inactive:        1572144 kB
Active(anon):    2599928 kB
Inactive(anon):   796212 kB
Active(file):     843924 kB
Inactive(file):   775932 kB
Unevictable:         208 kB
Mlocked:             208 kB
SwapTotal:       8264700 kB
SwapFree:        8264700 kB
Dirty:               300 kB
Writeback:             0 kB
AnonPages:       2934420 kB
Mapped:           409828 kB
Shmem:            461920 kB
Slab:             321100 kB
SReclaimable:     268288 kB
SUnreclaim:        52812 kB
KernelStack:       10592 kB
PageTables:        39120 kB
NFS_Unstable:          0 kB
Bounce:                0 kB
WritebackTmp:          0 kB
CommitLimit:    12292424 kB
Committed_AS:    7110448 kB
VmallocTotal:   34359738367 kB
VmallocUsed:           0 kB
VmallocChunk:          0 kB
HardwareCorrupted:     0 kB
AnonHugePages:         0 kB
ShmemHugePages:        0 kB
ShmemPmdMapped:        0 kB
HugePages_Total:       0
HugePages_Free:        0
HugePages_Rsvd:        0
HugePages_Surp:        0
Hugepagesize:       2048 kB
DirectMap4k:      155304 kB
DirectMap2M:     4964352 kB
DirectMap1G:     3145728 kB


CPU:total 4 (2 cores per cpu, 2 threads per core) family 6 model 61 stepping 4, cmov, cx8, fxsr, mmx, sse, sse2, sse3, ssse3, sse4.1, sse4.2, popcnt, avx, avx2, aes, clmul, erms, rtm, 3dnowpref, lzcnt, ht, tsc, tscinvbit, bmi1, bmi2, adx

/proc/cpuinfo:
processor	: 0
vendor_id	: GenuineIntel
cpu family	: 6
model		: 61
model name	: Intel(R) Core(TM) i5-5300U CPU @ 2.30GHz
stepping	: 4
microcode	: 0x23
cpu MHz		: 2699.945
cache size	: 3072 KB
physical id	: 0
siblings	: 4
core id		: 0
cpu cores	: 2
apicid		: 0
initial apicid	: 0
fpu		: yes
fpu_exception	: yes
cpuid level	: 20
wp		: yes
flags		: fpu vme de pse tsc msr pae mce cx8 apic sep mtrr pge mca cmov pat pse36 clflush dts acpi mmx fxsr sse sse2 ss ht tm pbe syscall nx pdpe1gb rdtscp lm constant_tsc arch_perfmon pebs bts rep_good nopl xtopology nonstop_tsc aperfmperf eagerfpu pni pclmulqdq dtes64 monitor ds_cpl vmx smx est tm2 ssse3 sdbg fma cx16 xtpr pdcm pcid sse4_1 sse4_2 x2apic movbe popcnt tsc_deadline_timer aes xsave avx f16c rdrand lahf_lm abm 3dnowprefetch epb intel_pt tpr_shadow vnmi flexpriority ept vpid fsgsbase tsc_adjust bmi1 hle avx2 smep bmi2 erms invpcid rtm rdseed adx smap xsaveopt dtherm ida arat pln pts
bugs		:
bogomips	: 4589.34
clflush size	: 64
cache_alignment	: 64
address sizes	: 39 bits physical, 48 bits virtual
power management:

processor	: 1
vendor_id	: GenuineIntel
cpu family	: 6
model		: 61
model name	: Intel(R) Core(TM) i5-5300U CPU @ 2.30GHz
stepping	: 4
microcode	: 0x23
cpu MHz		: 2699.945
cache size	: 3072 KB
physical id	: 0
siblings	: 4
core id		: 0
cpu cores	: 2
apicid		: 1
initial apicid	: 1
fpu		: yes
fpu_exception	: yes
cpuid level	: 20
wp		: yes
flags		: fpu vme de pse tsc msr pae mce cx8 apic sep mtrr pge mca cmov pat pse36 clflush dts acpi mmx fxsr sse sse2 ss ht tm pbe syscall nx pdpe1gb rdtscp lm constant_tsc arch_perfmon pebs bts rep_good nopl xtopology nonstop_tsc aperfmperf eagerfpu pni pclmulqdq dtes64 monitor ds_cpl vmx smx est tm2 ssse3 sdbg fma cx16 xtpr pdcm pcid sse4_1 sse4_2 x2apic movbe popcnt tsc_deadline_timer aes xsave avx f16c rdrand lahf_lm abm 3dnowprefetch epb intel_pt tpr_shadow vnmi flexpriority ept vpid fsgsbase tsc_adjust bmi1 hle avx2 smep bmi2 erms invpcid rtm rdseed adx smap xsaveopt dtherm ida arat pln pts
bugs		:
bogomips	: 4590.81
clflush size	: 64
cache_alignment	: 64
address sizes	: 39 bits physical, 48 bits virtual
power management:

processor	: 2
vendor_id	: GenuineIntel
cpu family	: 6
model		: 61
model name	: Intel(R) Core(TM) i5-5300U CPU @ 2.30GHz
stepping	: 4
microcode	: 0x23
cpu MHz		: 2699.945
cache size	: 3072 KB
physical id	: 0
siblings	: 4
core id		: 1
cpu cores	: 2
apicid		: 2
initial apicid	: 2
fpu		: yes
fpu_exception	: yes
cpuid level	: 20
wp		: yes
flags		: fpu vme de pse tsc msr pae mce cx8 apic sep mtrr pge mca cmov pat pse36 clflush dts acpi mmx fxsr sse sse2 ss ht tm pbe syscall nx pdpe1gb rdtscp lm constant_tsc arch_perfmon pebs bts rep_good nopl xtopology nonstop_tsc aperfmperf eagerfpu pni pclmulqdq dtes64 monitor ds_cpl vmx smx est tm2 ssse3 sdbg fma cx16 xtpr pdcm pcid sse4_1 sse4_2 x2apic movbe popcnt tsc_deadline_timer aes xsave avx f16c rdrand lahf_lm abm 3dnowprefetch epb intel_pt tpr_shadow vnmi flexpriority ept vpid fsgsbase tsc_adjust bmi1 hle avx2 smep bmi2 erms invpcid rtm rdseed adx smap xsaveopt dtherm ida arat pln pts
bugs		:
bogomips	: 4590.40
clflush size	: 64
cache_alignment	: 64
address sizes	: 39 bits physical, 48 bits virtual
power management:

processor	: 3
vendor_id	: GenuineIntel
cpu family	: 6
model		: 61
model name	: Intel(R) Core(TM) i5-5300U CPU @ 2.30GHz
stepping	: 4
microcode	: 0x23
cpu MHz		: 2699.945
cache size	: 3072 KB
physical id	: 0
siblings	: 4
core id		: 1
cpu cores	: 2
apicid		: 3
initial apicid	: 3
fpu		: yes
fpu_exception	: yes
cpuid level	: 20
wp		: yes
flags		: fpu vme de pse tsc msr pae mce cx8 apic sep mtrr pge mca cmov pat pse36 clflush dts acpi mmx fxsr sse sse2 ss ht tm pbe syscall nx pdpe1gb rdtscp lm constant_tsc arch_perfmon pebs bts rep_good nopl xtopology nonstop_tsc aperfmperf eagerfpu pni pclmulqdq dtes64 monitor ds_cpl vmx smx est tm2 ssse3 sdbg fma cx16 xtpr pdcm pcid sse4_1 sse4_2 x2apic movbe popcnt tsc_deadline_timer aes xsave avx f16c rdrand lahf_lm abm 3dnowprefetch epb intel_pt tpr_shadow vnmi flexpriority ept vpid fsgsbase tsc_adjust bmi1 hle avx2 smep bmi2 erms invpcid rtm rdseed adx smap xsaveopt dtherm ida arat pln pts
bugs		:
bogomips	: 4590.43
clflush size	: 64
cache_alignment	: 64
address sizes	: 39 bits physical, 48 bits virtual
power management:



Memory: 4k page, physical 8055452k(2601036k free), swap 8264700k(8264700k free)

vm_info: OpenJDK 64-Bit Server VM (25.121-b13) for linux-amd64 JRE (1.8.0_121-8u121-b13-3-b13), built on Feb  8 2017 06:24:13 by "buildd" with gcc 6.3.0 20170124

time: Wed Feb 22 17:26:11 2017
elapsed time: 0 seconds (0d 0h 0m 0s)

