#
# A fatal error has been detected by the Java Runtime Environment:
#
#  SIGSEGV (0xb) at pc=0x00007f0f3d9ab940, pid=19196, tid=0x00007f0f6d239700
#
# JRE version: OpenJDK Runtime Environment (8.0_121-b13) (build 1.8.0_121-8u121-b13-3-b13)
# Java VM: OpenJDK 64-Bit Server VM (25.121-b13 mixed mode linux-amd64 compressed oops)
# Problematic frame:
# C  [libopencv_photo.so.3.2+0xcd940]
#
# Failed to write core dump. Core dumps have been disabled. To enable core dumping, try "ulimit -c unlimited" before starting Java again
#
# If you would like to submit a bug report, please visit:
#   http://bugreport.java.com/bugreport/crash.jsp
# The crash happened outside the Java Virtual Machine in native code.
# See problematic frame for where to report the bug.
#

---------------  T H R E A D  ---------------

Current thread (0x00007f0f6400a000):  JavaThread "main" [_thread_in_native, id=19204, stack(0x00007f0f6d139000,0x00007f0f6d23a000)]

siginfo: si_signo: 11 (SIGSEGV), si_code: 1 (SEGV_MAPERR), si_addr: 0x00007f0f0c40a020

Registers:
RAX=0x00000000002a2fc0, RBX=0x0000000000000000, RCX=0x0000000000000f00, RDX=0x00007f0ef43e3020
RSP=0x00007f0f6d238498, RBP=0x0000000000000020, RSI=0x0000000000000f00, RDI=0x00007f0f0c40a020
R8 =0x00000000002a3000, R9 =0x0000000000000001, R10=0x00007f0f0c40a020, R11=0x00007f0ef43e3020
R12=0x00007f0f6d238530, R13=0x00007f0ef43e3020, R14=0x00007f0f6d238790, R15=0x00007f0f19654028
RIP=0x00007f0f3d9ab940, EFLAGS=0x0000000000010206, CSGSFS=0x002b000000000033, ERR=0x0000000000000004
  TRAPNO=0x000000000000000e

Top of Stack: (sp=0x00007f0f6d238498)
0x00007f0f6d238498:   00007f0f6d238760 00007f0f0c40a020
0x00007f0f6d2384a8:   00007f0f3d9ab08d 0000000000000f00
0x00007f0f6d2384b8:   00007f0f19654f66 42ff40106d238488
0x00007f0f6d2384c8:   00007f0f6d238790 0000000000000f00
0x00007f0f6d2384d8:   0000000000000003 0000000242ff4000
0x00007f0f6d2384e8:   0000000000000000 0000000000000000
0x00007f0f6d2384f8:   0000000000000000 0000000000000000
0x00007f0f6d238508:   0000000000000000 0000000000000000
0x00007f0f6d238518:   0000000000000000 00007f0f6d2384e8
0x00007f0f6d238528:   00007f0f6d238530 0000000242ff4010
0x00007f0f6d238538:   00000500000002d0 00007f0ef43e3020
0x00007f0f6d238548:   00007f0ef43e3020 00007f0ef4686020
0x00007f0f6d238558:   00007f0ef4686020 0000000000000000
0x00007f0f6d238568:   00007f0f64575030 00007f0f6d238538
0x00007f0f6d238578:   00007f0f6d238580 0000000000000f00
0x00007f0f6d238588:   0000000000000003 0000000000000f00
0x00007f0f6d238598:   0000000000000003 00007f0f685f1b18
0x00007f0f6d2385a8:   00007f0f6439f280 00007f0f6d2388a8
0x00007f0f6d2385b8:   0000000000000000 00007f0f685f1c48
0x00007f0f6d2385c8:   00007f0f6d2388e0 00007f0f6439f250
0x00007f0f6d2385d8:   00007f0f3c3b33e5 00000000e5e4e520
0x00007f0f6d2385e8:   0000000085903e98 00007f0f6d2385f0
0x00007f0f6d2385f8:   00007f0f6885967f 00007f0f6d238650
0x00007f0f6d238608:   00007f0f6885a030 0000000000000000
0x00007f0f6d238618:   00007f0f688596b0 0000000000000000
0x00007f0f6d238628:   00007f0f6c53d29f 0000000000000000
0x00007f0f6d238638:   00007f0f3c3b0862 0000000000000009
0x00007f0f6d238648:   00000000000f423b 0000000100000002
0x00007f0f6d238658:   0001200300000000 0000000000000001
0x00007f0f6d238668:   0000000000000000 0000000000000000
0x00007f0f6d238678:   0000000000000000 0000000000000000
0x00007f0f6d238688:   0000000100000000 0000000000384000 

Instructions: (pc=0x00007f0f3d9ab940)
0x00007f0f3d9ab920:   0f 8d 2a 01 00 00 83 fb 00 7d 0c 81 fb 60 ff ff
0x00007f0f3d9ab930:   ff 0f 8d 19 01 00 00 48 83 e8 40 90 90 90 90 90
0x00007f0f3d9ab940:   66 41 0f 6f 02 66 41 0f 7f 03 66 41 0f 6f 42 10
0x00007f0f3d9ab950:   66 41 0f 7f 43 10 66 41 0f 6f 42 20 66 41 0f 7f 

Register to memory mapping:

RAX=0x00000000002a2fc0 is an unknown value
RBX=0x0000000000000000 is an unknown value
RCX=0x0000000000000f00 is an unknown value
RDX=0x00007f0ef43e3020 is an unknown value
RSP=0x00007f0f6d238498 is pointing into the stack for thread: 0x00007f0f6400a000
RBP=0x0000000000000020 is an unknown value
RSI=0x0000000000000f00 is an unknown value
RDI=0x00007f0f0c40a020 is an unknown value
R8 =0x00000000002a3000 is an unknown value
R9 =0x0000000000000001 is an unknown value
R10=0x00007f0f0c40a020 is an unknown value
R11=0x00007f0ef43e3020 is an unknown value
R12=0x00007f0f6d238530 is pointing into the stack for thread: 0x00007f0f6400a000
R13=0x00007f0ef43e3020 is an unknown value
R14=0x00007f0f6d238790 is pointing into the stack for thread: 0x00007f0f6400a000
R15=0x00007f0f19654028: _ZNK2cv3Mat6copyToERKNS_12_OutputArrayE+0x138 in /home/johan/Documents/JavaOpenCV/opencv-3.2.0/build/lib/libopencv_core.so.3.2 at 0x00007f0f19532000


Stack: [0x00007f0f6d139000,0x00007f0f6d23a000],  sp=0x00007f0f6d238498,  free space=1021k
Native frames: (J=compiled Java code, j=interpreted, Vv=VM code, C=native code)
C  [libopencv_photo.so.3.2+0xcd940]

Java frames: (J=compiled Java code, j=interpreted, Vv=VM code)
j  org.opencv.videoio.VideoCapture.retrieve_1(JJ)Z+0
j  org.opencv.videoio.VideoCapture.retrieve(Lorg/opencv/core/Mat;)Z+8
j  handtrack.Video.main([Ljava/lang/String;)V+220
v  ~StubRoutines::call_stub

---------------  P R O C E S S  ---------------

Java Threads: ( => current thread )
  0x00007f0ef8002800 JavaThread "Thread-0" daemon [_thread_in_native, id=19222, stack(0x00007f0f0cdb6000,0x00007f0f0d5b7000)]
  0x00007f0f64578000 JavaThread "AWT-EventQueue-1" [_thread_in_vm, id=19224, stack(0x00007f0f0c208000,0x00007f0f0c309000)]
  0x00007f0f64576800 JavaThread "AWT-Shutdown" [_thread_blocked, id=19223, stack(0x00007f0f0c309000,0x00007f0f0c40a000)]
  0x00007f0f64359800 JavaThread "process reaper" daemon [_thread_blocked, id=19221, stack(0x00007f0f54040000,0x00007f0f54079000)]
  0x00007f0f6434f000 JavaThread "AWT-XAWT" daemon [_thread_in_native, id=19219, stack(0x00007f0f0f828000,0x00007f0f0f929000)]
  0x00007f0f64332000 JavaThread "Java2D Disposer" daemon [_thread_blocked, id=19218, stack(0x00007f0f180e9000,0x00007f0f181ea000)]
  0x00007f0f640c1800 JavaThread "Service Thread" daemon [_thread_blocked, id=19216, stack(0x00007f0f3f75e000,0x00007f0f3f85f000)]
  0x00007f0f640b2000 JavaThread "C1 CompilerThread2" daemon [_thread_blocked, id=19215, stack(0x00007f0f3f85f000,0x00007f0f3f960000)]
  0x00007f0f640b0000 JavaThread "C2 CompilerThread1" daemon [_thread_blocked, id=19214, stack(0x00007f0f3f960000,0x00007f0f3fa61000)]
  0x00007f0f640ad000 JavaThread "C2 CompilerThread0" daemon [_thread_blocked, id=19213, stack(0x00007f0f3fa61000,0x00007f0f3fb62000)]
  0x00007f0f640ab000 JavaThread "Signal Dispatcher" daemon [_thread_blocked, id=19212, stack(0x00007f0f3fb62000,0x00007f0f3fc63000)]
  0x00007f0f64083800 JavaThread "Finalizer" daemon [_thread_blocked, id=19211, stack(0x00007f0f3fdfe000,0x00007f0f3feff000)]
  0x00007f0f6407f000 JavaThread "Reference Handler" daemon [_thread_blocked, id=19210, stack(0x00007f0f3feff000,0x00007f0f40000000)]
=>0x00007f0f6400a000 JavaThread "main" [_thread_in_native, id=19204, stack(0x00007f0f6d139000,0x00007f0f6d23a000)]

Other Threads:
  0x00007f0f64077800 VMThread [stack: 0x00007f0f4c07e000,0x00007f0f4c17f000] [id=19209]
  0x00007f0f640c4000 WatcherThread [stack: 0x00007f0f3f65d000,0x00007f0f3f75e000] [id=19217]

VM state:not at safepoint (normal execution)

VM Mutex/Monitor currently owned by a thread:  ([mutex/lock_event])
[0x00007f0f64006280] Threads_lock - owner thread: 0x00007f0f64578000

Heap:
 PSYoungGen      total 256512K, used 251412K [0x00000000d7000000, 0x00000000e7000000, 0x0000000100000000)
  eden space 250880K, 98% used [0x00000000d7000000,0x00000000e61f8b78,0x00000000e6500000)
  from space 5632K, 64% used [0x00000000e6a80000,0x00000000e6e0c850,0x00000000e7000000)
  to   space 5632K, 0% used [0x00000000e6500000,0x00000000e6500000,0x00000000e6a80000)
 ParOldGen       total 84992K, used 20701K [0x0000000085000000, 0x000000008a300000, 0x00000000d7000000)
  object space 84992K, 24% used [0x0000000085000000,0x0000000086437748,0x000000008a300000)
 Metaspace       used 11800K, capacity 12034K, committed 12160K, reserved 1060864K
  class space    used 1291K, capacity 1364K, committed 1408K, reserved 1048576K

Card table byte_map: [0x00007f0f69456000,0x00007f0f6982f000] byte_map_base: 0x00007f0f6902e000

Marking Bits: (ParMarkBitMap*) 0x00007f0f6c43f220
 Begin Bits: [0x00007f0f4c280000, 0x00007f0f4e140000)
 End Bits:   [0x00007f0f4e140000, 0x00007f0f50000000)

Polling page: 0x00007f0f6d263000

CodeCache: size=245760Kb used=3125Kb max_used=3125Kb free=242634Kb
 bounds [0x00007f0f55000000, 0x00007f0f55310000, 0x00007f0f64000000]
 total_blobs=1633 nmethods=917 adapters=631
 compilation: enabled

Compilation events (10 events):
Event: 6.614 Thread 0x00007f0f640b2000  912       3       java.util.HashMap$Values::iterator (12 bytes)
Event: 6.615 Thread 0x00007f0f640b2000 nmethod 912 0x00007f0f5530cd90 code [0x00007f0f5530cf00, 0x00007f0f5530d168]
Event: 6.637 Thread 0x00007f0f640b2000  913       3       java.util.concurrent.locks.LockSupport::park (23 bytes)
Event: 6.638 Thread 0x00007f0f640b2000 nmethod 913 0x00007f0f5530d250 code [0x00007f0f5530d3e0, 0x00007f0f5530d708]
Event: 6.639 Thread 0x00007f0f640b2000  914       3       java.util.concurrent.locks.LockSupport::unpark (12 bytes)
Event: 6.639 Thread 0x00007f0f640b2000 nmethod 914 0x00007f0f5530db90 code [0x00007f0f5530dd00, 0x00007f0f5530df28]
Event: 6.693 Thread 0x00007f0f640b2000  916   !   3       java.util.concurrent.locks.AbstractQueuedSynchronizer::acquireQueued (93 bytes)
Event: 6.694 Thread 0x00007f0f640b2000 nmethod 916 0x00007f0f5530dfd0 code [0x00007f0f5530e200, 0x00007f0f5530ecf8]
Event: 6.748 Thread 0x00007f0f640b2000  917       3       sun.java2d.SunGraphics2D::getCompClip (19 bytes)
Event: 6.749 Thread 0x00007f0f640b2000 nmethod 917 0x00007f0f5530f390 code [0x00007f0f5530f500, 0x00007f0f5530f788]

GC Heap History (10 events):
Event: 1.202 GC heap before
{Heap before GC invocations=4 (full 0):
 PSYoungGen      total 36864K, used 33202K [0x00000000d7000000, 0x00000000db800000, 0x0000000100000000)
  eden space 31744K, 100% used [0x00000000d7000000,0x00000000d8f00000,0x00000000d8f00000)
  from space 5120K, 28% used [0x00000000d8f00000,0x00000000d906c840,0x00000000d9400000)
  to   space 5120K, 0% used [0x00000000db300000,0x00000000db300000,0x00000000db800000)
 ParOldGen       total 84992K, used 24K [0x0000000085000000, 0x000000008a300000, 0x00000000d7000000)
  object space 84992K, 0% used [0x0000000085000000,0x0000000085006000,0x000000008a300000)
 Metaspace       used 10357K, capacity 10620K, committed 10752K, reserved 1058816K
  class space    used 1152K, capacity 1235K, committed 1280K, reserved 1048576K
Event: 1.204 GC heap after
Heap after GC invocations=4 (full 0):
 PSYoungGen      total 68608K, used 1504K [0x00000000d7000000, 0x00000000db800000, 0x0000000100000000)
  eden space 63488K, 0% used [0x00000000d7000000,0x00000000d7000000,0x00000000dae00000)
  from space 5120K, 29% used [0x00000000db300000,0x00000000db478000,0x00000000db800000)
  to   space 5120K, 0% used [0x00000000dae00000,0x00000000dae00000,0x00000000db300000)
 ParOldGen       total 84992K, used 32K [0x0000000085000000, 0x000000008a300000, 0x00000000d7000000)
  object space 84992K, 0% used [0x0000000085000000,0x0000000085008000,0x000000008a300000)
 Metaspace       used 10357K, capacity 10620K, committed 10752K, reserved 1058816K
  class space    used 1152K, capacity 1235K, committed 1280K, reserved 1048576K
}
Event: 1.742 GC heap before
{Heap before GC invocations=5 (full 0):
 PSYoungGen      total 68608K, used 64992K [0x00000000d7000000, 0x00000000db800000, 0x0000000100000000)
  eden space 63488K, 100% used [0x00000000d7000000,0x00000000dae00000,0x00000000dae00000)
  from space 5120K, 29% used [0x00000000db300000,0x00000000db478000,0x00000000db800000)
  to   space 5120K, 0% used [0x00000000dae00000,0x00000000dae00000,0x00000000db300000)
 ParOldGen       total 84992K, used 32K [0x0000000085000000, 0x000000008a300000, 0x00000000d7000000)
  object space 84992K, 0% used [0x0000000085000000,0x0000000085008000,0x000000008a300000)
 Metaspace       used 11610K, capacity 11906K, committed 12160K, reserved 1060864K
  class space    used 1288K, capacity 1364K, committed 1408K, reserved 1048576K
Event: 1.748 GC heap after
Heap after GC invocations=5 (full 0):
 PSYoungGen      total 68608K, used 4882K [0x00000000d7000000, 0x00000000df400000, 0x0000000100000000)
  eden space 63488K, 0% used [0x00000000d7000000,0x00000000d7000000,0x00000000dae00000)
  from space 5120K, 95% used [0x00000000dae00000,0x00000000db2c4810,0x00000000db300000)
  to   space 4096K, 0% used [0x00000000df000000,0x00000000df000000,0x00000000df400000)
 ParOldGen       total 84992K, used 8140K [0x0000000085000000, 0x000000008a300000, 0x00000000d7000000)
  object space 84992K, 9% used [0x0000000085000000,0x00000000857f3030,0x000000008a300000)
 Metaspace       used 11610K, capacity 11906K, committed 12160K, reserved 1060864K
  class space    used 1288K, capacity 1364K, committed 1408K, reserved 1048576K
}
Event: 2.339 GC heap before
{Heap before GC invocations=6 (full 0):
 PSYoungGen      total 68608K, used 67450K [0x00000000d7000000, 0x00000000df400000, 0x0000000100000000)
  eden space 63488K, 98% used [0x00000000d7000000,0x00000000dad1a0c0,0x00000000dae00000)
  from space 5120K, 95% used [0x00000000dae00000,0x00000000db2c4810,0x00000000db300000)
  to   space 4096K, 0% used [0x00000000df000000,0x00000000df000000,0x00000000df400000)
 ParOldGen       total 84992K, used 8140K [0x0000000085000000, 0x000000008a300000, 0x00000000d7000000)
  object space 84992K, 9% used [0x0000000085000000,0x00000000857f3030,0x000000008a300000)
 Metaspace       used 11639K, capacity 11906K, committed 12160K, reserved 1060864K
  class space    used 1288K, capacity 1364K, committed 1408K, reserved 1048576K
Event: 2.343 GC heap after
Heap after GC invocations=6 (full 0):
 PSYoungGen      total 129536K, used 4081K [0x00000000d7000000, 0x00000000df700000, 0x0000000100000000)
  eden space 125440K, 0% used [0x00000000d7000000,0x00000000d7000000,0x00000000dea80000)
  from space 4096K, 99% used [0x00000000df000000,0x00000000df3fc438,0x00000000df400000)
  to   space 5632K, 0% used [0x00000000dea80000,0x00000000dea80000,0x00000000df000000)
 ParOldGen       total 84992K, used 8962K [0x0000000085000000, 0x000000008a300000, 0x00000000d7000000)
  object space 84992K, 10% used [0x0000000085000000,0x00000000858c09d0,0x000000008a300000)
 Metaspace       used 11639K, capacity 11906K, committed 12160K, reserved 1060864K
  class space    used 1288K, capacity 1364K, committed 1408K, reserved 1048576K
}
Event: 3.523 GC heap before
{Heap before GC invocations=7 (full 0):
 PSYoungGen      total 129536K, used 128220K [0x00000000d7000000, 0x00000000df700000, 0x0000000100000000)
  eden space 125440K, 98% used [0x00000000d7000000,0x00000000de93ac70,0x00000000dea80000)
  from space 4096K, 99% used [0x00000000df000000,0x00000000df3fc438,0x00000000df400000)
  to   space 5632K, 0% used [0x00000000dea80000,0x00000000dea80000,0x00000000df000000)
 ParOldGen       total 84992K, used 8962K [0x0000000085000000, 0x000000008a300000, 0x00000000d7000000)
  object space 84992K, 10% used [0x0000000085000000,0x00000000858c09d0,0x000000008a300000)
 Metaspace       used 11672K, capacity 11970K, committed 12160K, reserved 1060864K
  class space    used 1288K, capacity 1364K, committed 1408K, reserved 1048576K
Event: 3.536 GC heap after
Heap after GC invocations=7 (full 0):
 PSYoungGen      total 131072K, used 3633K [0x00000000d7000000, 0x00000000e7000000, 0x0000000100000000)
  eden space 125440K, 0% used [0x00000000d7000000,0x00000000d7000000,0x00000000dea80000)
  from space 5632K, 64% used [0x00000000dea80000,0x00000000dee0c450,0x00000000df000000)
  to   space 5632K, 0% used [0x00000000e6a80000,0x00000000e6a80000,0x00000000e7000000)
 ParOldGen       total 84992K, used 15285K [0x0000000085000000, 0x000000008a300000, 0x00000000d7000000)
  object space 84992K, 17% used [0x0000000085000000,0x0000000085eed728,0x000000008a300000)
 Metaspace       used 11672K, capacity 11970K, committed 12160K, reserved 1060864K
  class space    used 1288K, capacity 1364K, committed 1408K, reserved 1048576K
}
Event: 4.546 GC heap before
{Heap before GC invocations=8 (full 0):
 PSYoungGen      total 131072K, used 127937K [0x00000000d7000000, 0x00000000e7000000, 0x0000000100000000)
  eden space 125440K, 99% used [0x00000000d7000000,0x00000000de964218,0x00000000dea80000)
  from space 5632K, 64% used [0x00000000dea80000,0x00000000dee0c450,0x00000000df000000)
  to   space 5632K, 0% used [0x00000000e6a80000,0x00000000e6a80000,0x00000000e7000000)
 ParOldGen       total 84992K, used 15285K [0x0000000085000000, 0x000000008a300000, 0x00000000d7000000)
  object space 84992K, 17% used [0x0000000085000000,0x0000000085eed728,0x000000008a300000)
 Metaspace       used 11695K, capacity 11970K, committed 12160K, reserved 1060864K
  class space    used 1288K, capacity 1364K, committed 1408K, reserved 1048576K
Event: 4.551 GC heap after
Heap after GC invocations=8 (full 0):
 PSYoungGen      total 256512K, used 3634K [0x00000000d7000000, 0x00000000e7000000, 0x0000000100000000)
  eden space 250880K, 0% used [0x00000000d7000000,0x00000000d7000000,0x00000000e6500000)
  from space 5632K, 64% used [0x00000000e6a80000,0x00000000e6e0c850,0x00000000e7000000)
  to   space 5632K, 0% used [0x00000000e6500000,0x00000000e6500000,0x00000000e6a80000)
 ParOldGen       total 84992K, used 20701K [0x0000000085000000, 0x000000008a300000, 0x00000000d7000000)
  object space 84992K, 24% used [0x0000000085000000,0x0000000086437748,0x000000008a300000)
 Metaspace       used 11695K, capacity 11970K, committed 12160K, reserved 1060864K
  class space    used 1288K, capacity 1364K, committed 1408K, reserved 1048576K
}

Deoptimization events (2 events):
Event: 0.993 Thread 0x00007f0f6400a000 Uncommon trap: reason=unstable_if action=reinterpret pc=0x00007f0f551f7218 method=handtrack.Video.skinDetection(Lorg/opencv/core/Mat;)Lorg/opencv/core/Mat; @ 110
Event: 1.246 Thread 0x00007f0f6400a000 Uncommon trap: reason=unstable_if action=reinterpret pc=0x00007f0f551fbe20 method=handtrack.Video.skinDetection(Lorg/opencv/core/Mat;)Lorg/opencv/core/Mat; @ 214

Internal exceptions (10 events):
Event: 0.112 Thread 0x00007f0f6400a000 Exception <a 'java/security/PrivilegedActionException'> (0x00000000d7156598) thrown at [/build/openjdk-8-TfkRBM/openjdk-8-8u121-b13/src/hotspot/src/share/vm/prims/jvm.cpp, line 1390]
Event: 0.112 Thread 0x00007f0f6400a000 Exception <a 'java/security/PrivilegedActionException'> (0x00000000d71567a8) thrown at [/build/openjdk-8-TfkRBM/openjdk-8-8u121-b13/src/hotspot/src/share/vm/prims/jvm.cpp, line 1390]
Event: 0.112 Thread 0x00007f0f6400a000 Exception <a 'java/security/PrivilegedActionException'> (0x00000000d7158830) thrown at [/build/openjdk-8-TfkRBM/openjdk-8-8u121-b13/src/hotspot/src/share/vm/prims/jvm.cpp, line 1390]
Event: 0.112 Thread 0x00007f0f6400a000 Exception <a 'java/security/PrivilegedActionException'> (0x00000000d7158a40) thrown at [/build/openjdk-8-TfkRBM/openjdk-8-8u121-b13/src/hotspot/src/share/vm/prims/jvm.cpp, line 1390]
Event: 0.112 Thread 0x00007f0f6400a000 Exception <a 'java/security/PrivilegedActionException'> (0x00000000d7159518) thrown at [/build/openjdk-8-TfkRBM/openjdk-8-8u121-b13/src/hotspot/src/share/vm/prims/jvm.cpp, line 1390]
Event: 0.112 Thread 0x00007f0f6400a000 Exception <a 'java/security/PrivilegedActionException'> (0x00000000d7159728) thrown at [/build/openjdk-8-TfkRBM/openjdk-8-8u121-b13/src/hotspot/src/share/vm/prims/jvm.cpp, line 1390]
Event: 0.164 Thread 0x00007f0f6400a000 Exception <a 'java/lang/NoSuchFieldError': method resolution failed> (0x00000000d72268a0) thrown at [/build/openjdk-8-TfkRBM/openjdk-8-8u121-b13/src/hotspot/src/share/vm/prims/methodHandles.cpp, line 1146]
Event: 0.168 Thread 0x00007f0f6400a000 Exception <a 'java/lang/NoSuchFieldError': method resolution failed> (0x00000000d7234070) thrown at [/build/openjdk-8-TfkRBM/openjdk-8-8u121-b13/src/hotspot/src/share/vm/prims/methodHandles.cpp, line 1146]
Event: 0.190 Thread 0x00007f0f6400a000 Exception <a 'java/io/FileNotFoundException'> (0x00000000d72b2048) thrown at [/build/openjdk-8-TfkRBM/openjdk-8-8u121-b13/src/hotspot/src/share/vm/prims/jni.cpp, line 709]
Event: 0.235 Thread 0x00007f0f6400a000 Exception <a 'java/lang/ClassNotFoundException': sun/dc/DuctusRenderingEngine> (0x00000000d7310fa8) thrown at [/build/openjdk-8-TfkRBM/openjdk-8-8u121-b13/src/hotspot/src/share/vm/classfile/systemDictionary.cpp, line 210]

Events (10 events):
Event: 4.553 Executing VM operation: RevokeBias
Event: 4.553 Executing VM operation: RevokeBias done
Event: 4.553 Executing VM operation: RevokeBias
Event: 4.553 Executing VM operation: RevokeBias done
Event: 4.553 Executing VM operation: RevokeBias
Event: 4.553 Executing VM operation: RevokeBias done
Event: 4.553 Executing VM operation: RevokeBias
Event: 4.553 Executing VM operation: RevokeBias done
Event: 4.553 Executing VM operation: RevokeBias
Event: 4.553 Executing VM operation: RevokeBias done


Dynamic libraries:
85000000-8a300000 rw-p 00000000 00:00 0 
8a300000-d7000000 ---p 00000000 00:00 0 
d7000000-e7000000 rw-p 00000000 00:00 0 
e7000000-100000000 ---p 00000000 00:00 0 
100000000-100160000 rw-p 00000000 00:00 0 
100160000-140000000 ---p 00000000 00:00 0 
563d96082000-563d96083000 r-xp 00000000 08:02 1180878                    /usr/lib/jvm/java-8-openjdk-amd64/jre/bin/java
563d96282000-563d96283000 r--p 00000000 08:02 1180878                    /usr/lib/jvm/java-8-openjdk-amd64/jre/bin/java
563d96283000-563d96284000 rw-p 00001000 08:02 1180878                    /usr/lib/jvm/java-8-openjdk-amd64/jre/bin/java
563d96c9a000-563d96cbb000 rw-p 00000000 00:00 0                          [heap]
7f0ebc000000-7f0ebe54c000 rw-p 00000000 00:00 0 
7f0ebe54c000-7f0ec0000000 ---p 00000000 00:00 0 
7f0ec4000000-7f0ec4021000 rw-p 00000000 00:00 0 
7f0ec4021000-7f0ec8000000 ---p 00000000 00:00 0 
7f0ecc000000-7f0ecc021000 rw-p 00000000 00:00 0 
7f0ecc021000-7f0ed0000000 ---p 00000000 00:00 0 
7f0ed4000000-7f0ed4021000 rw-p 00000000 00:00 0 
7f0ed4021000-7f0ed8000000 ---p 00000000 00:00 0 
7f0edaa7a000-7f0edadfe000 rw-s 00000000 00:05 7766023                    /SYSV00000000 (deleted)
7f0edadfe000-7f0edae7e000 rw-p 00000000 00:00 0 
7f0edae7e000-7f0edaffe000 ---p 00000000 00:00 0 
7f0edaffe000-7f0edafff000 ---p 00000000 00:00 0 
7f0edafff000-7f0edb7ff000 rwxp 00000000 00:00 0 
7f0edb7ff000-7f0edb800000 ---p 00000000 00:00 0 
7f0edb800000-7f0edc000000 rwxp 00000000 00:00 0 
7f0edc000000-7f0edc021000 rw-p 00000000 00:00 0 
7f0edc021000-7f0ee0000000 ---p 00000000 00:00 0 
7f0ee0000000-7f0ee0021000 rw-p 00000000 00:00 0 
7f0ee0021000-7f0ee4000000 ---p 00000000 00:00 0 
7f0ee4000000-7f0ee4021000 rw-p 00000000 00:00 0 
7f0ee4021000-7f0ee8000000 ---p 00000000 00:00 0 
7f0ee8000000-7f0ee8021000 rw-p 00000000 00:00 0 
7f0ee8021000-7f0eec000000 ---p 00000000 00:00 0 
7f0eec000000-7f0eec021000 rw-p 00000000 00:00 0 
7f0eec021000-7f0ef0000000 ---p 00000000 00:00 0 
7f0ef0000000-7f0ef006f000 rw-p 00000000 00:00 0 
7f0ef006f000-7f0ef4000000 ---p 00000000 00:00 0 
7f0ef41d8000-7f0ef41e2000 r-xp 00000000 08:02 1188960                    /usr/lib/jvm/java-8-openjdk-amd64/jre/lib/amd64/libjavajpeg.so
7f0ef41e2000-7f0ef43e1000 ---p 0000a000 08:02 1188960                    /usr/lib/jvm/java-8-openjdk-amd64/jre/lib/amd64/libjavajpeg.so
7f0ef43e1000-7f0ef43e2000 r--p 00009000 08:02 1188960                    /usr/lib/jvm/java-8-openjdk-amd64/jre/lib/amd64/libjavajpeg.so
7f0ef43e2000-7f0ef43e3000 rw-p 0000a000 08:02 1188960                    /usr/lib/jvm/java-8-openjdk-amd64/jre/lib/amd64/libjavajpeg.so
7f0ef43e3000-7f0ef4687000 rw-p 00000000 00:00 0 
7f0ef4687000-7f0ef4688000 ---p 00000000 00:00 0 
7f0ef4688000-7f0ef4e88000 rwxp 00000000 00:00 0 
7f0ef4e88000-7f0ef4e89000 ---p 00000000 00:00 0 
7f0ef4e89000-7f0ef5689000 rwxp 00000000 00:00 0 
7f0ef5689000-7f0ef568a000 ---p 00000000 00:00 0 
7f0ef568a000-7f0ef5e8a000 rwxp 00000000 00:00 0 
7f0ef5e8a000-7f0ef5e8b000 ---p 00000000 00:00 0 
7f0ef5e8b000-7f0ef668b000 rwxp 00000000 00:00 0 
7f0ef668b000-7f0ef668c000 ---p 00000000 00:00 0 
7f0ef668c000-7f0ef6e8c000 rwxp 00000000 00:00 0 
7f0ef6e8c000-7f0ef6e8d000 ---p 00000000 00:00 0 
7f0ef6e8d000-7f0ef768d000 rwxp 00000000 00:00 0 
7f0ef7931000-7f0ef7bd5000 rw-p 00000000 00:00 0 
7f0ef7bd5000-7f0ef7be6000 r-xp 00000000 08:02 1188970                    /usr/lib/jvm/java-8-openjdk-amd64/jre/lib/amd64/libnio.so
7f0ef7be6000-7f0ef7de6000 ---p 00011000 08:02 1188970                    /usr/lib/jvm/java-8-openjdk-amd64/jre/lib/amd64/libnio.so
7f0ef7de6000-7f0ef7de7000 r--p 00011000 08:02 1188970                    /usr/lib/jvm/java-8-openjdk-amd64/jre/lib/amd64/libnio.so
7f0ef7de7000-7f0ef7de8000 rw-p 00012000 08:02 1188970                    /usr/lib/jvm/java-8-openjdk-amd64/jre/lib/amd64/libnio.so
7f0ef7de8000-7f0ef7dff000 r-xp 00000000 08:02 1188969                    /usr/lib/jvm/java-8-openjdk-amd64/jre/lib/amd64/libnet.so
7f0ef7dff000-7f0ef7ffe000 ---p 00017000 08:02 1188969                    /usr/lib/jvm/java-8-openjdk-amd64/jre/lib/amd64/libnet.so
7f0ef7ffe000-7f0ef7fff000 r--p 00016000 08:02 1188969                    /usr/lib/jvm/java-8-openjdk-amd64/jre/lib/amd64/libnet.so
7f0ef7fff000-7f0ef8000000 rw-p 00017000 08:02 1188969                    /usr/lib/jvm/java-8-openjdk-amd64/jre/lib/amd64/libnet.so
7f0ef8000000-7f0ef8021000 rw-p 00000000 00:00 0 
7f0ef8021000-7f0efc000000 ---p 00000000 00:00 0 
7f0efc000000-7f0efc021000 rw-p 00000000 00:00 0 
7f0efc021000-7f0f00000000 ---p 00000000 00:00 0 
7f0f00000000-7f0f00284000 rw-p 00000000 00:00 0 
7f0f00284000-7f0f04000000 ---p 00000000 00:00 0 
7f0f04000000-7f0f04021000 rw-p 00000000 00:00 0 
7f0f04021000-7f0f08000000 ---p 00000000 00:00 0 
7f0f08000000-7f0f08021000 rw-p 00000000 00:00 0 
7f0f08021000-7f0f0c000000 ---p 00000000 00:00 0 
7f0f0c008000-7f0f0c208000 rw-p 00000000 00:00 0 
7f0f0c208000-7f0f0c20b000 ---p 00000000 00:00 0 
7f0f0c20b000-7f0f0c309000 rwxp 00000000 00:00 0 
7f0f0c309000-7f0f0c30c000 ---p 00000000 00:00 0 
7f0f0c30c000-7f0f0c40a000 rwxp 00000000 00:00 0 
7f0f0ccb5000-7f0f0cdb6000 rwxp 00000000 00:00 0 
7f0f0cdb6000-7f0f0cdb9000 ---p 00000000 00:00 0 
7f0f0cdb9000-7f0f0d5b7000 rwxp 00000000 00:00 0 
7f0f0d5b7000-7f0f0d5ca000 r-xp 00000000 08:02 3408262                    /lib/x86_64-linux-gnu/libgpg-error.so.0.21.0
7f0f0d5ca000-7f0f0d7c9000 ---p 00013000 08:02 3408262                    /lib/x86_64-linux-gnu/libgpg-error.so.0.21.0
7f0f0d7c9000-7f0f0d7ca000 r--p 00012000 08:02 3408262                    /lib/x86_64-linux-gnu/libgpg-error.so.0.21.0
7f0f0d7ca000-7f0f0d7cb000 rw-p 00013000 08:02 3408262                    /lib/x86_64-linux-gnu/libgpg-error.so.0.21.0
7f0f0d7cb000-7f0f0d8d2000 r-xp 00000000 08:02 3407878                    /lib/x86_64-linux-gnu/libgcrypt.so.20.1.6
7f0f0d8d2000-7f0f0dad1000 ---p 00107000 08:02 3407878                    /lib/x86_64-linux-gnu/libgcrypt.so.20.1.6
7f0f0dad1000-7f0f0dad3000 r--p 00106000 08:02 3407878                    /lib/x86_64-linux-gnu/libgcrypt.so.20.1.6
7f0f0dad3000-7f0f0dada000 rw-p 00108000 08:02 3407878                    /lib/x86_64-linux-gnu/libgcrypt.so.20.1.6
7f0f0dada000-7f0f0daeb000 r-xp 00000000 08:02 528208                     /usr/lib/x86_64-linux-gnu/liblz4.so.1.7.1
7f0f0daeb000-7f0f0dcea000 ---p 00011000 08:02 528208                     /usr/lib/x86_64-linux-gnu/liblz4.so.1.7.1
7f0f0dcea000-7f0f0dceb000 r--p 00010000 08:02 528208                     /usr/lib/x86_64-linux-gnu/liblz4.so.1.7.1
7f0f0dceb000-7f0f0dcec000 rw-p 00011000 08:02 528208                     /usr/lib/x86_64-linux-gnu/liblz4.so.1.7.1
7f0f0dcec000-7f0f0dd11000 r-xp 00000000 08:02 3407967                    /lib/x86_64-linux-gnu/liblzma.so.5.2.2
7f0f0dd11000-7f0f0df10000 ---p 00025000 08:02 3407967                    /lib/x86_64-linux-gnu/liblzma.so.5.2.2
7f0f0df10000-7f0f0df11000 r--p 00024000 08:02 3407967                    /lib/x86_64-linux-gnu/liblzma.so.5.2.2
7f0f0df11000-7f0f0df12000 rw-p 00025000 08:02 3407967                    /lib/x86_64-linux-gnu/liblzma.so.5.2.2
7f0f0df12000-7f0f0dffb000 r-xp 00000000 08:02 525465                     /usr/lib/x86_64-linux-gnu/libepoxy.so.0.0.0
7f0f0dffb000-7f0f0e1fa000 ---p 000e9000 08:02 525465                     /usr/lib/x86_64-linux-gnu/libepoxy.so.0.0.0
7f0f0e1fa000-7f0f0e201000 r--p 000e8000 08:02 525465                     /usr/lib/x86_64-linux-gnu/libepoxy.so.0.0.0
7f0f0e201000-7f0f0e208000 rw-p 000ef000 08:02 525465                     /usr/lib/x86_64-linux-gnu/libepoxy.so.0.0.0
7f0f0e208000-7f0f0e215000 r-xp 00000000 08:02 528243                     /usr/lib/x86_64-linux-gnu/libwayland-client.so.0.3.0
7f0f0e215000-7f0f0e414000 ---p 0000d000 08:02 528243                     /usr/lib/x86_64-linux-gnu/libwayland-client.so.0.3.0
7f0f0e414000-7f0f0e416000 r--p 0000c000 08:02 528243                     /usr/lib/x86_64-linux-gnu/libwayland-client.so.0.3.0
7f0f0e416000-7f0f0e417000 rw-p 0000e000 08:02 528243                     /usr/lib/x86_64-linux-gnu/libwayland-client.so.0.3.0
7f0f0e417000-7f0f0e418000 r-xp 00000000 08:02 535556                     /usr/lib/x86_64-linux-gnu/libwayland-egl.so.1.0.0
7f0f0e418000-7f0f0e617000 ---p 00001000 08:02 535556                     /usr/lib/x86_64-linux-gnu/libwayland-egl.so.1.0.0
7f0f0e617000-7f0f0e618000 r--p 00000000 08:02 535556                     /usr/lib/x86_64-linux-gnu/libwayland-egl.so.1.0.0
7f0f0e618000-7f0f0e619000 rw-p 00001000 08:02 535556                     /usr/lib/x86_64-linux-gnu/libwayland-egl.so.1.0.0
7f0f0e619000-7f0f0e61d000 r-xp 00000000 08:02 528245                     /usr/lib/x86_64-linux-gnu/libwayland-cursor.so.0.0.0
7f0f0e61d000-7f0f0e81c000 ---p 00004000 08:02 528245                     /usr/lib/x86_64-linux-gnu/libwayland-cursor.so.0.0.0
7f0f0e81c000-7f0f0e81d000 r--p 00003000 08:02 528245                     /usr/lib/x86_64-linux-gnu/libwayland-cursor.so.0.0.0
7f0f0e81d000-7f0f0e821000 rw-p 00004000 08:02 528245                     /usr/lib/x86_64-linux-gnu/libwayland-cursor.so.0.0.0
7f0f0e821000-7f0f0e85f000 r-xp 00000000 08:02 532092                     /usr/lib/x86_64-linux-gnu/libxkbcommon.so.0.0.0
7f0f0e85f000-7f0f0ea5e000 ---p 0003e000 08:02 532092                     /usr/lib/x86_64-linux-gnu/libxkbcommon.so.0.0.0
7f0f0ea5e000-7f0f0ea60000 r--p 0003d000 08:02 532092                     /usr/lib/x86_64-linux-gnu/libxkbcommon.so.0.0.0
7f0f0ea60000-7f0f0ea61000 rw-p 0003f000 08:02 532092                     /usr/lib/x86_64-linux-gnu/libxkbcommon.so.0.0.0
7f0f0ea61000-7f0f0ea67000 r-xp 00000000 08:02 532744                     /usr/lib/x86_64-linux-gnu/libcairo-gobject.so.2.11400.8
7f0f0ea67000-7f0f0ec67000 ---p 00006000 08:02 532744                     /usr/lib/x86_64-linux-gnu/libcairo-gobject.so.2.11400.8
7f0f0ec67000-7f0f0ec69000 r--p 00006000 08:02 532744                     /usr/lib/x86_64-linux-gnu/libcairo-gobject.so.2.11400.8
7f0f0ec69000-7f0f0ec6a000 rw-p 00008000 08:02 532744                     /usr/lib/x86_64-linux-gnu/libcairo-gobject.so.2.11400.8
7f0f0ec6a000-7f0f0ed57000 r-xp 00000000 08:02 532746                     /usr/lib/x86_64-linux-gnu/libgdk-3.so.0.2200.7
7f0f0ed57000-7f0f0ef57000 ---p 000ed000 08:02 532746                     /usr/lib/x86_64-linux-gnu/libgdk-3.so.0.2200.7
7f0f0ef57000-7f0f0ef5d000 r--p 000ed000 08:02 532746                     /usr/lib/x86_64-linux-gnu/libgdk-3.so.0.2200.7
7f0f0ef5d000-7f0f0ef60000 rw-p 000f3000 08:02 532746                     /usr/lib/x86_64-linux-gnu/libgdk-3.so.0.2200.7
7f0f0ef60000-7f0f0ef61000 rw-p 00000000 00:00 0 
7f0f0ef61000-7f0f0efae000 r-xp 00000000 08:02 3408049                    /lib/x86_64-linux-gnu/libdbus-1.so.3.14.10
7f0f0efae000-7f0f0f1ae000 ---p 0004d000 08:02 3408049                    /lib/x86_64-linux-gnu/libdbus-1.so.3.14.10
7f0f0f1ae000-7f0f0f1b0000 r--p 0004d000 08:02 3408049                    /lib/x86_64-linux-gnu/libdbus-1.so.3.14.10
7f0f0f1b0000-7f0f0f1b1000 rw-p 0004f000 08:02 3408049                    /lib/x86_64-linux-gnu/libdbus-1.so.3.14.10
7f0f0f1b1000-7f0f0f1de000 r-xp 00000000 08:02 532567                     /usr/lib/x86_64-linux-gnu/libatspi.so.0.0.1
7f0f0f1de000-7f0f0f3de000 ---p 0002d000 08:02 532567                     /usr/lib/x86_64-linux-gnu/libatspi.so.0.0.1
7f0f0f3de000-7f0f0f3e1000 r--p 0002d000 08:02 532567                     /usr/lib/x86_64-linux-gnu/libatspi.so.0.0.1
7f0f0f3e1000-7f0f0f3e2000 rw-p 00030000 08:02 532567                     /usr/lib/x86_64-linux-gnu/libatspi.so.0.0.1
7f0f0f3e2000-7f0f0f40f000 r-xp 00000000 08:02 532742                     /usr/lib/x86_64-linux-gnu/libatk-bridge-2.0.so.0.0.0
7f0f0f40f000-7f0f0f60e000 ---p 0002d000 08:02 532742                     /usr/lib/x86_64-linux-gnu/libatk-bridge-2.0.so.0.0.0
7f0f0f60e000-7f0f0f60f000 r--p 0002c000 08:02 532742                     /usr/lib/x86_64-linux-gnu/libatk-bridge-2.0.so.0.0.0
7f0f0f60f000-7f0f0f611000 rw-p 0002d000 08:02 532742                     /usr/lib/x86_64-linux-gnu/libatk-bridge-2.0.so.0.0.0
7f0f0f611000-7f0f0f626000 r-xp 00000000 08:02 1179939                    /usr/lib/x86_64-linux-gnu/jni/libatk-wrapper.so.6.0.0
7f0f0f626000-7f0f0f826000 ---p 00015000 08:02 1179939                    /usr/lib/x86_64-linux-gnu/jni/libatk-wrapper.so.6.0.0
7f0f0f826000-7f0f0f827000 r--p 00015000 08:02 1179939                    /usr/lib/x86_64-linux-gnu/jni/libatk-wrapper.so.6.0.0
7f0f0f827000-7f0f0f828000 rw-p 00016000 08:02 1179939                    /usr/lib/x86_64-linux-gnu/jni/libatk-wrapper.so.6.0.0
7f0f0f828000-7f0f0f82b000 ---p 00000000 00:00 0 
7f0f0f82b000-7f0f0f929000 rwxp 00000000 00:00 0 
7f0f0f929000-7f0f0f97a000 r-xp 00000000 08:02 1188951                    /usr/lib/jvm/java-8-openjdk-amd64/jre/lib/amd64/libfontmanager.so
7f0f0f97a000-7f0f0fb7a000 ---p 00051000 08:02 1188951                    /usr/lib/jvm/java-8-openjdk-amd64/jre/lib/amd64/libfontmanager.so
7f0f0fb7a000-7f0f0fb7c000 r--p 00051000 08:02 1188951                    /usr/lib/jvm/java-8-openjdk-amd64/jre/lib/amd64/libfontmanager.so
7f0f0fb7c000-7f0f0fb7d000 rw-p 00053000 08:02 1188951                    /usr/lib/jvm/java-8-openjdk-amd64/jre/lib/amd64/libfontmanager.so
7f0f0fb7d000-7f0f0fb81000 r-xp 00000000 08:02 3407928                    /lib/x86_64-linux-gnu/libuuid.so.1.3.0
7f0f0fb81000-7f0f0fd80000 ---p 00004000 08:02 3407928                    /lib/x86_64-linux-gnu/libuuid.so.1.3.0
7f0f0fd80000-7f0f0fd81000 r--p 00003000 08:02 3407928                    /lib/x86_64-linux-gnu/libuuid.so.1.3.0
7f0f0fd81000-7f0f0fd82000 rw-p 00004000 08:02 3407928                    /lib/x86_64-linux-gnu/libuuid.so.1.3.0
7f0f0fd82000-7f0f0fd88000 r-xp 00000000 08:02 527839                     /usr/lib/x86_64-linux-gnu/libdatrie.so.1.3.3
7f0f0fd88000-7f0f0ff88000 ---p 00006000 08:02 527839                     /usr/lib/x86_64-linux-gnu/libdatrie.so.1.3.3
7f0f0ff88000-7f0f0ff89000 r--p 00006000 08:02 527839                     /usr/lib/x86_64-linux-gnu/libdatrie.so.1.3.3
7f0f0ff89000-7f0f0ff8a000 rw-p 00007000 08:02 527839                     /usr/lib/x86_64-linux-gnu/libdatrie.so.1.3.3
7f0f0ff8a000-7f0f0ffad000 r-xp 00000000 08:02 528374                     /usr/lib/x86_64-linux-gnu/libgraphite2.so.3.0.1
7f0f0ffad000-7f0f101ad000 ---p 00023000 08:02 528374                     /usr/lib/x86_64-linux-gnu/libgraphite2.so.3.0.1
7f0f101ad000-7f0f101af000 r--p 00023000 08:02 528374                     /usr/lib/x86_64-linux-gnu/libgraphite2.so.3.0.1
7f0f101af000-7f0f101b0000 rw-p 00025000 08:02 528374                     /usr/lib/x86_64-linux-gnu/libgraphite2.so.3.0.1
7f0f101b0000-7f0f101f1000 r-xp 00000000 08:02 3407941                    /lib/x86_64-linux-gnu/libblkid.so.1.1.0
7f0f101f1000-7f0f103f0000 ---p 00041000 08:02 3407941                    /lib/x86_64-linux-gnu/libblkid.so.1.1.0
7f0f103f0000-7f0f103f4000 r--p 00040000 08:02 3407941                    /lib/x86_64-linux-gnu/libblkid.so.1.1.0
7f0f103f4000-7f0f103f5000 rw-p 00044000 08:02 3407941                    /lib/x86_64-linux-gnu/libblkid.so.1.1.0
7f0f103f5000-7f0f103f6000 rw-p 00000000 00:00 0 
7f0f103f6000-7f0f1041d000 r-xp 00000000 08:02 3407918                    /lib/x86_64-linux-gnu/libexpat.so.1.6.2
7f0f1041d000-7f0f1061d000 ---p 00027000 08:02 3407918                    /lib/x86_64-linux-gnu/libexpat.so.1.6.2
7f0f1061d000-7f0f1061f000 r--p 00027000 08:02 3407918                    /lib/x86_64-linux-gnu/libexpat.so.1.6.2
7f0f1061f000-7f0f10620000 rw-p 00029000 08:02 3407918                    /lib/x86_64-linux-gnu/libexpat.so.1.6.2
7f0f10620000-7f0f10692000 r-xp 00000000 08:02 3408343                    /lib/x86_64-linux-gnu/libpcre.so.3.13.3
7f0f10692000-7f0f10891000 ---p 00072000 08:02 3408343                    /lib/x86_64-linux-gnu/libpcre.so.3.13.3
7f0f10891000-7f0f10892000 r--p 00071000 08:02 3408343                    /lib/x86_64-linux-gnu/libpcre.so.3.13.3
7f0f10892000-7f0f10893000 rw-p 00072000 08:02 3408343                    /lib/x86_64-linux-gnu/libpcre.so.3.13.3
7f0f10893000-7f0f1089a000 r-xp 00000000 08:02 528241                     /usr/lib/x86_64-linux-gnu/libffi.so.6.0.4
7f0f1089a000-7f0f10a9a000 ---p 00007000 08:02 528241                     /usr/lib/x86_64-linux-gnu/libffi.so.6.0.4
7f0f10a9a000-7f0f10a9b000 r--p 00007000 08:02 528241                     /usr/lib/x86_64-linux-gnu/libffi.so.6.0.4
7f0f10a9b000-7f0f10a9c000 rw-p 00008000 08:02 528241                     /usr/lib/x86_64-linux-gnu/libffi.so.6.0.4
7f0f10a9c000-7f0f10aa4000 r-xp 00000000 08:02 528239                     /usr/lib/x86_64-linux-gnu/libthai.so.0.3.0
7f0f10aa4000-7f0f10ca4000 ---p 00008000 08:02 528239                     /usr/lib/x86_64-linux-gnu/libthai.so.0.3.0
7f0f10ca4000-7f0f10ca5000 r--p 00008000 08:02 528239                     /usr/lib/x86_64-linux-gnu/libthai.so.0.3.0
7f0f10ca5000-7f0f10ca6000 rw-p 00009000 08:02 528239                     /usr/lib/x86_64-linux-gnu/libthai.so.0.3.0
7f0f10ca6000-7f0f10d39000 r-xp 00000000 08:02 577037                     /usr/lib/x86_64-linux-gnu/libharfbuzz.so.0.10400.2
7f0f10d39000-7f0f10f38000 ---p 00093000 08:02 577037                     /usr/lib/x86_64-linux-gnu/libharfbuzz.so.0.10400.2
7f0f10f38000-7f0f10f3a000 r--p 00092000 08:02 577037                     /usr/lib/x86_64-linux-gnu/libharfbuzz.so.0.10400.2
7f0f10f3a000-7f0f10f3b000 rw-p 00094000 08:02 577037                     /usr/lib/x86_64-linux-gnu/libharfbuzz.so.0.10400.2
7f0f10f3b000-7f0f10f85000 r-xp 00000000 08:02 3407943                    /lib/x86_64-linux-gnu/libmount.so.1.1.0
7f0f10f85000-7f0f11185000 ---p 0004a000 08:02 3407943                    /lib/x86_64-linux-gnu/libmount.so.1.1.0
7f0f11185000-7f0f11186000 r--p 0004a000 08:02 3407943                    /lib/x86_64-linux-gnu/libmount.so.1.1.0
7f0f11186000-7f0f11187000 rw-p 0004b000 08:02 3407943                    /lib/x86_64-linux-gnu/libmount.so.1.1.0
7f0f11187000-7f0f11189000 rw-p 00000000 00:00 0 
7f0f11189000-7f0f1119d000 r-xp 00000000 08:02 3414742                    /lib/x86_64-linux-gnu/libresolv-2.24.so
7f0f1119d000-7f0f1139c000 ---p 00014000 08:02 3414742                    /lib/x86_64-linux-gnu/libresolv-2.24.so
7f0f1139c000-7f0f1139d000 r--p 00013000 08:02 3414742                    /lib/x86_64-linux-gnu/libresolv-2.24.so
7f0f1139d000-7f0f1139e000 rw-p 00014000 08:02 3414742                    /lib/x86_64-linux-gnu/libresolv-2.24.so
7f0f1139e000-7f0f113a0000 rw-p 00000000 00:00 0 
7f0f113a0000-7f0f113c5000 r-xp 00000000 08:02 3408007                    /lib/x86_64-linux-gnu/libselinux.so.1
7f0f113c5000-7f0f115c4000 ---p 00025000 08:02 3408007                    /lib/x86_64-linux-gnu/libselinux.so.1
7f0f115c4000-7f0f115c5000 r--p 00024000 08:02 3408007                    /lib/x86_64-linux-gnu/libselinux.so.1
7f0f115c5000-7f0f115c6000 rw-p 00025000 08:02 3408007                    /lib/x86_64-linux-gnu/libselinux.so.1
7f0f115c6000-7f0f115c8000 rw-p 00000000 00:00 0 
7f0f115c8000-7f0f115d4000 r-xp 00000000 08:02 525048                     /usr/lib/x86_64-linux-gnu/libxcb-render.so.0.0.0
7f0f115d4000-7f0f117d4000 ---p 0000c000 08:02 525048                     /usr/lib/x86_64-linux-gnu/libxcb-render.so.0.0.0
7f0f117d4000-7f0f117d5000 r--p 0000c000 08:02 525048                     /usr/lib/x86_64-linux-gnu/libxcb-render.so.0.0.0
7f0f117d5000-7f0f117d6000 rw-p 0000d000 08:02 525048                     /usr/lib/x86_64-linux-gnu/libxcb-render.so.0.0.0
7f0f117d6000-7f0f117d8000 r-xp 00000000 08:02 525050                     /usr/lib/x86_64-linux-gnu/libxcb-shm.so.0.0.0
7f0f117d8000-7f0f119d8000 ---p 00002000 08:02 525050                     /usr/lib/x86_64-linux-gnu/libxcb-shm.so.0.0.0
7f0f119d8000-7f0f119d9000 r--p 00002000 08:02 525050                     /usr/lib/x86_64-linux-gnu/libxcb-shm.so.0.0.0
7f0f119d9000-7f0f119da000 rw-p 00003000 08:02 525050                     /usr/lib/x86_64-linux-gnu/libxcb-shm.so.0.0.0
7f0f119da000-7f0f11a78000 r-xp 00000000 08:02 525046                     /usr/lib/x86_64-linux-gnu/libpixman-1.so.0.34.0
7f0f11a78000-7f0f11c78000 ---p 0009e000 08:02 525046                     /usr/lib/x86_64-linux-gnu/libpixman-1.so.0.34.0
7f0f11c78000-7f0f11c80000 r--p 0009e000 08:02 525046                     /usr/lib/x86_64-linux-gnu/libpixman-1.so.0.34.0
7f0f11c80000-7f0f11c81000 rw-p 000a6000 08:02 525046                     /usr/lib/x86_64-linux-gnu/libpixman-1.so.0.34.0
7f0f11c81000-7f0f11c8b000 r-xp 00000000 08:02 533027                     /usr/lib/x86_64-linux-gnu/libXcursor.so.1.0.2
7f0f11c8b000-7f0f11e8a000 ---p 0000a000 08:02 533027                     /usr/lib/x86_64-linux-gnu/libXcursor.so.1.0.2
7f0f11e8a000-7f0f11e8b000 r--p 00009000 08:02 533027                     /usr/lib/x86_64-linux-gnu/libXcursor.so.1.0.2
7f0f11e8b000-7f0f11e8c000 rw-p 0000a000 08:02 533027                     /usr/lib/x86_64-linux-gnu/libXcursor.so.1.0.2
7f0f11e8c000-7f0f11e96000 r-xp 00000000 08:02 532569                     /usr/lib/x86_64-linux-gnu/libXrandr.so.2.2.0
7f0f11e96000-7f0f12095000 ---p 0000a000 08:02 532569                     /usr/lib/x86_64-linux-gnu/libXrandr.so.2.2.0
7f0f12095000-7f0f12096000 r--p 00009000 08:02 532569                     /usr/lib/x86_64-linux-gnu/libXrandr.so.2.2.0
7f0f12096000-7f0f12097000 rw-p 0000a000 08:02 532569                     /usr/lib/x86_64-linux-gnu/libXrandr.so.2.2.0
7f0f12097000-7f0f12099000 r-xp 00000000 08:02 531706                     /usr/lib/x86_64-linux-gnu/libXinerama.so.1.0.0
7f0f12099000-7f0f12298000 ---p 00002000 08:02 531706                     /usr/lib/x86_64-linux-gnu/libXinerama.so.1.0.0
7f0f12298000-7f0f12299000 r--p 00001000 08:02 531706                     /usr/lib/x86_64-linux-gnu/libXinerama.so.1.0.0
7f0f12299000-7f0f1229a000 rw-p 00002000 08:02 531706                     /usr/lib/x86_64-linux-gnu/libXinerama.so.1.0.0
7f0f1229a000-7f0f1229f000 r-xp 00000000 08:02 527146                     /usr/lib/x86_64-linux-gnu/libXfixes.so.3.1.0
7f0f1229f000-7f0f1249e000 ---p 00005000 08:02 527146                     /usr/lib/x86_64-linux-gnu/libXfixes.so.3.1.0
7f0f1249e000-7f0f1249f000 r--p 00004000 08:02 527146                     /usr/lib/x86_64-linux-gnu/libXfixes.so.3.1.0
7f0f1249f000-7f0f124a0000 rw-p 00005000 08:02 527146                     /usr/lib/x86_64-linux-gnu/libXfixes.so.3.1.0
7f0f124a0000-7f0f124a2000 r-xp 00000000 08:02 533029                     /usr/lib/x86_64-linux-gnu/libXdamage.so.1.1.0
7f0f124a2000-7f0f126a1000 ---p 00002000 08:02 533029                     /usr/lib/x86_64-linux-gnu/libXdamage.so.1.1.0
7f0f126a1000-7f0f126a2000 r--p 00001000 08:02 533029                     /usr/lib/x86_64-linux-gnu/libXdamage.so.1.1.0
7f0f126a2000-7f0f126a3000 rw-p 00002000 08:02 533029                     /usr/lib/x86_64-linux-gnu/libXdamage.so.1.1.0
7f0f126a3000-7f0f126a5000 r-xp 00000000 08:02 534161                     /usr/lib/x86_64-linux-gnu/libXcomposite.so.1.0.0
7f0f126a5000-7f0f128a4000 ---p 00002000 08:02 534161                     /usr/lib/x86_64-linux-gnu/libXcomposite.so.1.0.0
7f0f128a4000-7f0f128a5000 r--p 00001000 08:02 534161                     /usr/lib/x86_64-linux-gnu/libXcomposite.so.1.0.0
7f0f128a5000-7f0f128a6000 rw-p 00002000 08:02 534161                     /usr/lib/x86_64-linux-gnu/libXcomposite.so.1.0.0
7f0f128a6000-7f0f128a9000 r-xp 00000000 08:02 525477                     /usr/lib/x86_64-linux-gnu/libgmodule-2.0.so.0.5000.2
7f0f128a9000-7f0f12aa8000 ---p 00003000 08:02 525477                     /usr/lib/x86_64-linux-gnu/libgmodule-2.0.so.0.5000.2
7f0f12aa8000-7f0f12aa9000 r--p 00002000 08:02 525477                     /usr/lib/x86_64-linux-gnu/libgmodule-2.0.so.0.5000.2
7f0f12aa9000-7f0f12aaa000 rw-p 00003000 08:02 525477                     /usr/lib/x86_64-linux-gnu/libgmodule-2.0.so.0.5000.2
7f0f12aaa000-7f0f12adb000 r-xp 00000000 08:02 525011                     /usr/lib/x86_64-linux-gnu/libpng16.so.16.28.0
7f0f12adb000-7f0f12cdb000 ---p 00031000 08:02 525011                     /usr/lib/x86_64-linux-gnu/libpng16.so.16.28.0
7f0f12cdb000-7f0f12cdc000 r--p 00031000 08:02 525011                     /usr/lib/x86_64-linux-gnu/libpng16.so.16.28.0
7f0f12cdc000-7f0f12cdd000 rw-p 00032000 08:02 525011                     /usr/lib/x86_64-linux-gnu/libpng16.so.16.28.0
7f0f12cdd000-7f0f12d46000 r-xp 00000000 08:02 549718                     /usr/lib/x86_64-linux-gnu/libjpeg.so.62.2.0
7f0f12d46000-7f0f12f46000 ---p 00069000 08:02 549718                     /usr/lib/x86_64-linux-gnu/libjpeg.so.62.2.0
7f0f12f46000-7f0f12f47000 r--p 00069000 08:02 549718                     /usr/lib/x86_64-linux-gnu/libjpeg.so.62.2.0
7f0f12f47000-7f0f12f48000 rw-p 0006a000 08:02 549718                     /usr/lib/x86_64-linux-gnu/libjpeg.so.62.2.0
7f0f12f48000-7f0f12f49000 r-xp 00000000 08:02 528885                     /usr/lib/x86_64-linux-gnu/libgthread-2.0.so.0.5000.2
7f0f12f49000-7f0f13148000 ---p 00001000 08:02 528885                     /usr/lib/x86_64-linux-gnu/libgthread-2.0.so.0.5000.2
7f0f13148000-7f0f13149000 r--p 00000000 08:02 528885                     /usr/lib/x86_64-linux-gnu/libgthread-2.0.so.0.5000.2
7f0f13149000-7f0f1314a000 rw-p 00001000 08:02 528885                     /usr/lib/x86_64-linux-gnu/libgthread-2.0.so.0.5000.2
7f0f1314a000-7f0f131f2000 r-xp 00000000 08:02 532142                     /usr/lib/x86_64-linux-gnu/libfreetype.so.6.12.3
7f0f131f2000-7f0f133f2000 ---p 000a8000 08:02 532142                     /usr/lib/x86_64-linux-gnu/libfreetype.so.6.12.3
7f0f133f2000-7f0f133f8000 r--p 000a8000 08:02 532142                     /usr/lib/x86_64-linux-gnu/libfreetype.so.6.12.3
7f0f133f8000-7f0f133f9000 rw-p 000ae000 08:02 532142                     /usr/lib/x86_64-linux-gnu/libfreetype.so.6.12.3
7f0f133f9000-7f0f13435000 r-xp 00000000 08:02 525043                     /usr/lib/x86_64-linux-gnu/libfontconfig.so.1.8.0
7f0f13435000-7f0f13634000 ---p 0003c000 08:02 525043                     /usr/lib/x86_64-linux-gnu/libfontconfig.so.1.8.0
7f0f13634000-7f0f13636000 r--p 0003b000 08:02 525043                     /usr/lib/x86_64-linux-gnu/libfontconfig.so.1.8.0
7f0f13636000-7f0f13637000 rw-p 0003d000 08:02 525043                     /usr/lib/x86_64-linux-gnu/libfontconfig.so.1.8.0
7f0f13637000-7f0f13749000 r-xp 00000000 08:02 3407904                    /lib/x86_64-linux-gnu/libglib-2.0.so.0.5000.2
7f0f13749000-7f0f13948000 ---p 00112000 08:02 3407904                    /lib/x86_64-linux-gnu/libglib-2.0.so.0.5000.2
7f0f13948000-7f0f13949000 r--p 00111000 08:02 3407904                    /lib/x86_64-linux-gnu/libglib-2.0.so.0.5000.2
7f0f13949000-7f0f1394a000 rw-p 00112000 08:02 3407904                    /lib/x86_64-linux-gnu/libglib-2.0.so.0.5000.2
7f0f1394a000-7f0f1394b000 rw-p 00000000 00:00 0 
7f0f1394b000-7f0f1399d000 r-xp 00000000 08:02 525478                     /usr/lib/x86_64-linux-gnu/libgobject-2.0.so.0.5000.2
7f0f1399d000-7f0f13b9c000 ---p 00052000 08:02 525478                     /usr/lib/x86_64-linux-gnu/libgobject-2.0.so.0.5000.2
7f0f13b9c000-7f0f13b9d000 r--p 00051000 08:02 525478                     /usr/lib/x86_64-linux-gnu/libgobject-2.0.so.0.5000.2
7f0f13b9d000-7f0f13b9e000 rw-p 00052000 08:02 525478                     /usr/lib/x86_64-linux-gnu/libgobject-2.0.so.0.5000.2
7f0f13b9e000-7f0f13be7000 r-xp 00000000 08:02 532061                     /usr/lib/x86_64-linux-gnu/libpango-1.0.so.0.4000.3
7f0f13be7000-7f0f13de6000 ---p 00049000 08:02 532061                     /usr/lib/x86_64-linux-gnu/libpango-1.0.so.0.4000.3
7f0f13de6000-7f0f13de9000 r--p 00048000 08:02 532061                     /usr/lib/x86_64-linux-gnu/libpango-1.0.so.0.4000.3
7f0f13de9000-7f0f13dea000 rw-p 0004b000 08:02 532061                     /usr/lib/x86_64-linux-gnu/libpango-1.0.so.0.4000.3
7f0f13dea000-7f0f13dfe000 r-xp 00000000 08:02 532065                     /usr/lib/x86_64-linux-gnu/libpangoft2-1.0.so.0.4000.3
7f0f13dfe000-7f0f13ffe000 ---p 00014000 08:02 532065                     /usr/lib/x86_64-linux-gnu/libpangoft2-1.0.so.0.4000.3
7f0f13ffe000-7f0f13fff000 r--p 00014000 08:02 532065                     /usr/lib/x86_64-linux-gnu/libpangoft2-1.0.so.0.4000.3
7f0f13fff000-7f0f14000000 rw-p 00015000 08:02 532065                     /usr/lib/x86_64-linux-gnu/libpangoft2-1.0.so.0.4000.3
7f0f14000000-7f0f14021000 rw-p 00000000 00:00 0 
7f0f14021000-7f0f18000000 ---p 00000000 00:00 0 
7f0f180e9000-7f0f180ec000 ---p 00000000 00:00 0 
7f0f180ec000-7f0f181ea000 rwxp 00000000 00:00 0 
7f0f181ea000-7f0f18377000 r-xp 00000000 08:02 525476                     /usr/lib/x86_64-linux-gnu/libgio-2.0.so.0.5000.2
7f0f18377000-7f0f18576000 ---p 0018d000 08:02 525476                     /usr/lib/x86_64-linux-gnu/libgio-2.0.so.0.5000.2
7f0f18576000-7f0f1857b000 r--p 0018c000 08:02 525476                     /usr/lib/x86_64-linux-gnu/libgio-2.0.so.0.5000.2
7f0f1857b000-7f0f1857e000 rw-p 00191000 08:02 525476                     /usr/lib/x86_64-linux-gnu/libgio-2.0.so.0.5000.2
7f0f1857e000-7f0f1857f000 rw-p 00000000 00:00 0 
7f0f1857f000-7f0f185a0000 r-xp 00000000 08:02 527664                     /usr/lib/x86_64-linux-gnu/libgdk_pixbuf-2.0.so.0.3600.4
7f0f185a0000-7f0f187a0000 ---p 00021000 08:02 527664                     /usr/lib/x86_64-linux-gnu/libgdk_pixbuf-2.0.so.0.3600.4
7f0f187a0000-7f0f187a1000 r--p 00021000 08:02 527664                     /usr/lib/x86_64-linux-gnu/libgdk_pixbuf-2.0.so.0.3600.4
7f0f187a1000-7f0f187a2000 rw-p 00022000 08:02 527664                     /usr/lib/x86_64-linux-gnu/libgdk_pixbuf-2.0.so.0.3600.4
7f0f187a2000-7f0f188b0000 r-xp 00000000 08:02 525055                     /usr/lib/x86_64-linux-gnu/libcairo.so.2.11400.8
7f0f188b0000-7f0f18ab0000 ---p 0010e000 08:02 525055                     /usr/lib/x86_64-linux-gnu/libcairo.so.2.11400.8
7f0f18ab0000-7f0f18ab3000 r--p 0010e000 08:02 525055                     /usr/lib/x86_64-linux-gnu/libcairo.so.2.11400.8
7f0f18ab3000-7f0f18ab4000 rw-p 00111000 08:02 525055                     /usr/lib/x86_64-linux-gnu/libcairo.so.2.11400.8
7f0f18ab4000-7f0f18ab6000 rw-p 00000000 00:00 0 
7f0f18ab6000-7f0f18ad9000 r-xp 00000000 08:02 528843                     /usr/lib/x86_64-linux-gnu/libatk-1.0.so.0.22209.1
7f0f18ad9000-7f0f18cd8000 ---p 00023000 08:02 528843                     /usr/lib/x86_64-linux-gnu/libatk-1.0.so.0.22209.1
7f0f18cd8000-7f0f18cdb000 r--p 00022000 08:02 528843                     /usr/lib/x86_64-linux-gnu/libatk-1.0.so.0.22209.1
7f0f18cdb000-7f0f18cdc000 rw-p 00025000 08:02 528843                     /usr/lib/x86_64-linux-gnu/libatk-1.0.so.0.22209.1
7f0f18cdc000-7f0f18ce7000 r-xp 00000000 08:02 532063                     /usr/lib/x86_64-linux-gnu/libpangocairo-1.0.so.0.4000.3
7f0f18ce7000-7f0f18ee7000 ---p 0000b000 08:02 532063                     /usr/lib/x86_64-linux-gnu/libpangocairo-1.0.so.0.4000.3
7f0f18ee7000-7f0f18ee8000 r--p 0000b000 08:02 532063                     /usr/lib/x86_64-linux-gnu/libpangocairo-1.0.so.0.4000.3
7f0f18ee8000-7f0f18ee9000 rw-p 0000c000 08:02 532063                     /usr/lib/x86_64-linux-gnu/libpangocairo-1.0.so.0.4000.3
7f0f18ee9000-7f0f19325000 r-xp 00000000 08:02 536898                     /usr/lib/x86_64-linux-gnu/libgtk-x11-2.0.so.0.2400.31
7f0f19325000-7f0f19524000 ---p 0043c000 08:02 536898                     /usr/lib/x86_64-linux-gnu/libgtk-x11-2.0.so.0.2400.31
7f0f19524000-7f0f1952b000 r--p 0043b000 08:02 536898                     /usr/lib/x86_64-linux-gnu/libgtk-x11-2.0.so.0.2400.31
7f0f1952b000-7f0f1952f000 rw-p 00442000 08:02 536898                     /usr/lib/x86_64-linux-gnu/libgtk-x11-2.0.so.0.2400.31
7f0f1952f000-7f0f19532000 rw-p 00000000 00:00 0 
7f0f19532000-7f0f1a041000 r-xp 00000000 08:02 3286773                    /home/johan/Documents/JavaOpenCV/opencv-3.2.0/build/lib/libopencv_core.so.3.2.0
7f0f1a041000-7f0f1a240000 ---p 00b0f000 08:02 3286773                    /home/johan/Documents/JavaOpenCV/opencv-3.2.0/build/lib/libopencv_core.so.3.2.0
7f0f1a240000-7f0f1a248000 r--p 00b0e000 08:02 3286773                    /home/johan/Documents/JavaOpenCV/opencv-3.2.0/build/lib/libopencv_core.so.3.2.0
7f0f1a248000-7f0f1a276000 rw-p 00b16000 08:02 3286773                    /home/johan/Documents/JavaOpenCV/opencv-3.2.0/build/lib/libopencv_core.so.3.2.0
7f0f1a276000-7f0f1a278000 rw-p 00000000 00:00 0 
7f0f1a278000-7f0f1b7e0000 r-xp 00000000 08:02 3286865                    /home/johan/Documents/JavaOpenCV/opencv-3.2.0/build/lib/libopencv_imgproc.so.3.2.0
7f0f1b7e0000-7f0f1b9df000 ---p 01568000 08:02 3286865                    /home/johan/Documents/JavaOpenCV/opencv-3.2.0/build/lib/libopencv_imgproc.so.3.2.0
7f0f1b9df000-7f0f1b9e8000 r--p 01567000 08:02 3286865                    /home/johan/Documents/JavaOpenCV/opencv-3.2.0/build/lib/libopencv_imgproc.so.3.2.0
7f0f1b9e8000-7f0f1ba09000 rw-p 01570000 08:02 3286865                    /home/johan/Documents/JavaOpenCV/opencv-3.2.0/build/lib/libopencv_imgproc.so.3.2.0
7f0f1ba09000-7f0f1baa0000 rw-p 00000000 00:00 0 
7f0f1baa0000-7f0f1bde7000 r-xp 00000000 08:02 3286918                    /home/johan/Documents/JavaOpenCV/opencv-3.2.0/build/lib/libopencv_imgcodecs.so.3.2.0
7f0f1bde7000-7f0f1bfe7000 ---p 00347000 08:02 3286918                    /home/johan/Documents/JavaOpenCV/opencv-3.2.0/build/lib/libopencv_imgcodecs.so.3.2.0
7f0f1bfe7000-7f0f1bfed000 r--p 00347000 08:02 3286918                    /home/johan/Documents/JavaOpenCV/opencv-3.2.0/build/lib/libopencv_imgcodecs.so.3.2.0
7f0f1bfed000-7f0f1bff5000 rw-p 0034d000 08:02 3286918                    /home/johan/Documents/JavaOpenCV/opencv-3.2.0/build/lib/libopencv_imgcodecs.so.3.2.0
7f0f1bff5000-7f0f1c000000 rw-p 00000000 00:00 0 
7f0f1c000000-7f0f1c19a000 rw-p 00000000 00:00 0 
7f0f1c19a000-7f0f20000000 ---p 00000000 00:00 0 
7f0f20000000-7f0f20021000 rw-p 00000000 00:00 0 
7f0f20021000-7f0f24000000 ---p 00000000 00:00 0 
7f0f24000000-7f0f2416d000 rw-p 00000000 00:00 0 
7f0f2416d000-7f0f28000000 ---p 00000000 00:00 0 
7f0f28000000-7f0f280a4000 rw-p 00000000 00:00 0 
7f0f280a4000-7f0f2c000000 ---p 00000000 00:00 0 
7f0f2c000000-7f0f2c051000 rw-p 00000000 00:00 0 
7f0f2c051000-7f0f30000000 ---p 00000000 00:00 0 
7f0f30000000-7f0f30021000 rw-p 00000000 00:00 0 
7f0f30021000-7f0f34000000 ---p 00000000 00:00 0 
7f0f34000000-7f0f34021000 rw-p 00000000 00:00 0 
7f0f34021000-7f0f38000000 ---p 00000000 00:00 0 
7f0f38000000-7f0f38021000 rw-p 00000000 00:00 0 
7f0f38021000-7f0f3c000000 ---p 00000000 00:00 0 
7f0f3c059000-7f0f3c0dd000 r-xp 00000000 08:02 3408158                    /lib/x86_64-linux-gnu/libsystemd.so.0.17.0
7f0f3c0dd000-7f0f3c0de000 ---p 00084000 08:02 3408158                    /lib/x86_64-linux-gnu/libsystemd.so.0.17.0
7f0f3c0de000-7f0f3c0e1000 r--p 00084000 08:02 3408158                    /lib/x86_64-linux-gnu/libsystemd.so.0.17.0
7f0f3c0e1000-7f0f3c0e2000 rw-p 00087000 08:02 3408158                    /lib/x86_64-linux-gnu/libsystemd.so.0.17.0
7f0f3c0e2000-7f0f3c0e3000 rw-p 00000000 00:00 0 
7f0f3c0e3000-7f0f3c193000 r-xp 00000000 08:02 532089                     /usr/lib/x86_64-linux-gnu/libgdk-x11-2.0.so.0.2400.31
7f0f3c193000-7f0f3c392000 ---p 000b0000 08:02 532089                     /usr/lib/x86_64-linux-gnu/libgdk-x11-2.0.so.0.2400.31
7f0f3c392000-7f0f3c396000 r--p 000af000 08:02 532089                     /usr/lib/x86_64-linux-gnu/libgdk-x11-2.0.so.0.2400.31
7f0f3c396000-7f0f3c398000 rw-p 000b3000 08:02 532089                     /usr/lib/x86_64-linux-gnu/libgdk-x11-2.0.so.0.2400.31
7f0f3c398000-7f0f3c3ba000 r-xp 00000000 08:02 3286943                    /home/johan/Documents/JavaOpenCV/opencv-3.2.0/build/lib/libopencv_videoio.so.3.2.0
7f0f3c3ba000-7f0f3c5b9000 ---p 00022000 08:02 3286943                    /home/johan/Documents/JavaOpenCV/opencv-3.2.0/build/lib/libopencv_videoio.so.3.2.0
7f0f3c5b9000-7f0f3c5ba000 r--p 00021000 08:02 3286943                    /home/johan/Documents/JavaOpenCV/opencv-3.2.0/build/lib/libopencv_videoio.so.3.2.0
7f0f3c5ba000-7f0f3c5bb000 rw-p 00022000 08:02 3286943                    /home/johan/Documents/JavaOpenCV/opencv-3.2.0/build/lib/libopencv_videoio.so.3.2.0
7f0f3c5bb000-7f0f3c5bd000 rw-p 00000000 00:00 0 
7f0f3c5bd000-7f0f3c5c8000 r-xp 00000000 08:02 3286966                    /home/johan/Documents/JavaOpenCV/opencv-3.2.0/build/lib/libopencv_highgui.so.3.2.0
7f0f3c5c8000-7f0f3c7c8000 ---p 0000b000 08:02 3286966                    /home/johan/Documents/JavaOpenCV/opencv-3.2.0/build/lib/libopencv_highgui.so.3.2.0
7f0f3c7c8000-7f0f3c7c9000 r--p 0000b000 08:02 3286966                    /home/johan/Documents/JavaOpenCV/opencv-3.2.0/build/lib/libopencv_highgui.so.3.2.0
7f0f3c7c9000-7f0f3c7ca000 rw-p 0000c000 08:02 3286966                    /home/johan/Documents/JavaOpenCV/opencv-3.2.0/build/lib/libopencv_highgui.so.3.2.0
7f0f3c7ca000-7f0f3c885000 r-xp 00000000 08:02 3286850                    /home/johan/Documents/JavaOpenCV/opencv-3.2.0/build/lib/libopencv_ml.so.3.2.0
7f0f3c885000-7f0f3ca85000 ---p 000bb000 08:02 3286850                    /home/johan/Documents/JavaOpenCV/opencv-3.2.0/build/lib/libopencv_ml.so.3.2.0
7f0f3ca85000-7f0f3ca87000 r--p 000bb000 08:02 3286850                    /home/johan/Documents/JavaOpenCV/opencv-3.2.0/build/lib/libopencv_ml.so.3.2.0
7f0f3ca87000-7f0f3ca88000 rw-p 000bd000 08:02 3286850                    /home/johan/Documents/JavaOpenCV/opencv-3.2.0/build/lib/libopencv_ml.so.3.2.0
7f0f3ca88000-7f0f3cad9000 r-xp 00000000 08:02 3286861                    /home/johan/Documents/JavaOpenCV/opencv-3.2.0/build/lib/libopencv_flann.so.3.2.0
7f0f3cad9000-7f0f3ccd9000 ---p 00051000 08:02 3286861                    /home/johan/Documents/JavaOpenCV/opencv-3.2.0/build/lib/libopencv_flann.so.3.2.0
7f0f3ccd9000-7f0f3ccdb000 r--p 00051000 08:02 3286861                    /home/johan/Documents/JavaOpenCV/opencv-3.2.0/build/lib/libopencv_flann.so.3.2.0
7f0f3ccdb000-7f0f3ccdc000 rw-p 00053000 08:02 3286861                    /home/johan/Documents/JavaOpenCV/opencv-3.2.0/build/lib/libopencv_flann.so.3.2.0
7f0f3ccdc000-7f0f3cd8d000 r-xp 00000000 08:02 3287039                    /home/johan/Documents/JavaOpenCV/opencv-3.2.0/build/lib/libopencv_features2d.so.3.2.0
7f0f3cd8d000-7f0f3cf8d000 ---p 000b1000 08:02 3287039                    /home/johan/Documents/JavaOpenCV/opencv-3.2.0/build/lib/libopencv_features2d.so.3.2.0
7f0f3cf8d000-7f0f3cf90000 r--p 000b1000 08:02 3287039                    /home/johan/Documents/JavaOpenCV/opencv-3.2.0/build/lib/libopencv_features2d.so.3.2.0
7f0f3cf90000-7f0f3cf92000 rw-p 000b4000 08:02 3287039                    /home/johan/Documents/JavaOpenCV/opencv-3.2.0/build/lib/libopencv_features2d.so.3.2.0
7f0f3cf92000-7f0f3d0f9000 r-xp 00000000 08:02 3287082                    /home/johan/Documents/JavaOpenCV/opencv-3.2.0/build/lib/libopencv_calib3d.so.3.2.0
7f0f3d0f9000-7f0f3d2f8000 ---p 00167000 08:02 3287082                    /home/johan/Documents/JavaOpenCV/opencv-3.2.0/build/lib/libopencv_calib3d.so.3.2.0
7f0f3d2f8000-7f0f3d2fa000 r--p 00166000 08:02 3287082                    /home/johan/Documents/JavaOpenCV/opencv-3.2.0/build/lib/libopencv_calib3d.so.3.2.0
7f0f3d2fa000-7f0f3d2fc000 rw-p 00168000 08:02 3287082                    /home/johan/Documents/JavaOpenCV/opencv-3.2.0/build/lib/libopencv_calib3d.so.3.2.0
7f0f3d2fc000-7f0f3d35c000 r-xp 00000000 08:02 3287042                    /home/johan/Documents/JavaOpenCV/opencv-3.2.0/build/lib/libopencv_objdetect.so.3.2.0
7f0f3d35c000-7f0f3d55c000 ---p 00060000 08:02 3287042                    /home/johan/Documents/JavaOpenCV/opencv-3.2.0/build/lib/libopencv_objdetect.so.3.2.0
7f0f3d55c000-7f0f3d55d000 r--p 00060000 08:02 3287042                    /home/johan/Documents/JavaOpenCV/opencv-3.2.0/build/lib/libopencv_objdetect.so.3.2.0
7f0f3d55d000-7f0f3d55e000 rw-p 00061000 08:02 3287042                    /home/johan/Documents/JavaOpenCV/opencv-3.2.0/build/lib/libopencv_objdetect.so.3.2.0
7f0f3d55e000-7f0f3d6da000 r-xp 00000000 08:02 3286934                    /home/johan/Documents/JavaOpenCV/opencv-3.2.0/build/lib/libopencv_video.so.3.2.0
7f0f3d6da000-7f0f3d8d9000 ---p 0017c000 08:02 3286934                    /home/johan/Documents/JavaOpenCV/opencv-3.2.0/build/lib/libopencv_video.so.3.2.0
7f0f3d8d9000-7f0f3d8db000 r--p 0017b000 08:02 3286934                    /home/johan/Documents/JavaOpenCV/opencv-3.2.0/build/lib/libopencv_video.so.3.2.0
7f0f3d8db000-7f0f3d8de000 rw-p 0017d000 08:02 3286934                    /home/johan/Documents/JavaOpenCV/opencv-3.2.0/build/lib/libopencv_video.so.3.2.0
7f0f3d8de000-7f0f3dac8000 r-xp 00000000 08:02 3287076                    /home/johan/Documents/JavaOpenCV/opencv-3.2.0/build/lib/libopencv_photo.so.3.2.0
7f0f3dac8000-7f0f3dcc8000 ---p 001ea000 08:02 3287076                    /home/johan/Documents/JavaOpenCV/opencv-3.2.0/build/lib/libopencv_photo.so.3.2.0
7f0f3dcc8000-7f0f3dcca000 r--p 001ea000 08:02 3287076                    /home/johan/Documents/JavaOpenCV/opencv-3.2.0/build/lib/libopencv_photo.so.3.2.0
7f0f3dcca000-7f0f3dccd000 rw-p 001ec000 08:02 3287076                    /home/johan/Documents/JavaOpenCV/opencv-3.2.0/build/lib/libopencv_photo.so.3.2.0
7f0f3dccd000-7f0f3dd8e000 r-xp 00000000 08:02 3287753                    /home/johan/Documents/JavaOpenCV/opencv-3.2.0/build/lib/libopencv_java320.so
7f0f3dd8e000-7f0f3df8d000 ---p 000c1000 08:02 3287753                    /home/johan/Documents/JavaOpenCV/opencv-3.2.0/build/lib/libopencv_java320.so
7f0f3df8d000-7f0f3df8e000 r--p 000c0000 08:02 3287753                    /home/johan/Documents/JavaOpenCV/opencv-3.2.0/build/lib/libopencv_java320.so
7f0f3df8e000-7f0f3df90000 rw-p 000c1000 08:02 3287753                    /home/johan/Documents/JavaOpenCV/opencv-3.2.0/build/lib/libopencv_java320.so
7f0f3df90000-7f0f3df95000 r-xp 00000000 08:02 531695                     /usr/lib/x86_64-linux-gnu/libXdmcp.so.6.0.0
7f0f3df95000-7f0f3e194000 ---p 00005000 08:02 531695                     /usr/lib/x86_64-linux-gnu/libXdmcp.so.6.0.0
7f0f3e194000-7f0f3e195000 r--p 00004000 08:02 531695                     /usr/lib/x86_64-linux-gnu/libXdmcp.so.6.0.0
7f0f3e195000-7f0f3e196000 rw-p 00005000 08:02 531695                     /usr/lib/x86_64-linux-gnu/libXdmcp.so.6.0.0
7f0f3e196000-7f0f3e199000 r-xp 00000000 08:02 531693                     /usr/lib/x86_64-linux-gnu/libXau.so.6.0.0
7f0f3e199000-7f0f3e398000 ---p 00003000 08:02 531693                     /usr/lib/x86_64-linux-gnu/libXau.so.6.0.0
7f0f3e398000-7f0f3e399000 r--p 00002000 08:02 531693                     /usr/lib/x86_64-linux-gnu/libXau.so.6.0.0
7f0f3e399000-7f0f3e39a000 rw-p 00003000 08:02 531693                     /usr/lib/x86_64-linux-gnu/libXau.so.6.0.0
7f0f3e39a000-7f0f3e3c1000 r-xp 00000000 08:02 527662                     /usr/lib/x86_64-linux-gnu/libxcb.so.1.1.0
7f0f3e3c1000-7f0f3e5c0000 ---p 00027000 08:02 527662                     /usr/lib/x86_64-linux-gnu/libxcb.so.1.1.0
7f0f3e5c0000-7f0f3e5c1000 r--p 00026000 08:02 527662                     /usr/lib/x86_64-linux-gnu/libxcb.so.1.1.0
7f0f3e5c1000-7f0f3e5c2000 rw-p 00027000 08:02 527662                     /usr/lib/x86_64-linux-gnu/libxcb.so.1.1.0
7f0f3e5c2000-7f0f3e5d1000 r-xp 00000000 08:02 534159                     /usr/lib/x86_64-linux-gnu/libXi.so.6.1.0
7f0f3e5d1000-7f0f3e7d0000 ---p 0000f000 08:02 534159                     /usr/lib/x86_64-linux-gnu/libXi.so.6.1.0
7f0f3e7d0000-7f0f3e7d1000 r--p 0000e000 08:02 534159                     /usr/lib/x86_64-linux-gnu/libXi.so.6.1.0
7f0f3e7d1000-7f0f3e7d2000 rw-p 0000f000 08:02 534159                     /usr/lib/x86_64-linux-gnu/libXi.so.6.1.0
7f0f3e7d2000-7f0f3e7d7000 r-xp 00000000 08:02 532095                     /usr/lib/x86_64-linux-gnu/libXtst.so.6.1.0
7f0f3e7d7000-7f0f3e9d6000 ---p 00005000 08:02 532095                     /usr/lib/x86_64-linux-gnu/libXtst.so.6.1.0
7f0f3e9d6000-7f0f3e9d7000 r--p 00004000 08:02 532095                     /usr/lib/x86_64-linux-gnu/libXtst.so.6.1.0
7f0f3e9d7000-7f0f3e9d8000 rw-p 00005000 08:02 532095                     /usr/lib/x86_64-linux-gnu/libXtst.so.6.1.0
7f0f3e9d8000-7f0f3e9e1000 r-xp 00000000 08:02 525053                     /usr/lib/x86_64-linux-gnu/libXrender.so.1.3.0
7f0f3e9e1000-7f0f3ebe0000 ---p 00009000 08:02 525053                     /usr/lib/x86_64-linux-gnu/libXrender.so.1.3.0
7f0f3ebe0000-7f0f3ebe1000 r--p 00008000 08:02 525053                     /usr/lib/x86_64-linux-gnu/libXrender.so.1.3.0
7f0f3ebe1000-7f0f3ebe2000 rw-p 00009000 08:02 525053                     /usr/lib/x86_64-linux-gnu/libXrender.so.1.3.0
7f0f3ebe2000-7f0f3ed1c000 r-xp 00000000 08:02 575376                     /usr/lib/x86_64-linux-gnu/libX11.so.6.3.0
7f0f3ed1c000-7f0f3ef1c000 ---p 0013a000 08:02 575376                     /usr/lib/x86_64-linux-gnu/libX11.so.6.3.0
7f0f3ef1c000-7f0f3ef1d000 r--p 0013a000 08:02 575376                     /usr/lib/x86_64-linux-gnu/libX11.so.6.3.0
7f0f3ef1d000-7f0f3ef22000 rw-p 0013b000 08:02 575376                     /usr/lib/x86_64-linux-gnu/libX11.so.6.3.0
7f0f3ef22000-7f0f3ef33000 r-xp 00000000 08:02 531704                     /usr/lib/x86_64-linux-gnu/libXext.so.6.4.0
7f0f3ef33000-7f0f3f132000 ---p 00011000 08:02 531704                     /usr/lib/x86_64-linux-gnu/libXext.so.6.4.0
7f0f3f132000-7f0f3f133000 r--p 00010000 08:02 531704                     /usr/lib/x86_64-linux-gnu/libXext.so.6.4.0
7f0f3f133000-7f0f3f134000 rw-p 00011000 08:02 531704                     /usr/lib/x86_64-linux-gnu/libXext.so.6.4.0
7f0f3f134000-7f0f3f188000 r-xp 00000000 08:02 1188949                    /usr/lib/jvm/java-8-openjdk-amd64/jre/lib/amd64/libawt_xawt.so
7f0f3f188000-7f0f3f387000 ---p 00054000 08:02 1188949                    /usr/lib/jvm/java-8-openjdk-amd64/jre/lib/amd64/libawt_xawt.so
7f0f3f387000-7f0f3f388000 r--p 00053000 08:02 1188949                    /usr/lib/jvm/java-8-openjdk-amd64/jre/lib/amd64/libawt_xawt.so
7f0f3f388000-7f0f3f38b000 rw-p 00054000 08:02 1188949                    /usr/lib/jvm/java-8-openjdk-amd64/jre/lib/amd64/libawt_xawt.so
7f0f3f38b000-7f0f3f38c000 rw-p 00000000 00:00 0 
7f0f3f38c000-7f0f3f42c000 r-xp 00000000 08:02 1188947                    /usr/lib/jvm/java-8-openjdk-amd64/jre/lib/amd64/libawt.so
7f0f3f42c000-7f0f3f62c000 ---p 000a0000 08:02 1188947                    /usr/lib/jvm/java-8-openjdk-amd64/jre/lib/amd64/libawt.so
7f0f3f62c000-7f0f3f62d000 r--p 000a0000 08:02 1188947                    /usr/lib/jvm/java-8-openjdk-amd64/jre/lib/amd64/libawt.so
7f0f3f62d000-7f0f3f638000 rw-p 000a1000 08:02 1188947                    /usr/lib/jvm/java-8-openjdk-amd64/jre/lib/amd64/libawt.so
7f0f3f638000-7f0f3f65d000 rw-p 00000000 00:00 0 
7f0f3f65d000-7f0f3f65e000 ---p 00000000 00:00 0 
7f0f3f65e000-7f0f3f85f000 rwxp 00000000 00:00 0 
7f0f3f85f000-7f0f3f860000 ---p 00000000 00:00 0 
7f0f3f860000-7f0f3f960000 rwxp 00000000 00:00 0 
7f0f3f960000-7f0f3f961000 ---p 00000000 00:00 0 
7f0f3f961000-7f0f3fa61000 rwxp 00000000 00:00 0 
7f0f3fa61000-7f0f3fa62000 ---p 00000000 00:00 0 
7f0f3fa62000-7f0f3fc63000 rwxp 00000000 00:00 0 
7f0f3fc63000-7f0f3fdfe000 r--p 00000000 08:02 540112                     /usr/lib/locale/locale-archive
7f0f3fdfe000-7f0f40000000 rwxp 00000000 00:00 0 
7f0f40000000-7f0f40021000 rw-p 00000000 00:00 0 
7f0f40021000-7f0f44000000 ---p 00000000 00:00 0 
7f0f44000000-7f0f44021000 rw-p 00000000 00:00 0 
7f0f44021000-7f0f48000000 ---p 00000000 00:00 0 
7f0f48000000-7f0f48021000 rw-p 00000000 00:00 0 
7f0f48021000-7f0f4c000000 ---p 00000000 00:00 0 
7f0f4c07e000-7f0f4c07f000 ---p 00000000 00:00 0 
7f0f4c07f000-7f0f4c17f000 rwxp 00000000 00:00 0 
7f0f4c17f000-7f0f50000000 rw-p 00000000 00:00 0 
7f0f50000000-7f0f50021000 rw-p 00000000 00:00 0 
7f0f50021000-7f0f54000000 ---p 00000000 00:00 0 
7f0f54040000-7f0f54043000 ---p 00000000 00:00 0 
7f0f54043000-7f0f54079000 rwxp 00000000 00:00 0 
7f0f54079000-7f0f5408c000 r--s 00346000 08:02 1189013                    /usr/lib/jvm/java-8-openjdk-amd64/jre/lib/resources.jar
7f0f5408c000-7f0f540a7000 r--s 001d6000 08:02 1188993                    /usr/lib/jvm/java-8-openjdk-amd64/jre/lib/ext/nashorn.jar
7f0f540a7000-7f0f540c2000 r--s 00394000 08:02 1188988                    /usr/lib/jvm/java-8-openjdk-amd64/jre/lib/ext/cldrdata.jar
7f0f540c2000-7f0f54e32000 rw-p 00000000 00:00 0 
7f0f54e32000-7f0f55000000 r--s 03c06000 08:02 1189014                    /usr/lib/jvm/java-8-openjdk-amd64/jre/lib/rt.jar
7f0f55000000-7f0f55310000 rwxp 00000000 00:00 0 
7f0f55310000-7f0f64000000 ---p 00000000 00:00 0 
7f0f64000000-7f0f67fd6000 rw-p 00000000 00:00 0 
7f0f67fd6000-7f0f68000000 ---p 00000000 00:00 0 
7f0f68001000-7f0f68005000 r--s 0009a000 08:02 1189009                    /usr/lib/jvm/java-8-openjdk-amd64/jre/lib/jsse.jar
7f0f68005000-7f0f68dc2000 rw-p 00000000 00:00 0 
7f0f68dc2000-7f0f68dc3000 ---p 00000000 00:00 0 
7f0f68dc3000-7f0f68ec3000 rwxp 00000000 00:00 0 
7f0f68ec3000-7f0f68ec4000 ---p 00000000 00:00 0 
7f0f68ec4000-7f0f68fc4000 rwxp 00000000 00:00 0 
7f0f68fc4000-7f0f68fc5000 ---p 00000000 00:00 0 
7f0f68fc5000-7f0f690c5000 rwxp 00000000 00:00 0 
7f0f690c5000-7f0f690c6000 ---p 00000000 00:00 0 
7f0f690c6000-7f0f691c6000 rwxp 00000000 00:00 0 
7f0f691c6000-7f0f691f0000 rw-p 00000000 00:00 0 
7f0f691f0000-7f0f69456000 ---p 00000000 00:00 0 
7f0f69456000-7f0f69480000 rw-p 00000000 00:00 0 
7f0f69480000-7f0f696e6000 ---p 00000000 00:00 0 
7f0f696e6000-7f0f69766000 rw-p 00000000 00:00 0 
7f0f69766000-7f0f6982e000 ---p 00000000 00:00 0 
7f0f6982e000-7f0f6983c000 rw-p 00000000 00:00 0 
7f0f6983c000-7f0f69bef000 ---p 00000000 00:00 0 
7f0f69bef000-7f0f69bf7000 r-xp 00000000 08:02 1188977                    /usr/lib/jvm/java-8-openjdk-amd64/jre/lib/amd64/libzip.so
7f0f69bf7000-7f0f69df6000 ---p 00008000 08:02 1188977                    /usr/lib/jvm/java-8-openjdk-amd64/jre/lib/amd64/libzip.so
7f0f69df6000-7f0f69df7000 r--p 00007000 08:02 1188977                    /usr/lib/jvm/java-8-openjdk-amd64/jre/lib/amd64/libzip.so
7f0f69df7000-7f0f69df8000 rw-p 00008000 08:02 1188977                    /usr/lib/jvm/java-8-openjdk-amd64/jre/lib/amd64/libzip.so
7f0f69df8000-7f0f69e02000 r-xp 00000000 08:02 3414736                    /lib/x86_64-linux-gnu/libnss_files-2.24.so
7f0f69e02000-7f0f6a002000 ---p 0000a000 08:02 3414736                    /lib/x86_64-linux-gnu/libnss_files-2.24.so
7f0f6a002000-7f0f6a003000 r--p 0000a000 08:02 3414736                    /lib/x86_64-linux-gnu/libnss_files-2.24.so
7f0f6a003000-7f0f6a004000 rw-p 0000b000 08:02 3414736                    /lib/x86_64-linux-gnu/libnss_files-2.24.so
7f0f6a004000-7f0f6a00a000 rw-p 00000000 00:00 0 
7f0f6a00a000-7f0f6a015000 r-xp 00000000 08:02 3414738                    /lib/x86_64-linux-gnu/libnss_nis-2.24.so
7f0f6a015000-7f0f6a214000 ---p 0000b000 08:02 3414738                    /lib/x86_64-linux-gnu/libnss_nis-2.24.so
7f0f6a214000-7f0f6a215000 r--p 0000a000 08:02 3414738                    /lib/x86_64-linux-gnu/libnss_nis-2.24.so
7f0f6a215000-7f0f6a216000 rw-p 0000b000 08:02 3414738                    /lib/x86_64-linux-gnu/libnss_nis-2.24.so
7f0f6a216000-7f0f6a22a000 r-xp 00000000 08:02 3414733                    /lib/x86_64-linux-gnu/libnsl-2.24.so
7f0f6a22a000-7f0f6a42a000 ---p 00014000 08:02 3414733                    /lib/x86_64-linux-gnu/libnsl-2.24.so
7f0f6a42a000-7f0f6a42b000 r--p 00014000 08:02 3414733                    /lib/x86_64-linux-gnu/libnsl-2.24.so
7f0f6a42b000-7f0f6a42c000 rw-p 00015000 08:02 3414733                    /lib/x86_64-linux-gnu/libnsl-2.24.so
7f0f6a42c000-7f0f6a42e000 rw-p 00000000 00:00 0 
7f0f6a42e000-7f0f6a435000 r-xp 00000000 08:02 3414734                    /lib/x86_64-linux-gnu/libnss_compat-2.24.so
7f0f6a435000-7f0f6a634000 ---p 00007000 08:02 3414734                    /lib/x86_64-linux-gnu/libnss_compat-2.24.so
7f0f6a634000-7f0f6a635000 r--p 00006000 08:02 3414734                    /lib/x86_64-linux-gnu/libnss_compat-2.24.so
7f0f6a635000-7f0f6a636000 rw-p 00007000 08:02 3414734                    /lib/x86_64-linux-gnu/libnss_compat-2.24.so
7f0f6a636000-7f0f6a663000 r-xp 00000000 08:02 1188958                    /usr/lib/jvm/java-8-openjdk-amd64/jre/lib/amd64/libjava.so
7f0f6a663000-7f0f6a862000 ---p 0002d000 08:02 1188958                    /usr/lib/jvm/java-8-openjdk-amd64/jre/lib/amd64/libjava.so
7f0f6a862000-7f0f6a863000 r--p 0002c000 08:02 1188958                    /usr/lib/jvm/java-8-openjdk-amd64/jre/lib/amd64/libjava.so
7f0f6a863000-7f0f6a865000 rw-p 0002d000 08:02 1188958                    /usr/lib/jvm/java-8-openjdk-amd64/jre/lib/amd64/libjava.so
7f0f6a865000-7f0f6a874000 r-xp 00000000 08:02 1188976                    /usr/lib/jvm/java-8-openjdk-amd64/jre/lib/amd64/libverify.so
7f0f6a874000-7f0f6aa73000 ---p 0000f000 08:02 1188976                    /usr/lib/jvm/java-8-openjdk-amd64/jre/lib/amd64/libverify.so
7f0f6aa73000-7f0f6aa75000 r--p 0000e000 08:02 1188976                    /usr/lib/jvm/java-8-openjdk-amd64/jre/lib/amd64/libverify.so
7f0f6aa75000-7f0f6aa76000 rw-p 00010000 08:02 1188976                    /usr/lib/jvm/java-8-openjdk-amd64/jre/lib/amd64/libverify.so
7f0f6aa76000-7f0f6aa7d000 r-xp 00000000 08:02 3414743                    /lib/x86_64-linux-gnu/librt-2.24.so
7f0f6aa7d000-7f0f6ac7c000 ---p 00007000 08:02 3414743                    /lib/x86_64-linux-gnu/librt-2.24.so
7f0f6ac7c000-7f0f6ac7d000 r--p 00006000 08:02 3414743                    /lib/x86_64-linux-gnu/librt-2.24.so
7f0f6ac7d000-7f0f6ac7e000 rw-p 00007000 08:02 3414743                    /lib/x86_64-linux-gnu/librt-2.24.so
7f0f6ac7e000-7f0f6ac94000 r-xp 00000000 08:02 3408375                    /lib/x86_64-linux-gnu/libgcc_s.so.1
7f0f6ac94000-7f0f6ae93000 ---p 00016000 08:02 3408375                    /lib/x86_64-linux-gnu/libgcc_s.so.1
7f0f6ae93000-7f0f6ae94000 r--p 00015000 08:02 3408375                    /lib/x86_64-linux-gnu/libgcc_s.so.1
7f0f6ae94000-7f0f6ae95000 rw-p 00016000 08:02 3408375                    /lib/x86_64-linux-gnu/libgcc_s.so.1
7f0f6ae95000-7f0f6af98000 r-xp 00000000 08:02 3414730                    /lib/x86_64-linux-gnu/libm-2.24.so
7f0f6af98000-7f0f6b197000 ---p 00103000 08:02 3414730                    /lib/x86_64-linux-gnu/libm-2.24.so
7f0f6b197000-7f0f6b198000 r--p 00102000 08:02 3414730                    /lib/x86_64-linux-gnu/libm-2.24.so
7f0f6b198000-7f0f6b199000 rw-p 00103000 08:02 3414730                    /lib/x86_64-linux-gnu/libm-2.24.so
7f0f6b199000-7f0f6b30b000 r-xp 00000000 08:02 524999                     /usr/lib/x86_64-linux-gnu/libstdc++.so.6.0.22
7f0f6b30b000-7f0f6b50b000 ---p 00172000 08:02 524999                     /usr/lib/x86_64-linux-gnu/libstdc++.so.6.0.22
7f0f6b50b000-7f0f6b515000 r--p 00172000 08:02 524999                     /usr/lib/x86_64-linux-gnu/libstdc++.so.6.0.22
7f0f6b515000-7f0f6b517000 rw-p 0017c000 08:02 524999                     /usr/lib/x86_64-linux-gnu/libstdc++.so.6.0.22
7f0f6b517000-7f0f6b51b000 rw-p 00000000 00:00 0 
7f0f6b51b000-7f0f6c170000 r-xp 00000000 08:02 1188979                    /usr/lib/jvm/java-8-openjdk-amd64/jre/lib/amd64/server/libjvm.so
7f0f6c170000-7f0f6c370000 ---p 00c55000 08:02 1188979                    /usr/lib/jvm/java-8-openjdk-amd64/jre/lib/amd64/server/libjvm.so
7f0f6c370000-7f0f6c403000 r--p 00c55000 08:02 1188979                    /usr/lib/jvm/java-8-openjdk-amd64/jre/lib/amd64/server/libjvm.so
7f0f6c403000-7f0f6c42c000 rw-p 00ce8000 08:02 1188979                    /usr/lib/jvm/java-8-openjdk-amd64/jre/lib/amd64/server/libjvm.so
7f0f6c42c000-7f0f6c45c000 rw-p 00000000 00:00 0 
7f0f6c45c000-7f0f6c5f1000 r-xp 00000000 08:02 3414726                    /lib/x86_64-linux-gnu/libc-2.24.so
7f0f6c5f1000-7f0f6c7f0000 ---p 00195000 08:02 3414726                    /lib/x86_64-linux-gnu/libc-2.24.so
7f0f6c7f0000-7f0f6c7f4000 r--p 00194000 08:02 3414726                    /lib/x86_64-linux-gnu/libc-2.24.so
7f0f6c7f4000-7f0f6c7f6000 rw-p 00198000 08:02 3414726                    /lib/x86_64-linux-gnu/libc-2.24.so
7f0f6c7f6000-7f0f6c7fa000 rw-p 00000000 00:00 0 
7f0f6c7fa000-7f0f6c7fc000 r-xp 00000000 08:02 3414729                    /lib/x86_64-linux-gnu/libdl-2.24.so
7f0f6c7fc000-7f0f6c9fc000 ---p 00002000 08:02 3414729                    /lib/x86_64-linux-gnu/libdl-2.24.so
7f0f6c9fc000-7f0f6c9fd000 r--p 00002000 08:02 3414729                    /lib/x86_64-linux-gnu/libdl-2.24.so
7f0f6c9fd000-7f0f6c9fe000 rw-p 00003000 08:02 3414729                    /lib/x86_64-linux-gnu/libdl-2.24.so
7f0f6c9fe000-7f0f6ca0b000 r-xp 00000000 08:02 1188942                    /usr/lib/jvm/java-8-openjdk-amd64/jre/lib/amd64/jli/libjli.so
7f0f6ca0b000-7f0f6cc0b000 ---p 0000d000 08:02 1188942                    /usr/lib/jvm/java-8-openjdk-amd64/jre/lib/amd64/jli/libjli.so
7f0f6cc0b000-7f0f6cc0c000 r--p 0000d000 08:02 1188942                    /usr/lib/jvm/java-8-openjdk-amd64/jre/lib/amd64/jli/libjli.so
7f0f6cc0c000-7f0f6cc0d000 rw-p 0000e000 08:02 1188942                    /usr/lib/jvm/java-8-openjdk-amd64/jre/lib/amd64/jli/libjli.so
7f0f6cc0d000-7f0f6cc26000 r-xp 00000000 08:02 3408105                    /lib/x86_64-linux-gnu/libz.so.1.2.8
7f0f6cc26000-7f0f6ce25000 ---p 00019000 08:02 3408105                    /lib/x86_64-linux-gnu/libz.so.1.2.8
7f0f6ce25000-7f0f6ce26000 r--p 00018000 08:02 3408105                    /lib/x86_64-linux-gnu/libz.so.1.2.8
7f0f6ce26000-7f0f6ce27000 rw-p 00019000 08:02 3408105                    /lib/x86_64-linux-gnu/libz.so.1.2.8
7f0f6ce27000-7f0f6ce3f000 r-xp 00000000 08:02 3414741                    /lib/x86_64-linux-gnu/libpthread-2.24.so
7f0f6ce3f000-7f0f6d03e000 ---p 00018000 08:02 3414741                    /lib/x86_64-linux-gnu/libpthread-2.24.so
7f0f6d03e000-7f0f6d03f000 r--p 00017000 08:02 3414741                    /lib/x86_64-linux-gnu/libpthread-2.24.so
7f0f6d03f000-7f0f6d040000 rw-p 00018000 08:02 3414741                    /lib/x86_64-linux-gnu/libpthread-2.24.so
7f0f6d040000-7f0f6d044000 rw-p 00000000 00:00 0 
7f0f6d044000-7f0f6d067000 r-xp 00000000 08:02 3414713                    /lib/x86_64-linux-gnu/ld-2.24.so
7f0f6d069000-7f0f6d06e000 r--s 00055000 08:02 3287464                    /home/johan/Documents/JavaOpenCV/opencv-3.2.0/build/bin/opencv-320.jar
7f0f6d06e000-7f0f6d139000 rw-p 00000000 00:00 0 
7f0f6d139000-7f0f6d13a000 ---p 00000000 00:00 0 
7f0f6d13a000-7f0f6d23a000 rwxp 00000000 00:00 0 
7f0f6d23a000-7f0f6d23c000 rw-p 00000000 00:00 0 
7f0f6d23c000-7f0f6d246000 r--s 00116000 08:02 1188992                    /usr/lib/jvm/java-8-openjdk-amd64/jre/lib/ext/localedata.jar
7f0f6d246000-7f0f6d249000 r--s 0000f000 08:02 1188990                    /usr/lib/jvm/java-8-openjdk-amd64/jre/lib/ext/icedtea-sound.jar
7f0f6d249000-7f0f6d24a000 r--s 0000a000 08:02 1188991                    /usr/lib/jvm/java-8-openjdk-amd64/jre/lib/ext/jaccess.jar
7f0f6d24a000-7f0f6d24c000 r--s 00008000 08:02 1188994                    /usr/lib/jvm/java-8-openjdk-amd64/jre/lib/ext/sunec.jar
7f0f6d24c000-7f0f6d24e000 r--s 00001000 08:02 1188989                    /usr/lib/jvm/java-8-openjdk-amd64/jre/lib/ext/dnsns.jar
7f0f6d24e000-7f0f6d253000 r--s 0003b000 08:02 1188995                    /usr/lib/jvm/java-8-openjdk-amd64/jre/lib/ext/sunjce_provider.jar
7f0f6d253000-7f0f6d255000 r--s 00007000 08:02 1050515                    /usr/share/java/java-atk-wrapper.jar
7f0f6d255000-7f0f6d259000 r--s 00037000 08:02 1188996                    /usr/lib/jvm/java-8-openjdk-amd64/jre/lib/ext/sunpkcs11.jar
7f0f6d259000-7f0f6d25a000 r--s 00010000 08:02 1188997                    /usr/lib/jvm/java-8-openjdk-amd64/jre/lib/ext/zipfs.jar
7f0f6d25a000-7f0f6d262000 rw-s 00000000 08:02 12976146                   /tmp/hsperfdata_johan/19196
7f0f6d262000-7f0f6d263000 rw-p 00000000 00:00 0 
7f0f6d263000-7f0f6d264000 r--p 00000000 00:00 0 
7f0f6d264000-7f0f6d267000 rw-p 00000000 00:00 0 
7f0f6d267000-7f0f6d268000 r--p 00023000 08:02 3414713                    /lib/x86_64-linux-gnu/ld-2.24.so
7f0f6d268000-7f0f6d269000 rw-p 00024000 08:02 3414713                    /lib/x86_64-linux-gnu/ld-2.24.so
7f0f6d269000-7f0f6d26a000 rw-p 00000000 00:00 0 
7fff8658d000-7fff865ac000 rwxp 00000000 00:00 0                          [stack]
7fff865ac000-7fff865ae000 rw-p 00000000 00:00 0 
7fff865de000-7fff865e0000 r--p 00000000 00:00 0                          [vvar]
7fff865e0000-7fff865e2000 r-xp 00000000 00:00 0                          [vdso]
ffffffffff600000-ffffffffff601000 r-xp 00000000 00:00 0                  [vsyscall]

VM Arguments:
jvm_args: -ea -Djava.library.path=/home/johan/Documents/JavaOpenCV/opencv-3.2.0/build/lib -Dfile.encoding=UTF-8 
java_command: handtrack.Video
java_class_path (initial): /home/johan/workspaceHCI/HandRecognition/bin:/home/johan/Documents/JavaOpenCV/opencv-3.2.0/build/bin/opencv-320.jar
Launcher Type: SUN_STANDARD

Environment Variables:
JAVA_HOME=/usr/local/java/jdk1.8.0_121
PATH=/home/johan/bin:/home/johan/.local/bin:/usr/local/java/jdk1.8.0_121/bin:/usr/local/bin:/usr/bin:/bin:/usr/local/games:/usr/games
USERNAME=johan
SHELL=/bin/bash
DISPLAY=:0

Signal Handlers:
SIGSEGV: [libjvm.so+0xa6c7e0], sa_mask[0]=11111111011111111101111111111110, sa_flags=SA_RESTART|SA_SIGINFO
SIGBUS: [libjvm.so+0xa6c7e0], sa_mask[0]=11111111011111111101111111111110, sa_flags=SA_RESTART|SA_SIGINFO
SIGFPE: [libjvm.so+0x8b64a0], sa_mask[0]=11111111011111111101111111111110, sa_flags=SA_RESTART|SA_SIGINFO
SIGPIPE: [libjvm.so+0x8b64a0], sa_mask[0]=11111111011111111101111111111110, sa_flags=SA_RESTART|SA_SIGINFO
SIGXFSZ: [libjvm.so+0x8b64a0], sa_mask[0]=11111111011111111101111111111110, sa_flags=SA_RESTART|SA_SIGINFO
SIGILL: [libjvm.so+0x8b64a0], sa_mask[0]=11111111011111111101111111111110, sa_flags=SA_RESTART|SA_SIGINFO
SIGUSR1: SIG_DFL, sa_mask[0]=00000000000000000000000000000000, sa_flags=none
SIGUSR2: [libjvm.so+0x8b6350], sa_mask[0]=00100000000000000000000000000000, sa_flags=SA_RESTART|SA_SIGINFO
SIGHUP: [libjvm.so+0x8b6800], sa_mask[0]=11111111011111111101111111111110, sa_flags=SA_RESTART|SA_SIGINFO
SIGINT: [libjvm.so+0x8b6800], sa_mask[0]=11111111011111111101111111111110, sa_flags=SA_RESTART|SA_SIGINFO
SIGTERM: [libjvm.so+0x8b6800], sa_mask[0]=11111111011111111101111111111110, sa_flags=SA_RESTART|SA_SIGINFO
SIGQUIT: [libjvm.so+0x8b6800], sa_mask[0]=11111111011111111101111111111110, sa_flags=SA_RESTART|SA_SIGINFO


---------------  S Y S T E M  ---------------

OS:PRETTY_NAME="Debian GNU/Linux 9 (stretch)"
NAME="Debian GNU/Linux"
VERSION_ID="9"
VERSION="9 (stretch)"
ID=debian
HOME_URL="https://www.debian.org/"
SUPPORT_URL="https://www.debian.org/support"
BUG_REPORT_URL="https://bugs.debian.org/"

uname:Linux 4.9.0-1-amd64 #1 SMP Debian 4.9.6-3 (2017-01-28) x86_64
libc:glibc 2.24 NPTL 2.24 
rlimit: STACK 8192k, CORE 0k, NPROC 31068, NOFILE 4096, AS infinity
load average:1.99 1.83 1.75

/proc/meminfo:
MemTotal:        8055444 kB
MemFree:          169480 kB
MemAvailable:    1759404 kB
Buffers:          108860 kB
Cached:          1924708 kB
SwapCached:          408 kB
Active:          6007812 kB
Inactive:        1509716 kB
Active(anon):    4600788 kB
Inactive(anon):  1211212 kB
Active(file):    1407024 kB
Inactive(file):   298504 kB
Unevictable:          96 kB
Mlocked:              96 kB
SwapTotal:       8264700 kB
SwapFree:        8261252 kB
Dirty:             16844 kB
Writeback:             0 kB
AnonPages:       5484032 kB
Mapped:           400876 kB
Shmem:            327784 kB
Slab:             245024 kB
SReclaimable:     189204 kB
SUnreclaim:        55820 kB
KernelStack:       11168 kB
PageTables:        47932 kB
NFS_Unstable:          0 kB
Bounce:                0 kB
WritebackTmp:          0 kB
CommitLimit:    12292420 kB
Committed_AS:    8858964 kB
VmallocTotal:   34359738367 kB
VmallocUsed:           0 kB
VmallocChunk:          0 kB
HardwareCorrupted:     0 kB
AnonHugePages:         0 kB
ShmemHugePages:        0 kB
ShmemPmdMapped:        0 kB
HugePages_Total:       0
HugePages_Free:        0
HugePages_Rsvd:        0
HugePages_Surp:        0
Hugepagesize:       2048 kB
DirectMap4k:      161448 kB
DirectMap2M:     7055360 kB
DirectMap1G:     1048576 kB


CPU:total 4 (2 cores per cpu, 2 threads per core) family 6 model 61 stepping 4, cmov, cx8, fxsr, mmx, sse, sse2, sse3, ssse3, sse4.1, sse4.2, popcnt, avx, avx2, aes, clmul, erms, rtm, 3dnowpref, lzcnt, ht, tsc, tscinvbit, bmi1, bmi2, adx

/proc/cpuinfo:
processor	: 0
vendor_id	: GenuineIntel
cpu family	: 6
model		: 61
model name	: Intel(R) Core(TM) i5-5300U CPU @ 2.30GHz
stepping	: 4
microcode	: 0x23
cpu MHz		: 2699.945
cache size	: 3072 KB
physical id	: 0
siblings	: 4
core id		: 0
cpu cores	: 2
apicid		: 0
initial apicid	: 0
fpu		: yes
fpu_exception	: yes
cpuid level	: 20
wp		: yes
flags		: fpu vme de pse tsc msr pae mce cx8 apic sep mtrr pge mca cmov pat pse36 clflush dts acpi mmx fxsr sse sse2 ss ht tm pbe syscall nx pdpe1gb rdtscp lm constant_tsc arch_perfmon pebs bts rep_good nopl xtopology nonstop_tsc aperfmperf eagerfpu pni pclmulqdq dtes64 monitor ds_cpl vmx smx est tm2 ssse3 sdbg fma cx16 xtpr pdcm pcid sse4_1 sse4_2 x2apic movbe popcnt tsc_deadline_timer aes xsave avx f16c rdrand lahf_lm abm 3dnowprefetch epb intel_pt tpr_shadow vnmi flexpriority ept vpid fsgsbase tsc_adjust bmi1 hle avx2 smep bmi2 erms invpcid rtm rdseed adx smap xsaveopt dtherm ida arat pln pts
bugs		:
bogomips	: 4589.51
clflush size	: 64
cache_alignment	: 64
address sizes	: 39 bits physical, 48 bits virtual
power management:

processor	: 1
vendor_id	: GenuineIntel
cpu family	: 6
model		: 61
model name	: Intel(R) Core(TM) i5-5300U CPU @ 2.30GHz
stepping	: 4
microcode	: 0x23
cpu MHz		: 2699.945
cache size	: 3072 KB
physical id	: 0
siblings	: 4
core id		: 0
cpu cores	: 2
apicid		: 1
initial apicid	: 1
fpu		: yes
fpu_exception	: yes
cpuid level	: 20
wp		: yes
flags		: fpu vme de pse tsc msr pae mce cx8 apic sep mtrr pge mca cmov pat pse36 clflush dts acpi mmx fxsr sse sse2 ss ht tm pbe syscall nx pdpe1gb rdtscp lm constant_tsc arch_perfmon pebs bts rep_good nopl xtopology nonstop_tsc aperfmperf eagerfpu pni pclmulqdq dtes64 monitor ds_cpl vmx smx est tm2 ssse3 sdbg fma cx16 xtpr pdcm pcid sse4_1 sse4_2 x2apic movbe popcnt tsc_deadline_timer aes xsave avx f16c rdrand lahf_lm abm 3dnowprefetch epb intel_pt tpr_shadow vnmi flexpriority ept vpid fsgsbase tsc_adjust bmi1 hle avx2 smep bmi2 erms invpcid rtm rdseed adx smap xsaveopt dtherm ida arat pln pts
bugs		:
bogomips	: 4590.97
clflush size	: 64
cache_alignment	: 64
address sizes	: 39 bits physical, 48 bits virtual
power management:

processor	: 2
vendor_id	: GenuineIntel
cpu family	: 6
model		: 61
model name	: Intel(R) Core(TM) i5-5300U CPU @ 2.30GHz
stepping	: 4
microcode	: 0x23
cpu MHz		: 2699.945
cache size	: 3072 KB
physical id	: 0
siblings	: 4
core id		: 1
cpu cores	: 2
apicid		: 2
initial apicid	: 2
fpu		: yes
fpu_exception	: yes
cpuid level	: 20
wp		: yes
flags		: fpu vme de pse tsc msr pae mce cx8 apic sep mtrr pge mca cmov pat pse36 clflush dts acpi mmx fxsr sse sse2 ss ht tm pbe syscall nx pdpe1gb rdtscp lm constant_tsc arch_perfmon pebs bts rep_good nopl xtopology nonstop_tsc aperfmperf eagerfpu pni pclmulqdq dtes64 monitor ds_cpl vmx smx est tm2 ssse3 sdbg fma cx16 xtpr pdcm pcid sse4_1 sse4_2 x2apic movbe popcnt tsc_deadline_timer aes xsave avx f16c rdrand lahf_lm abm 3dnowprefetch epb intel_pt tpr_shadow vnmi flexpriority ept vpid fsgsbase tsc_adjust bmi1 hle avx2 smep bmi2 erms invpcid rtm rdseed adx smap xsaveopt dtherm ida arat pln pts
bugs		:
bogomips	: 4590.60
clflush size	: 64
cache_alignment	: 64
address sizes	: 39 bits physical, 48 bits virtual
power management:

processor	: 3
vendor_id	: GenuineIntel
cpu family	: 6
model		: 61
model name	: Intel(R) Core(TM) i5-5300U CPU @ 2.30GHz
stepping	: 4
microcode	: 0x23
cpu MHz		: 2699.945
cache size	: 3072 KB
physical id	: 0
siblings	: 4
core id		: 1
cpu cores	: 2
apicid		: 3
initial apicid	: 3
fpu		: yes
fpu_exception	: yes
cpuid level	: 20
wp		: yes
flags		: fpu vme de pse tsc msr pae mce cx8 apic sep mtrr pge mca cmov pat pse36 clflush dts acpi mmx fxsr sse sse2 ss ht tm pbe syscall nx pdpe1gb rdtscp lm constant_tsc arch_perfmon pebs bts rep_good nopl xtopology nonstop_tsc aperfmperf eagerfpu pni pclmulqdq dtes64 monitor ds_cpl vmx smx est tm2 ssse3 sdbg fma cx16 xtpr pdcm pcid sse4_1 sse4_2 x2apic movbe popcnt tsc_deadline_timer aes xsave avx f16c rdrand lahf_lm abm 3dnowprefetch epb intel_pt tpr_shadow vnmi flexpriority ept vpid fsgsbase tsc_adjust bmi1 hle avx2 smep bmi2 erms invpcid rtm rdseed adx smap xsaveopt dtherm ida arat pln pts
bugs		:
bogomips	: 4590.59
clflush size	: 64
cache_alignment	: 64
address sizes	: 39 bits physical, 48 bits virtual
power management:



Memory: 4k page, physical 8055444k(169480k free), swap 8264700k(8261252k free)

vm_info: OpenJDK 64-Bit Server VM (25.121-b13) for linux-amd64 JRE (1.8.0_121-8u121-b13-3-b13), built on Feb  8 2017 06:24:13 by "buildd" with gcc 6.3.0 20170124

time: Wed Feb 22 14:58:54 2017
elapsed time: 6 seconds (0d 0h 0m 6s)

