#
# A fatal error has been detected by the Java Runtime Environment:
#
#  SIGSEGV (0xb) at pc=0x00007f40418a3dc5, pid=19640, tid=0x00007f4096ca9700
#
# JRE version: OpenJDK Runtime Environment (8.0_121-b13) (build 1.8.0_121-8u121-b13-3-b13)
# Java VM: OpenJDK 64-Bit Server VM (25.121-b13 mixed mode linux-amd64 compressed oops)
# Problematic frame:
# C  [libopencv_imgcodecs.so.3.2+0x2ddc5]  icvCvt_BGR2RGB_8u_C3R(unsigned char const*, int, unsigned char*, int, CvSize)+0x75
#
# Failed to write core dump. Core dumps have been disabled. To enable core dumping, try "ulimit -c unlimited" before starting Java again
#
# If you would like to submit a bug report, please visit:
#   http://bugreport.java.com/bugreport/crash.jsp
# The crash happened outside the Java Virtual Machine in native code.
# See problematic frame for where to report the bug.
#

---------------  T H R E A D  ---------------

Current thread (0x00007f409000a000):  JavaThread "main" [_thread_in_native, id=19641, stack(0x00007f4096ba9000,0x00007f4096caa000)]

siginfo: si_signo: 11 (SIGSEGV), si_code: 1 (SEGV_MAPERR), si_addr: 0x00007f402a278022

Registers:
RAX=0x00007f40901ab813, RBX=0x0000000000000000, RCX=0x00007f402a278023, RDX=0x00007f402a278020
RSP=0x00007f4096ca80d0, RBP=0x0000000000000000, RSI=0x0000000000000029, RDI=0x00007f40901ab810
R8 =0x000000000000002b, R9 =0x000000000000003d, R10=0x00007f40901ac710, R11=0x0000000000000000
R12=0x0000000000000f00, R13=0x0000000100000000, R14=0x00007f4090164da0, R15=0x00007f4096ca8480
RIP=0x00007f40418a3dc5, EFLAGS=0x0000000000010202, CSGSFS=0x002b000000000033, ERR=0x0000000000000006
  TRAPNO=0x000000000000000e

Top of Stack: (sp=0x00007f4096ca80d0)
0x00007f4096ca80d0:   00007f402a278020 00007f4090168070
0x00007f4096ca80e0:   0000000000000f00 00007f40418b0143
0x00007f4096ca80f0:   00007f4090164ce0 00007f4090164da0
0x00007f4096ca8100:   01007f4090164ce0 00007f4090164da0
0x00007f4096ca8110:   00007f4096ca8480 0000050000000f00
0x00007f4096ca8120:   00007f4090164ce0 00007f4090164da0
0x00007f4096ca8130:   00007f4096ca8190 00000000000002d0
0x00007f4096ca8140:   0000000000000500 00007f4096ca81e0
0x00007f4096ca8150:   00007f4096ca81f0 00007f404189d387
0x00007f4096ca8160:   0000000000000000 0000000100000002
0x00007f4096ca8170:   0000000000000000 0000000000000000
0x00007f4096ca8180:   0000000000000000 0000000000000000
0x00007f4096ca8190:   0000000000000000 0000000000000000
0x00007f4096ca81a0:   00007f4090846750 00007f4090164ce0
0x00007f4096ca81b0:   00007f407ae34640 00007f409000a000
0x00007f4096ca81c0:   0000000000000000 0000000000000000
0x00007f4096ca81d0:   0000000042ff0000 0000000000000000
0x00007f4096ca81e0:   0000000000000000 0000000000000000
0x00007f4096ca81f0:   0000000042ff0000 0000000000000000
0x00007f4096ca8200:   0000000000000000 0000000000000000
0x00007f4096ca8210:   0000000000000000 0000000000000000
0x00007f4096ca8220:   0000000000000000 0000000000000000
0x00007f4096ca8230:   00007f4096ca81f8 00007f4096ca8240
0x00007f4096ca8240:   0000000000000000 0000000000000000
0x00007f4096ca8250:   00007f4096ca8260 00007f409000a618
0x00007f4096ca8260:   00007f4000000283 00007f409000a000
0x00007f4096ca8270:   00007f409000a1e0 00007f4096ca8480
0x00007f4096ca8280:   00007f409000a000 00007f409000a000
0x00007f4096ca8290:   00007f4096ca8468 00007f4080732aac
0x00007f4096ca82a0:   00007f409000a000 0000000000000000
0x00007f4096ca82b0:   00007f409000a000 00007f409000a000
0x00007f4096ca82c0:   00007f4096ca82f0 00007f409562f14b 

Instructions: (pc=0x00007f40418a3dc5)
0x00007f40418a3da5:   89 d1 48 89 f8 66 0f 1f 44 00 00 44 0f b6 08 44
0x00007f40418a3db5:   0f b6 40 01 48 83 c0 03 0f b6 70 ff 48 83 c1 03
0x00007f40418a3dc5:   44 88 49 ff 44 88 41 fe 40 88 71 fd 4c 39 d0 75
0x00007f40418a3dd5:   da 41 83 eb 01 48 01 ef 48 01 da 41 83 fb ff 75 

Register to memory mapping:

RAX=0x00007f40901ab813 is an unknown value
RBX=0x0000000000000000 is an unknown value
RCX=0x00007f402a278023 is an unknown value
RDX=0x00007f402a278020 is an unknown value
RSP=0x00007f4096ca80d0 is pointing into the stack for thread: 0x00007f409000a000
RBP=0x0000000000000000 is an unknown value
RSI=0x0000000000000029 is an unknown value
RDI=0x00007f40901ab810 is an unknown value
R8 =0x000000000000002b is an unknown value
R9 =0x000000000000003d is an unknown value
R10=0x00007f40901ac710 is an unknown value
R11=0x0000000000000000 is an unknown value
R12=0x0000000000000f00 is an unknown value
R13=0x0000000100000000 is pointing into metadata
R14=0x00007f4090164da0 is an unknown value
R15=0x00007f4096ca8480 is pointing into the stack for thread: 0x00007f409000a000


Stack: [0x00007f4096ba9000,0x00007f4096caa000],  sp=0x00007f4096ca80d0,  free space=1020k
Native frames: (J=compiled Java code, j=interpreted, Vv=VM code, C=native code)
C  [libopencv_imgcodecs.so.3.2+0x2ddc5]  icvCvt_BGR2RGB_8u_C3R(unsigned char const*, int, unsigned char*, int, CvSize)+0x75

Java frames: (J=compiled Java code, j=interpreted, Vv=VM code)
j  org.opencv.videoio.VideoCapture.retrieve_1(JJ)Z+0
j  org.opencv.videoio.VideoCapture.retrieve(Lorg/opencv/core/Mat;)Z+8
j  handtrack.Video.main([Ljava/lang/String;)V+220
v  ~StubRoutines::call_stub

---------------  P R O C E S S  ---------------

Java Threads: ( => current thread )
  0x00007f4024002800 JavaThread "Thread-0" daemon [_thread_in_native, id=19663, stack(0x00007f402a99f000,0x00007f402b1a0000)]
  0x00007f4090519800 JavaThread "AWT-EventQueue-1" [_thread_in_vm, id=19665, stack(0x00007f4029df1000,0x00007f4029ef2000)]
  0x00007f4090518000 JavaThread "AWT-Shutdown" [_thread_blocked, id=19664, stack(0x00007f4029ef2000,0x00007f4029ff3000)]
  0x00007f40902f9000 JavaThread "process reaper" daemon [_thread_blocked, id=19662, stack(0x00007f40394fa000,0x00007f4039533000)]
  0x00007f40902ee800 JavaThread "AWT-XAWT" daemon [_thread_in_native, id=19660, stack(0x00007f4039533000,0x00007f4039634000)]
  0x00007f40902d1800 JavaThread "Java2D Disposer" daemon [_thread_blocked, id=19659, stack(0x00007f4078009000,0x00007f407810a000)]
  0x00007f40900c1800 JavaThread "Service Thread" daemon [_thread_blocked, id=19657, stack(0x00007f4079304000,0x00007f4079405000)]
  0x00007f40900b2000 JavaThread "C1 CompilerThread2" daemon [_thread_blocked, id=19656, stack(0x00007f4079405000,0x00007f4079506000)]
  0x00007f40900b0000 JavaThread "C2 CompilerThread1" daemon [_thread_blocked, id=19655, stack(0x00007f4079506000,0x00007f4079607000)]
  0x00007f40900ad000 JavaThread "C2 CompilerThread0" daemon [_thread_blocked, id=19654, stack(0x00007f4079607000,0x00007f4079708000)]
  0x00007f40900ab000 JavaThread "Signal Dispatcher" daemon [_thread_blocked, id=19653, stack(0x00007f4079708000,0x00007f4079809000)]
  0x00007f4090083800 JavaThread "Finalizer" daemon [_thread_blocked, id=19652, stack(0x00007f40799a4000,0x00007f4079aa5000)]
  0x00007f409007f000 JavaThread "Reference Handler" daemon [_thread_blocked, id=19651, stack(0x00007f4079aa5000,0x00007f4079ba6000)]
=>0x00007f409000a000 JavaThread "main" [_thread_in_native, id=19641, stack(0x00007f4096ba9000,0x00007f4096caa000)]

Other Threads:
  0x00007f4090077800 VMThread [stack: 0x00007f4079ba6000,0x00007f4079ca7000] [id=19650]
  0x00007f40900c4000 WatcherThread [stack: 0x00007f4079203000,0x00007f4079304000] [id=19658]

VM state:not at safepoint (normal execution)

VM Mutex/Monitor currently owned by a thread: None

Heap:
 PSYoungGen      total 252928K, used 146256K [0x00000000d7000000, 0x00000000e7400000, 0x0000000100000000)
  eden space 244224K, 56% used [0x00000000d7000000,0x00000000df67ad78,0x00000000e5e80000)
  from space 8704K, 98% used [0x00000000e6880000,0x00000000e70d94f0,0x00000000e7100000)
  to   space 10240K, 0% used [0x00000000e5e80000,0x00000000e5e80000,0x00000000e6880000)
 ParOldGen       total 84992K, used 12429K [0x0000000085000000, 0x000000008a300000, 0x00000000d7000000)
  object space 84992K, 14% used [0x0000000085000000,0x0000000085c23708,0x000000008a300000)
 Metaspace       used 11711K, capacity 11970K, committed 12160K, reserved 1060864K
  class space    used 1290K, capacity 1364K, committed 1408K, reserved 1048576K

Card table byte_map: [0x00007f407fe20000,0x00007f40801f9000] byte_map_base: 0x00007f407f9f8000

Marking Bits: (ParMarkBitMap*) 0x00007f4095eaf220
 Begin Bits: [0x00007f407ba0c000, 0x00007f407d8cc000)
 End Bits:   [0x00007f407d8cc000, 0x00007f407f78c000)

Polling page: 0x00007f4096cd3000

CodeCache: size=245760Kb used=2824Kb max_used=2824Kb free=242935Kb
 bounds [0x00007f40805b9000, 0x00007f4080889000, 0x00007f408f5b9000]
 total_blobs=1481 nmethods=765 adapters=631
 compilation: enabled

Compilation events (10 events):
Event: 5.675 Thread 0x00007f40900b2000  761       3       java.util.concurrent.locks.AbstractQueuedSynchronizer::setHead (16 bytes)
Event: 5.675 Thread 0x00007f40900b2000 nmethod 761 0x00007f408087b750 code [0x00007f408087b8c0, 0x00007f408087ba70]
Event: 5.675 Thread 0x00007f40900b2000  762  s    3       javax.swing.RepaintManager::getPaintManager (107 bytes)
Event: 5.676 Thread 0x00007f40900b2000 nmethod 762 0x00007f4080879ed0 code [0x00007f408087a120, 0x00007f408087b0d8]
Event: 5.725 Thread 0x00007f40900b2000  763       3       sun.java2d.SurfaceData::getTransparency (8 bytes)
Event: 5.725 Thread 0x00007f40900b2000 nmethod 763 0x00007f4080879a10 code [0x00007f4080879b80, 0x00007f4080879e28]
Event: 5.727 Thread 0x00007f40900b2000  764   !   3       sun.awt.image.SurfaceManager::getManager (47 bytes)
Event: 5.728 Thread 0x00007f40900b2000 nmethod 764 0x00007f408087c350 code [0x00007f408087c520, 0x00007f408087cc58]
Event: 5.728 Thread 0x00007f40900b2000  765       3       java.awt.Image$1::getSurfaceManager (5 bytes)
Event: 5.728 Thread 0x00007f40900b2000 nmethod 765 0x00007f4080879690 code [0x00007f4080879800, 0x00007f4080879950]

GC Heap History (10 events):
Event: 1.293 GC heap before
{Heap before GC invocations=4 (full 0):
 PSYoungGen      total 36864K, used 33248K [0x00000000d7000000, 0x00000000db800000, 0x0000000100000000)
  eden space 31744K, 100% used [0x00000000d7000000,0x00000000d8f00000,0x00000000d8f00000)
  from space 5120K, 29% used [0x00000000d8f00000,0x00000000d9078020,0x00000000d9400000)
  to   space 5120K, 0% used [0x00000000db300000,0x00000000db300000,0x00000000db800000)
 ParOldGen       total 84992K, used 24K [0x0000000085000000, 0x000000008a300000, 0x00000000d7000000)
  object space 84992K, 0% used [0x0000000085000000,0x0000000085006000,0x000000008a300000)
 Metaspace       used 10363K, capacity 10620K, committed 10752K, reserved 1058816K
  class space    used 1150K, capacity 1235K, committed 1280K, reserved 1048576K
Event: 1.296 GC heap after
Heap after GC invocations=4 (full 0):
 PSYoungGen      total 68608K, used 1474K [0x00000000d7000000, 0x00000000db800000, 0x0000000100000000)
  eden space 63488K, 0% used [0x00000000d7000000,0x00000000d7000000,0x00000000dae00000)
  from space 5120K, 28% used [0x00000000db300000,0x00000000db470830,0x00000000db800000)
  to   space 5120K, 0% used [0x00000000dae00000,0x00000000dae00000,0x00000000db300000)
 ParOldGen       total 84992K, used 24K [0x0000000085000000, 0x000000008a300000, 0x00000000d7000000)
  object space 84992K, 0% used [0x0000000085000000,0x0000000085006000,0x000000008a300000)
 Metaspace       used 10363K, capacity 10620K, committed 10752K, reserved 1058816K
  class space    used 1150K, capacity 1235K, committed 1280K, reserved 1048576K
}
Event: 1.845 GC heap before
{Heap before GC invocations=5 (full 0):
 PSYoungGen      total 68608K, used 64820K [0x00000000d7000000, 0x00000000db800000, 0x0000000100000000)
  eden space 63488K, 99% used [0x00000000d7000000,0x00000000daddcb30,0x00000000dae00000)
  from space 5120K, 28% used [0x00000000db300000,0x00000000db470830,0x00000000db800000)
  to   space 5120K, 0% used [0x00000000dae00000,0x00000000dae00000,0x00000000db300000)
 ParOldGen       total 84992K, used 24K [0x0000000085000000, 0x000000008a300000, 0x00000000d7000000)
  object space 84992K, 0% used [0x0000000085000000,0x0000000085006000,0x000000008a300000)
 Metaspace       used 11537K, capacity 11778K, committed 11904K, reserved 1060864K
  class space    used 1286K, capacity 1364K, committed 1408K, reserved 1048576K
Event: 1.849 GC heap after
Heap after GC invocations=5 (full 0):
 PSYoungGen      total 68608K, used 4694K [0x00000000d7000000, 0x00000000df400000, 0x0000000100000000)
  eden space 63488K, 0% used [0x00000000d7000000,0x00000000d7000000,0x00000000dae00000)
  from space 5120K, 91% used [0x00000000dae00000,0x00000000db295a90,0x00000000db300000)
  to   space 4096K, 0% used [0x00000000df000000,0x00000000df000000,0x00000000df400000)
 ParOldGen       total 84992K, used 2732K [0x0000000085000000, 0x000000008a300000, 0x00000000d7000000)
  object space 84992K, 3% used [0x0000000085000000,0x00000000852ab010,0x000000008a300000)
 Metaspace       used 11537K, capacity 11778K, committed 11904K, reserved 1060864K
  class space    used 1286K, capacity 1364K, committed 1408K, reserved 1048576K
}
Event: 2.371 GC heap before
{Heap before GC invocations=6 (full 0):
 PSYoungGen      total 68608K, used 68182K [0x00000000d7000000, 0x00000000df400000, 0x0000000100000000)
  eden space 63488K, 100% used [0x00000000d7000000,0x00000000dae00000,0x00000000dae00000)
  from space 5120K, 91% used [0x00000000dae00000,0x00000000db295a90,0x00000000db300000)
  to   space 4096K, 0% used [0x00000000df000000,0x00000000df000000,0x00000000df400000)
 ParOldGen       total 84992K, used 2732K [0x0000000085000000, 0x000000008a300000, 0x00000000d7000000)
  object space 84992K, 3% used [0x0000000085000000,0x00000000852ab010,0x000000008a300000)
 Metaspace       used 11548K, capacity 11778K, committed 11904K, reserved 1060864K
  class space    used 1286K, capacity 1364K, committed 1408K, reserved 1048576K
Event: 2.382 GC heap after
Heap after GC invocations=6 (full 0):
 PSYoungGen      total 126976K, used 4091K [0x00000000d7000000, 0x00000000dfc00000, 0x0000000100000000)
  eden space 122880K, 0% used [0x00000000d7000000,0x00000000d7000000,0x00000000de800000)
  from space 4096K, 99% used [0x00000000df000000,0x00000000df3fec70,0x00000000df400000)
  to   space 8192K, 0% used [0x00000000de800000,0x00000000de800000,0x00000000df000000)
 ParOldGen       total 84992K, used 8674K [0x0000000085000000, 0x000000008a300000, 0x00000000d7000000)
  object space 84992K, 10% used [0x0000000085000000,0x00000000858789d0,0x000000008a300000)
 Metaspace       used 11548K, capacity 11778K, committed 11904K, reserved 1060864K
  class space    used 1286K, capacity 1364K, committed 1408K, reserved 1048576K
}
Event: 3.555 GC heap before
{Heap before GC invocations=7 (full 0):
 PSYoungGen      total 126976K, used 126971K [0x00000000d7000000, 0x00000000dfc00000, 0x0000000100000000)
  eden space 122880K, 100% used [0x00000000d7000000,0x00000000de800000,0x00000000de800000)
  from space 4096K, 99% used [0x00000000df000000,0x00000000df3fec70,0x00000000df400000)
  to   space 8192K, 0% used [0x00000000de800000,0x00000000de800000,0x00000000df000000)
 ParOldGen       total 84992K, used 8674K [0x0000000085000000, 0x000000008a300000, 0x00000000d7000000)
  object space 84992K, 10% used [0x0000000085000000,0x00000000858789d0,0x000000008a300000)
 Metaspace       used 11585K, capacity 11842K, committed 11904K, reserved 1060864K
  class space    used 1286K, capacity 1364K, committed 1408K, reserved 1048576K
Event: 3.561 GC heap after
Heap after GC invocations=7 (full 0):
 PSYoungGen      total 131072K, used 5528K [0x00000000d7000000, 0x00000000e7100000, 0x0000000100000000)
  eden space 122880K, 0% used [0x00000000d7000000,0x00000000d7000000,0x00000000de800000)
  from space 8192K, 67% used [0x00000000de800000,0x00000000ded66020,0x00000000df000000)
  to   space 8704K, 0% used [0x00000000e6880000,0x00000000e6880000,0x00000000e7100000)
 ParOldGen       total 84992K, used 9721K [0x0000000085000000, 0x000000008a300000, 0x00000000d7000000)
  object space 84992K, 11% used [0x0000000085000000,0x000000008597e6f8,0x000000008a300000)
 Metaspace       used 11585K, capacity 11842K, committed 11904K, reserved 1060864K
  class space    used 1286K, capacity 1364K, committed 1408K, reserved 1048576K
}
Event: 4.585 GC heap before
{Heap before GC invocations=8 (full 0):
 PSYoungGen      total 131072K, used 128351K [0x00000000d7000000, 0x00000000e7100000, 0x0000000100000000)
  eden space 122880K, 99% used [0x00000000d7000000,0x00000000de7f1f48,0x00000000de800000)
  from space 8192K, 67% used [0x00000000de800000,0x00000000ded66020,0x00000000df000000)
  to   space 8704K, 0% used [0x00000000e6880000,0x00000000e6880000,0x00000000e7100000)
 ParOldGen       total 84992K, used 9721K [0x0000000085000000, 0x000000008a300000, 0x00000000d7000000)
  object space 84992K, 11% used [0x0000000085000000,0x000000008597e6f8,0x000000008a300000)
 Metaspace       used 11619K, capacity 11842K, committed 11904K, reserved 1060864K
  class space    used 1286K, capacity 1364K, committed 1408K, reserved 1048576K
Event: 4.589 GC heap after
Heap after GC invocations=8 (full 0):
 PSYoungGen      total 252928K, used 8549K [0x00000000d7000000, 0x00000000e7400000, 0x0000000100000000)
  eden space 244224K, 0% used [0x00000000d7000000,0x00000000d7000000,0x00000000e5e80000)
  from space 8704K, 98% used [0x00000000e6880000,0x00000000e70d94f0,0x00000000e7100000)
  to   space 10240K, 0% used [0x00000000e5e80000,0x00000000e5e80000,0x00000000e6880000)
 ParOldGen       total 84992K, used 12429K [0x0000000085000000, 0x000000008a300000, 0x00000000d7000000)
  object space 84992K, 14% used [0x0000000085000000,0x0000000085c23708,0x000000008a300000)
 Metaspace       used 11619K, capacity 11842K, committed 11904K, reserved 1060864K
  class space    used 1286K, capacity 1364K, committed 1408K, reserved 1048576K
}

Deoptimization events (2 events):
Event: 1.131 Thread 0x00007f409000a000 Uncommon trap: reason=unstable_if action=reinterpret pc=0x00007f40807c2e58 method=handtrack.Video.skinDetection(Lorg/opencv/core/Mat;)Lorg/opencv/core/Mat; @ 110
Event: 1.332 Thread 0x00007f409000a000 Uncommon trap: reason=unstable_if action=reinterpret pc=0x00007f40807c7a30 method=handtrack.Video.skinDetection(Lorg/opencv/core/Mat;)Lorg/opencv/core/Mat; @ 214

Internal exceptions (10 events):
Event: 0.114 Thread 0x00007f409000a000 Exception <a 'java/security/PrivilegedActionException'> (0x00000000d70b7a00) thrown at [/build/openjdk-8-TfkRBM/openjdk-8-8u121-b13/src/hotspot/src/share/vm/prims/jvm.cpp, line 1390]
Event: 0.114 Thread 0x00007f409000a000 Exception <a 'java/security/PrivilegedActionException'> (0x00000000d70b7c10) thrown at [/build/openjdk-8-TfkRBM/openjdk-8-8u121-b13/src/hotspot/src/share/vm/prims/jvm.cpp, line 1390]
Event: 0.114 Thread 0x00007f409000a000 Exception <a 'java/security/PrivilegedActionException'> (0x00000000d70b9c98) thrown at [/build/openjdk-8-TfkRBM/openjdk-8-8u121-b13/src/hotspot/src/share/vm/prims/jvm.cpp, line 1390]
Event: 0.114 Thread 0x00007f409000a000 Exception <a 'java/security/PrivilegedActionException'> (0x00000000d70b9ea8) thrown at [/build/openjdk-8-TfkRBM/openjdk-8-8u121-b13/src/hotspot/src/share/vm/prims/jvm.cpp, line 1390]
Event: 0.114 Thread 0x00007f409000a000 Exception <a 'java/security/PrivilegedActionException'> (0x00000000d70ba980) thrown at [/build/openjdk-8-TfkRBM/openjdk-8-8u121-b13/src/hotspot/src/share/vm/prims/jvm.cpp, line 1390]
Event: 0.114 Thread 0x00007f409000a000 Exception <a 'java/security/PrivilegedActionException'> (0x00000000d70bab90) thrown at [/build/openjdk-8-TfkRBM/openjdk-8-8u121-b13/src/hotspot/src/share/vm/prims/jvm.cpp, line 1390]
Event: 0.162 Thread 0x00007f409000a000 Exception <a 'java/lang/NoSuchFieldError': method resolution failed> (0x00000000d72268a0) thrown at [/build/openjdk-8-TfkRBM/openjdk-8-8u121-b13/src/hotspot/src/share/vm/prims/methodHandles.cpp, line 1146]
Event: 0.165 Thread 0x00007f409000a000 Exception <a 'java/lang/NoSuchFieldError': method resolution failed> (0x00000000d7234070) thrown at [/build/openjdk-8-TfkRBM/openjdk-8-8u121-b13/src/hotspot/src/share/vm/prims/methodHandles.cpp, line 1146]
Event: 0.198 Thread 0x00007f409000a000 Exception <a 'java/io/FileNotFoundException'> (0x00000000d72b2048) thrown at [/build/openjdk-8-TfkRBM/openjdk-8-8u121-b13/src/hotspot/src/share/vm/prims/jni.cpp, line 709]
Event: 0.239 Thread 0x00007f409000a000 Exception <a 'java/lang/ClassNotFoundException': sun/dc/DuctusRenderingEngine> (0x00000000d7310fa8) thrown at [/build/openjdk-8-TfkRBM/openjdk-8-8u121-b13/src/hotspot/src/share/vm/classfile/systemDictionary.cpp, line 210]

Events (10 events):
Event: 4.590 Executing VM operation: RevokeBias
Event: 4.590 Executing VM operation: RevokeBias done
Event: 4.590 Executing VM operation: RevokeBias
Event: 4.590 Executing VM operation: RevokeBias done
Event: 4.590 Executing VM operation: RevokeBias
Event: 4.590 Executing VM operation: RevokeBias done
Event: 4.590 Executing VM operation: RevokeBias
Event: 4.590 Executing VM operation: RevokeBias done
Event: 4.668 loading class sun/awt/X11/XMotionEvent
Event: 4.669 loading class sun/awt/X11/XMotionEvent done


Dynamic libraries:
85000000-8a300000 rw-p 00000000 00:00 0 
8a300000-d7000000 ---p 00000000 00:00 0 
d7000000-e7400000 rw-p 00000000 00:00 0 
e7400000-100000000 ---p 00000000 00:00 0 
100000000-100160000 rw-p 00000000 00:00 0 
100160000-140000000 ---p 00000000 00:00 0 
556572ea0000-556572ea1000 r-xp 00000000 08:02 1180878                    /usr/lib/jvm/java-8-openjdk-amd64/jre/bin/java
5565730a0000-5565730a1000 r--p 00000000 08:02 1180878                    /usr/lib/jvm/java-8-openjdk-amd64/jre/bin/java
5565730a1000-5565730a2000 rw-p 00001000 08:02 1180878                    /usr/lib/jvm/java-8-openjdk-amd64/jre/bin/java
556574020000-556574041000 rw-p 00000000 00:00 0                          [heap]
7f3fec000000-7f3fec021000 rw-p 00000000 00:00 0 
7f3fec021000-7f3ff0000000 ---p 00000000 00:00 0 
7f3ff4000000-7f3ff4021000 rw-p 00000000 00:00 0 
7f3ff4021000-7f3ff8000000 ---p 00000000 00:00 0 
7f3ffc000000-7f3ffc021000 rw-p 00000000 00:00 0 
7f3ffc021000-7f4000000000 ---p 00000000 00:00 0 
7f4004000000-7f4004021000 rw-p 00000000 00:00 0 
7f4004021000-7f4008000000 ---p 00000000 00:00 0 
7f4008000000-7f4008021000 rw-p 00000000 00:00 0 
7f4008021000-7f400c000000 ---p 00000000 00:00 0 
7f400c000000-7f400c021000 rw-p 00000000 00:00 0 
7f400c021000-7f4010000000 ---p 00000000 00:00 0 
7f4010000000-7f4010021000 rw-p 00000000 00:00 0 
7f4010021000-7f4014000000 ---p 00000000 00:00 0 
7f4014000000-7f4014021000 rw-p 00000000 00:00 0 
7f4014021000-7f4018000000 ---p 00000000 00:00 0 
7f40187d2000-7f4018b56000 rw-s 00000000 00:05 10190855                   /SYSV00000000 (deleted)
7f4018b56000-7f4018bd6000 rw-p 00000000 00:00 0 
7f4018bd6000-7f4018d56000 ---p 00000000 00:00 0 
7f4018d56000-7f4018ffa000 rw-p 00000000 00:00 0 
7f4018ffa000-7f4018ffb000 ---p 00000000 00:00 0 
7f4018ffb000-7f40197fb000 rwxp 00000000 00:00 0 
7f40197fb000-7f40197fc000 ---p 00000000 00:00 0 
7f40197fc000-7f4019ffc000 rwxp 00000000 00:00 0 
7f4019ffc000-7f4019ffd000 ---p 00000000 00:00 0 
7f4019ffd000-7f401a7fd000 rwxp 00000000 00:00 0 
7f401a7fd000-7f401a7fe000 ---p 00000000 00:00 0 
7f401a7fe000-7f401affe000 rwxp 00000000 00:00 0 
7f401affe000-7f401afff000 ---p 00000000 00:00 0 
7f401afff000-7f401b7ff000 rwxp 00000000 00:00 0 
7f401b7ff000-7f401b800000 ---p 00000000 00:00 0 
7f401b800000-7f401c000000 rwxp 00000000 00:00 0 
7f401c000000-7f401c021000 rw-p 00000000 00:00 0 
7f401c021000-7f4020000000 ---p 00000000 00:00 0 
7f4020000000-7f4020070000 rw-p 00000000 00:00 0 
7f4020070000-7f4024000000 ---p 00000000 00:00 0 
7f4024000000-7f4024021000 rw-p 00000000 00:00 0 
7f4024021000-7f4028000000 ---p 00000000 00:00 0 
7f4028071000-7f402807b000 r-xp 00000000 08:02 1188960                    /usr/lib/jvm/java-8-openjdk-amd64/jre/lib/amd64/libjavajpeg.so
7f402807b000-7f402827a000 ---p 0000a000 08:02 1188960                    /usr/lib/jvm/java-8-openjdk-amd64/jre/lib/amd64/libjavajpeg.so
7f402827a000-7f402827b000 r--p 00009000 08:02 1188960                    /usr/lib/jvm/java-8-openjdk-amd64/jre/lib/amd64/libjavajpeg.so
7f402827b000-7f402827c000 rw-p 0000a000 08:02 1188960                    /usr/lib/jvm/java-8-openjdk-amd64/jre/lib/amd64/libjavajpeg.so
7f402827c000-7f402827d000 ---p 00000000 00:00 0 
7f402827d000-7f4028a7d000 rwxp 00000000 00:00 0 
7f4028a7d000-7f4028a7e000 ---p 00000000 00:00 0 
7f4028a7e000-7f402927e000 rwxp 00000000 00:00 0 
7f4029522000-7f40297c6000 rw-p 00000000 00:00 0 
7f40297c6000-7f40297d7000 r-xp 00000000 08:02 1188970                    /usr/lib/jvm/java-8-openjdk-amd64/jre/lib/amd64/libnio.so
7f40297d7000-7f40299d7000 ---p 00011000 08:02 1188970                    /usr/lib/jvm/java-8-openjdk-amd64/jre/lib/amd64/libnio.so
7f40299d7000-7f40299d8000 r--p 00011000 08:02 1188970                    /usr/lib/jvm/java-8-openjdk-amd64/jre/lib/amd64/libnio.so
7f40299d8000-7f40299d9000 rw-p 00012000 08:02 1188970                    /usr/lib/jvm/java-8-openjdk-amd64/jre/lib/amd64/libnio.so
7f40299d9000-7f40299f0000 r-xp 00000000 08:02 1188969                    /usr/lib/jvm/java-8-openjdk-amd64/jre/lib/amd64/libnet.so
7f40299f0000-7f4029bef000 ---p 00017000 08:02 1188969                    /usr/lib/jvm/java-8-openjdk-amd64/jre/lib/amd64/libnet.so
7f4029bef000-7f4029bf0000 r--p 00016000 08:02 1188969                    /usr/lib/jvm/java-8-openjdk-amd64/jre/lib/amd64/libnet.so
7f4029bf0000-7f4029bf1000 rw-p 00017000 08:02 1188969                    /usr/lib/jvm/java-8-openjdk-amd64/jre/lib/amd64/libnet.so
7f4029bf1000-7f4029df1000 rw-p 00000000 00:00 0 
7f4029df1000-7f4029df4000 ---p 00000000 00:00 0 
7f4029df4000-7f4029ef2000 rwxp 00000000 00:00 0 
7f4029ef2000-7f4029ef5000 ---p 00000000 00:00 0 
7f4029ef5000-7f4029ff3000 rwxp 00000000 00:00 0 
7f402a79d000-7f402a7a0000 ---p 00000000 00:00 0 
7f402a7a0000-7f402a89e000 rwxp 00000000 00:00 0 
7f402a89e000-7f402a8a1000 ---p 00000000 00:00 0 
7f402a8a1000-7f402a99f000 rwxp 00000000 00:00 0 
7f402a99f000-7f402a9a2000 ---p 00000000 00:00 0 
7f402a9a2000-7f402b1a0000 rwxp 00000000 00:00 0 
7f402b1a0000-7f402b1b3000 r-xp 00000000 08:02 3408262                    /lib/x86_64-linux-gnu/libgpg-error.so.0.21.0
7f402b1b3000-7f402b3b2000 ---p 00013000 08:02 3408262                    /lib/x86_64-linux-gnu/libgpg-error.so.0.21.0
7f402b3b2000-7f402b3b3000 r--p 00012000 08:02 3408262                    /lib/x86_64-linux-gnu/libgpg-error.so.0.21.0
7f402b3b3000-7f402b3b4000 rw-p 00013000 08:02 3408262                    /lib/x86_64-linux-gnu/libgpg-error.so.0.21.0
7f402b3b4000-7f402b4bb000 r-xp 00000000 08:02 3407878                    /lib/x86_64-linux-gnu/libgcrypt.so.20.1.6
7f402b4bb000-7f402b6ba000 ---p 00107000 08:02 3407878                    /lib/x86_64-linux-gnu/libgcrypt.so.20.1.6
7f402b6ba000-7f402b6bc000 r--p 00106000 08:02 3407878                    /lib/x86_64-linux-gnu/libgcrypt.so.20.1.6
7f402b6bc000-7f402b6c3000 rw-p 00108000 08:02 3407878                    /lib/x86_64-linux-gnu/libgcrypt.so.20.1.6
7f402b6c3000-7f402b6d4000 r-xp 00000000 08:02 528208                     /usr/lib/x86_64-linux-gnu/liblz4.so.1.7.1
7f402b6d4000-7f402b8d3000 ---p 00011000 08:02 528208                     /usr/lib/x86_64-linux-gnu/liblz4.so.1.7.1
7f402b8d3000-7f402b8d4000 r--p 00010000 08:02 528208                     /usr/lib/x86_64-linux-gnu/liblz4.so.1.7.1
7f402b8d4000-7f402b8d5000 rw-p 00011000 08:02 528208                     /usr/lib/x86_64-linux-gnu/liblz4.so.1.7.1
7f402b8d5000-7f402b8fa000 r-xp 00000000 08:02 3407967                    /lib/x86_64-linux-gnu/liblzma.so.5.2.2
7f402b8fa000-7f402baf9000 ---p 00025000 08:02 3407967                    /lib/x86_64-linux-gnu/liblzma.so.5.2.2
7f402baf9000-7f402bafa000 r--p 00024000 08:02 3407967                    /lib/x86_64-linux-gnu/liblzma.so.5.2.2
7f402bafa000-7f402bafb000 rw-p 00025000 08:02 3407967                    /lib/x86_64-linux-gnu/liblzma.so.5.2.2
7f402bafb000-7f402bbe4000 r-xp 00000000 08:02 525465                     /usr/lib/x86_64-linux-gnu/libepoxy.so.0.0.0
7f402bbe4000-7f402bde3000 ---p 000e9000 08:02 525465                     /usr/lib/x86_64-linux-gnu/libepoxy.so.0.0.0
7f402bde3000-7f402bdea000 r--p 000e8000 08:02 525465                     /usr/lib/x86_64-linux-gnu/libepoxy.so.0.0.0
7f402bdea000-7f402bdf1000 rw-p 000ef000 08:02 525465                     /usr/lib/x86_64-linux-gnu/libepoxy.so.0.0.0
7f402bdf1000-7f402bdfe000 r-xp 00000000 08:02 528243                     /usr/lib/x86_64-linux-gnu/libwayland-client.so.0.3.0
7f402bdfe000-7f402bffd000 ---p 0000d000 08:02 528243                     /usr/lib/x86_64-linux-gnu/libwayland-client.so.0.3.0
7f402bffd000-7f402bfff000 r--p 0000c000 08:02 528243                     /usr/lib/x86_64-linux-gnu/libwayland-client.so.0.3.0
7f402bfff000-7f402c000000 rw-p 0000e000 08:02 528243                     /usr/lib/x86_64-linux-gnu/libwayland-client.so.0.3.0
7f402c000000-7f402c021000 rw-p 00000000 00:00 0 
7f402c021000-7f4030000000 ---p 00000000 00:00 0 
7f4030000000-7f4030021000 rw-p 00000000 00:00 0 
7f4030021000-7f4034000000 ---p 00000000 00:00 0 
7f4034000000-7f4034021000 rw-p 00000000 00:00 0 
7f4034021000-7f4038000000 ---p 00000000 00:00 0 
7f4038037000-7f4038038000 r-xp 00000000 08:02 535556                     /usr/lib/x86_64-linux-gnu/libwayland-egl.so.1.0.0
7f4038038000-7f4038237000 ---p 00001000 08:02 535556                     /usr/lib/x86_64-linux-gnu/libwayland-egl.so.1.0.0
7f4038237000-7f4038238000 r--p 00000000 08:02 535556                     /usr/lib/x86_64-linux-gnu/libwayland-egl.so.1.0.0
7f4038238000-7f4038239000 rw-p 00001000 08:02 535556                     /usr/lib/x86_64-linux-gnu/libwayland-egl.so.1.0.0
7f4038239000-7f403823d000 r-xp 00000000 08:02 528245                     /usr/lib/x86_64-linux-gnu/libwayland-cursor.so.0.0.0
7f403823d000-7f403843c000 ---p 00004000 08:02 528245                     /usr/lib/x86_64-linux-gnu/libwayland-cursor.so.0.0.0
7f403843c000-7f403843d000 r--p 00003000 08:02 528245                     /usr/lib/x86_64-linux-gnu/libwayland-cursor.so.0.0.0
7f403843d000-7f4038441000 rw-p 00004000 08:02 528245                     /usr/lib/x86_64-linux-gnu/libwayland-cursor.so.0.0.0
7f4038441000-7f403847f000 r-xp 00000000 08:02 532092                     /usr/lib/x86_64-linux-gnu/libxkbcommon.so.0.0.0
7f403847f000-7f403867e000 ---p 0003e000 08:02 532092                     /usr/lib/x86_64-linux-gnu/libxkbcommon.so.0.0.0
7f403867e000-7f4038680000 r--p 0003d000 08:02 532092                     /usr/lib/x86_64-linux-gnu/libxkbcommon.so.0.0.0
7f4038680000-7f4038681000 rw-p 0003f000 08:02 532092                     /usr/lib/x86_64-linux-gnu/libxkbcommon.so.0.0.0
7f4038681000-7f4038705000 r-xp 00000000 08:02 3408158                    /lib/x86_64-linux-gnu/libsystemd.so.0.17.0
7f4038705000-7f4038706000 ---p 00084000 08:02 3408158                    /lib/x86_64-linux-gnu/libsystemd.so.0.17.0
7f4038706000-7f4038709000 r--p 00084000 08:02 3408158                    /lib/x86_64-linux-gnu/libsystemd.so.0.17.0
7f4038709000-7f403870a000 rw-p 00087000 08:02 3408158                    /lib/x86_64-linux-gnu/libsystemd.so.0.17.0
7f403870a000-7f403870b000 rw-p 00000000 00:00 0 
7f403870b000-7f4038711000 r-xp 00000000 08:02 532744                     /usr/lib/x86_64-linux-gnu/libcairo-gobject.so.2.11400.8
7f4038711000-7f4038911000 ---p 00006000 08:02 532744                     /usr/lib/x86_64-linux-gnu/libcairo-gobject.so.2.11400.8
7f4038911000-7f4038913000 r--p 00006000 08:02 532744                     /usr/lib/x86_64-linux-gnu/libcairo-gobject.so.2.11400.8
7f4038913000-7f4038914000 rw-p 00008000 08:02 532744                     /usr/lib/x86_64-linux-gnu/libcairo-gobject.so.2.11400.8
7f4038914000-7f4038a01000 r-xp 00000000 08:02 532746                     /usr/lib/x86_64-linux-gnu/libgdk-3.so.0.2200.7
7f4038a01000-7f4038c01000 ---p 000ed000 08:02 532746                     /usr/lib/x86_64-linux-gnu/libgdk-3.so.0.2200.7
7f4038c01000-7f4038c07000 r--p 000ed000 08:02 532746                     /usr/lib/x86_64-linux-gnu/libgdk-3.so.0.2200.7
7f4038c07000-7f4038c0a000 rw-p 000f3000 08:02 532746                     /usr/lib/x86_64-linux-gnu/libgdk-3.so.0.2200.7
7f4038c0a000-7f4038c0b000 rw-p 00000000 00:00 0 
7f4038c0b000-7f4038c58000 r-xp 00000000 08:02 3408049                    /lib/x86_64-linux-gnu/libdbus-1.so.3.14.10
7f4038c58000-7f4038e58000 ---p 0004d000 08:02 3408049                    /lib/x86_64-linux-gnu/libdbus-1.so.3.14.10
7f4038e58000-7f4038e5a000 r--p 0004d000 08:02 3408049                    /lib/x86_64-linux-gnu/libdbus-1.so.3.14.10
7f4038e5a000-7f4038e5b000 rw-p 0004f000 08:02 3408049                    /lib/x86_64-linux-gnu/libdbus-1.so.3.14.10
7f4038e5b000-7f4038e88000 r-xp 00000000 08:02 532567                     /usr/lib/x86_64-linux-gnu/libatspi.so.0.0.1
7f4038e88000-7f4039088000 ---p 0002d000 08:02 532567                     /usr/lib/x86_64-linux-gnu/libatspi.so.0.0.1
7f4039088000-7f403908b000 r--p 0002d000 08:02 532567                     /usr/lib/x86_64-linux-gnu/libatspi.so.0.0.1
7f403908b000-7f403908c000 rw-p 00030000 08:02 532567                     /usr/lib/x86_64-linux-gnu/libatspi.so.0.0.1
7f403908c000-7f40390b9000 r-xp 00000000 08:02 532742                     /usr/lib/x86_64-linux-gnu/libatk-bridge-2.0.so.0.0.0
7f40390b9000-7f40392b8000 ---p 0002d000 08:02 532742                     /usr/lib/x86_64-linux-gnu/libatk-bridge-2.0.so.0.0.0
7f40392b8000-7f40392b9000 r--p 0002c000 08:02 532742                     /usr/lib/x86_64-linux-gnu/libatk-bridge-2.0.so.0.0.0
7f40392b9000-7f40392bb000 rw-p 0002d000 08:02 532742                     /usr/lib/x86_64-linux-gnu/libatk-bridge-2.0.so.0.0.0
7f40392e3000-7f40392f8000 r-xp 00000000 08:02 1179939                    /usr/lib/x86_64-linux-gnu/jni/libatk-wrapper.so.6.0.0
7f40392f8000-7f40394f8000 ---p 00015000 08:02 1179939                    /usr/lib/x86_64-linux-gnu/jni/libatk-wrapper.so.6.0.0
7f40394f8000-7f40394f9000 r--p 00015000 08:02 1179939                    /usr/lib/x86_64-linux-gnu/jni/libatk-wrapper.so.6.0.0
7f40394f9000-7f40394fa000 rw-p 00016000 08:02 1179939                    /usr/lib/x86_64-linux-gnu/jni/libatk-wrapper.so.6.0.0
7f40394fa000-7f40394fd000 ---p 00000000 00:00 0 
7f40394fd000-7f4039533000 rwxp 00000000 00:00 0 
7f4039533000-7f4039536000 ---p 00000000 00:00 0 
7f4039536000-7f4039634000 rwxp 00000000 00:00 0 
7f4039634000-7f4039685000 r-xp 00000000 08:02 1188951                    /usr/lib/jvm/java-8-openjdk-amd64/jre/lib/amd64/libfontmanager.so
7f4039685000-7f4039885000 ---p 00051000 08:02 1188951                    /usr/lib/jvm/java-8-openjdk-amd64/jre/lib/amd64/libfontmanager.so
7f4039885000-7f4039887000 r--p 00051000 08:02 1188951                    /usr/lib/jvm/java-8-openjdk-amd64/jre/lib/amd64/libfontmanager.so
7f4039887000-7f4039888000 rw-p 00053000 08:02 1188951                    /usr/lib/jvm/java-8-openjdk-amd64/jre/lib/amd64/libfontmanager.so
7f4039888000-7f403988c000 r-xp 00000000 08:02 3407928                    /lib/x86_64-linux-gnu/libuuid.so.1.3.0
7f403988c000-7f4039a8b000 ---p 00004000 08:02 3407928                    /lib/x86_64-linux-gnu/libuuid.so.1.3.0
7f4039a8b000-7f4039a8c000 r--p 00003000 08:02 3407928                    /lib/x86_64-linux-gnu/libuuid.so.1.3.0
7f4039a8c000-7f4039a8d000 rw-p 00004000 08:02 3407928                    /lib/x86_64-linux-gnu/libuuid.so.1.3.0
7f4039a8d000-7f4039a93000 r-xp 00000000 08:02 527839                     /usr/lib/x86_64-linux-gnu/libdatrie.so.1.3.3
7f4039a93000-7f4039c93000 ---p 00006000 08:02 527839                     /usr/lib/x86_64-linux-gnu/libdatrie.so.1.3.3
7f4039c93000-7f4039c94000 r--p 00006000 08:02 527839                     /usr/lib/x86_64-linux-gnu/libdatrie.so.1.3.3
7f4039c94000-7f4039c95000 rw-p 00007000 08:02 527839                     /usr/lib/x86_64-linux-gnu/libdatrie.so.1.3.3
7f4039c95000-7f4039cb8000 r-xp 00000000 08:02 528374                     /usr/lib/x86_64-linux-gnu/libgraphite2.so.3.0.1
7f4039cb8000-7f4039eb8000 ---p 00023000 08:02 528374                     /usr/lib/x86_64-linux-gnu/libgraphite2.so.3.0.1
7f4039eb8000-7f4039eba000 r--p 00023000 08:02 528374                     /usr/lib/x86_64-linux-gnu/libgraphite2.so.3.0.1
7f4039eba000-7f4039ebb000 rw-p 00025000 08:02 528374                     /usr/lib/x86_64-linux-gnu/libgraphite2.so.3.0.1
7f4039ebb000-7f4039efc000 r-xp 00000000 08:02 3407941                    /lib/x86_64-linux-gnu/libblkid.so.1.1.0
7f4039efc000-7f403a0fb000 ---p 00041000 08:02 3407941                    /lib/x86_64-linux-gnu/libblkid.so.1.1.0
7f403a0fb000-7f403a0ff000 r--p 00040000 08:02 3407941                    /lib/x86_64-linux-gnu/libblkid.so.1.1.0
7f403a0ff000-7f403a100000 rw-p 00044000 08:02 3407941                    /lib/x86_64-linux-gnu/libblkid.so.1.1.0
7f403a100000-7f403a101000 rw-p 00000000 00:00 0 
7f403a101000-7f403a128000 r-xp 00000000 08:02 3407918                    /lib/x86_64-linux-gnu/libexpat.so.1.6.2
7f403a128000-7f403a328000 ---p 00027000 08:02 3407918                    /lib/x86_64-linux-gnu/libexpat.so.1.6.2
7f403a328000-7f403a32a000 r--p 00027000 08:02 3407918                    /lib/x86_64-linux-gnu/libexpat.so.1.6.2
7f403a32a000-7f403a32b000 rw-p 00029000 08:02 3407918                    /lib/x86_64-linux-gnu/libexpat.so.1.6.2
7f403a32b000-7f403a39d000 r-xp 00000000 08:02 3408343                    /lib/x86_64-linux-gnu/libpcre.so.3.13.3
7f403a39d000-7f403a59c000 ---p 00072000 08:02 3408343                    /lib/x86_64-linux-gnu/libpcre.so.3.13.3
7f403a59c000-7f403a59d000 r--p 00071000 08:02 3408343                    /lib/x86_64-linux-gnu/libpcre.so.3.13.3
7f403a59d000-7f403a59e000 rw-p 00072000 08:02 3408343                    /lib/x86_64-linux-gnu/libpcre.so.3.13.3
7f403a59e000-7f403a5a5000 r-xp 00000000 08:02 528241                     /usr/lib/x86_64-linux-gnu/libffi.so.6.0.4
7f403a5a5000-7f403a7a5000 ---p 00007000 08:02 528241                     /usr/lib/x86_64-linux-gnu/libffi.so.6.0.4
7f403a7a5000-7f403a7a6000 r--p 00007000 08:02 528241                     /usr/lib/x86_64-linux-gnu/libffi.so.6.0.4
7f403a7a6000-7f403a7a7000 rw-p 00008000 08:02 528241                     /usr/lib/x86_64-linux-gnu/libffi.so.6.0.4
7f403a7a7000-7f403a7af000 r-xp 00000000 08:02 528239                     /usr/lib/x86_64-linux-gnu/libthai.so.0.3.0
7f403a7af000-7f403a9af000 ---p 00008000 08:02 528239                     /usr/lib/x86_64-linux-gnu/libthai.so.0.3.0
7f403a9af000-7f403a9b0000 r--p 00008000 08:02 528239                     /usr/lib/x86_64-linux-gnu/libthai.so.0.3.0
7f403a9b0000-7f403a9b1000 rw-p 00009000 08:02 528239                     /usr/lib/x86_64-linux-gnu/libthai.so.0.3.0
7f403a9b1000-7f403aa44000 r-xp 00000000 08:02 577037                     /usr/lib/x86_64-linux-gnu/libharfbuzz.so.0.10400.2
7f403aa44000-7f403ac43000 ---p 00093000 08:02 577037                     /usr/lib/x86_64-linux-gnu/libharfbuzz.so.0.10400.2
7f403ac43000-7f403ac45000 r--p 00092000 08:02 577037                     /usr/lib/x86_64-linux-gnu/libharfbuzz.so.0.10400.2
7f403ac45000-7f403ac46000 rw-p 00094000 08:02 577037                     /usr/lib/x86_64-linux-gnu/libharfbuzz.so.0.10400.2
7f403ac46000-7f403ac90000 r-xp 00000000 08:02 3407943                    /lib/x86_64-linux-gnu/libmount.so.1.1.0
7f403ac90000-7f403ae90000 ---p 0004a000 08:02 3407943                    /lib/x86_64-linux-gnu/libmount.so.1.1.0
7f403ae90000-7f403ae91000 r--p 0004a000 08:02 3407943                    /lib/x86_64-linux-gnu/libmount.so.1.1.0
7f403ae91000-7f403ae92000 rw-p 0004b000 08:02 3407943                    /lib/x86_64-linux-gnu/libmount.so.1.1.0
7f403ae92000-7f403ae94000 rw-p 00000000 00:00 0 
7f403ae94000-7f403aea8000 r-xp 00000000 08:02 3414742                    /lib/x86_64-linux-gnu/libresolv-2.24.so
7f403aea8000-7f403b0a7000 ---p 00014000 08:02 3414742                    /lib/x86_64-linux-gnu/libresolv-2.24.so
7f403b0a7000-7f403b0a8000 r--p 00013000 08:02 3414742                    /lib/x86_64-linux-gnu/libresolv-2.24.so
7f403b0a8000-7f403b0a9000 rw-p 00014000 08:02 3414742                    /lib/x86_64-linux-gnu/libresolv-2.24.so
7f403b0a9000-7f403b0ab000 rw-p 00000000 00:00 0 
7f403b0ab000-7f403b0d0000 r-xp 00000000 08:02 3408007                    /lib/x86_64-linux-gnu/libselinux.so.1
7f403b0d0000-7f403b2cf000 ---p 00025000 08:02 3408007                    /lib/x86_64-linux-gnu/libselinux.so.1
7f403b2cf000-7f403b2d0000 r--p 00024000 08:02 3408007                    /lib/x86_64-linux-gnu/libselinux.so.1
7f403b2d0000-7f403b2d1000 rw-p 00025000 08:02 3408007                    /lib/x86_64-linux-gnu/libselinux.so.1
7f403b2d1000-7f403b2d3000 rw-p 00000000 00:00 0 
7f403b2d3000-7f403b2df000 r-xp 00000000 08:02 525048                     /usr/lib/x86_64-linux-gnu/libxcb-render.so.0.0.0
7f403b2df000-7f403b4df000 ---p 0000c000 08:02 525048                     /usr/lib/x86_64-linux-gnu/libxcb-render.so.0.0.0
7f403b4df000-7f403b4e0000 r--p 0000c000 08:02 525048                     /usr/lib/x86_64-linux-gnu/libxcb-render.so.0.0.0
7f403b4e0000-7f403b4e1000 rw-p 0000d000 08:02 525048                     /usr/lib/x86_64-linux-gnu/libxcb-render.so.0.0.0
7f403b4e1000-7f403b4e3000 r-xp 00000000 08:02 525050                     /usr/lib/x86_64-linux-gnu/libxcb-shm.so.0.0.0
7f403b4e3000-7f403b6e3000 ---p 00002000 08:02 525050                     /usr/lib/x86_64-linux-gnu/libxcb-shm.so.0.0.0
7f403b6e3000-7f403b6e4000 r--p 00002000 08:02 525050                     /usr/lib/x86_64-linux-gnu/libxcb-shm.so.0.0.0
7f403b6e4000-7f403b6e5000 rw-p 00003000 08:02 525050                     /usr/lib/x86_64-linux-gnu/libxcb-shm.so.0.0.0
7f403b6e5000-7f403b783000 r-xp 00000000 08:02 525046                     /usr/lib/x86_64-linux-gnu/libpixman-1.so.0.34.0
7f403b783000-7f403b983000 ---p 0009e000 08:02 525046                     /usr/lib/x86_64-linux-gnu/libpixman-1.so.0.34.0
7f403b983000-7f403b98b000 r--p 0009e000 08:02 525046                     /usr/lib/x86_64-linux-gnu/libpixman-1.so.0.34.0
7f403b98b000-7f403b98c000 rw-p 000a6000 08:02 525046                     /usr/lib/x86_64-linux-gnu/libpixman-1.so.0.34.0
7f403b98c000-7f403b996000 r-xp 00000000 08:02 533027                     /usr/lib/x86_64-linux-gnu/libXcursor.so.1.0.2
7f403b996000-7f403bb95000 ---p 0000a000 08:02 533027                     /usr/lib/x86_64-linux-gnu/libXcursor.so.1.0.2
7f403bb95000-7f403bb96000 r--p 00009000 08:02 533027                     /usr/lib/x86_64-linux-gnu/libXcursor.so.1.0.2
7f403bb96000-7f403bb97000 rw-p 0000a000 08:02 533027                     /usr/lib/x86_64-linux-gnu/libXcursor.so.1.0.2
7f403bb97000-7f403bba1000 r-xp 00000000 08:02 532569                     /usr/lib/x86_64-linux-gnu/libXrandr.so.2.2.0
7f403bba1000-7f403bda0000 ---p 0000a000 08:02 532569                     /usr/lib/x86_64-linux-gnu/libXrandr.so.2.2.0
7f403bda0000-7f403bda1000 r--p 00009000 08:02 532569                     /usr/lib/x86_64-linux-gnu/libXrandr.so.2.2.0
7f403bda1000-7f403bda2000 rw-p 0000a000 08:02 532569                     /usr/lib/x86_64-linux-gnu/libXrandr.so.2.2.0
7f403bda2000-7f403bda4000 r-xp 00000000 08:02 531706                     /usr/lib/x86_64-linux-gnu/libXinerama.so.1.0.0
7f403bda4000-7f403bfa3000 ---p 00002000 08:02 531706                     /usr/lib/x86_64-linux-gnu/libXinerama.so.1.0.0
7f403bfa3000-7f403bfa4000 r--p 00001000 08:02 531706                     /usr/lib/x86_64-linux-gnu/libXinerama.so.1.0.0
7f403bfa4000-7f403bfa5000 rw-p 00002000 08:02 531706                     /usr/lib/x86_64-linux-gnu/libXinerama.so.1.0.0
7f403bfa5000-7f403bfaa000 r-xp 00000000 08:02 527146                     /usr/lib/x86_64-linux-gnu/libXfixes.so.3.1.0
7f403bfaa000-7f403c1a9000 ---p 00005000 08:02 527146                     /usr/lib/x86_64-linux-gnu/libXfixes.so.3.1.0
7f403c1a9000-7f403c1aa000 r--p 00004000 08:02 527146                     /usr/lib/x86_64-linux-gnu/libXfixes.so.3.1.0
7f403c1aa000-7f403c1ab000 rw-p 00005000 08:02 527146                     /usr/lib/x86_64-linux-gnu/libXfixes.so.3.1.0
7f403c1ab000-7f403c1ad000 r-xp 00000000 08:02 533029                     /usr/lib/x86_64-linux-gnu/libXdamage.so.1.1.0
7f403c1ad000-7f403c3ac000 ---p 00002000 08:02 533029                     /usr/lib/x86_64-linux-gnu/libXdamage.so.1.1.0
7f403c3ac000-7f403c3ad000 r--p 00001000 08:02 533029                     /usr/lib/x86_64-linux-gnu/libXdamage.so.1.1.0
7f403c3ad000-7f403c3ae000 rw-p 00002000 08:02 533029                     /usr/lib/x86_64-linux-gnu/libXdamage.so.1.1.0
7f403c3ae000-7f403c3b0000 r-xp 00000000 08:02 534161                     /usr/lib/x86_64-linux-gnu/libXcomposite.so.1.0.0
7f403c3b0000-7f403c5af000 ---p 00002000 08:02 534161                     /usr/lib/x86_64-linux-gnu/libXcomposite.so.1.0.0
7f403c5af000-7f403c5b0000 r--p 00001000 08:02 534161                     /usr/lib/x86_64-linux-gnu/libXcomposite.so.1.0.0
7f403c5b0000-7f403c5b1000 rw-p 00002000 08:02 534161                     /usr/lib/x86_64-linux-gnu/libXcomposite.so.1.0.0
7f403c5b1000-7f403c5b4000 r-xp 00000000 08:02 525477                     /usr/lib/x86_64-linux-gnu/libgmodule-2.0.so.0.5000.2
7f403c5b4000-7f403c7b3000 ---p 00003000 08:02 525477                     /usr/lib/x86_64-linux-gnu/libgmodule-2.0.so.0.5000.2
7f403c7b3000-7f403c7b4000 r--p 00002000 08:02 525477                     /usr/lib/x86_64-linux-gnu/libgmodule-2.0.so.0.5000.2
7f403c7b4000-7f403c7b5000 rw-p 00003000 08:02 525477                     /usr/lib/x86_64-linux-gnu/libgmodule-2.0.so.0.5000.2
7f403c7b5000-7f403c7e6000 r-xp 00000000 08:02 525011                     /usr/lib/x86_64-linux-gnu/libpng16.so.16.28.0
7f403c7e6000-7f403c9e6000 ---p 00031000 08:02 525011                     /usr/lib/x86_64-linux-gnu/libpng16.so.16.28.0
7f403c9e6000-7f403c9e7000 r--p 00031000 08:02 525011                     /usr/lib/x86_64-linux-gnu/libpng16.so.16.28.0
7f403c9e7000-7f403c9e8000 rw-p 00032000 08:02 525011                     /usr/lib/x86_64-linux-gnu/libpng16.so.16.28.0
7f403c9e8000-7f403ca51000 r-xp 00000000 08:02 549718                     /usr/lib/x86_64-linux-gnu/libjpeg.so.62.2.0
7f403ca51000-7f403cc51000 ---p 00069000 08:02 549718                     /usr/lib/x86_64-linux-gnu/libjpeg.so.62.2.0
7f403cc51000-7f403cc52000 r--p 00069000 08:02 549718                     /usr/lib/x86_64-linux-gnu/libjpeg.so.62.2.0
7f403cc52000-7f403cc53000 rw-p 0006a000 08:02 549718                     /usr/lib/x86_64-linux-gnu/libjpeg.so.62.2.0
7f403cc53000-7f403cc54000 r-xp 00000000 08:02 528885                     /usr/lib/x86_64-linux-gnu/libgthread-2.0.so.0.5000.2
7f403cc54000-7f403ce53000 ---p 00001000 08:02 528885                     /usr/lib/x86_64-linux-gnu/libgthread-2.0.so.0.5000.2
7f403ce53000-7f403ce54000 r--p 00000000 08:02 528885                     /usr/lib/x86_64-linux-gnu/libgthread-2.0.so.0.5000.2
7f403ce54000-7f403ce55000 rw-p 00001000 08:02 528885                     /usr/lib/x86_64-linux-gnu/libgthread-2.0.so.0.5000.2
7f403ce55000-7f403cefd000 r-xp 00000000 08:02 532142                     /usr/lib/x86_64-linux-gnu/libfreetype.so.6.12.3
7f403cefd000-7f403d0fd000 ---p 000a8000 08:02 532142                     /usr/lib/x86_64-linux-gnu/libfreetype.so.6.12.3
7f403d0fd000-7f403d103000 r--p 000a8000 08:02 532142                     /usr/lib/x86_64-linux-gnu/libfreetype.so.6.12.3
7f403d103000-7f403d104000 rw-p 000ae000 08:02 532142                     /usr/lib/x86_64-linux-gnu/libfreetype.so.6.12.3
7f403d104000-7f403d140000 r-xp 00000000 08:02 525043                     /usr/lib/x86_64-linux-gnu/libfontconfig.so.1.8.0
7f403d140000-7f403d33f000 ---p 0003c000 08:02 525043                     /usr/lib/x86_64-linux-gnu/libfontconfig.so.1.8.0
7f403d33f000-7f403d341000 r--p 0003b000 08:02 525043                     /usr/lib/x86_64-linux-gnu/libfontconfig.so.1.8.0
7f403d341000-7f403d342000 rw-p 0003d000 08:02 525043                     /usr/lib/x86_64-linux-gnu/libfontconfig.so.1.8.0
7f403d342000-7f403d454000 r-xp 00000000 08:02 3407904                    /lib/x86_64-linux-gnu/libglib-2.0.so.0.5000.2
7f403d454000-7f403d653000 ---p 00112000 08:02 3407904                    /lib/x86_64-linux-gnu/libglib-2.0.so.0.5000.2
7f403d653000-7f403d654000 r--p 00111000 08:02 3407904                    /lib/x86_64-linux-gnu/libglib-2.0.so.0.5000.2
7f403d654000-7f403d655000 rw-p 00112000 08:02 3407904                    /lib/x86_64-linux-gnu/libglib-2.0.so.0.5000.2
7f403d655000-7f403d656000 rw-p 00000000 00:00 0 
7f403d656000-7f403d6a8000 r-xp 00000000 08:02 525478                     /usr/lib/x86_64-linux-gnu/libgobject-2.0.so.0.5000.2
7f403d6a8000-7f403d8a7000 ---p 00052000 08:02 525478                     /usr/lib/x86_64-linux-gnu/libgobject-2.0.so.0.5000.2
7f403d8a7000-7f403d8a8000 r--p 00051000 08:02 525478                     /usr/lib/x86_64-linux-gnu/libgobject-2.0.so.0.5000.2
7f403d8a8000-7f403d8a9000 rw-p 00052000 08:02 525478                     /usr/lib/x86_64-linux-gnu/libgobject-2.0.so.0.5000.2
7f403d8a9000-7f403d8f2000 r-xp 00000000 08:02 532061                     /usr/lib/x86_64-linux-gnu/libpango-1.0.so.0.4000.3
7f403d8f2000-7f403daf1000 ---p 00049000 08:02 532061                     /usr/lib/x86_64-linux-gnu/libpango-1.0.so.0.4000.3
7f403daf1000-7f403daf4000 r--p 00048000 08:02 532061                     /usr/lib/x86_64-linux-gnu/libpango-1.0.so.0.4000.3
7f403daf4000-7f403daf5000 rw-p 0004b000 08:02 532061                     /usr/lib/x86_64-linux-gnu/libpango-1.0.so.0.4000.3
7f403daf5000-7f403db09000 r-xp 00000000 08:02 532065                     /usr/lib/x86_64-linux-gnu/libpangoft2-1.0.so.0.4000.3
7f403db09000-7f403dd09000 ---p 00014000 08:02 532065                     /usr/lib/x86_64-linux-gnu/libpangoft2-1.0.so.0.4000.3
7f403dd09000-7f403dd0a000 r--p 00014000 08:02 532065                     /usr/lib/x86_64-linux-gnu/libpangoft2-1.0.so.0.4000.3
7f403dd0a000-7f403dd0b000 rw-p 00015000 08:02 532065                     /usr/lib/x86_64-linux-gnu/libpangoft2-1.0.so.0.4000.3
7f403dd0b000-7f403de98000 r-xp 00000000 08:02 525476                     /usr/lib/x86_64-linux-gnu/libgio-2.0.so.0.5000.2
7f403de98000-7f403e097000 ---p 0018d000 08:02 525476                     /usr/lib/x86_64-linux-gnu/libgio-2.0.so.0.5000.2
7f403e097000-7f403e09c000 r--p 0018c000 08:02 525476                     /usr/lib/x86_64-linux-gnu/libgio-2.0.so.0.5000.2
7f403e09c000-7f403e09f000 rw-p 00191000 08:02 525476                     /usr/lib/x86_64-linux-gnu/libgio-2.0.so.0.5000.2
7f403e09f000-7f403e0a0000 rw-p 00000000 00:00 0 
7f403e0a0000-7f403e0c1000 r-xp 00000000 08:02 527664                     /usr/lib/x86_64-linux-gnu/libgdk_pixbuf-2.0.so.0.3600.4
7f403e0c1000-7f403e2c1000 ---p 00021000 08:02 527664                     /usr/lib/x86_64-linux-gnu/libgdk_pixbuf-2.0.so.0.3600.4
7f403e2c1000-7f403e2c2000 r--p 00021000 08:02 527664                     /usr/lib/x86_64-linux-gnu/libgdk_pixbuf-2.0.so.0.3600.4
7f403e2c2000-7f403e2c3000 rw-p 00022000 08:02 527664                     /usr/lib/x86_64-linux-gnu/libgdk_pixbuf-2.0.so.0.3600.4
7f403e2c3000-7f403e3d1000 r-xp 00000000 08:02 525055                     /usr/lib/x86_64-linux-gnu/libcairo.so.2.11400.8
7f403e3d1000-7f403e5d1000 ---p 0010e000 08:02 525055                     /usr/lib/x86_64-linux-gnu/libcairo.so.2.11400.8
7f403e5d1000-7f403e5d4000 r--p 0010e000 08:02 525055                     /usr/lib/x86_64-linux-gnu/libcairo.so.2.11400.8
7f403e5d4000-7f403e5d5000 rw-p 00111000 08:02 525055                     /usr/lib/x86_64-linux-gnu/libcairo.so.2.11400.8
7f403e5d5000-7f403e5d7000 rw-p 00000000 00:00 0 
7f403e5d7000-7f403e5fa000 r-xp 00000000 08:02 528843                     /usr/lib/x86_64-linux-gnu/libatk-1.0.so.0.22209.1
7f403e5fa000-7f403e7f9000 ---p 00023000 08:02 528843                     /usr/lib/x86_64-linux-gnu/libatk-1.0.so.0.22209.1
7f403e7f9000-7f403e7fc000 r--p 00022000 08:02 528843                     /usr/lib/x86_64-linux-gnu/libatk-1.0.so.0.22209.1
7f403e7fc000-7f403e7fd000 rw-p 00025000 08:02 528843                     /usr/lib/x86_64-linux-gnu/libatk-1.0.so.0.22209.1
7f403e7fd000-7f403e808000 r-xp 00000000 08:02 532063                     /usr/lib/x86_64-linux-gnu/libpangocairo-1.0.so.0.4000.3
7f403e808000-7f403ea08000 ---p 0000b000 08:02 532063                     /usr/lib/x86_64-linux-gnu/libpangocairo-1.0.so.0.4000.3
7f403ea08000-7f403ea09000 r--p 0000b000 08:02 532063                     /usr/lib/x86_64-linux-gnu/libpangocairo-1.0.so.0.4000.3
7f403ea09000-7f403ea0a000 rw-p 0000c000 08:02 532063                     /usr/lib/x86_64-linux-gnu/libpangocairo-1.0.so.0.4000.3
7f403ea0a000-7f403eaba000 r-xp 00000000 08:02 532089                     /usr/lib/x86_64-linux-gnu/libgdk-x11-2.0.so.0.2400.31
7f403eaba000-7f403ecb9000 ---p 000b0000 08:02 532089                     /usr/lib/x86_64-linux-gnu/libgdk-x11-2.0.so.0.2400.31
7f403ecb9000-7f403ecbd000 r--p 000af000 08:02 532089                     /usr/lib/x86_64-linux-gnu/libgdk-x11-2.0.so.0.2400.31
7f403ecbd000-7f403ecbf000 rw-p 000b3000 08:02 532089                     /usr/lib/x86_64-linux-gnu/libgdk-x11-2.0.so.0.2400.31
7f403ecbf000-7f403f0fb000 r-xp 00000000 08:02 536898                     /usr/lib/x86_64-linux-gnu/libgtk-x11-2.0.so.0.2400.31
7f403f0fb000-7f403f2fa000 ---p 0043c000 08:02 536898                     /usr/lib/x86_64-linux-gnu/libgtk-x11-2.0.so.0.2400.31
7f403f2fa000-7f403f301000 r--p 0043b000 08:02 536898                     /usr/lib/x86_64-linux-gnu/libgtk-x11-2.0.so.0.2400.31
7f403f301000-7f403f305000 rw-p 00442000 08:02 536898                     /usr/lib/x86_64-linux-gnu/libgtk-x11-2.0.so.0.2400.31
7f403f305000-7f403f308000 rw-p 00000000 00:00 0 
7f403f308000-7f403fe17000 r-xp 00000000 08:02 3286773                    /home/johan/Documents/JavaOpenCV/opencv-3.2.0/build/lib/libopencv_core.so.3.2.0
7f403fe17000-7f4040016000 ---p 00b0f000 08:02 3286773                    /home/johan/Documents/JavaOpenCV/opencv-3.2.0/build/lib/libopencv_core.so.3.2.0
7f4040016000-7f404001e000 r--p 00b0e000 08:02 3286773                    /home/johan/Documents/JavaOpenCV/opencv-3.2.0/build/lib/libopencv_core.so.3.2.0
7f404001e000-7f404004c000 rw-p 00b16000 08:02 3286773                    /home/johan/Documents/JavaOpenCV/opencv-3.2.0/build/lib/libopencv_core.so.3.2.0
7f404004c000-7f404004e000 rw-p 00000000 00:00 0 
7f404004e000-7f40415b6000 r-xp 00000000 08:02 3286865                    /home/johan/Documents/JavaOpenCV/opencv-3.2.0/build/lib/libopencv_imgproc.so.3.2.0
7f40415b6000-7f40417b5000 ---p 01568000 08:02 3286865                    /home/johan/Documents/JavaOpenCV/opencv-3.2.0/build/lib/libopencv_imgproc.so.3.2.0
7f40417b5000-7f40417be000 r--p 01567000 08:02 3286865                    /home/johan/Documents/JavaOpenCV/opencv-3.2.0/build/lib/libopencv_imgproc.so.3.2.0
7f40417be000-7f40417df000 rw-p 01570000 08:02 3286865                    /home/johan/Documents/JavaOpenCV/opencv-3.2.0/build/lib/libopencv_imgproc.so.3.2.0
7f40417df000-7f4041876000 rw-p 00000000 00:00 0 
7f4041876000-7f4041bbd000 r-xp 00000000 08:02 3286918                    /home/johan/Documents/JavaOpenCV/opencv-3.2.0/build/lib/libopencv_imgcodecs.so.3.2.0
7f4041bbd000-7f4041dbd000 ---p 00347000 08:02 3286918                    /home/johan/Documents/JavaOpenCV/opencv-3.2.0/build/lib/libopencv_imgcodecs.so.3.2.0
7f4041dbd000-7f4041dc3000 r--p 00347000 08:02 3286918                    /home/johan/Documents/JavaOpenCV/opencv-3.2.0/build/lib/libopencv_imgcodecs.so.3.2.0
7f4041dc3000-7f4041dcb000 rw-p 0034d000 08:02 3286918                    /home/johan/Documents/JavaOpenCV/opencv-3.2.0/build/lib/libopencv_imgcodecs.so.3.2.0
7f4041dcb000-7f4041dd6000 rw-p 00000000 00:00 0 
7f4041dd6000-7f4041df8000 r-xp 00000000 08:02 3286943                    /home/johan/Documents/JavaOpenCV/opencv-3.2.0/build/lib/libopencv_videoio.so.3.2.0
7f4041df8000-7f4041ff7000 ---p 00022000 08:02 3286943                    /home/johan/Documents/JavaOpenCV/opencv-3.2.0/build/lib/libopencv_videoio.so.3.2.0
7f4041ff7000-7f4041ff8000 r--p 00021000 08:02 3286943                    /home/johan/Documents/JavaOpenCV/opencv-3.2.0/build/lib/libopencv_videoio.so.3.2.0
7f4041ff8000-7f4041ff9000 rw-p 00022000 08:02 3286943                    /home/johan/Documents/JavaOpenCV/opencv-3.2.0/build/lib/libopencv_videoio.so.3.2.0
7f4041ff9000-7f4041ffb000 rw-p 00000000 00:00 0 
7f4041ffb000-7f4042006000 r-xp 00000000 08:02 3286966                    /home/johan/Documents/JavaOpenCV/opencv-3.2.0/build/lib/libopencv_highgui.so.3.2.0
7f4042006000-7f4042206000 ---p 0000b000 08:02 3286966                    /home/johan/Documents/JavaOpenCV/opencv-3.2.0/build/lib/libopencv_highgui.so.3.2.0
7f4042206000-7f4042207000 r--p 0000b000 08:02 3286966                    /home/johan/Documents/JavaOpenCV/opencv-3.2.0/build/lib/libopencv_highgui.so.3.2.0
7f4042207000-7f4042208000 rw-p 0000c000 08:02 3286966                    /home/johan/Documents/JavaOpenCV/opencv-3.2.0/build/lib/libopencv_highgui.so.3.2.0
7f4042208000-7f40422c3000 r-xp 00000000 08:02 3286850                    /home/johan/Documents/JavaOpenCV/opencv-3.2.0/build/lib/libopencv_ml.so.3.2.0
7f40422c3000-7f40424c3000 ---p 000bb000 08:02 3286850                    /home/johan/Documents/JavaOpenCV/opencv-3.2.0/build/lib/libopencv_ml.so.3.2.0
7f40424c3000-7f40424c5000 r--p 000bb000 08:02 3286850                    /home/johan/Documents/JavaOpenCV/opencv-3.2.0/build/lib/libopencv_ml.so.3.2.0
7f40424c5000-7f40424c6000 rw-p 000bd000 08:02 3286850                    /home/johan/Documents/JavaOpenCV/opencv-3.2.0/build/lib/libopencv_ml.so.3.2.0
7f40424c6000-7f4042517000 r-xp 00000000 08:02 3286861                    /home/johan/Documents/JavaOpenCV/opencv-3.2.0/build/lib/libopencv_flann.so.3.2.0
7f4042517000-7f4042717000 ---p 00051000 08:02 3286861                    /home/johan/Documents/JavaOpenCV/opencv-3.2.0/build/lib/libopencv_flann.so.3.2.0
7f4042717000-7f4042719000 r--p 00051000 08:02 3286861                    /home/johan/Documents/JavaOpenCV/opencv-3.2.0/build/lib/libopencv_flann.so.3.2.0
7f4042719000-7f404271a000 rw-p 00053000 08:02 3286861                    /home/johan/Documents/JavaOpenCV/opencv-3.2.0/build/lib/libopencv_flann.so.3.2.0
7f404271a000-7f40427cb000 r-xp 00000000 08:02 3287039                    /home/johan/Documents/JavaOpenCV/opencv-3.2.0/build/lib/libopencv_features2d.so.3.2.0
7f40427cb000-7f40429cb000 ---p 000b1000 08:02 3287039                    /home/johan/Documents/JavaOpenCV/opencv-3.2.0/build/lib/libopencv_features2d.so.3.2.0
7f40429cb000-7f40429ce000 r--p 000b1000 08:02 3287039                    /home/johan/Documents/JavaOpenCV/opencv-3.2.0/build/lib/libopencv_features2d.so.3.2.0
7f40429ce000-7f40429d0000 rw-p 000b4000 08:02 3287039                    /home/johan/Documents/JavaOpenCV/opencv-3.2.0/build/lib/libopencv_features2d.so.3.2.0
7f40429d0000-7f4042b37000 r-xp 00000000 08:02 3287082                    /home/johan/Documents/JavaOpenCV/opencv-3.2.0/build/lib/libopencv_calib3d.so.3.2.0
7f4042b37000-7f4042d36000 ---p 00167000 08:02 3287082                    /home/johan/Documents/JavaOpenCV/opencv-3.2.0/build/lib/libopencv_calib3d.so.3.2.0
7f4042d36000-7f4042d38000 r--p 00166000 08:02 3287082                    /home/johan/Documents/JavaOpenCV/opencv-3.2.0/build/lib/libopencv_calib3d.so.3.2.0
7f4042d38000-7f4042d3a000 rw-p 00168000 08:02 3287082                    /home/johan/Documents/JavaOpenCV/opencv-3.2.0/build/lib/libopencv_calib3d.so.3.2.0
7f4042d3a000-7f4042d9a000 r-xp 00000000 08:02 3287042                    /home/johan/Documents/JavaOpenCV/opencv-3.2.0/build/lib/libopencv_objdetect.so.3.2.0
7f4042d9a000-7f4042f9a000 ---p 00060000 08:02 3287042                    /home/johan/Documents/JavaOpenCV/opencv-3.2.0/build/lib/libopencv_objdetect.so.3.2.0
7f4042f9a000-7f4042f9b000 r--p 00060000 08:02 3287042                    /home/johan/Documents/JavaOpenCV/opencv-3.2.0/build/lib/libopencv_objdetect.so.3.2.0
7f4042f9b000-7f4042f9c000 rw-p 00061000 08:02 3287042                    /home/johan/Documents/JavaOpenCV/opencv-3.2.0/build/lib/libopencv_objdetect.so.3.2.0
7f4042f9c000-7f4043118000 r-xp 00000000 08:02 3286934                    /home/johan/Documents/JavaOpenCV/opencv-3.2.0/build/lib/libopencv_video.so.3.2.0
7f4043118000-7f4043317000 ---p 0017c000 08:02 3286934                    /home/johan/Documents/JavaOpenCV/opencv-3.2.0/build/lib/libopencv_video.so.3.2.0
7f4043317000-7f4043319000 r--p 0017b000 08:02 3286934                    /home/johan/Documents/JavaOpenCV/opencv-3.2.0/build/lib/libopencv_video.so.3.2.0
7f4043319000-7f404331c000 rw-p 0017d000 08:02 3286934                    /home/johan/Documents/JavaOpenCV/opencv-3.2.0/build/lib/libopencv_video.so.3.2.0
7f404331c000-7f4043506000 r-xp 00000000 08:02 3287076                    /home/johan/Documents/JavaOpenCV/opencv-3.2.0/build/lib/libopencv_photo.so.3.2.0
7f4043506000-7f4043706000 ---p 001ea000 08:02 3287076                    /home/johan/Documents/JavaOpenCV/opencv-3.2.0/build/lib/libopencv_photo.so.3.2.0
7f4043706000-7f4043708000 r--p 001ea000 08:02 3287076                    /home/johan/Documents/JavaOpenCV/opencv-3.2.0/build/lib/libopencv_photo.so.3.2.0
7f4043708000-7f404370b000 rw-p 001ec000 08:02 3287076                    /home/johan/Documents/JavaOpenCV/opencv-3.2.0/build/lib/libopencv_photo.so.3.2.0
7f404370b000-7f40437cc000 r-xp 00000000 08:02 3287753                    /home/johan/Documents/JavaOpenCV/opencv-3.2.0/build/lib/libopencv_java320.so
7f40437cc000-7f40439cb000 ---p 000c1000 08:02 3287753                    /home/johan/Documents/JavaOpenCV/opencv-3.2.0/build/lib/libopencv_java320.so
7f40439cb000-7f40439cc000 r--p 000c0000 08:02 3287753                    /home/johan/Documents/JavaOpenCV/opencv-3.2.0/build/lib/libopencv_java320.so
7f40439cc000-7f40439ce000 rw-p 000c1000 08:02 3287753                    /home/johan/Documents/JavaOpenCV/opencv-3.2.0/build/lib/libopencv_java320.so
7f40439ce000-7f40439d3000 r-xp 00000000 08:02 531695                     /usr/lib/x86_64-linux-gnu/libXdmcp.so.6.0.0
7f40439d3000-7f4043bd2000 ---p 00005000 08:02 531695                     /usr/lib/x86_64-linux-gnu/libXdmcp.so.6.0.0
7f4043bd2000-7f4043bd3000 r--p 00004000 08:02 531695                     /usr/lib/x86_64-linux-gnu/libXdmcp.so.6.0.0
7f4043bd3000-7f4043bd4000 rw-p 00005000 08:02 531695                     /usr/lib/x86_64-linux-gnu/libXdmcp.so.6.0.0
7f4043bd4000-7f4043bd7000 r-xp 00000000 08:02 531693                     /usr/lib/x86_64-linux-gnu/libXau.so.6.0.0
7f4043bd7000-7f4043dd6000 ---p 00003000 08:02 531693                     /usr/lib/x86_64-linux-gnu/libXau.so.6.0.0
7f4043dd6000-7f4043dd7000 r--p 00002000 08:02 531693                     /usr/lib/x86_64-linux-gnu/libXau.so.6.0.0
7f4043dd7000-7f4043dd8000 rw-p 00003000 08:02 531693                     /usr/lib/x86_64-linux-gnu/libXau.so.6.0.0
7f4043dd8000-7f4043dff000 r-xp 00000000 08:02 527662                     /usr/lib/x86_64-linux-gnu/libxcb.so.1.1.0
7f4043dff000-7f4043ffe000 ---p 00027000 08:02 527662                     /usr/lib/x86_64-linux-gnu/libxcb.so.1.1.0
7f4043ffe000-7f4043fff000 r--p 00026000 08:02 527662                     /usr/lib/x86_64-linux-gnu/libxcb.so.1.1.0
7f4043fff000-7f4044000000 rw-p 00027000 08:02 527662                     /usr/lib/x86_64-linux-gnu/libxcb.so.1.1.0
7f4044000000-7f4044021000 rw-p 00000000 00:00 0 
7f4044021000-7f4048000000 ---p 00000000 00:00 0 
7f4048000000-7f4048021000 rw-p 00000000 00:00 0 
7f4048021000-7f404c000000 ---p 00000000 00:00 0 
7f404c000000-7f404c0ad000 rw-p 00000000 00:00 0 
7f404c0ad000-7f4050000000 ---p 00000000 00:00 0 
7f4050000000-7f40501c2000 rw-p 00000000 00:00 0 
7f40501c2000-7f4054000000 ---p 00000000 00:00 0 
7f4054000000-7f4054021000 rw-p 00000000 00:00 0 
7f4054021000-7f4058000000 ---p 00000000 00:00 0 
7f4058000000-7f4058197000 rw-p 00000000 00:00 0 
7f4058197000-7f405c000000 ---p 00000000 00:00 0 
7f405c000000-7f405c021000 rw-p 00000000 00:00 0 
7f405c021000-7f4060000000 ---p 00000000 00:00 0 
7f4060000000-7f4060051000 rw-p 00000000 00:00 0 
7f4060051000-7f4064000000 ---p 00000000 00:00 0 
7f4064000000-7f4064021000 rw-p 00000000 00:00 0 
7f4064021000-7f4068000000 ---p 00000000 00:00 0 
7f4068000000-7f4068021000 rw-p 00000000 00:00 0 
7f4068021000-7f406c000000 ---p 00000000 00:00 0 
7f406c000000-7f406c021000 rw-p 00000000 00:00 0 
7f406c021000-7f4070000000 ---p 00000000 00:00 0 
7f4070000000-7f4070021000 rw-p 00000000 00:00 0 
7f4070021000-7f4074000000 ---p 00000000 00:00 0 
7f4074000000-7f4074021000 rw-p 00000000 00:00 0 
7f4074021000-7f4078000000 ---p 00000000 00:00 0 
7f4078009000-7f407800c000 ---p 00000000 00:00 0 
7f407800c000-7f407810a000 rwxp 00000000 00:00 0 
7f407810a000-7f4078119000 r-xp 00000000 08:02 534159                     /usr/lib/x86_64-linux-gnu/libXi.so.6.1.0
7f4078119000-7f4078318000 ---p 0000f000 08:02 534159                     /usr/lib/x86_64-linux-gnu/libXi.so.6.1.0
7f4078318000-7f4078319000 r--p 0000e000 08:02 534159                     /usr/lib/x86_64-linux-gnu/libXi.so.6.1.0
7f4078319000-7f407831a000 rw-p 0000f000 08:02 534159                     /usr/lib/x86_64-linux-gnu/libXi.so.6.1.0
7f407831a000-7f407831f000 r-xp 00000000 08:02 532095                     /usr/lib/x86_64-linux-gnu/libXtst.so.6.1.0
7f407831f000-7f407851e000 ---p 00005000 08:02 532095                     /usr/lib/x86_64-linux-gnu/libXtst.so.6.1.0
7f407851e000-7f407851f000 r--p 00004000 08:02 532095                     /usr/lib/x86_64-linux-gnu/libXtst.so.6.1.0
7f407851f000-7f4078520000 rw-p 00005000 08:02 532095                     /usr/lib/x86_64-linux-gnu/libXtst.so.6.1.0
7f4078520000-7f4078529000 r-xp 00000000 08:02 525053                     /usr/lib/x86_64-linux-gnu/libXrender.so.1.3.0
7f4078529000-7f4078728000 ---p 00009000 08:02 525053                     /usr/lib/x86_64-linux-gnu/libXrender.so.1.3.0
7f4078728000-7f4078729000 r--p 00008000 08:02 525053                     /usr/lib/x86_64-linux-gnu/libXrender.so.1.3.0
7f4078729000-7f407872a000 rw-p 00009000 08:02 525053                     /usr/lib/x86_64-linux-gnu/libXrender.so.1.3.0
7f407872a000-7f4078864000 r-xp 00000000 08:02 575376                     /usr/lib/x86_64-linux-gnu/libX11.so.6.3.0
7f4078864000-7f4078a64000 ---p 0013a000 08:02 575376                     /usr/lib/x86_64-linux-gnu/libX11.so.6.3.0
7f4078a64000-7f4078a65000 r--p 0013a000 08:02 575376                     /usr/lib/x86_64-linux-gnu/libX11.so.6.3.0
7f4078a65000-7f4078a6a000 rw-p 0013b000 08:02 575376                     /usr/lib/x86_64-linux-gnu/libX11.so.6.3.0
7f4078a6a000-7f4078a7b000 r-xp 00000000 08:02 531704                     /usr/lib/x86_64-linux-gnu/libXext.so.6.4.0
7f4078a7b000-7f4078c7a000 ---p 00011000 08:02 531704                     /usr/lib/x86_64-linux-gnu/libXext.so.6.4.0
7f4078c7a000-7f4078c7b000 r--p 00010000 08:02 531704                     /usr/lib/x86_64-linux-gnu/libXext.so.6.4.0
7f4078c7b000-7f4078c7c000 rw-p 00011000 08:02 531704                     /usr/lib/x86_64-linux-gnu/libXext.so.6.4.0
7f4078c91000-7f4078ca4000 r--s 00346000 08:02 1189013                    /usr/lib/jvm/java-8-openjdk-amd64/jre/lib/resources.jar
7f4078ca4000-7f4078cf8000 r-xp 00000000 08:02 1188949                    /usr/lib/jvm/java-8-openjdk-amd64/jre/lib/amd64/libawt_xawt.so
7f4078cf8000-7f4078ef7000 ---p 00054000 08:02 1188949                    /usr/lib/jvm/java-8-openjdk-amd64/jre/lib/amd64/libawt_xawt.so
7f4078ef7000-7f4078ef8000 r--p 00053000 08:02 1188949                    /usr/lib/jvm/java-8-openjdk-amd64/jre/lib/amd64/libawt_xawt.so
7f4078ef8000-7f4078efb000 rw-p 00054000 08:02 1188949                    /usr/lib/jvm/java-8-openjdk-amd64/jre/lib/amd64/libawt_xawt.so
7f4078efb000-7f4078efc000 rw-p 00000000 00:00 0 
7f4078efc000-7f4078f9c000 r-xp 00000000 08:02 1188947                    /usr/lib/jvm/java-8-openjdk-amd64/jre/lib/amd64/libawt.so
7f4078f9c000-7f407919c000 ---p 000a0000 08:02 1188947                    /usr/lib/jvm/java-8-openjdk-amd64/jre/lib/amd64/libawt.so
7f407919c000-7f407919d000 r--p 000a0000 08:02 1188947                    /usr/lib/jvm/java-8-openjdk-amd64/jre/lib/amd64/libawt.so
7f407919d000-7f40791a8000 rw-p 000a1000 08:02 1188947                    /usr/lib/jvm/java-8-openjdk-amd64/jre/lib/amd64/libawt.so
7f40791a8000-7f40791cd000 rw-p 00000000 00:00 0 
7f40791cd000-7f40791e8000 r--s 001d6000 08:02 1188993                    /usr/lib/jvm/java-8-openjdk-amd64/jre/lib/ext/nashorn.jar
7f40791e8000-7f4079203000 r--s 00394000 08:02 1188988                    /usr/lib/jvm/java-8-openjdk-amd64/jre/lib/ext/cldrdata.jar
7f4079203000-7f4079204000 ---p 00000000 00:00 0 
7f4079204000-7f4079405000 rwxp 00000000 00:00 0 
7f4079405000-7f4079406000 ---p 00000000 00:00 0 
7f4079406000-7f4079506000 rwxp 00000000 00:00 0 
7f4079506000-7f4079507000 ---p 00000000 00:00 0 
7f4079507000-7f4079607000 rwxp 00000000 00:00 0 
7f4079607000-7f4079608000 ---p 00000000 00:00 0 
7f4079608000-7f4079809000 rwxp 00000000 00:00 0 
7f4079809000-7f40799a4000 r--p 00000000 08:02 540112                     /usr/lib/locale/locale-archive
7f40799a4000-7f4079ba6000 rwxp 00000000 00:00 0 
7f4079ba6000-7f4079ba7000 ---p 00000000 00:00 0 
7f4079ba7000-7f4079ca7000 rwxp 00000000 00:00 0 
7f4079ca7000-7f407ac66000 rw-p 00000000 00:00 0 
7f407ac66000-7f407ae34000 r--s 03c06000 08:02 1189014                    /usr/lib/jvm/java-8-openjdk-amd64/jre/lib/rt.jar
7f407ae34000-7f407f78c000 rw-p 00000000 00:00 0 
7f407f78c000-7f407f78d000 ---p 00000000 00:00 0 
7f407f78d000-7f407f88d000 rwxp 00000000 00:00 0 
7f407f88d000-7f407f88e000 ---p 00000000 00:00 0 
7f407f88e000-7f407f98e000 rwxp 00000000 00:00 0 
7f407f98e000-7f407f98f000 ---p 00000000 00:00 0 
7f407f98f000-7f407fa8f000 rwxp 00000000 00:00 0 
7f407fa8f000-7f407fa90000 ---p 00000000 00:00 0 
7f407fa90000-7f407fb90000 rwxp 00000000 00:00 0 
7f407fb90000-7f407fbba000 rw-p 00000000 00:00 0 
7f407fbba000-7f407fe20000 ---p 00000000 00:00 0 
7f407fe20000-7f407fe4a000 rw-p 00000000 00:00 0 
7f407fe4a000-7f40800b0000 ---p 00000000 00:00 0 
7f40800b0000-7f4080132000 rw-p 00000000 00:00 0 
7f4080132000-7f40801f8000 ---p 00000000 00:00 0 
7f40801f8000-7f4080205000 rw-p 00000000 00:00 0 
7f4080205000-7f40805b9000 ---p 00000000 00:00 0 
7f40805b9000-7f4080889000 rwxp 00000000 00:00 0 
7f4080889000-7f408f5b9000 ---p 00000000 00:00 0 
7f408f5b9000-7f408f5c1000 r-xp 00000000 08:02 1188977                    /usr/lib/jvm/java-8-openjdk-amd64/jre/lib/amd64/libzip.so
7f408f5c1000-7f408f7c0000 ---p 00008000 08:02 1188977                    /usr/lib/jvm/java-8-openjdk-amd64/jre/lib/amd64/libzip.so
7f408f7c0000-7f408f7c1000 r--p 00007000 08:02 1188977                    /usr/lib/jvm/java-8-openjdk-amd64/jre/lib/amd64/libzip.so
7f408f7c1000-7f408f7c2000 rw-p 00008000 08:02 1188977                    /usr/lib/jvm/java-8-openjdk-amd64/jre/lib/amd64/libzip.so
7f408f7c2000-7f408f7cc000 r-xp 00000000 08:02 3414736                    /lib/x86_64-linux-gnu/libnss_files-2.24.so
7f408f7cc000-7f408f9cc000 ---p 0000a000 08:02 3414736                    /lib/x86_64-linux-gnu/libnss_files-2.24.so
7f408f9cc000-7f408f9cd000 r--p 0000a000 08:02 3414736                    /lib/x86_64-linux-gnu/libnss_files-2.24.so
7f408f9cd000-7f408f9ce000 rw-p 0000b000 08:02 3414736                    /lib/x86_64-linux-gnu/libnss_files-2.24.so
7f408f9ce000-7f408f9d4000 rw-p 00000000 00:00 0 
7f408f9d4000-7f408f9df000 r-xp 00000000 08:02 3414738                    /lib/x86_64-linux-gnu/libnss_nis-2.24.so
7f408f9df000-7f408fbde000 ---p 0000b000 08:02 3414738                    /lib/x86_64-linux-gnu/libnss_nis-2.24.so
7f408fbde000-7f408fbdf000 r--p 0000a000 08:02 3414738                    /lib/x86_64-linux-gnu/libnss_nis-2.24.so
7f408fbdf000-7f408fbe0000 rw-p 0000b000 08:02 3414738                    /lib/x86_64-linux-gnu/libnss_nis-2.24.so
7f408fbe0000-7f408fbf4000 r-xp 00000000 08:02 3414733                    /lib/x86_64-linux-gnu/libnsl-2.24.so
7f408fbf4000-7f408fdf4000 ---p 00014000 08:02 3414733                    /lib/x86_64-linux-gnu/libnsl-2.24.so
7f408fdf4000-7f408fdf5000 r--p 00014000 08:02 3414733                    /lib/x86_64-linux-gnu/libnsl-2.24.so
7f408fdf5000-7f408fdf6000 rw-p 00015000 08:02 3414733                    /lib/x86_64-linux-gnu/libnsl-2.24.so
7f408fdf6000-7f408fdf8000 rw-p 00000000 00:00 0 
7f408fdf8000-7f408fdff000 r-xp 00000000 08:02 3414734                    /lib/x86_64-linux-gnu/libnss_compat-2.24.so
7f408fdff000-7f408fffe000 ---p 00007000 08:02 3414734                    /lib/x86_64-linux-gnu/libnss_compat-2.24.so
7f408fffe000-7f408ffff000 r--p 00006000 08:02 3414734                    /lib/x86_64-linux-gnu/libnss_compat-2.24.so
7f408ffff000-7f4090000000 rw-p 00007000 08:02 3414734                    /lib/x86_64-linux-gnu/libnss_compat-2.24.so
7f4090000000-7f40935a7000 rw-p 00000000 00:00 0 
7f40935a7000-7f4094000000 ---p 00000000 00:00 0 
7f409400b000-7f409400f000 r--s 0009a000 08:02 1189009                    /usr/lib/jvm/java-8-openjdk-amd64/jre/lib/jsse.jar
7f409400f000-7f40940a6000 rw-p 00000000 00:00 0 
7f40940a6000-7f40940d3000 r-xp 00000000 08:02 1188958                    /usr/lib/jvm/java-8-openjdk-amd64/jre/lib/amd64/libjava.so
7f40940d3000-7f40942d2000 ---p 0002d000 08:02 1188958                    /usr/lib/jvm/java-8-openjdk-amd64/jre/lib/amd64/libjava.so
7f40942d2000-7f40942d3000 r--p 0002c000 08:02 1188958                    /usr/lib/jvm/java-8-openjdk-amd64/jre/lib/amd64/libjava.so
7f40942d3000-7f40942d5000 rw-p 0002d000 08:02 1188958                    /usr/lib/jvm/java-8-openjdk-amd64/jre/lib/amd64/libjava.so
7f40942d5000-7f40942e4000 r-xp 00000000 08:02 1188976                    /usr/lib/jvm/java-8-openjdk-amd64/jre/lib/amd64/libverify.so
7f40942e4000-7f40944e3000 ---p 0000f000 08:02 1188976                    /usr/lib/jvm/java-8-openjdk-amd64/jre/lib/amd64/libverify.so
7f40944e3000-7f40944e5000 r--p 0000e000 08:02 1188976                    /usr/lib/jvm/java-8-openjdk-amd64/jre/lib/amd64/libverify.so
7f40944e5000-7f40944e6000 rw-p 00010000 08:02 1188976                    /usr/lib/jvm/java-8-openjdk-amd64/jre/lib/amd64/libverify.so
7f40944e6000-7f40944ed000 r-xp 00000000 08:02 3414743                    /lib/x86_64-linux-gnu/librt-2.24.so
7f40944ed000-7f40946ec000 ---p 00007000 08:02 3414743                    /lib/x86_64-linux-gnu/librt-2.24.so
7f40946ec000-7f40946ed000 r--p 00006000 08:02 3414743                    /lib/x86_64-linux-gnu/librt-2.24.so
7f40946ed000-7f40946ee000 rw-p 00007000 08:02 3414743                    /lib/x86_64-linux-gnu/librt-2.24.so
7f40946ee000-7f4094704000 r-xp 00000000 08:02 3408375                    /lib/x86_64-linux-gnu/libgcc_s.so.1
7f4094704000-7f4094903000 ---p 00016000 08:02 3408375                    /lib/x86_64-linux-gnu/libgcc_s.so.1
7f4094903000-7f4094904000 r--p 00015000 08:02 3408375                    /lib/x86_64-linux-gnu/libgcc_s.so.1
7f4094904000-7f4094905000 rw-p 00016000 08:02 3408375                    /lib/x86_64-linux-gnu/libgcc_s.so.1
7f4094905000-7f4094a08000 r-xp 00000000 08:02 3414730                    /lib/x86_64-linux-gnu/libm-2.24.so
7f4094a08000-7f4094c07000 ---p 00103000 08:02 3414730                    /lib/x86_64-linux-gnu/libm-2.24.so
7f4094c07000-7f4094c08000 r--p 00102000 08:02 3414730                    /lib/x86_64-linux-gnu/libm-2.24.so
7f4094c08000-7f4094c09000 rw-p 00103000 08:02 3414730                    /lib/x86_64-linux-gnu/libm-2.24.so
7f4094c09000-7f4094d7b000 r-xp 00000000 08:02 524999                     /usr/lib/x86_64-linux-gnu/libstdc++.so.6.0.22
7f4094d7b000-7f4094f7b000 ---p 00172000 08:02 524999                     /usr/lib/x86_64-linux-gnu/libstdc++.so.6.0.22
7f4094f7b000-7f4094f85000 r--p 00172000 08:02 524999                     /usr/lib/x86_64-linux-gnu/libstdc++.so.6.0.22
7f4094f85000-7f4094f87000 rw-p 0017c000 08:02 524999                     /usr/lib/x86_64-linux-gnu/libstdc++.so.6.0.22
7f4094f87000-7f4094f8b000 rw-p 00000000 00:00 0 
7f4094f8b000-7f4095be0000 r-xp 00000000 08:02 1188979                    /usr/lib/jvm/java-8-openjdk-amd64/jre/lib/amd64/server/libjvm.so
7f4095be0000-7f4095de0000 ---p 00c55000 08:02 1188979                    /usr/lib/jvm/java-8-openjdk-amd64/jre/lib/amd64/server/libjvm.so
7f4095de0000-7f4095e73000 r--p 00c55000 08:02 1188979                    /usr/lib/jvm/java-8-openjdk-amd64/jre/lib/amd64/server/libjvm.so
7f4095e73000-7f4095e9c000 rw-p 00ce8000 08:02 1188979                    /usr/lib/jvm/java-8-openjdk-amd64/jre/lib/amd64/server/libjvm.so
7f4095e9c000-7f4095ecc000 rw-p 00000000 00:00 0 
7f4095ecc000-7f4096061000 r-xp 00000000 08:02 3414726                    /lib/x86_64-linux-gnu/libc-2.24.so
7f4096061000-7f4096260000 ---p 00195000 08:02 3414726                    /lib/x86_64-linux-gnu/libc-2.24.so
7f4096260000-7f4096264000 r--p 00194000 08:02 3414726                    /lib/x86_64-linux-gnu/libc-2.24.so
7f4096264000-7f4096266000 rw-p 00198000 08:02 3414726                    /lib/x86_64-linux-gnu/libc-2.24.so
7f4096266000-7f409626a000 rw-p 00000000 00:00 0 
7f409626a000-7f409626c000 r-xp 00000000 08:02 3414729                    /lib/x86_64-linux-gnu/libdl-2.24.so
7f409626c000-7f409646c000 ---p 00002000 08:02 3414729                    /lib/x86_64-linux-gnu/libdl-2.24.so
7f409646c000-7f409646d000 r--p 00002000 08:02 3414729                    /lib/x86_64-linux-gnu/libdl-2.24.so
7f409646d000-7f409646e000 rw-p 00003000 08:02 3414729                    /lib/x86_64-linux-gnu/libdl-2.24.so
7f409646e000-7f409647b000 r-xp 00000000 08:02 1188942                    /usr/lib/jvm/java-8-openjdk-amd64/jre/lib/amd64/jli/libjli.so
7f409647b000-7f409667b000 ---p 0000d000 08:02 1188942                    /usr/lib/jvm/java-8-openjdk-amd64/jre/lib/amd64/jli/libjli.so
7f409667b000-7f409667c000 r--p 0000d000 08:02 1188942                    /usr/lib/jvm/java-8-openjdk-amd64/jre/lib/amd64/jli/libjli.so
7f409667c000-7f409667d000 rw-p 0000e000 08:02 1188942                    /usr/lib/jvm/java-8-openjdk-amd64/jre/lib/amd64/jli/libjli.so
7f409667d000-7f4096696000 r-xp 00000000 08:02 3408105                    /lib/x86_64-linux-gnu/libz.so.1.2.8
7f4096696000-7f4096895000 ---p 00019000 08:02 3408105                    /lib/x86_64-linux-gnu/libz.so.1.2.8
7f4096895000-7f4096896000 r--p 00018000 08:02 3408105                    /lib/x86_64-linux-gnu/libz.so.1.2.8
7f4096896000-7f4096897000 rw-p 00019000 08:02 3408105                    /lib/x86_64-linux-gnu/libz.so.1.2.8
7f4096897000-7f40968af000 r-xp 00000000 08:02 3414741                    /lib/x86_64-linux-gnu/libpthread-2.24.so
7f40968af000-7f4096aae000 ---p 00018000 08:02 3414741                    /lib/x86_64-linux-gnu/libpthread-2.24.so
7f4096aae000-7f4096aaf000 r--p 00017000 08:02 3414741                    /lib/x86_64-linux-gnu/libpthread-2.24.so
7f4096aaf000-7f4096ab0000 rw-p 00018000 08:02 3414741                    /lib/x86_64-linux-gnu/libpthread-2.24.so
7f4096ab0000-7f4096ab4000 rw-p 00000000 00:00 0 
7f4096ab4000-7f4096ad7000 r-xp 00000000 08:02 3414713                    /lib/x86_64-linux-gnu/ld-2.24.so
7f4096ad9000-7f4096ade000 r--s 00055000 08:02 3287464                    /home/johan/Documents/JavaOpenCV/opencv-3.2.0/build/bin/opencv-320.jar
7f4096ade000-7f4096ba9000 rw-p 00000000 00:00 0 
7f4096ba9000-7f4096baa000 ---p 00000000 00:00 0 
7f4096baa000-7f4096caa000 rwxp 00000000 00:00 0 
7f4096caa000-7f4096cac000 rw-p 00000000 00:00 0 
7f4096cac000-7f4096cb6000 r--s 00116000 08:02 1188992                    /usr/lib/jvm/java-8-openjdk-amd64/jre/lib/ext/localedata.jar
7f4096cb6000-7f4096cb9000 r--s 0000f000 08:02 1188990                    /usr/lib/jvm/java-8-openjdk-amd64/jre/lib/ext/icedtea-sound.jar
7f4096cb9000-7f4096cba000 r--s 0000a000 08:02 1188991                    /usr/lib/jvm/java-8-openjdk-amd64/jre/lib/ext/jaccess.jar
7f4096cba000-7f4096cbc000 r--s 00008000 08:02 1188994                    /usr/lib/jvm/java-8-openjdk-amd64/jre/lib/ext/sunec.jar
7f4096cbc000-7f4096cbe000 r--s 00001000 08:02 1188989                    /usr/lib/jvm/java-8-openjdk-amd64/jre/lib/ext/dnsns.jar
7f4096cbe000-7f4096cc3000 r--s 0003b000 08:02 1188995                    /usr/lib/jvm/java-8-openjdk-amd64/jre/lib/ext/sunjce_provider.jar
7f4096cc3000-7f4096cc5000 r--s 00007000 08:02 1050515                    /usr/share/java/java-atk-wrapper.jar
7f4096cc5000-7f4096cc9000 r--s 00037000 08:02 1188996                    /usr/lib/jvm/java-8-openjdk-amd64/jre/lib/ext/sunpkcs11.jar
7f4096cc9000-7f4096cca000 r--s 00010000 08:02 1188997                    /usr/lib/jvm/java-8-openjdk-amd64/jre/lib/ext/zipfs.jar
7f4096cca000-7f4096cd2000 rw-s 00000000 08:02 12976146                   /tmp/hsperfdata_johan/19640
7f4096cd2000-7f4096cd3000 rw-p 00000000 00:00 0 
7f4096cd3000-7f4096cd4000 r--p 00000000 00:00 0 
7f4096cd4000-7f4096cd7000 rw-p 00000000 00:00 0 
7f4096cd7000-7f4096cd8000 r--p 00023000 08:02 3414713                    /lib/x86_64-linux-gnu/ld-2.24.so
7f4096cd8000-7f4096cd9000 rw-p 00024000 08:02 3414713                    /lib/x86_64-linux-gnu/ld-2.24.so
7f4096cd9000-7f4096cda000 rw-p 00000000 00:00 0 
7ffd6b853000-7ffd6b873000 rwxp 00000000 00:00 0                          [stack]
7ffd6b873000-7ffd6b874000 rw-p 00000000 00:00 0 
7ffd6b94a000-7ffd6b94c000 r--p 00000000 00:00 0                          [vvar]
7ffd6b94c000-7ffd6b94e000 r-xp 00000000 00:00 0                          [vdso]
ffffffffff600000-ffffffffff601000 r-xp 00000000 00:00 0                  [vsyscall]

VM Arguments:
jvm_args: -ea -Djava.library.path=/home/johan/Documents/JavaOpenCV/opencv-3.2.0/build/lib -Dfile.encoding=UTF-8 
java_command: handtrack.Video
java_class_path (initial): /home/johan/workspaceHCI/HandRecognition/bin:/home/johan/Documents/JavaOpenCV/opencv-3.2.0/build/bin/opencv-320.jar
Launcher Type: SUN_STANDARD

Environment Variables:
JAVA_HOME=/usr/local/java/jdk1.8.0_121
PATH=/home/johan/bin:/home/johan/.local/bin:/usr/local/java/jdk1.8.0_121/bin:/usr/local/bin:/usr/bin:/bin:/usr/local/games:/usr/games
USERNAME=johan
SHELL=/bin/bash
DISPLAY=:0

Signal Handlers:
SIGSEGV: [libjvm.so+0xa6c7e0], sa_mask[0]=11111111011111111101111111111110, sa_flags=SA_RESTART|SA_SIGINFO
SIGBUS: [libjvm.so+0xa6c7e0], sa_mask[0]=11111111011111111101111111111110, sa_flags=SA_RESTART|SA_SIGINFO
SIGFPE: [libjvm.so+0x8b64a0], sa_mask[0]=11111111011111111101111111111110, sa_flags=SA_RESTART|SA_SIGINFO
SIGPIPE: [libjvm.so+0x8b64a0], sa_mask[0]=11111111011111111101111111111110, sa_flags=SA_RESTART|SA_SIGINFO
SIGXFSZ: [libjvm.so+0x8b64a0], sa_mask[0]=11111111011111111101111111111110, sa_flags=SA_RESTART|SA_SIGINFO
SIGILL: [libjvm.so+0x8b64a0], sa_mask[0]=11111111011111111101111111111110, sa_flags=SA_RESTART|SA_SIGINFO
SIGUSR1: SIG_DFL, sa_mask[0]=00000000000000000000000000000000, sa_flags=none
SIGUSR2: [libjvm.so+0x8b6350], sa_mask[0]=00100000000000000000000000000000, sa_flags=SA_RESTART|SA_SIGINFO
SIGHUP: [libjvm.so+0x8b6800], sa_mask[0]=11111111011111111101111111111110, sa_flags=SA_RESTART|SA_SIGINFO
SIGINT: [libjvm.so+0x8b6800], sa_mask[0]=11111111011111111101111111111110, sa_flags=SA_RESTART|SA_SIGINFO
SIGTERM: [libjvm.so+0x8b6800], sa_mask[0]=11111111011111111101111111111110, sa_flags=SA_RESTART|SA_SIGINFO
SIGQUIT: [libjvm.so+0x8b6800], sa_mask[0]=11111111011111111101111111111110, sa_flags=SA_RESTART|SA_SIGINFO


---------------  S Y S T E M  ---------------

OS:PRETTY_NAME="Debian GNU/Linux 9 (stretch)"
NAME="Debian GNU/Linux"
VERSION_ID="9"
VERSION="9 (stretch)"
ID=debian
HOME_URL="https://www.debian.org/"
SUPPORT_URL="https://www.debian.org/support"
BUG_REPORT_URL="https://bugs.debian.org/"

uname:Linux 4.9.0-1-amd64 #1 SMP Debian 4.9.6-3 (2017-01-28) x86_64
libc:glibc 2.24 NPTL 2.24 
rlimit: STACK 8192k, CORE 0k, NPROC 31068, NOFILE 4096, AS infinity
load average:1.66 1.69 1.69

/proc/meminfo:
MemTotal:        8055444 kB
MemFree:          438228 kB
MemAvailable:    1799780 kB
Buffers:          110832 kB
Cached:          1706416 kB
SwapCached:          408 kB
Active:          5889676 kB
Inactive:        1369176 kB
Active(anon):    4566512 kB
Inactive(anon):  1206164 kB
Active(file):    1323164 kB
Inactive(file):   163012 kB
Unevictable:          80 kB
Mlocked:              80 kB
SwapTotal:       8264700 kB
SwapFree:        8261256 kB
Dirty:               252 kB
Writeback:             0 kB
AnonPages:       5441564 kB
Mapped:           418088 kB
Shmem:            331048 kB
Slab:             235996 kB
SReclaimable:     180184 kB
SUnreclaim:        55812 kB
KernelStack:       10640 kB
PageTables:        47244 kB
NFS_Unstable:          0 kB
Bounce:                0 kB
WritebackTmp:          0 kB
CommitLimit:    12292420 kB
Committed_AS:    8607300 kB
VmallocTotal:   34359738367 kB
VmallocUsed:           0 kB
VmallocChunk:          0 kB
HardwareCorrupted:     0 kB
AnonHugePages:         0 kB
ShmemHugePages:        0 kB
ShmemPmdMapped:        0 kB
HugePages_Total:       0
HugePages_Free:        0
HugePages_Rsvd:        0
HugePages_Surp:        0
Hugepagesize:       2048 kB
DirectMap4k:      161448 kB
DirectMap2M:     7055360 kB
DirectMap1G:     1048576 kB


CPU:total 4 (2 cores per cpu, 2 threads per core) family 6 model 61 stepping 4, cmov, cx8, fxsr, mmx, sse, sse2, sse3, ssse3, sse4.1, sse4.2, popcnt, avx, avx2, aes, clmul, erms, rtm, 3dnowpref, lzcnt, ht, tsc, tscinvbit, bmi1, bmi2, adx

/proc/cpuinfo:
processor	: 0
vendor_id	: GenuineIntel
cpu family	: 6
model		: 61
model name	: Intel(R) Core(TM) i5-5300U CPU @ 2.30GHz
stepping	: 4
microcode	: 0x23
cpu MHz		: 2699.945
cache size	: 3072 KB
physical id	: 0
siblings	: 4
core id		: 0
cpu cores	: 2
apicid		: 0
initial apicid	: 0
fpu		: yes
fpu_exception	: yes
cpuid level	: 20
wp		: yes
flags		: fpu vme de pse tsc msr pae mce cx8 apic sep mtrr pge mca cmov pat pse36 clflush dts acpi mmx fxsr sse sse2 ss ht tm pbe syscall nx pdpe1gb rdtscp lm constant_tsc arch_perfmon pebs bts rep_good nopl xtopology nonstop_tsc aperfmperf eagerfpu pni pclmulqdq dtes64 monitor ds_cpl vmx smx est tm2 ssse3 sdbg fma cx16 xtpr pdcm pcid sse4_1 sse4_2 x2apic movbe popcnt tsc_deadline_timer aes xsave avx f16c rdrand lahf_lm abm 3dnowprefetch epb intel_pt tpr_shadow vnmi flexpriority ept vpid fsgsbase tsc_adjust bmi1 hle avx2 smep bmi2 erms invpcid rtm rdseed adx smap xsaveopt dtherm ida arat pln pts
bugs		:
bogomips	: 4589.51
clflush size	: 64
cache_alignment	: 64
address sizes	: 39 bits physical, 48 bits virtual
power management:

processor	: 1
vendor_id	: GenuineIntel
cpu family	: 6
model		: 61
model name	: Intel(R) Core(TM) i5-5300U CPU @ 2.30GHz
stepping	: 4
microcode	: 0x23
cpu MHz		: 2699.945
cache size	: 3072 KB
physical id	: 0
siblings	: 4
core id		: 0
cpu cores	: 2
apicid		: 1
initial apicid	: 1
fpu		: yes
fpu_exception	: yes
cpuid level	: 20
wp		: yes
flags		: fpu vme de pse tsc msr pae mce cx8 apic sep mtrr pge mca cmov pat pse36 clflush dts acpi mmx fxsr sse sse2 ss ht tm pbe syscall nx pdpe1gb rdtscp lm constant_tsc arch_perfmon pebs bts rep_good nopl xtopology nonstop_tsc aperfmperf eagerfpu pni pclmulqdq dtes64 monitor ds_cpl vmx smx est tm2 ssse3 sdbg fma cx16 xtpr pdcm pcid sse4_1 sse4_2 x2apic movbe popcnt tsc_deadline_timer aes xsave avx f16c rdrand lahf_lm abm 3dnowprefetch epb intel_pt tpr_shadow vnmi flexpriority ept vpid fsgsbase tsc_adjust bmi1 hle avx2 smep bmi2 erms invpcid rtm rdseed adx smap xsaveopt dtherm ida arat pln pts
bugs		:
bogomips	: 4590.97
clflush size	: 64
cache_alignment	: 64
address sizes	: 39 bits physical, 48 bits virtual
power management:

processor	: 2
vendor_id	: GenuineIntel
cpu family	: 6
model		: 61
model name	: Intel(R) Core(TM) i5-5300U CPU @ 2.30GHz
stepping	: 4
microcode	: 0x23
cpu MHz		: 2699.945
cache size	: 3072 KB
physical id	: 0
siblings	: 4
core id		: 1
cpu cores	: 2
apicid		: 2
initial apicid	: 2
fpu		: yes
fpu_exception	: yes
cpuid level	: 20
wp		: yes
flags		: fpu vme de pse tsc msr pae mce cx8 apic sep mtrr pge mca cmov pat pse36 clflush dts acpi mmx fxsr sse sse2 ss ht tm pbe syscall nx pdpe1gb rdtscp lm constant_tsc arch_perfmon pebs bts rep_good nopl xtopology nonstop_tsc aperfmperf eagerfpu pni pclmulqdq dtes64 monitor ds_cpl vmx smx est tm2 ssse3 sdbg fma cx16 xtpr pdcm pcid sse4_1 sse4_2 x2apic movbe popcnt tsc_deadline_timer aes xsave avx f16c rdrand lahf_lm abm 3dnowprefetch epb intel_pt tpr_shadow vnmi flexpriority ept vpid fsgsbase tsc_adjust bmi1 hle avx2 smep bmi2 erms invpcid rtm rdseed adx smap xsaveopt dtherm ida arat pln pts
bugs		:
bogomips	: 4590.60
clflush size	: 64
cache_alignment	: 64
address sizes	: 39 bits physical, 48 bits virtual
power management:

processor	: 3
vendor_id	: GenuineIntel
cpu family	: 6
model		: 61
model name	: Intel(R) Core(TM) i5-5300U CPU @ 2.30GHz
stepping	: 4
microcode	: 0x23
cpu MHz		: 2699.945
cache size	: 3072 KB
physical id	: 0
siblings	: 4
core id		: 1
cpu cores	: 2
apicid		: 3
initial apicid	: 3
fpu		: yes
fpu_exception	: yes
cpuid level	: 20
wp		: yes
flags		: fpu vme de pse tsc msr pae mce cx8 apic sep mtrr pge mca cmov pat pse36 clflush dts acpi mmx fxsr sse sse2 ss ht tm pbe syscall nx pdpe1gb rdtscp lm constant_tsc arch_perfmon pebs bts rep_good nopl xtopology nonstop_tsc aperfmperf eagerfpu pni pclmulqdq dtes64 monitor ds_cpl vmx smx est tm2 ssse3 sdbg fma cx16 xtpr pdcm pcid sse4_1 sse4_2 x2apic movbe popcnt tsc_deadline_timer aes xsave avx f16c rdrand lahf_lm abm 3dnowprefetch epb intel_pt tpr_shadow vnmi flexpriority ept vpid fsgsbase tsc_adjust bmi1 hle avx2 smep bmi2 erms invpcid rtm rdseed adx smap xsaveopt dtherm ida arat pln pts
bugs		:
bogomips	: 4590.59
clflush size	: 64
cache_alignment	: 64
address sizes	: 39 bits physical, 48 bits virtual
power management:



Memory: 4k page, physical 8055444k(438228k free), swap 8264700k(8261256k free)

vm_info: OpenJDK 64-Bit Server VM (25.121-b13) for linux-amd64 JRE (1.8.0_121-8u121-b13-3-b13), built on Feb  8 2017 06:24:13 by "buildd" with gcc 6.3.0 20170124

time: Wed Feb 22 15:09:36 2017
elapsed time: 5 seconds (0d 0h 0m 5s)

